0:0:0:0:0:0:0:1 - - [26/Feb/2020:00:02:25 +0800] "GET / HTTP/1.1" 200 2267
0:0:0:0:0:0:0:1 - - [26/Feb/2020:00:02:27 +0800] "GET /verifyUtil.do HTTP/1.1" 200 676
0:0:0:0:0:0:0:1 - - [26/Feb/2020:00:02:37 +0800] "POST /login.do HTTP/1.1" 302 -
0:0:0:0:0:0:0:1 - - [26/Feb/2020:00:02:37 +0800] "GET /teacher/login.do?username=201610414415&password=123456 HTTP/1.1" 200 2706
0:0:0:0:0:0:0:1 - - [26/Feb/2020:00:02:41 +0800] "GET /teacher/score/enter/get.do HTTP/1.1" 200 3380
0:0:0:0:0:0:0:1 - - [26/Feb/2020:00:02:43 +0800] "POST /teacher/score/enter/select.do HTTP/1.1" 200 1138
0:0:0:0:0:0:0:1 - - [26/Feb/2020:00:02:48 +0800] "POST /teacher/score/enter/ratio.do HTTP/1.1" 200 1333
0:0:0:0:0:0:0:1 - - [26/Feb/2020:00:02:52 +0800] "POST /teacher/score/enter/input.do HTTP/1.1" 200 1428
0:0:0:0:0:0:0:1 - - [26/Feb/2020:00:02:57 +0800] "POST /teacher/score/enter/ensure.do HTTP/1.1" 200 292
0:0:0:0:0:0:0:1 - - [26/Feb/2020:00:02:58 +0800] "GET /teacher/return.do HTTP/1.1" 200 2706
0:0:0:0:0:0:0:1 - - [26/Feb/2020:00:02:59 +0800] "GET /teacher/score/look/get.do HTTP/1.1" 404 295
0:0:0:0:0:0:0:1 - - [26/Feb/2020:00:03:12 +0800] "GET /teacher/score/look/get.do HTTP/1.1" 404 295
0:0:0:0:0:0:0:1 - - [26/Feb/2020:00:03:53 +0800] "GET /teacher/return.do HTTP/1.1" 500 10822
0:0:0:0:0:0:0:1 - - [26/Feb/2020:00:03:53 +0800] "GET /favicon.ico HTTP/1.1" 200 946
0:0:0:0:0:0:0:1 - - [26/Feb/2020:00:03:56 +0800] "GET /teacher/return.do HTTP/1.1" 500 10822
0:0:0:0:0:0:0:1 - - [26/Feb/2020:00:04:00 +0800] "GET /teacher/ HTTP/1.1" 404 295
0:0:0:0:0:0:0:1 - - [26/Feb/2020:00:04:01 +0800] "GET /teacher/ HTTP/1.1" 404 295
0:0:0:0:0:0:0:1 - - [26/Feb/2020:00:04:01 +0800] "GET /favicon.ico HTTP/1.1" 200 946
0:0:0:0:0:0:0:1 - - [26/Feb/2020:00:04:07 +0800] "GET / HTTP/1.1" 200 2267
0:0:0:0:0:0:0:1 - - [26/Feb/2020:00:04:07 +0800] "GET /verifyUtil.do HTTP/1.1" 200 691
0:0:0:0:0:0:0:1 - - [26/Feb/2020:00:04:22 +0800] "GET /verifyUtil.do?67 HTTP/1.1" 200 577
0:0:0:0:0:0:0:1 - - [26/Feb/2020:00:04:27 +0800] "POST /login.do HTTP/1.1" 302 -
0:0:0:0:0:0:0:1 - - [26/Feb/2020:00:04:27 +0800] "GET /teacher/login.do?username=201610414415&password=123456 HTTP/1.1" 200 2706
0:0:0:0:0:0:0:1 - - [26/Feb/2020:00:04:28 +0800] "GET /teacher/score/look/get.do HTTP/1.1" 200 3380
0:0:0:0:0:0:0:1 - - [26/Feb/2020:00:04:31 +0800] "POST /teacher/score/look/select.do HTTP/1.1" 404 295
0:0:0:0:0:0:0:1 - - [26/Feb/2020:00:05:36 +0800] "POST /teacher/score/look/select.do HTTP/1.1" 404 295
