0:0:0:0:0:0:0:1 - - [17/Nov/2018:00:19:08 +0800] "GET /student/login.do?username=201210312216&password=123456 HTTP/1.1" 200 1792
0:0:0:0:0:0:0:1 - - [17/Nov/2018:00:19:08 +0800] "GET /favicon.ico HTTP/1.1" 200 946
0:0:0:0:0:0:0:1 - - [17/Nov/2018:00:19:08 +0800] "GET /student/course/elective/school/set.do HTTP/1.1" 200 2546
0:0:0:0:0:0:0:1 - - [17/Nov/2018:00:19:09 +0800] "POST /student/course/elective/school/select.do HTTP/1.1" 500 534
0:0:0:0:0:0:0:1 - - [17/Nov/2018:00:19:22 +0800] "GET /student/login.do?username=201210312216&password=123456 HTTP/1.1" 200 1792
0:0:0:0:0:0:0:1 - - [17/Nov/2018:00:19:22 +0800] "GET /favicon.ico HTTP/1.1" 200 946
0:0:0:0:0:0:0:1 - - [17/Nov/2018:00:19:22 +0800] "GET /student/course/elective/school/set.do HTTP/1.1" 200 2546
0:0:0:0:0:0:0:1 - - [17/Nov/2018:00:19:24 +0800] "POST /student/course/elective/school/select.do HTTP/1.1" 500 534
0:0:0:0:0:0:0:1 - - [17/Nov/2018:00:26:29 +0800] "GET /student/login.do?username=201210312216&password=123456 HTTP/1.1" 200 1792
0:0:0:0:0:0:0:1 - - [17/Nov/2018:00:26:29 +0800] "GET /favicon.ico HTTP/1.1" 200 946
0:0:0:0:0:0:0:1 - - [17/Nov/2018:00:26:29 +0800] "GET /student/course/elective/school/set.do HTTP/1.1" 200 2546
0:0:0:0:0:0:0:1 - - [17/Nov/2018:00:26:31 +0800] "POST /student/course/elective/school/select.do HTTP/1.1" 500 534
0:0:0:0:0:0:0:1 - - [17/Nov/2018:00:27:59 +0800] "GET /student/login.do?username=201210312216&password=123456 HTTP/1.1" 200 1792
0:0:0:0:0:0:0:1 - - [17/Nov/2018:00:27:59 +0800] "GET /favicon.ico HTTP/1.1" 200 946
0:0:0:0:0:0:0:1 - - [17/Nov/2018:00:27:59 +0800] "GET /student/course/elective/school/set.do HTTP/1.1" 200 2546
0:0:0:0:0:0:0:1 - - [17/Nov/2018:00:28:01 +0800] "POST /student/course/elective/school/select.do HTTP/1.1" 200 2625
0:0:0:0:0:0:0:1 - - [17/Nov/2018:00:28:04 +0800] "POST /student/course/elective/school/ensure.do HTTP/1.1" 200 298
0:0:0:0:0:0:0:1 - - [17/Nov/2018:00:28:05 +0800] "GET /student/return.do HTTP/1.1" 200 1765
0:0:0:0:0:0:0:1 - - [17/Nov/2018:00:28:06 +0800] "GET /student/course/elective/school/set.do HTTP/1.1" 200 2546
0:0:0:0:0:0:0:1 - - [17/Nov/2018:19:22:04 +0800] "GET / HTTP/1.1" 200 1339
0:0:0:0:0:0:0:1 - - [17/Nov/2018:19:22:05 +0800] "GET /verifyUtil.do HTTP/1.1" 200 641
0:0:0:0:0:0:0:1 - - [17/Nov/2018:19:22:21 +0800] "POST /login.do HTTP/1.1" 302 -
0:0:0:0:0:0:0:1 - - [17/Nov/2018:19:22:21 +0800] "GET /student/login.do?username=201210312216&password=123456 HTTP/1.1" 200 1792
0:0:0:0:0:0:0:1 - - [17/Nov/2018:19:22:24 +0800] "GET /student/course/look.do HTTP/1.1" 500 516
0:0:0:0:0:0:0:1 - - [17/Nov/2018:19:22:29 +0800] "GET /student/course/elective/school/set.do HTTP/1.1" 200 2546
0:0:0:0:0:0:0:1 - - [17/Nov/2018:19:27:57 +0800] "GET /student/login.do?username=201210312216&password=123456 HTTP/1.1" 200 1792
0:0:0:0:0:0:0:1 - - [17/Nov/2018:19:27:57 +0800] "GET /favicon.ico HTTP/1.1" 200 946
0:0:0:0:0:0:0:1 - - [17/Nov/2018:19:27:57 +0800] "GET /student/course/look.do HTTP/1.1" 200 7169
0:0:0:0:0:0:0:1 - - [17/Nov/2018:20:06:35 +0800] "GET / HTTP/1.1" 200 1339
0:0:0:0:0:0:0:1 - - [17/Nov/2018:20:06:35 +0800] "GET /verifyUtil.do HTTP/1.1" 200 768
0:0:0:0:0:0:0:1 - - [17/Nov/2018:20:07:53 +0800] "GET / HTTP/1.1" 200 1339
0:0:0:0:0:0:0:1 - - [17/Nov/2018:20:07:53 +0800] "GET /verifyUtil.do HTTP/1.1" 200 779
0:0:0:0:0:0:0:1 - - [17/Nov/2018:20:07:53 +0800] "GET /favicon.ico HTTP/1.1" 200 946
0:0:0:0:0:0:0:1 - - [17/Nov/2018:20:07:56 +0800] "GET /department/insert.do HTTP/1.1" 200 102
0:0:0:0:0:0:0:1 - - [17/Nov/2018:20:08:04 +0800] "GET / HTTP/1.1" 200 1339
0:0:0:0:0:0:0:1 - - [17/Nov/2018:20:08:04 +0800] "GET /verifyUtil.do HTTP/1.1" 200 630
0:0:0:0:0:0:0:1 - - [17/Nov/2018:20:08:18 +0800] "POST /login.do HTTP/1.1" 302 -
0:0:0:0:0:0:0:1 - - [17/Nov/2018:20:08:18 +0800] "GET /department/login.do?username=000000000002&password=123456 HTTP/1.1" 200 1500
0:0:0:0:0:0:0:1 - - [17/Nov/2018:20:08:21 +0800] "GET /department/course/public/set.do HTTP/1.1" 200 9325
0:0:0:0:0:0:0:1 - - [17/Nov/2018:20:08:25 +0800] "POST /department/course/public/class.do HTTP/1.1" 200 596
0:0:0:0:0:0:0:1 - - [17/Nov/2018:20:08:42 +0800] "POST /department/course/public/year.do HTTP/1.1" 200 743
0:0:0:0:0:0:0:1 - - [17/Nov/2018:20:08:43 +0800] "POST /department/course/public/semester.do HTTP/1.1" 200 493
0:0:0:0:0:0:0:1 - - [17/Nov/2018:20:10:37 +0800] "POST /department/course/public/name.do HTTP/1.1" 200 1002
0:0:0:0:0:0:0:1 - - [17/Nov/2018:20:10:54 +0800] "POST /department/course/public/name.do HTTP/1.1" 200 996
0:0:0:0:0:0:0:1 - - [17/Nov/2018:20:10:59 +0800] "POST /department/course/public/rank.do HTTP/1.1" 200 8085
0:0:0:0:0:0:0:1 - - [17/Nov/2018:20:11:02 +0800] "POST /department/course/public/week.do HTTP/1.1" 200 1301
0:0:0:0:0:0:0:1 - - [17/Nov/2018:20:11:04 +0800] "POST /department/course/public/day.do HTTP/1.1" 200 5107
0:0:0:0:0:0:0:1 - - [17/Nov/2018:20:11:13 +0800] "POST /department/course/public/day.do HTTP/1.1" 200 5107
0:0:0:0:0:0:0:1 - - [17/Nov/2018:20:11:26 +0800] "POST /department/course/public/order.do HTTP/1.1" 200 16696
0:0:0:0:0:0:0:1 - - [17/Nov/2018:20:11:31 +0800] "POST /department/course/public/order.do HTTP/1.1" 200 16696
0:0:0:0:0:0:0:1 - - [17/Nov/2018:20:11:34 +0800] "POST /department/course/public/classroom.do HTTP/1.1" 200 2198
0:0:0:0:0:0:0:1 - - [17/Nov/2018:20:11:37 +0800] "POST /department/course/public/ensure.do HTTP/1.1" 500 515
0:0:0:0:0:0:0:1 - - [17/Nov/2018:20:12:47 +0800] "POST /department/course/public/ensure.do HTTP/1.1" 200 340
0:0:0:0:0:0:0:1 - - [17/Nov/2018:20:12:48 +0800] "GET /department/return.do HTTP/1.1" 200 1500
0:0:0:0:0:0:0:1 - - [17/Nov/2018:20:15:08 +0800] "GET /teacher/insert.do HTTP/1.1" 200 161
0:0:0:0:0:0:0:1 - - [17/Nov/2018:20:15:12 +0800] "GET / HTTP/1.1" 200 1339
0:0:0:0:0:0:0:1 - - [17/Nov/2018:20:15:12 +0800] "GET /verifyUtil.do HTTP/1.1" 200 739
0:0:0:0:0:0:0:1 - - [17/Nov/2018:20:15:31 +0800] "POST /login.do HTTP/1.1" 302 -
0:0:0:0:0:0:0:1 - - [17/Nov/2018:20:15:31 +0800] "GET /teacher/login.do?username=201610414423&password=123456 HTTP/1.1" 200 1788
0:0:0:0:0:0:0:1 - - [17/Nov/2018:20:15:33 +0800] "GET /teacher/course/professional/set.do HTTP/1.1" 500 531
0:0:0:0:0:0:0:1 - - [17/Nov/2018:20:15:39 +0800] "GET /teacher/course/professional/set.do HTTP/1.1" 500 531
0:0:0:0:0:0:0:1 - - [17/Nov/2018:20:19:20 +0800] "GET /teacher/login.do?username=201610414423&password=123456 HTTP/1.1" 200 1788
0:0:0:0:0:0:0:1 - - [17/Nov/2018:20:19:20 +0800] "GET /favicon.ico HTTP/1.1" 200 946
0:0:0:0:0:0:0:1 - - [17/Nov/2018:20:19:21 +0800] "GET /teacher/course/professional/set.do HTTP/1.1" 200 2527
0:0:0:0:0:0:0:1 - - [17/Nov/2018:20:46:05 +0800] "GET /teacher/login.do?username=201610414423&password=123456 HTTP/1.1" 200 1788
0:0:0:0:0:0:0:1 - - [17/Nov/2018:20:46:05 +0800] "GET /favicon.ico HTTP/1.1" 200 946
0:0:0:0:0:0:0:1 - - [17/Nov/2018:20:46:12 +0800] "GET /teacher/course/public/set.do HTTP/1.1" 500 375
0:0:0:0:0:0:0:1 - - [17/Nov/2018:20:50:37 +0800] "GET /teacher/login.do?username=201610414423&password=123456 HTTP/1.1" 200 1788
0:0:0:0:0:0:0:1 - - [17/Nov/2018:20:50:37 +0800] "GET /favicon.ico HTTP/1.1" 200 946
0:0:0:0:0:0:0:1 - - [17/Nov/2018:20:50:38 +0800] "GET /teacher/course/public/set.do HTTP/1.1" 200 3548
0:0:0:0:0:0:0:1 - - [17/Nov/2018:20:50:42 +0800] "GET /teacher/course/public/set.do HTTP/1.1" 200 3548
0:0:0:0:0:0:0:1 - - [17/Nov/2018:20:50:42 +0800] "GET /favicon.ico HTTP/1.1" 200 946
0:0:0:0:0:0:0:1 - - [17/Nov/2018:20:50:43 +0800] "GET /teacher/course/public/set.do HTTP/1.1" 200 3548
0:0:0:0:0:0:0:1 - - [17/Nov/2018:20:50:43 +0800] "GET /favicon.ico HTTP/1.1" 200 946
0:0:0:0:0:0:0:1 - - [17/Nov/2018:20:50:44 +0800] "GET /teacher/course/public/set.do HTTP/1.1" 200 3548
0:0:0:0:0:0:0:1 - - [17/Nov/2018:20:50:44 +0800] "GET /favicon.ico HTTP/1.1" 200 946
0:0:0:0:0:0:0:1 - - [17/Nov/2018:20:50:44 +0800] "GET /teacher/course/public/set.do HTTP/1.1" 200 3548
0:0:0:0:0:0:0:1 - - [17/Nov/2018:20:50:44 +0800] "GET /favicon.ico HTTP/1.1" 200 946
0:0:0:0:0:0:0:1 - - [17/Nov/2018:20:50:45 +0800] "GET /teacher/course/public/set.do HTTP/1.1" 200 3548
0:0:0:0:0:0:0:1 - - [17/Nov/2018:20:50:45 +0800] "GET /favicon.ico HTTP/1.1" 200 946
0:0:0:0:0:0:0:1 - - [17/Nov/2018:20:50:46 +0800] "GET /teacher/course/public/set.do HTTP/1.1" 200 3548
0:0:0:0:0:0:0:1 - - [17/Nov/2018:20:50:46 +0800] "GET /favicon.ico HTTP/1.1" 200 946
0:0:0:0:0:0:0:1 - - [17/Nov/2018:20:50:46 +0800] "GET /teacher/course/public/set.do HTTP/1.1" 200 3548
0:0:0:0:0:0:0:1 - - [17/Nov/2018:20:50:46 +0800] "GET /favicon.ico HTTP/1.1" 200 946
0:0:0:0:0:0:0:1 - - [17/Nov/2018:20:50:47 +0800] "GET /teacher/course/public/set.do HTTP/1.1" 200 3548
0:0:0:0:0:0:0:1 - - [17/Nov/2018:20:50:47 +0800] "GET /favicon.ico HTTP/1.1" 200 946
0:0:0:0:0:0:0:1 - - [17/Nov/2018:20:50:47 +0800] "GET /teacher/course/public/set.do HTTP/1.1" 200 3548
0:0:0:0:0:0:0:1 - - [17/Nov/2018:20:50:47 +0800] "GET /favicon.ico HTTP/1.1" 200 946
0:0:0:0:0:0:0:1 - - [17/Nov/2018:20:50:48 +0800] "GET /teacher/course/public/set.do HTTP/1.1" 200 3548
0:0:0:0:0:0:0:1 - - [17/Nov/2018:20:50:48 +0800] "GET /favicon.ico HTTP/1.1" 200 946
0:0:0:0:0:0:0:1 - - [17/Nov/2018:20:50:48 +0800] "GET /teacher/course/public/set.do HTTP/1.1" 200 3548
0:0:0:0:0:0:0:1 - - [17/Nov/2018:20:50:48 +0800] "GET /favicon.ico HTTP/1.1" 200 946
0:0:0:0:0:0:0:1 - - [17/Nov/2018:20:50:48 +0800] "GET /teacher/course/public/set.do HTTP/1.1" 200 3548
0:0:0:0:0:0:0:1 - - [17/Nov/2018:20:50:48 +0800] "GET /favicon.ico HTTP/1.1" 200 946
0:0:0:0:0:0:0:1 - - [17/Nov/2018:20:50:49 +0800] "GET /teacher/course/public/set.do HTTP/1.1" 200 3548
0:0:0:0:0:0:0:1 - - [17/Nov/2018:20:50:49 +0800] "GET /favicon.ico HTTP/1.1" 200 946
0:0:0:0:0:0:0:1 - - [17/Nov/2018:20:50:49 +0800] "GET /teacher/course/public/set.do HTTP/1.1" 200 3548
0:0:0:0:0:0:0:1 - - [17/Nov/2018:20:50:49 +0800] "GET /favicon.ico HTTP/1.1" 200 946
0:0:0:0:0:0:0:1 - - [17/Nov/2018:20:50:49 +0800] "GET /teacher/course/public/set.do HTTP/1.1" 200 3548
0:0:0:0:0:0:0:1 - - [17/Nov/2018:20:50:49 +0800] "GET /favicon.ico HTTP/1.1" 200 946
0:0:0:0:0:0:0:1 - - [17/Nov/2018:20:50:49 +0800] "GET /teacher/course/public/set.do HTTP/1.1" 200 3548
0:0:0:0:0:0:0:1 - - [17/Nov/2018:20:50:49 +0800] "GET /favicon.ico HTTP/1.1" 200 946
0:0:0:0:0:0:0:1 - - [17/Nov/2018:20:50:49 +0800] "GET /teacher/course/public/set.do HTTP/1.1" 200 3548
0:0:0:0:0:0:0:1 - - [17/Nov/2018:20:50:49 +0800] "GET /favicon.ico HTTP/1.1" 200 946
0:0:0:0:0:0:0:1 - - [17/Nov/2018:20:50:49 +0800] "GET /teacher/course/public/set.do HTTP/1.1" 200 3548
0:0:0:0:0:0:0:1 - - [17/Nov/2018:20:50:50 +0800] "GET /favicon.ico HTTP/1.1" 200 946
0:0:0:0:0:0:0:1 - - [17/Nov/2018:20:50:50 +0800] "GET /teacher/course/public/set.do HTTP/1.1" 200 3548
0:0:0:0:0:0:0:1 - - [17/Nov/2018:20:50:50 +0800] "GET /favicon.ico HTTP/1.1" 200 946
0:0:0:0:0:0:0:1 - - [17/Nov/2018:20:50:50 +0800] "GET /teacher/course/public/set.do HTTP/1.1" 200 3548
0:0:0:0:0:0:0:1 - - [17/Nov/2018:20:50:50 +0800] "GET /favicon.ico HTTP/1.1" 200 946
0:0:0:0:0:0:0:1 - - [17/Nov/2018:20:50:50 +0800] "GET /teacher/course/public/set.do HTTP/1.1" 200 3548
0:0:0:0:0:0:0:1 - - [17/Nov/2018:20:50:50 +0800] "GET /favicon.ico HTTP/1.1" 200 946
0:0:0:0:0:0:0:1 - - [17/Nov/2018:20:50:50 +0800] "GET /teacher/course/public/set.do HTTP/1.1" 200 3548
0:0:0:0:0:0:0:1 - - [17/Nov/2018:20:50:50 +0800] "GET /favicon.ico HTTP/1.1" 200 946
0:0:0:0:0:0:0:1 - - [17/Nov/2018:20:50:50 +0800] "GET /teacher/course/public/set.do HTTP/1.1" 200 3548
0:0:0:0:0:0:0:1 - - [17/Nov/2018:20:50:50 +0800] "GET /favicon.ico HTTP/1.1" 200 946
0:0:0:0:0:0:0:1 - - [17/Nov/2018:20:50:50 +0800] "GET /teacher/course/public/set.do HTTP/1.1" 200 3548
0:0:0:0:0:0:0:1 - - [17/Nov/2018:20:50:50 +0800] "GET /favicon.ico HTTP/1.1" 200 946
0:0:0:0:0:0:0:1 - - [17/Nov/2018:20:50:50 +0800] "GET /teacher/course/public/set.do HTTP/1.1" 200 3548
0:0:0:0:0:0:0:1 - - [17/Nov/2018:20:50:51 +0800] "GET /favicon.ico HTTP/1.1" 200 946
0:0:0:0:0:0:0:1 - - [17/Nov/2018:20:50:51 +0800] "GET /teacher/course/public/set.do HTTP/1.1" 200 3548
0:0:0:0:0:0:0:1 - - [17/Nov/2018:20:50:51 +0800] "GET /favicon.ico HTTP/1.1" 200 946
0:0:0:0:0:0:0:1 - - [17/Nov/2018:20:50:51 +0800] "GET /teacher/course/public/set.do HTTP/1.1" 200 3548
0:0:0:0:0:0:0:1 - - [17/Nov/2018:20:50:51 +0800] "GET /favicon.ico HTTP/1.1" 200 946
0:0:0:0:0:0:0:1 - - [17/Nov/2018:20:50:51 +0800] "GET /teacher/course/public/set.do HTTP/1.1" 200 3548
0:0:0:0:0:0:0:1 - - [17/Nov/2018:20:50:51 +0800] "GET /favicon.ico HTTP/1.1" 200 946
0:0:0:0:0:0:0:1 - - [17/Nov/2018:20:50:52 +0800] "GET /teacher/course/public/set.do HTTP/1.1" 200 3548
0:0:0:0:0:0:0:1 - - [17/Nov/2018:20:50:52 +0800] "GET /favicon.ico HTTP/1.1" 200 946
0:0:0:0:0:0:0:1 - - [17/Nov/2018:20:50:52 +0800] "GET /teacher/course/public/set.do HTTP/1.1" 200 3548
0:0:0:0:0:0:0:1 - - [17/Nov/2018:20:50:52 +0800] "GET /favicon.ico HTTP/1.1" 200 946
0:0:0:0:0:0:0:1 - - [17/Nov/2018:20:50:52 +0800] "GET /teacher/course/public/set.do HTTP/1.1" 200 3548
0:0:0:0:0:0:0:1 - - [17/Nov/2018:20:50:52 +0800] "GET /favicon.ico HTTP/1.1" 200 946
0:0:0:0:0:0:0:1 - - [17/Nov/2018:20:50:52 +0800] "GET /teacher/course/public/set.do HTTP/1.1" 200 3548
0:0:0:0:0:0:0:1 - - [17/Nov/2018:20:50:52 +0800] "GET /favicon.ico HTTP/1.1" 200 946
0:0:0:0:0:0:0:1 - - [17/Nov/2018:20:50:52 +0800] "GET /teacher/course/public/set.do HTTP/1.1" 200 3548
0:0:0:0:0:0:0:1 - - [17/Nov/2018:20:50:52 +0800] "GET /favicon.ico HTTP/1.1" 200 946
0:0:0:0:0:0:0:1 - - [17/Nov/2018:20:50:52 +0800] "GET /teacher/course/public/set.do HTTP/1.1" 200 3548
0:0:0:0:0:0:0:1 - - [17/Nov/2018:20:50:52 +0800] "GET /favicon.ico HTTP/1.1" 200 946
0:0:0:0:0:0:0:1 - - [17/Nov/2018:20:50:53 +0800] "GET /teacher/course/public/set.do HTTP/1.1" 200 3548
0:0:0:0:0:0:0:1 - - [17/Nov/2018:20:50:53 +0800] "GET /favicon.ico HTTP/1.1" 200 946
0:0:0:0:0:0:0:1 - - [17/Nov/2018:20:50:53 +0800] "GET /teacher/course/public/set.do HTTP/1.1" 200 3548
0:0:0:0:0:0:0:1 - - [17/Nov/2018:20:50:53 +0800] "GET /favicon.ico HTTP/1.1" 200 946
0:0:0:0:0:0:0:1 - - [17/Nov/2018:20:50:53 +0800] "GET /teacher/course/public/set.do HTTP/1.1" 200 3548
0:0:0:0:0:0:0:1 - - [17/Nov/2018:20:50:53 +0800] "GET /favicon.ico HTTP/1.1" 200 946
0:0:0:0:0:0:0:1 - - [17/Nov/2018:20:50:53 +0800] "GET /teacher/course/public/set.do HTTP/1.1" 200 3548
0:0:0:0:0:0:0:1 - - [17/Nov/2018:20:50:53 +0800] "GET /favicon.ico HTTP/1.1" 200 946
0:0:0:0:0:0:0:1 - - [17/Nov/2018:20:50:53 +0800] "GET /teacher/course/public/set.do HTTP/1.1" 200 3548
0:0:0:0:0:0:0:1 - - [17/Nov/2018:20:50:53 +0800] "GET /favicon.ico HTTP/1.1" 200 946
0:0:0:0:0:0:0:1 - - [17/Nov/2018:20:50:53 +0800] "GET /teacher/course/public/set.do HTTP/1.1" 200 3548
0:0:0:0:0:0:0:1 - - [17/Nov/2018:20:50:53 +0800] "GET /favicon.ico HTTP/1.1" 200 946
0:0:0:0:0:0:0:1 - - [17/Nov/2018:20:50:53 +0800] "GET /teacher/course/public/set.do HTTP/1.1" 200 3548
0:0:0:0:0:0:0:1 - - [17/Nov/2018:20:50:53 +0800] "GET /favicon.ico HTTP/1.1" 200 946
0:0:0:0:0:0:0:1 - - [17/Nov/2018:20:50:54 +0800] "GET /teacher/course/public/set.do HTTP/1.1" 200 3548
0:0:0:0:0:0:0:1 - - [17/Nov/2018:20:50:54 +0800] "GET /favicon.ico HTTP/1.1" 200 946
0:0:0:0:0:0:0:1 - - [17/Nov/2018:20:50:54 +0800] "GET /teacher/course/public/set.do HTTP/1.1" 200 3548
0:0:0:0:0:0:0:1 - - [17/Nov/2018:20:50:54 +0800] "GET /favicon.ico HTTP/1.1" 200 946
0:0:0:0:0:0:0:1 - - [17/Nov/2018:20:50:54 +0800] "GET /teacher/course/public/set.do HTTP/1.1" 200 3548
0:0:0:0:0:0:0:1 - - [17/Nov/2018:20:50:54 +0800] "GET /favicon.ico HTTP/1.1" 200 946
0:0:0:0:0:0:0:1 - - [17/Nov/2018:20:50:54 +0800] "GET /teacher/course/public/set.do HTTP/1.1" 200 3548
0:0:0:0:0:0:0:1 - - [17/Nov/2018:20:50:54 +0800] "GET /favicon.ico HTTP/1.1" 200 946
0:0:0:0:0:0:0:1 - - [17/Nov/2018:20:50:54 +0800] "GET /teacher/course/public/set.do HTTP/1.1" 200 3548
0:0:0:0:0:0:0:1 - - [17/Nov/2018:20:50:54 +0800] "GET /favicon.ico HTTP/1.1" 200 946
0:0:0:0:0:0:0:1 - - [17/Nov/2018:20:50:54 +0800] "GET /teacher/course/public/set.do HTTP/1.1" 200 3548
0:0:0:0:0:0:0:1 - - [17/Nov/2018:20:50:54 +0800] "GET /favicon.ico HTTP/1.1" 200 946
0:0:0:0:0:0:0:1 - - [17/Nov/2018:20:50:54 +0800] "GET /teacher/course/public/set.do HTTP/1.1" 200 3548
0:0:0:0:0:0:0:1 - - [17/Nov/2018:20:50:54 +0800] "GET /favicon.ico HTTP/1.1" 200 946
0:0:0:0:0:0:0:1 - - [17/Nov/2018:20:50:55 +0800] "GET /teacher/course/public/set.do HTTP/1.1" 200 3548
0:0:0:0:0:0:0:1 - - [17/Nov/2018:20:50:55 +0800] "GET /favicon.ico HTTP/1.1" 200 946
0:0:0:0:0:0:0:1 - - [17/Nov/2018:20:50:55 +0800] "GET /teacher/course/public/set.do HTTP/1.1" 200 3548
0:0:0:0:0:0:0:1 - - [17/Nov/2018:20:50:55 +0800] "GET /favicon.ico HTTP/1.1" 200 946
0:0:0:0:0:0:0:1 - - [17/Nov/2018:20:50:55 +0800] "GET /teacher/course/public/set.do HTTP/1.1" 200 3548
0:0:0:0:0:0:0:1 - - [17/Nov/2018:20:50:55 +0800] "GET /favicon.ico HTTP/1.1" 200 946
0:0:0:0:0:0:0:1 - - [17/Nov/2018:20:50:56 +0800] "GET /teacher/course/public/set.do HTTP/1.1" 200 3548
0:0:0:0:0:0:0:1 - - [17/Nov/2018:20:54:42 +0800] "POST /teacher/course/public/select.do HTTP/1.1" 500 525
0:0:0:0:0:0:0:1 - - [17/Nov/2018:20:55:40 +0800] "GET /teacher/login.do?username=201610414423&password=123456 HTTP/1.1" 200 1788
0:0:0:0:0:0:0:1 - - [17/Nov/2018:20:55:40 +0800] "GET /favicon.ico HTTP/1.1" 200 946
0:0:0:0:0:0:0:1 - - [17/Nov/2018:20:55:41 +0800] "GET /teacher/course/public/set.do HTTP/1.1" 200 3548
0:0:0:0:0:0:0:1 - - [17/Nov/2018:20:55:44 +0800] "POST /teacher/course/public/select.do HTTP/1.1" 200 2927
0:0:0:0:0:0:0:1 - - [17/Nov/2018:20:56:28 +0800] "POST /teacher/course/public/ensure.do HTTP/1.1" 200 298
0:0:0:0:0:0:0:1 - - [17/Nov/2018:20:56:29 +0800] "GET /teacher/return.do HTTP/1.1" 200 1767
0:0:0:0:0:0:0:1 - - [17/Nov/2018:20:56:31 +0800] "GET /teacher/course/public/set.do HTTP/1.1" 200 3667
0:0:0:0:0:0:0:1 - - [17/Nov/2018:21:01:19 +0800] "GET / HTTP/1.1" 200 1339
0:0:0:0:0:0:0:1 - - [17/Nov/2018:21:01:20 +0800] "GET /verifyUtil.do HTTP/1.1" 200 661
0:0:0:0:0:0:0:1 - - [17/Nov/2018:21:01:33 +0800] "POST /login.do HTTP/1.1" 302 -
0:0:0:0:0:0:0:1 - - [17/Nov/2018:21:01:33 +0800] "GET /student/login.do?username=201210312216&password=123456 HTTP/1.1" 200 1792
0:0:0:0:0:0:0:1 - - [17/Nov/2018:21:01:35 +0800] "GET /student/course/look.do HTTP/1.1" 200 7617
