0:0:0:0:0:0:0:1 - - [15/Nov/2018:00:00:23 +0800] "GET /student/login.do?username=201210312216&password=123456 HTTP/1.1" 200 1798
0:0:0:0:0:0:0:1 - - [15/Nov/2018:00:00:23 +0800] "GET /favicon.ico HTTP/1.1" 200 946
0:0:0:0:0:0:0:1 - - [15/Nov/2018:00:00:24 +0800] "GET /student/course/look.do HTTP/1.1" 200 6689
127.0.0.1 - - [15/Nov/2018:00:01:40 +0800] "GET /student/login.do?username=201210312216&password=123456 HTTP/1.1" 200 1798
127.0.0.1 - - [15/Nov/2018:00:01:40 +0800] "GET /favicon.ico HTTP/1.1" 200 946
127.0.0.1 - - [15/Nov/2018:00:01:41 +0800] "GET /student/course/look.do HTTP/1.1" 200 6702
0:0:0:0:0:0:0:1 - - [15/Nov/2018:10:01:40 +0800] "GET / HTTP/1.1" 200 1339
0:0:0:0:0:0:0:1 - - [15/Nov/2018:10:01:41 +0800] "GET /verifyUtil.do HTTP/1.1" 200 631
0:0:0:0:0:0:0:1 - - [15/Nov/2018:10:01:59 +0800] "POST /login.do HTTP/1.1" 302 -
0:0:0:0:0:0:0:1 - - [15/Nov/2018:10:01:59 +0800] "GET /department/login.do?username=000000000001&password=123456 HTTP/1.1" 200 1506
0:0:0:0:0:0:0:1 - - [15/Nov/2018:10:02:00 +0800] "GET /department/course/public/.do HTTP/1.1" 404 295
0:0:0:0:0:0:0:1 - - [15/Nov/2018:10:02:12 +0800] "GET /department/course/elective/school/set.do HTTP/1.1" 500 566
0:0:0:0:0:0:0:1 - - [15/Nov/2018:15:29:00 +0800] "GET / HTTP/1.1" 200 1339
0:0:0:0:0:0:0:1 - - [15/Nov/2018:15:29:01 +0800] "GET /verifyUtil.do HTTP/1.1" 200 754
0:0:0:0:0:0:0:1 - - [15/Nov/2018:15:29:16 +0800] "POST /login.do HTTP/1.1" 302 -
0:0:0:0:0:0:0:1 - - [15/Nov/2018:15:29:16 +0800] "GET /department/login.do?username=000000000001&password=123456 HTTP/1.1" 200 1506
0:0:0:0:0:0:0:1 - - [15/Nov/2018:15:36:03 +0800] "GET /department/course/elective/school/set.do HTTP/1.1" 200 478
0:0:0:0:0:0:0:1 - - [15/Nov/2018:17:07:53 +0800] "GET /department/login.do?username=000000000001&password=123456 HTTP/1.1" 200 1506
0:0:0:0:0:0:0:1 - - [15/Nov/2018:17:07:54 +0800] "GET /favicon.ico HTTP/1.1" 200 946
0:0:0:0:0:0:0:1 - - [15/Nov/2018:17:07:59 +0800] "GET /department/course/elective/school/set.do HTTP/1.1" 200 478
0:0:0:0:0:0:0:1 - - [15/Nov/2018:17:08:01 +0800] "POST /department/course/elective/school/year.do HTTP/1.1" 200 761
0:0:0:0:0:0:0:1 - - [15/Nov/2018:17:08:02 +0800] "POST /department/course/elective/school/semester.do HTTP/1.1" 200 511
0:0:0:0:0:0:0:1 - - [15/Nov/2018:17:08:12 +0800] "POST /department/course/elective/school/name.do HTTP/1.1" 500 566
0:0:0:0:0:0:0:1 - - [15/Nov/2018:17:29:20 +0800] "GET /department/login.do?username=000000000001&password=123456 HTTP/1.1" 200 1506
0:0:0:0:0:0:0:1 - - [15/Nov/2018:17:29:20 +0800] "GET /favicon.ico HTTP/1.1" 200 946
0:0:0:0:0:0:0:1 - - [15/Nov/2018:17:29:20 +0800] "GET /department/course/elective/school/set.do HTTP/1.1" 200 474
0:0:0:0:0:0:0:1 - - [15/Nov/2018:17:29:23 +0800] "POST /department/course/elective/school/courseSize.do HTTP/1.1" 200 557
0:0:0:0:0:0:0:1 - - [15/Nov/2018:17:29:25 +0800] "POST /department/course/elective/school/year.do HTTP/1.1" 200 761
0:0:0:0:0:0:0:1 - - [15/Nov/2018:17:29:27 +0800] "POST /department/course/elective/school/semester.do HTTP/1.1" 200 511
0:0:0:0:0:0:0:1 - - [15/Nov/2018:17:29:30 +0800] "POST /department/course/elective/school/name.do HTTP/1.1" 200 969
0:0:0:0:0:0:0:1 - - [15/Nov/2018:17:29:32 +0800] "POST /department/course/elective/school/rank.do HTTP/1.1" 200 8103
0:0:0:0:0:0:0:1 - - [15/Nov/2018:17:29:34 +0800] "POST /department/course/elective/school/week.do HTTP/1.1" 200 1319
0:0:0:0:0:0:0:1 - - [15/Nov/2018:17:29:36 +0800] "POST /department/course/elective/school/day.do HTTP/1.1" 200 5125
0:0:0:0:0:0:0:1 - - [15/Nov/2018:17:29:38 +0800] "POST /department/course/elective/school/order.do HTTP/1.1" 200 16713
0:0:0:0:0:0:0:1 - - [15/Nov/2018:17:29:40 +0800] "POST /department/course/elective/school/classroom.do HTTP/1.1" 200 1851
0:0:0:0:0:0:0:1 - - [15/Nov/2018:23:52:51 +0800] "GET / HTTP/1.1" 200 1339
0:0:0:0:0:0:0:1 - - [15/Nov/2018:23:52:52 +0800] "GET /verifyUtil.do HTTP/1.1" 200 533
0:0:0:0:0:0:0:1 - - [15/Nov/2018:23:53:02 +0800] "POST /login.do HTTP/1.1" 302 -
0:0:0:0:0:0:0:1 - - [15/Nov/2018:23:53:02 +0800] "GET /department/login.do?username=000000000001&password=123456 HTTP/1.1" 200 1506
0:0:0:0:0:0:0:1 - - [15/Nov/2018:23:53:04 +0800] "GET /department/course/elective/school/set.do HTTP/1.1" 200 474
0:0:0:0:0:0:0:1 - - [15/Nov/2018:23:53:06 +0800] "POST /department/course/elective/school/courseSize.do HTTP/1.1" 200 557
0:0:0:0:0:0:0:1 - - [15/Nov/2018:23:53:08 +0800] "POST /department/course/elective/school/year.do HTTP/1.1" 200 761
0:0:0:0:0:0:0:1 - - [15/Nov/2018:23:53:10 +0800] "POST /department/course/elective/school/semester.do HTTP/1.1" 200 511
0:0:0:0:0:0:0:1 - - [15/Nov/2018:23:53:12 +0800] "POST /department/course/elective/school/name.do HTTP/1.1" 200 969
0:0:0:0:0:0:0:1 - - [15/Nov/2018:23:53:14 +0800] "POST /department/course/elective/school/rank.do HTTP/1.1" 200 8103
0:0:0:0:0:0:0:1 - - [15/Nov/2018:23:53:16 +0800] "POST /department/course/elective/school/week.do HTTP/1.1" 200 1319
0:0:0:0:0:0:0:1 - - [15/Nov/2018:23:53:18 +0800] "POST /department/course/elective/school/day.do HTTP/1.1" 200 5125
0:0:0:0:0:0:0:1 - - [15/Nov/2018:23:53:21 +0800] "POST /department/course/elective/school/order.do HTTP/1.1" 200 16713
0:0:0:0:0:0:0:1 - - [15/Nov/2018:23:53:23 +0800] "POST /department/course/elective/school/classroom.do HTTP/1.1" 200 1856
0:0:0:0:0:0:0:1 - - [15/Nov/2018:23:53:25 +0800] "POST /department/course/elective/school/ensure.do HTTP/1.1" 404 295
0:0:0:0:0:0:0:1 - - [15/Nov/2018:23:54:26 +0800] "POST /department/course/elective/school/ensure.do HTTP/1.1" 404 295
0:0:0:0:0:0:0:1 - - [15/Nov/2018:23:54:26 +0800] "GET /favicon.ico HTTP/1.1" 200 946
0:0:0:0:0:0:0:1 - - [15/Nov/2018:23:54:29 +0800] "POST /department/course/elective/school/classroom.do HTTP/1.1" 200 1856
0:0:0:0:0:0:0:1 - - [15/Nov/2018:23:54:29 +0800] "GET /favicon.ico HTTP/1.1" 200 946
0:0:0:0:0:0:0:1 - - [15/Nov/2018:23:54:31 +0800] "POST /department/course/elective/school/ensure.do HTTP/1.1" 404 295
0:0:0:0:0:0:0:1 - - [15/Nov/2018:23:56:18 +0800] "GET /department/login.do?username=000000000001&password=123456 HTTP/1.1" 200 1506
0:0:0:0:0:0:0:1 - - [15/Nov/2018:23:56:18 +0800] "GET /favicon.ico HTTP/1.1" 200 946
0:0:0:0:0:0:0:1 - - [15/Nov/2018:23:56:19 +0800] "GET /department/course/professional/set.do HTTP/1.1" 200 9325
0:0:0:0:0:0:0:1 - - [15/Nov/2018:23:56:21 +0800] "GET /department/course/elective/school/set.do HTTP/1.1" 200 474
0:0:0:0:0:0:0:1 - - [15/Nov/2018:23:56:23 +0800] "POST /department/course/elective/school/courseSize.do HTTP/1.1" 200 557
0:0:0:0:0:0:0:1 - - [15/Nov/2018:23:56:24 +0800] "POST /department/course/elective/school/year.do HTTP/1.1" 200 761
0:0:0:0:0:0:0:1 - - [15/Nov/2018:23:56:26 +0800] "POST /department/course/elective/school/semester.do HTTP/1.1" 200 511
0:0:0:0:0:0:0:1 - - [15/Nov/2018:23:56:32 +0800] "POST /department/course/elective/school/name.do HTTP/1.1" 200 969
0:0:0:0:0:0:0:1 - - [15/Nov/2018:23:56:34 +0800] "POST /department/course/elective/school/rank.do HTTP/1.1" 200 8106
0:0:0:0:0:0:0:1 - - [15/Nov/2018:23:56:36 +0800] "POST /department/course/elective/school/week.do HTTP/1.1" 200 1319
0:0:0:0:0:0:0:1 - - [15/Nov/2018:23:56:38 +0800] "POST /department/course/elective/school/day.do HTTP/1.1" 200 5125
0:0:0:0:0:0:0:1 - - [15/Nov/2018:23:56:42 +0800] "POST /department/course/elective/school/order.do HTTP/1.1" 200 16713
0:0:0:0:0:0:0:1 - - [15/Nov/2018:23:56:44 +0800] "POST /department/course/elective/school/classroom.do HTTP/1.1" 200 1859
0:0:0:0:0:0:0:1 - - [15/Nov/2018:23:56:45 +0800] "POST /department/course/elective/school/ensure.do HTTP/1.1" 200 340
0:0:0:0:0:0:0:1 - - [15/Nov/2018:23:56:47 +0800] "GET /department/return.do HTTP/1.1" 200 1506
