0:0:0:0:0:0:0:1 - - [01/Nov/2018:00:01:21 +0800] "POST /department/course/professional/week.do HTTP/1.1" 500 533
0:0:0:0:0:0:0:1 - - [01/Nov/2018:00:01:21 +0800] "GET /favicon.ico HTTP/1.1" 200 946
0:0:0:0:0:0:0:1 - - [01/Nov/2018:00:01:23 +0800] "POST /department/course/professional/week.do HTTP/1.1" 500 533
0:0:0:0:0:0:0:1 - - [01/Nov/2018:00:01:23 +0800] "GET /favicon.ico HTTP/1.1" 200 946
0:0:0:0:0:0:0:1 - - [01/Nov/2018:00:01:26 +0800] "POST /department/course/professional/week.do HTTP/1.1" 500 533
0:0:0:0:0:0:0:1 - - [01/Nov/2018:00:02:33 +0800] "POST /department/course/professional/week.do HTTP/1.1" 200 1684
0:0:0:0:0:0:0:1 - - [01/Nov/2018:00:02:33 +0800] "GET /favicon.ico HTTP/1.1" 200 946
0:0:0:0:0:0:0:1 - - [01/Nov/2018:00:04:15 +0800] "POST /department/course/professional/week.do HTTP/1.1" 200 1963
0:0:0:0:0:0:0:1 - - [01/Nov/2018:00:04:15 +0800] "GET /favicon.ico HTTP/1.1" 200 946
0:0:0:0:0:0:0:1 - - [01/Nov/2018:00:07:37 +0800] "POST /department/course/professional/week.do HTTP/1.1" 200 1961
0:0:0:0:0:0:0:1 - - [01/Nov/2018:00:07:37 +0800] "GET /favicon.ico HTTP/1.1" 200 946
0:0:0:0:0:0:0:1 - - [01/Nov/2018:00:09:16 +0800] "POST /department/course/professional/week.do HTTP/1.1" 200 1961
0:0:0:0:0:0:0:1 - - [01/Nov/2018:00:09:16 +0800] "GET /favicon.ico HTTP/1.1" 200 946
0:0:0:0:0:0:0:1 - - [01/Nov/2018:08:43:14 +0800] "GET / HTTP/1.1" 200 1331
0:0:0:0:0:0:0:1 - - [01/Nov/2018:08:43:16 +0800] "GET /verifyUtil.do HTTP/1.1" 200 673
0:0:0:0:0:0:0:1 - - [01/Nov/2018:08:43:34 +0800] "POST /login.do HTTP/1.1" 200 1362
0:0:0:0:0:0:0:1 - - [01/Nov/2018:08:43:34 +0800] "GET /verifyUtil.do HTTP/1.1" 200 596
0:0:0:0:0:0:0:1 - - [01/Nov/2018:08:43:46 +0800] "POST /login.do HTTP/1.1" 200 1362
0:0:0:0:0:0:0:1 - - [01/Nov/2018:08:43:46 +0800] "GET /verifyUtil.do HTTP/1.1" 200 586
0:0:0:0:0:0:0:1 - - [01/Nov/2018:08:43:57 +0800] "POST /login.do HTTP/1.1" 200 1362
0:0:0:0:0:0:0:1 - - [01/Nov/2018:08:43:57 +0800] "GET /verifyUtil.do HTTP/1.1" 200 684
0:0:0:0:0:0:0:1 - - [01/Nov/2018:08:44:05 +0800] "POST /login.do HTTP/1.1" 302 -
0:0:0:0:0:0:0:1 - - [01/Nov/2018:08:44:05 +0800] "GET /department/login.do?username=000000000001&password=123456 HTTP/1.1" 200 1116
0:0:0:0:0:0:0:1 - - [01/Nov/2018:08:44:07 +0800] "GET /department/course/professional/set.do HTTP/1.1" 200 9331
0:0:0:0:0:0:0:1 - - [01/Nov/2018:08:44:15 +0800] "POST /department/course/professional/class.do HTTP/1.1" 200 534
0:0:0:0:0:0:0:1 - - [01/Nov/2018:08:44:25 +0800] "POST /department/course/professional/name.do HTTP/1.1" 200 817
0:0:0:0:0:0:0:1 - - [01/Nov/2018:08:45:41 +0800] "POST /department/course/professional/name.do HTTP/1.1" 200 982
0:0:0:0:0:0:0:1 - - [01/Nov/2018:08:45:41 +0800] "GET /favicon.ico HTTP/1.1" 200 946
0:0:0:0:0:0:0:1 - - [01/Nov/2018:08:46:47 +0800] "POST /department/course/professional/name.do HTTP/1.1" 200 1012
0:0:0:0:0:0:0:1 - - [01/Nov/2018:08:46:47 +0800] "GET /favicon.ico HTTP/1.1" 200 946
0:0:0:0:0:0:0:1 - - [01/Nov/2018:08:47:21 +0800] "POST /department/course/professional/name.do HTTP/1.1" 200 1012
0:0:0:0:0:0:0:1 - - [01/Nov/2018:08:47:21 +0800] "GET /favicon.ico HTTP/1.1" 200 946
0:0:0:0:0:0:0:1 - - [01/Nov/2018:08:48:00 +0800] "POST /department/course/professional/name.do HTTP/1.1" 200 1012
0:0:0:0:0:0:0:1 - - [01/Nov/2018:08:48:00 +0800] "GET /favicon.ico HTTP/1.1" 200 946
0:0:0:0:0:0:0:1 - - [01/Nov/2018:08:48:44 +0800] "POST /department/course/professional/name.do HTTP/1.1" 200 1102
0:0:0:0:0:0:0:1 - - [01/Nov/2018:08:48:44 +0800] "GET /favicon.ico HTTP/1.1" 200 946
0:0:0:0:0:0:0:1 - - [01/Nov/2018:08:51:20 +0800] "POST /department/course/professional/name.do HTTP/1.1" 200 1134
0:0:0:0:0:0:0:1 - - [01/Nov/2018:08:51:20 +0800] "GET /favicon.ico HTTP/1.1" 200 946
0:0:0:0:0:0:0:1 - - [01/Nov/2018:08:51:23 +0800] "POST /department/course/professional/name.do HTTP/1.1" 200 1134
0:0:0:0:0:0:0:1 - - [01/Nov/2018:08:51:23 +0800] "GET /favicon.ico HTTP/1.1" 200 946
0:0:0:0:0:0:0:1 - - [01/Nov/2018:08:51:25 +0800] "POST /department/course/professional/name.do HTTP/1.1" 200 1134
0:0:0:0:0:0:0:1 - - [01/Nov/2018:08:51:25 +0800] "GET /favicon.ico HTTP/1.1" 200 946
0:0:0:0:0:0:0:1 - - [01/Nov/2018:08:51:54 +0800] "POST /department/course/professional/name.do HTTP/1.1" 200 1016
0:0:0:0:0:0:0:1 - - [01/Nov/2018:08:51:54 +0800] "GET /favicon.ico HTTP/1.1" 200 946
0:0:0:0:0:0:0:1 - - [01/Nov/2018:08:52:20 +0800] "POST /department/course/professional/name.do HTTP/1.1" 200 1010
0:0:0:0:0:0:0:1 - - [01/Nov/2018:08:52:20 +0800] "GET /favicon.ico HTTP/1.1" 200 946
0:0:0:0:0:0:0:1 - - [01/Nov/2018:08:53:47 +0800] "POST /department/course/professional/name.do HTTP/1.1" 200 986
0:0:0:0:0:0:0:1 - - [01/Nov/2018:08:53:47 +0800] "GET /favicon.ico HTTP/1.1" 200 946
0:0:0:0:0:0:0:1 - - [01/Nov/2018:08:54:14 +0800] "POST /department/course/professional/name.do HTTP/1.1" 200 980
0:0:0:0:0:0:0:1 - - [01/Nov/2018:08:54:14 +0800] "GET /favicon.ico HTTP/1.1" 200 946
0:0:0:0:0:0:0:1 - - [01/Nov/2018:08:54:17 +0800] "POST /department/course/professional/rank.do HTTP/1.1" 200 6424
0:0:0:0:0:0:0:1 - - [01/Nov/2018:09:02:25 +0800] "POST /department/course/professional/rank.do HTTP/1.1" 200 6424
0:0:0:0:0:0:0:1 - - [01/Nov/2018:09:02:25 +0800] "GET /favicon.ico HTTP/1.1" 200 946
0:0:0:0:0:0:0:1 - - [01/Nov/2018:09:02:28 +0800] "POST /department/course/professional/name.do HTTP/1.1" 200 963
0:0:0:0:0:0:0:1 - - [01/Nov/2018:09:02:28 +0800] "GET /favicon.ico HTTP/1.1" 200 946
0:0:0:0:0:0:0:1 - - [01/Nov/2018:09:02:35 +0800] "POST /department/course/professional/rank.do HTTP/1.1" 200 6424
0:0:0:0:0:0:0:1 - - [01/Nov/2018:09:06:22 +0800] "POST /department/course/professional/rank.do HTTP/1.1" 200 7544
0:0:0:0:0:0:0:1 - - [01/Nov/2018:09:06:22 +0800] "GET /favicon.ico HTTP/1.1" 200 946
0:0:0:0:0:0:0:1 - - [01/Nov/2018:09:07:27 +0800] "POST /department/course/professional/rank.do HTTP/1.1" 200 7824
0:0:0:0:0:0:0:1 - - [01/Nov/2018:09:07:27 +0800] "GET /favicon.ico HTTP/1.1" 200 946
0:0:0:0:0:0:0:1 - - [01/Nov/2018:09:08:54 +0800] "POST /department/course/professional/rank.do HTTP/1.1" 200 7824
0:0:0:0:0:0:0:1 - - [01/Nov/2018:09:08:54 +0800] "GET /favicon.ico HTTP/1.1" 200 946
0:0:0:0:0:0:0:1 - - [01/Nov/2018:09:09:28 +0800] "POST /department/course/professional/rank.do HTTP/1.1" 200 8104
0:0:0:0:0:0:0:1 - - [01/Nov/2018:09:09:28 +0800] "GET /favicon.ico HTTP/1.1" 200 946
0:0:0:0:0:0:0:1 - - [01/Nov/2018:09:09:59 +0800] "POST /department/course/professional/rank.do HTTP/1.1" 200 8100
0:0:0:0:0:0:0:1 - - [01/Nov/2018:09:09:59 +0800] "GET /favicon.ico HTTP/1.1" 200 946
0:0:0:0:0:0:0:1 - - [01/Nov/2018:09:10:28 +0800] "POST /department/course/professional/week.do HTTP/1.1" 200 1961
0:0:0:0:0:0:0:1 - - [01/Nov/2018:09:18:38 +0800] "POST /department/course/professional/week.do HTTP/1.1" 200 2163
0:0:0:0:0:0:0:1 - - [01/Nov/2018:09:18:38 +0800] "GET /favicon.ico HTTP/1.1" 200 946
0:0:0:0:0:0:0:1 - - [01/Nov/2018:09:19:28 +0800] "POST /department/course/professional/week.do HTTP/1.1" 200 2160
0:0:0:0:0:0:0:1 - - [01/Nov/2018:09:19:28 +0800] "GET /favicon.ico HTTP/1.1" 200 946
0:0:0:0:0:0:0:1 - - [01/Nov/2018:09:20:10 +0800] "POST /department/course/professional/week.do HTTP/1.1" 200 2155
0:0:0:0:0:0:0:1 - - [01/Nov/2018:09:20:10 +0800] "GET /favicon.ico HTTP/1.1" 200 946
0:0:0:0:0:0:0:1 - - [01/Nov/2018:09:21:10 +0800] "POST /department/course/professional/order.do HTTP/1.1" 200 31186
0:0:0:0:0:0:0:1 - - [01/Nov/2018:09:23:47 +0800] "POST /department/course/professional/order.do HTTP/1.1" 200 39584
0:0:0:0:0:0:0:1 - - [01/Nov/2018:09:23:47 +0800] "GET /favicon.ico HTTP/1.1" 200 946
0:0:0:0:0:0:0:1 - - [01/Nov/2018:09:24:53 +0800] "POST /department/course/professional/order.do HTTP/1.1" 200 40788
0:0:0:0:0:0:0:1 - - [01/Nov/2018:09:24:53 +0800] "GET /favicon.ico HTTP/1.1" 200 946
0:0:0:0:0:0:0:1 - - [01/Nov/2018:09:26:33 +0800] "POST /department/course/professional/order.do HTTP/1.1" 200 37788
0:0:0:0:0:0:0:1 - - [01/Nov/2018:09:26:33 +0800] "GET /favicon.ico HTTP/1.1" 200 946
0:0:0:0:0:0:0:1 - - [01/Nov/2018:09:28:42 +0800] "POST /department/course/professional/order.do HTTP/1.1" 200 14828
0:0:0:0:0:0:0:1 - - [01/Nov/2018:09:28:42 +0800] "GET /favicon.ico HTTP/1.1" 200 946
0:0:0:0:0:0:0:1 - - [01/Nov/2018:09:29:14 +0800] "POST /department/course/professional/order.do HTTP/1.1" 200 16668
0:0:0:0:0:0:0:1 - - [01/Nov/2018:09:29:14 +0800] "GET /favicon.ico HTTP/1.1" 200 946
0:0:0:0:0:0:0:1 - - [01/Nov/2018:09:29:44 +0800] "POST /department/course/professional/order.do HTTP/1.1" 200 16682
0:0:0:0:0:0:0:1 - - [01/Nov/2018:09:29:44 +0800] "GET /favicon.ico HTTP/1.1" 200 946
0:0:0:0:0:0:0:1 - - [01/Nov/2018:09:29:50 +0800] "POST /department/course/professional/classroom.do HTTP/1.1" 404 295
0:0:0:0:0:0:0:1 - - [01/Nov/2018:09:30:12 +0800] "POST /department/course/professional/classroom.do HTTP/1.1" 404 295
0:0:0:0:0:0:0:1 - - [01/Nov/2018:09:30:13 +0800] "GET /favicon.ico HTTP/1.1" 200 946
0:0:0:0:0:0:0:1 - - [01/Nov/2018:09:30:15 +0800] "POST /department/course/professional/order.do HTTP/1.1" 200 16678
0:0:0:0:0:0:0:1 - - [01/Nov/2018:09:30:15 +0800] "GET /favicon.ico HTTP/1.1" 200 946
0:0:0:0:0:0:0:1 - - [01/Nov/2018:12:41:22 +0800] "GET / HTTP/1.1" 200 1339
0:0:0:0:0:0:0:1 - - [01/Nov/2018:12:41:23 +0800] "GET /verifyUtil.do HTTP/1.1" 200 720
0:0:0:0:0:0:0:1 - - [01/Nov/2018:12:41:38 +0800] "POST /login.do HTTP/1.1" 302 -
0:0:0:0:0:0:0:1 - - [01/Nov/2018:12:41:38 +0800] "GET /department/login.do?username=000000000001&password=123456 HTTP/1.1" 200 1116
0:0:0:0:0:0:0:1 - - [01/Nov/2018:12:41:40 +0800] "GET /department/course/professional/set.do HTTP/1.1" 200 9331
0:0:0:0:0:0:0:1 - - [01/Nov/2018:12:41:45 +0800] "POST /department/course/professional/class.do HTTP/1.1" 500 532
0:0:0:0:0:0:0:1 - - [01/Nov/2018:12:44:44 +0800] "POST /department/course/professional/class.do HTTP/1.1" 200 534
0:0:0:0:0:0:0:1 - - [01/Nov/2018:12:44:44 +0800] "GET /favicon.ico HTTP/1.1" 200 946
0:0:0:0:0:0:0:1 - - [01/Nov/2018:12:44:46 +0800] "POST /department/course/professional/name.do HTTP/1.1" 200 963
0:0:0:0:0:0:0:1 - - [01/Nov/2018:12:44:50 +0800] "POST /department/course/professional/rank.do HTTP/1.1" 200 8104
0:0:0:0:0:0:0:1 - - [01/Nov/2018:12:44:56 +0800] "POST /department/course/professional/week.do HTTP/1.1" 200 2150
0:0:0:0:0:0:0:1 - - [01/Nov/2018:12:45:02 +0800] "POST /department/course/professional/order.do HTTP/1.1" 200 16681
0:0:0:0:0:0:0:1 - - [01/Nov/2018:12:45:09 +0800] "POST /department/course/professional/classroom.do HTTP/1.1" 500 375
0:0:0:0:0:0:0:1 - - [01/Nov/2018:12:48:58 +0800] "POST /department/course/professional/classroom.do HTTP/1.1" 500 375
0:0:0:0:0:0:0:1 - - [01/Nov/2018:12:48:58 +0800] "GET /favicon.ico HTTP/1.1" 200 946
0:0:0:0:0:0:0:1 - - [01/Nov/2018:12:50:08 +0800] "POST /department/course/professional/classroom.do HTTP/1.1" 500 534
0:0:0:0:0:0:0:1 - - [01/Nov/2018:12:50:08 +0800] "GET /favicon.ico HTTP/1.1" 200 946
0:0:0:0:0:0:0:1 - - [01/Nov/2018:12:53:52 +0800] "GET /department/course/professional/classroom.do HTTP/1.1" 500 375
0:0:0:0:0:0:0:1 - - [01/Nov/2018:12:53:52 +0800] "GET /favicon.ico HTTP/1.1" 200 946
0:0:0:0:0:0:0:1 - - [01/Nov/2018:12:55:48 +0800] "POST /department/course/professional/classroom.do HTTP/1.1" 500 534
0:0:0:0:0:0:0:1 - - [01/Nov/2018:12:57:22 +0800] "POST /department/course/professional/order.do HTTP/1.1" 200 16679
0:0:0:0:0:0:0:1 - - [01/Nov/2018:12:57:22 +0800] "GET /favicon.ico HTTP/1.1" 200 946
0:0:0:0:0:0:0:1 - - [01/Nov/2018:12:57:25 +0800] "POST /department/course/professional/classroom.do HTTP/1.1" 500 534
0:0:0:0:0:0:0:1 - - [01/Nov/2018:12:58:53 +0800] "GET /department/login.do?username=000000000001&password=123456 HTTP/1.1" 200 1116
0:0:0:0:0:0:0:1 - - [01/Nov/2018:12:58:53 +0800] "GET /favicon.ico HTTP/1.1" 200 946
0:0:0:0:0:0:0:1 - - [01/Nov/2018:12:58:54 +0800] "GET /department/course/professional/set.do HTTP/1.1" 200 9331
0:0:0:0:0:0:0:1 - - [01/Nov/2018:12:58:58 +0800] "POST /department/course/professional/class.do HTTP/1.1" 200 534
0:0:0:0:0:0:0:1 - - [01/Nov/2018:12:59:00 +0800] "POST /department/course/professional/name.do HTTP/1.1" 200 963
0:0:0:0:0:0:0:1 - - [01/Nov/2018:12:59:02 +0800] "POST /department/course/professional/rank.do HTTP/1.1" 200 8104
0:0:0:0:0:0:0:1 - - [01/Nov/2018:12:59:07 +0800] "POST /department/course/professional/week.do HTTP/1.1" 200 2150
0:0:0:0:0:0:0:1 - - [01/Nov/2018:12:59:09 +0800] "POST /department/course/professional/order.do HTTP/1.1" 200 16679
0:0:0:0:0:0:0:1 - - [01/Nov/2018:12:59:18 +0800] "POST /department/course/professional/classroom.do HTTP/1.1" 200 785
127.0.0.1 - - [01/Nov/2018:16:40:54 +0800] "GET / HTTP/1.1" 200 1339
127.0.0.1 - - [01/Nov/2018:16:40:55 +0800] "GET /verifyUtil.do HTTP/1.1" 200 715
127.0.0.1 - - [01/Nov/2018:16:41:16 +0800] "POST /login.do HTTP/1.1" 302 -
127.0.0.1 - - [01/Nov/2018:16:41:16 +0800] "GET /department/login.do?username=000000000001&password=123456 HTTP/1.1" 200 1116
127.0.0.1 - - [01/Nov/2018:16:41:22 +0800] "GET /department/course/professional/set.do HTTP/1.1" 200 9331
127.0.0.1 - - [01/Nov/2018:16:42:03 +0800] "POST /department/course/professional/class.do HTTP/1.1" 200 606
0:0:0:0:0:0:0:1 - - [01/Nov/2018:16:43:33 +0800] "POST /department/course/professional/class.do HTTP/1.1" 200 596
0:0:0:0:0:0:0:1 - - [01/Nov/2018:16:43:33 +0800] "GET /favicon.ico HTTP/1.1" 200 946
0:0:0:0:0:0:0:1 - - [01/Nov/2018:16:44:29 +0800] "POST /department/course/professional/class.do HTTP/1.1" 200 606
0:0:0:0:0:0:0:1 - - [01/Nov/2018:16:44:29 +0800] "GET /favicon.ico HTTP/1.1" 200 946
0:0:0:0:0:0:0:1 - - [01/Nov/2018:16:44:57 +0800] "POST /department/course/professional/class.do HTTP/1.1" 200 600
0:0:0:0:0:0:0:1 - - [01/Nov/2018:16:44:57 +0800] "GET /favicon.ico HTTP/1.1" 200 946
0:0:0:0:0:0:0:1 - - [01/Nov/2018:16:45:06 +0800] "POST /department/course/professional/year.do HTTP/1.1" 200 739
0:0:0:0:0:0:0:1 - - [01/Nov/2018:16:45:38 +0800] "POST /department/course/professional/year.do HTTP/1.1" 200 743
0:0:0:0:0:0:0:1 - - [01/Nov/2018:16:45:38 +0800] "GET /favicon.ico HTTP/1.1" 200 946
0:0:0:0:0:0:0:1 - - [01/Nov/2018:16:45:43 +0800] "POST /department/course/professional/semester.do HTTP/1.1" 200 452
0:0:0:0:0:0:0:1 - - [01/Nov/2018:16:50:29 +0800] "POST /department/course/professional/semester.do HTTP/1.1" 200 491
0:0:0:0:0:0:0:1 - - [01/Nov/2018:16:50:29 +0800] "GET /favicon.ico HTTP/1.1" 200 946
0:0:0:0:0:0:0:1 - - [01/Nov/2018:16:50:33 +0800] "POST /department/course/professional/year.do HTTP/1.1" 200 743
0:0:0:0:0:0:0:1 - - [01/Nov/2018:16:50:33 +0800] "GET /favicon.ico HTTP/1.1" 200 946
0:0:0:0:0:0:0:1 - - [01/Nov/2018:16:50:36 +0800] "POST /department/course/professional/semester.do HTTP/1.1" 200 491
0:0:0:0:0:0:0:1 - - [01/Nov/2018:16:50:39 +0800] "POST /department/course/professional/name.do HTTP/1.1" 200 963
0:0:0:0:0:0:0:1 - - [01/Nov/2018:16:51:09 +0800] "POST /department/course/professional/semester.do HTTP/1.1" 200 499
0:0:0:0:0:0:0:1 - - [01/Nov/2018:16:51:09 +0800] "GET /favicon.ico HTTP/1.1" 200 946
0:0:0:0:0:0:0:1 - - [01/Nov/2018:16:51:11 +0800] "POST /department/course/professional/name.do HTTP/1.1" 200 963
0:0:0:0:0:0:0:1 - - [01/Nov/2018:16:51:14 +0800] "POST /department/course/professional/rank.do HTTP/1.1" 200 8104
0:0:0:0:0:0:0:1 - - [01/Nov/2018:16:51:44 +0800] "POST /department/course/professional/rank.do HTTP/1.1" 200 8112
0:0:0:0:0:0:0:1 - - [01/Nov/2018:16:51:44 +0800] "GET /favicon.ico HTTP/1.1" 200 946
0:0:0:0:0:0:0:1 - - [01/Nov/2018:16:51:58 +0800] "POST /department/course/professional/week.do HTTP/1.1" 200 2150
0:0:0:0:0:0:0:1 - - [01/Nov/2018:16:52:27 +0800] "POST /department/course/professional/week.do HTTP/1.1" 200 2116
0:0:0:0:0:0:0:1 - - [01/Nov/2018:16:52:27 +0800] "GET /favicon.ico HTTP/1.1" 200 946
0:0:0:0:0:0:0:1 - - [01/Nov/2018:16:52:33 +0800] "POST /department/course/professional/order.do HTTP/1.1" 200 16679
0:0:0:0:0:0:0:1 - - [01/Nov/2018:16:53:43 +0800] "POST /department/course/professional/order.do HTTP/1.1" 200 16701
0:0:0:0:0:0:0:1 - - [01/Nov/2018:16:53:43 +0800] "GET /favicon.ico HTTP/1.1" 200 946
0:0:0:0:0:0:0:1 - - [01/Nov/2018:16:53:57 +0800] "POST /department/course/professional/order.do HTTP/1.1" 200 16701
0:0:0:0:0:0:0:1 - - [01/Nov/2018:16:53:57 +0800] "GET /favicon.ico HTTP/1.1" 200 946
0:0:0:0:0:0:0:1 - - [01/Nov/2018:16:54:15 +0800] "POST /department/course/professional/classroom.do HTTP/1.1" 500 375
0:0:0:0:0:0:0:1 - - [01/Nov/2018:16:55:02 +0800] "GET /verifyUtil.do?72 HTTP/1.1" 200 714
0:0:0:0:0:0:0:1 - - [01/Nov/2018:16:55:04 +0800] "POST /login.do HTTP/1.1" 200 1368
0:0:0:0:0:0:0:1 - - [01/Nov/2018:16:55:04 +0800] "GET /verifyUtil.do HTTP/1.1" 200 625
0:0:0:0:0:0:0:1 - - [01/Nov/2018:16:55:11 +0800] "POST /login.do HTTP/1.1" 302 -
0:0:0:0:0:0:0:1 - - [01/Nov/2018:16:55:11 +0800] "GET /department/login.do?username=000000000001&password=123456 HTTP/1.1" 200 1116
0:0:0:0:0:0:0:1 - - [01/Nov/2018:16:55:12 +0800] "GET /department/course/professional/set.do HTTP/1.1" 200 9199
0:0:0:0:0:0:0:1 - - [01/Nov/2018:16:55:17 +0800] "POST /department/course/professional/class.do HTTP/1.1" 200 596
0:0:0:0:0:0:0:1 - - [01/Nov/2018:16:55:22 +0800] "POST /department/course/professional/year.do HTTP/1.1" 200 743
0:0:0:0:0:0:0:1 - - [01/Nov/2018:16:55:24 +0800] "POST /department/course/professional/semester.do HTTP/1.1" 200 499
0:0:0:0:0:0:0:1 - - [01/Nov/2018:16:55:25 +0800] "POST /department/course/professional/name.do HTTP/1.1" 200 963
0:0:0:0:0:0:0:1 - - [01/Nov/2018:16:55:27 +0800] "POST /department/course/professional/rank.do HTTP/1.1" 200 8112
0:0:0:0:0:0:0:1 - - [01/Nov/2018:16:55:32 +0800] "POST /department/course/professional/week.do HTTP/1.1" 200 2116
0:0:0:0:0:0:0:1 - - [01/Nov/2018:16:55:34 +0800] "POST /department/course/professional/order.do HTTP/1.1" 200 16701
0:0:0:0:0:0:0:1 - - [01/Nov/2018:16:55:38 +0800] "POST /department/course/professional/classroom.do HTTP/1.1" 200 285
0:0:0:0:0:0:0:1 - - [01/Nov/2018:17:10:56 +0800] "POST /department/course/professional/classroom.do HTTP/1.1" 500 375
0:0:0:0:0:0:0:1 - - [01/Nov/2018:17:10:56 +0800] "GET /favicon.ico HTTP/1.1" 200 946
0:0:0:0:0:0:0:1 - - [01/Nov/2018:17:11:14 +0800] "GET /verifyUtil.do?86 HTTP/1.1" 200 759
0:0:0:0:0:0:0:1 - - [01/Nov/2018:17:11:19 +0800] "POST /login.do HTTP/1.1" 302 -
0:0:0:0:0:0:0:1 - - [01/Nov/2018:17:11:19 +0800] "GET /department/login.do?username=000000000001&password=123456 HTTP/1.1" 200 1116
0:0:0:0:0:0:0:1 - - [01/Nov/2018:17:11:20 +0800] "GET /department/course/professional/set.do HTTP/1.1" 200 9199
0:0:0:0:0:0:0:1 - - [01/Nov/2018:17:11:30 +0800] "POST /department/course/professional/class.do HTTP/1.1" 200 596
0:0:0:0:0:0:0:1 - - [01/Nov/2018:17:11:32 +0800] "POST /department/course/professional/year.do HTTP/1.1" 200 743
0:0:0:0:0:0:0:1 - - [01/Nov/2018:17:11:33 +0800] "POST /department/course/professional/semester.do HTTP/1.1" 200 499
0:0:0:0:0:0:0:1 - - [01/Nov/2018:17:11:35 +0800] "POST /department/course/professional/name.do HTTP/1.1" 200 963
0:0:0:0:0:0:0:1 - - [01/Nov/2018:17:11:38 +0800] "POST /department/course/professional/rank.do HTTP/1.1" 200 8112
0:0:0:0:0:0:0:1 - - [01/Nov/2018:17:13:56 +0800] "POST /department/course/professional/rank.do HTTP/1.1" 200 8093
0:0:0:0:0:0:0:1 - - [01/Nov/2018:17:13:56 +0800] "GET /favicon.ico HTTP/1.1" 200 946
0:0:0:0:0:0:0:1 - - [01/Nov/2018:17:14:24 +0800] "POST /department/course/professional/rank.do HTTP/1.1" 200 8094
0:0:0:0:0:0:0:1 - - [01/Nov/2018:17:14:24 +0800] "GET /favicon.ico HTTP/1.1" 200 946
0:0:0:0:0:0:0:1 - - [01/Nov/2018:17:16:48 +0800] "POST /department/course/professional/week.do HTTP/1.1" 200 2116
0:0:0:0:0:0:0:1 - - [01/Nov/2018:17:16:50 +0800] "POST /department/course/professional/order.do HTTP/1.1" 200 16701
0:0:0:0:0:0:0:1 - - [01/Nov/2018:17:16:53 +0800] "POST /department/course/professional/classroom.do HTTP/1.1" 500 375
0:0:0:0:0:0:0:1 - - [01/Nov/2018:17:17:11 +0800] "GET /verifyUtil.do?51 HTTP/1.1" 200 614
0:0:0:0:0:0:0:1 - - [01/Nov/2018:17:17:16 +0800] "POST /login.do HTTP/1.1" 302 -
0:0:0:0:0:0:0:1 - - [01/Nov/2018:17:17:17 +0800] "GET /department/login.do?username=000000000001&password=123456 HTTP/1.1" 200 1116
0:0:0:0:0:0:0:1 - - [01/Nov/2018:17:17:17 +0800] "GET /department/course/professional/set.do HTTP/1.1" 200 9199
0:0:0:0:0:0:0:1 - - [01/Nov/2018:17:17:20 +0800] "POST /department/course/professional/class.do HTTP/1.1" 200 599
0:0:0:0:0:0:0:1 - - [01/Nov/2018:17:17:22 +0800] "POST /department/course/professional/year.do HTTP/1.1" 200 743
0:0:0:0:0:0:0:1 - - [01/Nov/2018:17:17:23 +0800] "POST /department/course/professional/semester.do HTTP/1.1" 200 499
0:0:0:0:0:0:0:1 - - [01/Nov/2018:17:17:25 +0800] "POST /department/course/professional/name.do HTTP/1.1" 200 963
0:0:0:0:0:0:0:1 - - [01/Nov/2018:17:17:27 +0800] "POST /department/course/professional/rank.do HTTP/1.1" 200 8094
0:0:0:0:0:0:0:1 - - [01/Nov/2018:17:17:29 +0800] "POST /department/course/professional/week.do HTTP/1.1" 200 2116
0:0:0:0:0:0:0:1 - - [01/Nov/2018:17:17:31 +0800] "POST /department/course/professional/order.do HTTP/1.1" 200 16701
0:0:0:0:0:0:0:1 - - [01/Nov/2018:17:17:33 +0800] "POST /department/course/professional/classroom.do HTTP/1.1" 200 1237
0:0:0:0:0:0:0:1 - - [01/Nov/2018:17:26:22 +0800] "POST /department/course/professional/classroom.do HTTP/1.1" 500 375
0:0:0:0:0:0:0:1 - - [01/Nov/2018:17:26:22 +0800] "GET /favicon.ico HTTP/1.1" 200 946
0:0:0:0:0:0:0:1 - - [01/Nov/2018:17:26:27 +0800] "GET /department/course/professional/set.do HTTP/1.1" 200 9199
0:0:0:0:0:0:0:1 - - [01/Nov/2018:17:26:30 +0800] "POST /department/course/professional/class.do HTTP/1.1" 200 599
0:0:0:0:0:0:0:1 - - [01/Nov/2018:17:26:31 +0800] "POST /department/course/professional/year.do HTTP/1.1" 200 743
0:0:0:0:0:0:0:1 - - [01/Nov/2018:17:26:33 +0800] "POST /department/course/professional/semester.do HTTP/1.1" 200 499
0:0:0:0:0:0:0:1 - - [01/Nov/2018:17:26:34 +0800] "POST /department/course/professional/name.do HTTP/1.1" 200 963
0:0:0:0:0:0:0:1 - - [01/Nov/2018:17:26:37 +0800] "POST /department/course/professional/rank.do HTTP/1.1" 200 8094
0:0:0:0:0:0:0:1 - - [01/Nov/2018:17:26:40 +0800] "POST /department/course/professional/week.do HTTP/1.1" 200 2116
0:0:0:0:0:0:0:1 - - [01/Nov/2018:17:26:42 +0800] "POST /department/course/professional/order.do HTTP/1.1" 200 16701
0:0:0:0:0:0:0:1 - - [01/Nov/2018:17:26:44 +0800] "POST /department/course/professional/classroom.do HTTP/1.1" 500 375
0:0:0:0:0:0:0:1 - - [01/Nov/2018:17:26:54 +0800] "GET /verifyUtil.do?70 HTTP/1.1" 200 661
0:0:0:0:0:0:0:1 - - [01/Nov/2018:17:26:59 +0800] "POST /login.do HTTP/1.1" 302 -
0:0:0:0:0:0:0:1 - - [01/Nov/2018:17:26:59 +0800] "GET /department/login.do?username=000000000001&password=123456 HTTP/1.1" 200 1227
0:0:0:0:0:0:0:1 - - [01/Nov/2018:17:27:00 +0800] "GET /department/course/professional/set.do HTTP/1.1" 200 9199
0:0:0:0:0:0:0:1 - - [01/Nov/2018:17:27:03 +0800] "POST /department/course/professional/class.do HTTP/1.1" 200 596
0:0:0:0:0:0:0:1 - - [01/Nov/2018:17:27:05 +0800] "POST /department/course/professional/year.do HTTP/1.1" 200 743
0:0:0:0:0:0:0:1 - - [01/Nov/2018:17:27:06 +0800] "POST /department/course/professional/semester.do HTTP/1.1" 200 499
0:0:0:0:0:0:0:1 - - [01/Nov/2018:17:27:08 +0800] "POST /department/course/professional/name.do HTTP/1.1" 200 963
0:0:0:0:0:0:0:1 - - [01/Nov/2018:17:27:09 +0800] "POST /department/course/professional/rank.do HTTP/1.1" 200 8094
0:0:0:0:0:0:0:1 - - [01/Nov/2018:17:27:12 +0800] "POST /department/course/professional/week.do HTTP/1.1" 200 2116
0:0:0:0:0:0:0:1 - - [01/Nov/2018:17:27:18 +0800] "POST /department/course/professional/order.do HTTP/1.1" 200 16701
0:0:0:0:0:0:0:1 - - [01/Nov/2018:17:27:20 +0800] "POST /department/course/professional/classroom.do HTTP/1.1" 200 1243
0:0:0:0:0:0:0:1 - - [01/Nov/2018:23:18:36 +0800] "GET / HTTP/1.1" 200 1339
0:0:0:0:0:0:0:1 - - [01/Nov/2018:23:18:37 +0800] "GET /verifyUtil.do HTTP/1.1" 200 644
0:0:0:0:0:0:0:1 - - [01/Nov/2018:23:18:48 +0800] "POST /login.do HTTP/1.1" 302 -
0:0:0:0:0:0:0:1 - - [01/Nov/2018:23:18:48 +0800] "GET /department/login.do?username=000000000001&password=123456 HTTP/1.1" 200 1227
0:0:0:0:0:0:0:1 - - [01/Nov/2018:23:18:49 +0800] "GET /department/course/professional/set.do HTTP/1.1" 200 9199
0:0:0:0:0:0:0:1 - - [01/Nov/2018:23:18:52 +0800] "POST /department/course/professional/class.do HTTP/1.1" 200 596
0:0:0:0:0:0:0:1 - - [01/Nov/2018:23:18:54 +0800] "POST /department/course/professional/year.do HTTP/1.1" 200 743
0:0:0:0:0:0:0:1 - - [01/Nov/2018:23:18:55 +0800] "POST /department/course/professional/semester.do HTTP/1.1" 200 499
0:0:0:0:0:0:0:1 - - [01/Nov/2018:23:18:57 +0800] "POST /department/course/professional/name.do HTTP/1.1" 200 963
0:0:0:0:0:0:0:1 - - [01/Nov/2018:23:18:59 +0800] "POST /department/course/professional/rank.do HTTP/1.1" 200 8094
0:0:0:0:0:0:0:1 - - [01/Nov/2018:23:19:02 +0800] "POST /department/course/professional/week.do HTTP/1.1" 200 2116
0:0:0:0:0:0:0:1 - - [01/Nov/2018:23:19:04 +0800] "POST /department/course/professional/order.do HTTP/1.1" 200 16701
0:0:0:0:0:0:0:1 - - [01/Nov/2018:23:19:06 +0800] "POST /department/course/professional/classroom.do HTTP/1.1" 200 1243
0:0:0:0:0:0:0:1 - - [01/Nov/2018:23:24:40 +0800] "POST /department/course/professional/classroom.do HTTP/1.1" 500 375
0:0:0:0:0:0:0:1 - - [01/Nov/2018:23:24:40 +0800] "GET /favicon.ico HTTP/1.1" 200 946
0:0:0:0:0:0:0:1 - - [01/Nov/2018:23:24:57 +0800] "POST /department/course/professional/classroom.do HTTP/1.1" 500 375
0:0:0:0:0:0:0:1 - - [01/Nov/2018:23:24:57 +0800] "GET /favicon.ico HTTP/1.1" 200 946
0:0:0:0:0:0:0:1 - - [01/Nov/2018:23:25:00 +0800] "POST /department/course/professional/classroom.do HTTP/1.1" 500 375
0:0:0:0:0:0:0:1 - - [01/Nov/2018:23:25:00 +0800] "GET /favicon.ico HTTP/1.1" 200 946
0:0:0:0:0:0:0:1 - - [01/Nov/2018:23:25:26 +0800] "POST /department/course/professional/classroom.do HTTP/1.1" 500 375
0:0:0:0:0:0:0:1 - - [01/Nov/2018:23:25:26 +0800] "GET /favicon.ico HTTP/1.1" 200 946
0:0:0:0:0:0:0:1 - - [01/Nov/2018:23:42:34 +0800] "POST /department/course/professional/year.do HTTP/1.1" 200 743
0:0:0:0:0:0:0:1 - - [01/Nov/2018:23:42:36 +0800] "POST /department/course/professional/semester.do HTTP/1.1" 200 499
0:0:0:0:0:0:0:1 - - [01/Nov/2018:23:42:38 +0800] "POST /department/course/professional/name.do HTTP/1.1" 200 963
0:0:0:0:0:0:0:1 - - [01/Nov/2018:23:42:40 +0800] "POST /department/course/professional/rank.do HTTP/1.1" 200 8091
0:0:0:0:0:0:0:1 - - [01/Nov/2018:23:42:43 +0800] "POST /department/course/professional/week.do HTTP/1.1" 200 2116
0:0:0:0:0:0:0:1 - - [01/Nov/2018:23:42:45 +0800] "POST /department/course/professional/order.do HTTP/1.1" 200 16701
0:0:0:0:0:0:0:1 - - [01/Nov/2018:23:42:47 +0800] "POST /department/course/professional/classroom.do HTTP/1.1" 500 375
0:0:0:0:0:0:0:1 - - [01/Nov/2018:23:46:54 +0800] "POST /department/course/professional/classroom.do HTTP/1.1" 500 375
0:0:0:0:0:0:0:1 - - [01/Nov/2018:23:46:57 +0800] "POST /department/course/professional/classroom.do HTTP/1.1" 500 375
0:0:0:0:0:0:0:1 - - [01/Nov/2018:23:47:15 +0800] "GET /verifyUtil.do?11 HTTP/1.1" 200 614
0:0:0:0:0:0:0:1 - - [01/Nov/2018:23:47:19 +0800] "POST /login.do HTTP/1.1" 302 -
0:0:0:0:0:0:0:1 - - [01/Nov/2018:23:47:20 +0800] "GET /department/login.do?username=000000000001&password=123456 HTTP/1.1" 200 1227
0:0:0:0:0:0:0:1 - - [01/Nov/2018:23:47:21 +0800] "GET /department/course/professional/set.do HTTP/1.1" 200 9199
0:0:0:0:0:0:0:1 - - [01/Nov/2018:23:47:23 +0800] "POST /department/course/professional/class.do HTTP/1.1" 200 596
0:0:0:0:0:0:0:1 - - [01/Nov/2018:23:47:25 +0800] "POST /department/course/professional/year.do HTTP/1.1" 200 743
0:0:0:0:0:0:0:1 - - [01/Nov/2018:23:47:27 +0800] "POST /department/course/professional/semester.do HTTP/1.1" 200 499
0:0:0:0:0:0:0:1 - - [01/Nov/2018:23:47:29 +0800] "POST /department/course/professional/name.do HTTP/1.1" 200 963
0:0:0:0:0:0:0:1 - - [01/Nov/2018:23:47:31 +0800] "POST /department/course/professional/rank.do HTTP/1.1" 200 8091
0:0:0:0:0:0:0:1 - - [01/Nov/2018:23:47:33 +0800] "POST /department/course/professional/week.do HTTP/1.1" 500 533
0:0:0:0:0:0:0:1 - - [01/Nov/2018:23:47:38 +0800] "POST /department/course/professional/week.do HTTP/1.1" 500 533
0:0:0:0:0:0:0:1 - - [01/Nov/2018:23:49:12 +0800] "POST /department/course/professional/week.do HTTP/1.1" 200 2116
0:0:0:0:0:0:0:1 - - [01/Nov/2018:23:49:15 +0800] "POST /department/course/professional/order.do HTTP/1.1" 200 16701
0:0:0:0:0:0:0:1 - - [01/Nov/2018:23:49:18 +0800] "POST /department/course/professional/classroom.do HTTP/1.1" 200 1208
0:0:0:0:0:0:0:1 - - [01/Nov/2018:23:51:08 +0800] "POST /department/course/professional/classroom.do HTTP/1.1" 500 375
0:0:0:0:0:0:0:1 - - [01/Nov/2018:23:51:08 +0800] "GET /favicon.ico HTTP/1.1" 200 946
0:0:0:0:0:0:0:1 - - [01/Nov/2018:23:51:12 +0800] "POST /department/course/professional/classroom.do HTTP/1.1" 500 375
0:0:0:0:0:0:0:1 - - [01/Nov/2018:23:51:45 +0800] "POST /department/course/professional/order.do HTTP/1.1" 200 16701
0:0:0:0:0:0:0:1 - - [01/Nov/2018:23:51:45 +0800] "GET /favicon.ico HTTP/1.1" 200 946
