0:0:0:0:0:0:0:1 - - [10/Nov/2018:11:22:49 +0800] "GET / HTTP/1.1" 200 1339
0:0:0:0:0:0:0:1 - - [10/Nov/2018:11:22:50 +0800] "GET /verifyUtil.do HTTP/1.1" 200 598
0:0:0:0:0:0:0:1 - - [10/Nov/2018:11:23:07 +0800] "POST /login.do HTTP/1.1" 200 1370
0:0:0:0:0:0:0:1 - - [10/Nov/2018:11:23:07 +0800] "GET /verifyUtil.do HTTP/1.1" 200 668
0:0:0:0:0:0:0:1 - - [10/Nov/2018:11:23:10 +0800] "POST /login.do HTTP/1.1" 200 1368
0:0:0:0:0:0:0:1 - - [10/Nov/2018:11:23:10 +0800] "GET /verifyUtil.do HTTP/1.1" 200 583
0:0:0:0:0:0:0:1 - - [10/Nov/2018:11:23:20 +0800] "POST /login.do HTTP/1.1" 200 1370
0:0:0:0:0:0:0:1 - - [10/Nov/2018:11:23:20 +0800] "GET /verifyUtil.do HTTP/1.1" 200 764
0:0:0:0:0:0:0:1 - - [10/Nov/2018:11:23:25 +0800] "POST /login.do HTTP/1.1" 302 -
0:0:0:0:0:0:0:1 - - [10/Nov/2018:11:23:25 +0800] "GET /department/login.do?username=000000000001&password= HTTP/1.1" 200 1381
0:0:0:0:0:0:0:1 - - [10/Nov/2018:11:23:25 +0800] "GET /verifyUtil.do HTTP/1.1" 200 629
0:0:0:0:0:0:0:1 - - [10/Nov/2018:11:23:33 +0800] "GET /verifyUtil.do?61 HTTP/1.1" 200 694
0:0:0:0:0:0:0:1 - - [10/Nov/2018:11:23:39 +0800] "POST /department/login.do HTTP/1.1" 200 1503
0:0:0:0:0:0:0:1 - - [10/Nov/2018:11:23:44 +0800] "GET /department/course/professional/set.do HTTP/1.1" 200 9319
0:0:0:0:0:0:0:1 - - [10/Nov/2018:12:07:41 +0800] "GET /department/course/professional/set.do HTTP/1.1" 200 9319
0:0:0:0:0:0:0:1 - - [10/Nov/2018:12:07:41 +0800] "GET /favicon.ico HTTP/1.1" 200 946
0:0:0:0:0:0:0:1 - - [10/Nov/2018:12:07:44 +0800] "POST /department/course/professional/class.do HTTP/1.1" 200 596
0:0:0:0:0:0:0:1 - - [10/Nov/2018:12:07:46 +0800] "POST /department/course/professional/year.do HTTP/1.1" 200 743
0:0:0:0:0:0:0:1 - - [10/Nov/2018:12:07:47 +0800] "POST /department/course/professional/semester.do HTTP/1.1" 200 499
0:0:0:0:0:0:0:1 - - [10/Nov/2018:12:07:49 +0800] "POST /department/course/professional/name.do HTTP/1.1" 200 963
0:0:0:0:0:0:0:1 - - [10/Nov/2018:12:07:51 +0800] "POST /department/course/professional/rank.do HTTP/1.1" 200 8091
0:0:0:0:0:0:0:1 - - [10/Nov/2018:12:07:53 +0800] "POST /department/course/professional/week.do HTTP/1.1" 200 2116
0:0:0:0:0:0:0:1 - - [10/Nov/2018:12:07:55 +0800] "POST /department/course/professional/order.do HTTP/1.1" 200 16701
0:0:0:0:0:0:0:1 - - [10/Nov/2018:12:07:57 +0800] "POST /department/course/professional/classroom.do HTTP/1.1" 500 534
0:0:0:0:0:0:0:1 - - [10/Nov/2018:12:08:26 +0800] "POST /department/login.do HTTP/1.1" 200 1503
0:0:0:0:0:0:0:1 - - [10/Nov/2018:12:08:26 +0800] "GET /favicon.ico HTTP/1.1" 200 946
0:0:0:0:0:0:0:1 - - [10/Nov/2018:12:08:33 +0800] "POST /department/course/professional/classroom.do HTTP/1.1" 200 1817
0:0:0:0:0:0:0:1 - - [10/Nov/2018:12:08:33 +0800] "GET /favicon.ico HTTP/1.1" 200 946
0:0:0:0:0:0:0:1 - - [10/Nov/2018:12:08:49 +0800] "POST /department/course/professional/ensure.do HTTP/1.1" 200 340
0:0:0:0:0:0:0:1 - - [10/Nov/2018:12:55:40 +0800] "POST /department/login.do HTTP/1.1" 200 1503
0:0:0:0:0:0:0:1 - - [10/Nov/2018:12:55:40 +0800] "GET /favicon.ico HTTP/1.1" 200 946
0:0:0:0:0:0:0:1 - - [10/Nov/2018:12:55:41 +0800] "GET /department/course/professional/set.do HTTP/1.1" 200 9319
0:0:0:0:0:0:0:1 - - [10/Nov/2018:12:55:45 +0800] "POST /department/course/professional/class.do HTTP/1.1" 200 596
0:0:0:0:0:0:0:1 - - [10/Nov/2018:12:55:46 +0800] "POST /department/course/professional/year.do HTTP/1.1" 200 743
0:0:0:0:0:0:0:1 - - [10/Nov/2018:12:55:49 +0800] "POST /department/course/professional/semester.do HTTP/1.1" 200 499
0:0:0:0:0:0:0:1 - - [10/Nov/2018:12:55:50 +0800] "POST /department/course/professional/name.do HTTP/1.1" 200 963
0:0:0:0:0:0:0:1 - - [10/Nov/2018:12:55:52 +0800] "POST /department/course/professional/rank.do HTTP/1.1" 200 8091
0:0:0:0:0:0:0:1 - - [10/Nov/2018:12:55:54 +0800] "POST /department/course/professional/week.do HTTP/1.1" 200 2116
0:0:0:0:0:0:0:1 - - [10/Nov/2018:12:55:57 +0800] "POST /department/course/professional/order.do HTTP/1.1" 200 16701
0:0:0:0:0:0:0:1 - - [10/Nov/2018:12:55:59 +0800] "POST /department/course/professional/classroom.do HTTP/1.1" 200 1817
0:0:0:0:0:0:0:1 - - [10/Nov/2018:12:56:01 +0800] "POST /department/course/professional/ensure.do HTTP/1.1" 200 340
0:0:0:0:0:0:0:1 - - [10/Nov/2018:12:56:02 +0800] "GET /department/return.do HTTP/1.1" 500 502
0:0:0:0:0:0:0:1 - - [10/Nov/2018:12:57:39 +0800] "GET /department/return.do HTTP/1.1" 500 513
0:0:0:0:0:0:0:1 - - [10/Nov/2018:12:58:42 +0800] "POST /department/login.do HTTP/1.1" 200 1503
0:0:0:0:0:0:0:1 - - [10/Nov/2018:12:58:42 +0800] "GET /favicon.ico HTTP/1.1" 200 946
0:0:0:0:0:0:0:1 - - [10/Nov/2018:12:58:45 +0800] "GET /department/return.do HTTP/1.1" 200 1503
0:0:0:0:0:0:0:1 - - [10/Nov/2018:12:58:52 +0800] "GET / HTTP/1.1" 200 1339
0:0:0:0:0:0:0:1 - - [10/Nov/2018:12:58:52 +0800] "GET /verifyUtil.do HTTP/1.1" 200 657
0:0:0:0:0:0:0:1 - - [10/Nov/2018:12:59:04 +0800] "POST /login.do HTTP/1.1" 302 -
0:0:0:0:0:0:0:1 - - [10/Nov/2018:12:59:04 +0800] "GET /teacher/login.do?username=201610414415&password=123456 HTTP/1.1" 200 1707
0:0:0:0:0:0:0:1 - - [10/Nov/2018:12:59:06 +0800] "GET /teacher/course/professional/select.do HTTP/1.1" 200 2061
0:0:0:0:0:0:0:1 - - [10/Nov/2018:12:59:13 +0800] "POST /teacher/course/professional/selected.do HTTP/1.1" 200 1180
0:0:0:0:0:0:0:1 - - [10/Nov/2018:13:22:17 +0800] "GET /teacher/course/professional/select.do HTTP/1.1" 200 2061
0:0:0:0:0:0:0:1 - - [10/Nov/2018:13:22:17 +0800] "GET /favicon.ico HTTP/1.1" 200 946
0:0:0:0:0:0:0:1 - - [10/Nov/2018:13:22:19 +0800] "POST /teacher/course/professional/selected.do HTTP/1.1" 500 655
0:0:0:0:0:0:0:1 - - [10/Nov/2018:13:23:27 +0800] "GET /teacher/course/professional/select.do HTTP/1.1" 200 2061
0:0:0:0:0:0:0:1 - - [10/Nov/2018:13:23:27 +0800] "GET /favicon.ico HTTP/1.1" 200 946
0:0:0:0:0:0:0:1 - - [10/Nov/2018:13:23:27 +0800] "POST /teacher/course/professional/selected.do HTTP/1.1" 200 2056
0:0:0:0:0:0:0:1 - - [10/Nov/2018:17:06:14 +0800] "GET / HTTP/1.1" 200 1339
0:0:0:0:0:0:0:1 - - [10/Nov/2018:17:06:14 +0800] "GET /verifyUtil.do HTTP/1.1" 200 674
0:0:0:0:0:0:0:1 - - [10/Nov/2018:17:06:25 +0800] "POST /login.do HTTP/1.1" 302 -
0:0:0:0:0:0:0:1 - - [10/Nov/2018:17:06:25 +0800] "GET /teacher/login.do?username=201610414415&password=123456 HTTP/1.1" 200 1707
0:0:0:0:0:0:0:1 - - [10/Nov/2018:17:06:26 +0800] "GET /teacher/course/professional/select.do HTTP/1.1" 200 2061
0:0:0:0:0:0:0:1 - - [10/Nov/2018:17:06:27 +0800] "POST /teacher/course/professional/selected.do HTTP/1.1" 500 375
0:0:0:0:0:0:0:1 - - [10/Nov/2018:17:06:30 +0800] "POST /teacher/course/professional/selected.do HTTP/1.1" 200 2056
0:0:0:0:0:0:0:1 - - [10/Nov/2018:17:07:14 +0800] "POST /teacher/course/professional/selected.do HTTP/1.1" 500 531
0:0:0:0:0:0:0:1 - - [10/Nov/2018:17:07:14 +0800] "GET /favicon.ico HTTP/1.1" 200 946
0:0:0:0:0:0:0:1 - - [10/Nov/2018:17:07:17 +0800] "GET /teacher/login.do?username=201610414415&password=123456 HTTP/1.1" 200 1707
0:0:0:0:0:0:0:1 - - [10/Nov/2018:17:07:17 +0800] "GET /favicon.ico HTTP/1.1" 200 946
0:0:0:0:0:0:0:1 - - [10/Nov/2018:17:07:18 +0800] "GET /teacher/course/professional/select.do HTTP/1.1" 200 2061
0:0:0:0:0:0:0:1 - - [10/Nov/2018:17:07:20 +0800] "POST /teacher/course/professional/selected.do HTTP/1.1" 200 2083
0:0:0:0:0:0:0:1 - - [10/Nov/2018:17:23:17 +0800] "POST /teacher/course/professional/selected.do HTTP/1.1" 500 531
0:0:0:0:0:0:0:1 - - [10/Nov/2018:17:23:17 +0800] "GET /favicon.ico HTTP/1.1" 200 946
0:0:0:0:0:0:0:1 - - [10/Nov/2018:17:23:19 +0800] "GET /teacher/login.do?username=201610414415&password=123456 HTTP/1.1" 200 1707
0:0:0:0:0:0:0:1 - - [10/Nov/2018:17:23:19 +0800] "GET /favicon.ico HTTP/1.1" 200 946
0:0:0:0:0:0:0:1 - - [10/Nov/2018:17:23:22 +0800] "POST /teacher/course/professional/selected.do HTTP/1.1" 500 531
0:0:0:0:0:0:0:1 - - [10/Nov/2018:17:23:24 +0800] "POST /teacher/course/professional/selected.do HTTP/1.1" 500 531
0:0:0:0:0:0:0:1 - - [10/Nov/2018:17:23:32 +0800] "GET /teacher/login.do?username=201610414415&password=123456 HTTP/1.1" 200 1707
0:0:0:0:0:0:0:1 - - [10/Nov/2018:17:23:32 +0800] "GET /favicon.ico HTTP/1.1" 200 946
0:0:0:0:0:0:0:1 - - [10/Nov/2018:17:23:32 +0800] "GET /teacher/login.do?username=201610414415&password=123456 HTTP/1.1" 200 1707
0:0:0:0:0:0:0:1 - - [10/Nov/2018:17:23:32 +0800] "GET /favicon.ico HTTP/1.1" 200 946
0:0:0:0:0:0:0:1 - - [10/Nov/2018:17:23:32 +0800] "GET /teacher/login.do?username=201610414415&password=123456 HTTP/1.1" 200 1707
0:0:0:0:0:0:0:1 - - [10/Nov/2018:17:23:32 +0800] "GET /favicon.ico HTTP/1.1" 200 946
0:0:0:0:0:0:0:1 - - [10/Nov/2018:17:23:32 +0800] "GET /teacher/login.do?username=201610414415&password=123456 HTTP/1.1" 200 1707
0:0:0:0:0:0:0:1 - - [10/Nov/2018:17:23:32 +0800] "GET /favicon.ico HTTP/1.1" 200 946
0:0:0:0:0:0:0:1 - - [10/Nov/2018:17:23:33 +0800] "GET /teacher/course/professional/select.do HTTP/1.1" 200 2061
0:0:0:0:0:0:0:1 - - [10/Nov/2018:17:23:34 +0800] "POST /teacher/course/professional/selected.do HTTP/1.1" 200 2473
0:0:0:0:0:0:0:1 - - [10/Nov/2018:17:23:39 +0800] "POST /teacher/course/professional/ensure.do HTTP/1.1" 500 375
0:0:0:0:0:0:0:1 - - [10/Nov/2018:17:43:05 +0800] "GET /teacher/login.do?username=201610414415&password=123456 HTTP/1.1" 200 1707
0:0:0:0:0:0:0:1 - - [10/Nov/2018:17:43:05 +0800] "GET /favicon.ico HTTP/1.1" 200 946
0:0:0:0:0:0:0:1 - - [10/Nov/2018:17:43:06 +0800] "GET /teacher/course/professional/select.do HTTP/1.1" 200 2061
0:0:0:0:0:0:0:1 - - [10/Nov/2018:17:43:08 +0800] "POST /teacher/course/professional/selected.do HTTP/1.1" 200 2473
0:0:0:0:0:0:0:1 - - [10/Nov/2018:17:43:10 +0800] "POST /teacher/course/professional/ensure.do HTTP/1.1" 500 563
0:0:0:0:0:0:0:1 - - [10/Nov/2018:17:43:45 +0800] "GET /teacher/login.do?username=201610414415&password=123456 HTTP/1.1" 200 1707
0:0:0:0:0:0:0:1 - - [10/Nov/2018:17:43:45 +0800] "GET /favicon.ico HTTP/1.1" 200 946
0:0:0:0:0:0:0:1 - - [10/Nov/2018:17:43:45 +0800] "GET /teacher/course/professional/select.do HTTP/1.1" 200 2061
0:0:0:0:0:0:0:1 - - [10/Nov/2018:17:43:47 +0800] "POST /teacher/course/professional/selected.do HTTP/1.1" 200 2473
0:0:0:0:0:0:0:1 - - [10/Nov/2018:17:43:48 +0800] "POST /teacher/course/professional/ensure.do HTTP/1.1" 200 298
0:0:0:0:0:0:0:1 - - [10/Nov/2018:17:43:49 +0800] "GET /teacher/return.do HTTP/1.1" 404 295
0:0:0:0:0:0:0:1 - - [10/Nov/2018:17:44:40 +0800] "POST /teacher/course/professional/ensure.do HTTP/1.1" 500 375
0:0:0:0:0:0:0:1 - - [10/Nov/2018:17:44:40 +0800] "GET /favicon.ico HTTP/1.1" 200 946
0:0:0:0:0:0:0:1 - - [10/Nov/2018:17:44:43 +0800] "GET /teacher/login.do?username=201610414415&password=123456 HTTP/1.1" 200 1707
0:0:0:0:0:0:0:1 - - [10/Nov/2018:17:44:43 +0800] "GET /favicon.ico HTTP/1.1" 200 946
0:0:0:0:0:0:0:1 - - [10/Nov/2018:17:44:45 +0800] "GET /teacher/course/professional/select.do HTTP/1.1" 200 2061
0:0:0:0:0:0:0:1 - - [10/Nov/2018:17:44:48 +0800] "GET /teacher/login.do?username=201610414415&password=123456 HTTP/1.1" 200 1707
0:0:0:0:0:0:0:1 - - [10/Nov/2018:17:44:48 +0800] "GET /favicon.ico HTTP/1.1" 200 946
0:0:0:0:0:0:0:1 - - [10/Nov/2018:17:44:49 +0800] "GET /teacher/course/professional/select.do HTTP/1.1" 200 2061
0:0:0:0:0:0:0:1 - - [10/Nov/2018:17:44:54 +0800] "POST /teacher/course/professional/selected.do HTTP/1.1" 200 2473
0:0:0:0:0:0:0:1 - - [10/Nov/2018:17:44:55 +0800] "POST /teacher/course/professional/ensure.do HTTP/1.1" 200 298
0:0:0:0:0:0:0:1 - - [10/Nov/2018:17:44:56 +0800] "GET /teacher/return.do HTTP/1.1" 200 1707
0:0:0:0:0:0:0:1 - - [10/Nov/2018:17:44:59 +0800] "GET /teacher/course/professional/select.do HTTP/1.1" 200 2061
0:0:0:0:0:0:0:1 - - [10/Nov/2018:17:47:44 +0800] "GET /teacher/return.do HTTP/1.1" 500 510
0:0:0:0:0:0:0:1 - - [10/Nov/2018:17:47:44 +0800] "GET /favicon.ico HTTP/1.1" 200 946
0:0:0:0:0:0:0:1 - - [10/Nov/2018:17:47:48 +0800] "GET /teacher/login.do?username=201610414415&password=123456 HTTP/1.1" 200 1707
0:0:0:0:0:0:0:1 - - [10/Nov/2018:17:47:48 +0800] "GET /favicon.ico HTTP/1.1" 200 946
0:0:0:0:0:0:0:1 - - [10/Nov/2018:17:47:49 +0800] "GET /teacher/course/professional/select.do HTTP/1.1" 200 2061
0:0:0:0:0:0:0:1 - - [10/Nov/2018:17:47:50 +0800] "POST /teacher/course/professional/selected.do HTTP/1.1" 200 2473
0:0:0:0:0:0:0:1 - - [10/Nov/2018:17:47:51 +0800] "POST /teacher/course/professional/ensure.do HTTP/1.1" 200 298
0:0:0:0:0:0:0:1 - - [10/Nov/2018:17:47:52 +0800] "GET /teacher/return.do HTTP/1.1" 200 1707
0:0:0:0:0:0:0:1 - - [10/Nov/2018:17:47:52 +0800] "GET /teacher/course/professional/select.do HTTP/1.1" 200 2067
0:0:0:0:0:0:0:1 - - [10/Nov/2018:17:47:57 +0800] "GET /teacher/course/professional/select.do HTTP/1.1" 200 2067
0:0:0:0:0:0:0:1 - - [10/Nov/2018:17:47:57 +0800] "GET /favicon.ico HTTP/1.1" 200 946
0:0:0:0:0:0:0:1 - - [10/Nov/2018:17:47:58 +0800] "GET /teacher/course/professional/select.do HTTP/1.1" 200 2067
0:0:0:0:0:0:0:1 - - [10/Nov/2018:17:47:58 +0800] "GET /favicon.ico HTTP/1.1" 200 946
0:0:0:0:0:0:0:1 - - [10/Nov/2018:17:47:58 +0800] "GET /teacher/course/professional/select.do HTTP/1.1" 200 2067
0:0:0:0:0:0:0:1 - - [10/Nov/2018:17:47:58 +0800] "GET /favicon.ico HTTP/1.1" 200 946
0:0:0:0:0:0:0:1 - - [10/Nov/2018:17:47:59 +0800] "GET /teacher/course/professional/select.do HTTP/1.1" 200 2067
0:0:0:0:0:0:0:1 - - [10/Nov/2018:17:47:59 +0800] "GET /favicon.ico HTTP/1.1" 200 946
0:0:0:0:0:0:0:1 - - [10/Nov/2018:17:47:59 +0800] "GET /teacher/course/professional/select.do HTTP/1.1" 200 2067
0:0:0:0:0:0:0:1 - - [10/Nov/2018:17:47:59 +0800] "GET /favicon.ico HTTP/1.1" 200 946
0:0:0:0:0:0:0:1 - - [10/Nov/2018:17:47:59 +0800] "GET /teacher/course/professional/select.do HTTP/1.1" 200 2067
0:0:0:0:0:0:0:1 - - [10/Nov/2018:17:47:59 +0800] "GET /favicon.ico HTTP/1.1" 200 946
0:0:0:0:0:0:0:1 - - [10/Nov/2018:17:47:59 +0800] "GET /teacher/course/professional/select.do HTTP/1.1" 200 2067
0:0:0:0:0:0:0:1 - - [10/Nov/2018:17:47:59 +0800] "GET /favicon.ico HTTP/1.1" 200 946
0:0:0:0:0:0:0:1 - - [10/Nov/2018:17:47:59 +0800] "GET /teacher/course/professional/select.do HTTP/1.1" 200 2067
0:0:0:0:0:0:0:1 - - [10/Nov/2018:17:47:59 +0800] "GET /favicon.ico HTTP/1.1" 200 946
0:0:0:0:0:0:0:1 - - [10/Nov/2018:17:56:05 +0800] "GET /teacher/course/professional/select.do HTTP/1.1" 200 2061
0:0:0:0:0:0:0:1 - - [10/Nov/2018:17:56:05 +0800] "GET /favicon.ico HTTP/1.1" 200 946
0:0:0:0:0:0:0:1 - - [10/Nov/2018:17:56:08 +0800] "GET /teacher/course/professional/select.do HTTP/1.1" 200 2061
0:0:0:0:0:0:0:1 - - [10/Nov/2018:17:56:08 +0800] "GET /favicon.ico HTTP/1.1" 200 946
0:0:0:0:0:0:0:1 - - [10/Nov/2018:17:56:08 +0800] "GET /teacher/course/professional/select.do HTTP/1.1" 200 2061
0:0:0:0:0:0:0:1 - - [10/Nov/2018:17:56:08 +0800] "GET /favicon.ico HTTP/1.1" 200 946
0:0:0:0:0:0:0:1 - - [10/Nov/2018:17:56:09 +0800] "GET /teacher/course/professional/select.do HTTP/1.1" 200 2061
0:0:0:0:0:0:0:1 - - [10/Nov/2018:17:56:09 +0800] "GET /favicon.ico HTTP/1.1" 200 946
0:0:0:0:0:0:0:1 - - [10/Nov/2018:17:56:09 +0800] "GET /teacher/course/professional/select.do HTTP/1.1" 200 2061
0:0:0:0:0:0:0:1 - - [10/Nov/2018:17:56:09 +0800] "GET /favicon.ico HTTP/1.1" 200 946
0:0:0:0:0:0:0:1 - - [10/Nov/2018:17:56:09 +0800] "GET /teacher/course/professional/select.do HTTP/1.1" 200 2061
0:0:0:0:0:0:0:1 - - [10/Nov/2018:17:56:09 +0800] "GET /favicon.ico HTTP/1.1" 200 946
0:0:0:0:0:0:0:1 - - [10/Nov/2018:17:56:09 +0800] "GET /teacher/course/professional/select.do HTTP/1.1" 200 2061
0:0:0:0:0:0:0:1 - - [10/Nov/2018:17:56:09 +0800] "GET /favicon.ico HTTP/1.1" 200 946
0:0:0:0:0:0:0:1 - - [10/Nov/2018:17:56:09 +0800] "GET /teacher/course/professional/select.do HTTP/1.1" 200 2061
0:0:0:0:0:0:0:1 - - [10/Nov/2018:17:56:09 +0800] "GET /favicon.ico HTTP/1.1" 200 946
0:0:0:0:0:0:0:1 - - [10/Nov/2018:17:56:10 +0800] "GET /teacher/course/professional/select.do HTTP/1.1" 200 2061
0:0:0:0:0:0:0:1 - - [10/Nov/2018:17:56:10 +0800] "GET /favicon.ico HTTP/1.1" 200 946
0:0:0:0:0:0:0:1 - - [10/Nov/2018:17:56:10 +0800] "GET /teacher/course/professional/select.do HTTP/1.1" 200 2061
0:0:0:0:0:0:0:1 - - [10/Nov/2018:17:56:10 +0800] "GET /favicon.ico HTTP/1.1" 200 946
0:0:0:0:0:0:0:1 - - [10/Nov/2018:17:56:11 +0800] "GET /teacher/return.do HTTP/1.1" 500 510
0:0:0:0:0:0:0:1 - - [10/Nov/2018:17:56:11 +0800] "GET /favicon.ico HTTP/1.1" 200 946
0:0:0:0:0:0:0:1 - - [10/Nov/2018:17:56:14 +0800] "GET /teacher/return.do HTTP/1.1" 500 510
0:0:0:0:0:0:0:1 - - [10/Nov/2018:17:56:14 +0800] "GET /favicon.ico HTTP/1.1" 200 946
0:0:0:0:0:0:0:1 - - [10/Nov/2018:17:56:14 +0800] "GET /teacher/return.do HTTP/1.1" 500 510
0:0:0:0:0:0:0:1 - - [10/Nov/2018:17:56:14 +0800] "GET /favicon.ico HTTP/1.1" 200 946
0:0:0:0:0:0:0:1 - - [10/Nov/2018:17:56:14 +0800] "GET /teacher/return.do HTTP/1.1" 500 510
0:0:0:0:0:0:0:1 - - [10/Nov/2018:17:56:14 +0800] "GET /favicon.ico HTTP/1.1" 200 946
0:0:0:0:0:0:0:1 - - [10/Nov/2018:17:56:15 +0800] "GET /teacher/return.do HTTP/1.1" 500 510
0:0:0:0:0:0:0:1 - - [10/Nov/2018:17:56:15 +0800] "GET /favicon.ico HTTP/1.1" 200 946
0:0:0:0:0:0:0:1 - - [10/Nov/2018:17:56:15 +0800] "GET /teacher/return.do HTTP/1.1" 500 510
0:0:0:0:0:0:0:1 - - [10/Nov/2018:17:56:15 +0800] "GET /favicon.ico HTTP/1.1" 200 946
0:0:0:0:0:0:0:1 - - [10/Nov/2018:17:56:15 +0800] "GET /teacher/return.do HTTP/1.1" 500 510
0:0:0:0:0:0:0:1 - - [10/Nov/2018:17:56:15 +0800] "GET /favicon.ico HTTP/1.1" 200 946
0:0:0:0:0:0:0:1 - - [10/Nov/2018:17:56:15 +0800] "GET /teacher/return.do HTTP/1.1" 500 510
0:0:0:0:0:0:0:1 - - [10/Nov/2018:17:56:15 +0800] "GET /favicon.ico HTTP/1.1" 200 946
0:0:0:0:0:0:0:1 - - [10/Nov/2018:17:56:15 +0800] "GET /teacher/return.do HTTP/1.1" 500 510
0:0:0:0:0:0:0:1 - - [10/Nov/2018:17:56:15 +0800] "GET /favicon.ico HTTP/1.1" 200 946
0:0:0:0:0:0:0:1 - - [10/Nov/2018:17:56:16 +0800] "GET /teacher/return.do HTTP/1.1" 500 510
0:0:0:0:0:0:0:1 - - [10/Nov/2018:17:56:16 +0800] "GET /favicon.ico HTTP/1.1" 200 946
0:0:0:0:0:0:0:1 - - [10/Nov/2018:17:56:19 +0800] "GET /teacher/login.do?username=201610414415&password=123456 HTTP/1.1" 200 1707
0:0:0:0:0:0:0:1 - - [10/Nov/2018:17:56:19 +0800] "GET /favicon.ico HTTP/1.1" 200 946
0:0:0:0:0:0:0:1 - - [10/Nov/2018:17:56:21 +0800] "GET /teacher/login.do?username=201610414415&password=123456 HTTP/1.1" 200 1707
0:0:0:0:0:0:0:1 - - [10/Nov/2018:17:56:21 +0800] "GET /favicon.ico HTTP/1.1" 200 946
0:0:0:0:0:0:0:1 - - [10/Nov/2018:17:56:21 +0800] "GET /teacher/login.do?username=201610414415&password=123456 HTTP/1.1" 200 1707
0:0:0:0:0:0:0:1 - - [10/Nov/2018:17:56:21 +0800] "GET /favicon.ico HTTP/1.1" 200 946
0:0:0:0:0:0:0:1 - - [10/Nov/2018:17:56:21 +0800] "GET /teacher/login.do?username=201610414415&password=123456 HTTP/1.1" 200 1707
0:0:0:0:0:0:0:1 - - [10/Nov/2018:17:56:21 +0800] "GET /favicon.ico HTTP/1.1" 200 946
0:0:0:0:0:0:0:1 - - [10/Nov/2018:17:56:21 +0800] "GET /teacher/login.do?username=201610414415&password=123456 HTTP/1.1" 200 1707
0:0:0:0:0:0:0:1 - - [10/Nov/2018:17:56:21 +0800] "GET /favicon.ico HTTP/1.1" 200 946
0:0:0:0:0:0:0:1 - - [10/Nov/2018:17:56:22 +0800] "GET /teacher/course/professional/select.do HTTP/1.1" 200 2061
0:0:0:0:0:0:0:1 - - [10/Nov/2018:17:57:08 +0800] "GET /teacher/login.do?username=201610414415&password=123456 HTTP/1.1" 200 1707
0:0:0:0:0:0:0:1 - - [10/Nov/2018:17:57:08 +0800] "GET /favicon.ico HTTP/1.1" 200 946
0:0:0:0:0:0:0:1 - - [10/Nov/2018:17:57:08 +0800] "GET /teacher/login.do?username=201610414415&password=123456 HTTP/1.1" 200 1707
0:0:0:0:0:0:0:1 - - [10/Nov/2018:17:57:08 +0800] "GET /favicon.ico HTTP/1.1" 200 946
0:0:0:0:0:0:0:1 - - [10/Nov/2018:17:57:08 +0800] "GET /teacher/login.do?username=201610414415&password=123456 HTTP/1.1" 200 1707
0:0:0:0:0:0:0:1 - - [10/Nov/2018:17:57:08 +0800] "GET /favicon.ico HTTP/1.1" 200 946
0:0:0:0:0:0:0:1 - - [10/Nov/2018:17:57:09 +0800] "GET /teacher/login.do?username=201610414415&password=123456 HTTP/1.1" 200 1707
0:0:0:0:0:0:0:1 - - [10/Nov/2018:17:57:09 +0800] "GET /favicon.ico HTTP/1.1" 200 946
0:0:0:0:0:0:0:1 - - [10/Nov/2018:17:57:09 +0800] "GET /teacher/login.do?username=201610414415&password=123456 HTTP/1.1" 200 1707
0:0:0:0:0:0:0:1 - - [10/Nov/2018:17:57:09 +0800] "GET /favicon.ico HTTP/1.1" 200 946
0:0:0:0:0:0:0:1 - - [10/Nov/2018:17:57:09 +0800] "GET /teacher/login.do?username=201610414415&password=123456 HTTP/1.1" 200 1707
0:0:0:0:0:0:0:1 - - [10/Nov/2018:17:57:09 +0800] "GET /favicon.ico HTTP/1.1" 200 946
0:0:0:0:0:0:0:1 - - [10/Nov/2018:17:57:09 +0800] "GET /teacher/login.do?username=201610414415&password=123456 HTTP/1.1" 200 1707
0:0:0:0:0:0:0:1 - - [10/Nov/2018:17:57:09 +0800] "GET /favicon.ico HTTP/1.1" 200 946
0:0:0:0:0:0:0:1 - - [10/Nov/2018:17:57:09 +0800] "GET /teacher/login.do?username=201610414415&password=123456 HTTP/1.1" 200 1707
0:0:0:0:0:0:0:1 - - [10/Nov/2018:17:57:09 +0800] "GET /favicon.ico HTTP/1.1" 200 946
0:0:0:0:0:0:0:1 - - [10/Nov/2018:17:57:09 +0800] "GET /teacher/login.do?username=201610414415&password=123456 HTTP/1.1" 200 1707
0:0:0:0:0:0:0:1 - - [10/Nov/2018:17:57:09 +0800] "GET /favicon.ico HTTP/1.1" 200 946
0:0:0:0:0:0:0:1 - - [10/Nov/2018:17:57:09 +0800] "GET /teacher/login.do?username=201610414415&password=123456 HTTP/1.1" 200 1707
0:0:0:0:0:0:0:1 - - [10/Nov/2018:17:57:09 +0800] "GET /favicon.ico HTTP/1.1" 200 946
0:0:0:0:0:0:0:1 - - [10/Nov/2018:17:57:10 +0800] "GET /teacher/login.do?username=201610414415&password=123456 HTTP/1.1" 200 1707
0:0:0:0:0:0:0:1 - - [10/Nov/2018:17:57:10 +0800] "GET /favicon.ico HTTP/1.1" 200 946
0:0:0:0:0:0:0:1 - - [10/Nov/2018:17:57:10 +0800] "GET /teacher/login.do?username=201610414415&password=123456 HTTP/1.1" 200 1707
0:0:0:0:0:0:0:1 - - [10/Nov/2018:17:57:10 +0800] "GET /favicon.ico HTTP/1.1" 200 946
0:0:0:0:0:0:0:1 - - [10/Nov/2018:17:57:10 +0800] "GET /teacher/login.do?username=201610414415&password=123456 HTTP/1.1" 200 1707
0:0:0:0:0:0:0:1 - - [10/Nov/2018:17:57:10 +0800] "GET /favicon.ico HTTP/1.1" 200 946
0:0:0:0:0:0:0:1 - - [10/Nov/2018:17:57:11 +0800] "GET /teacher/course/professional/select.do HTTP/1.1" 200 2061
0:0:0:0:0:0:0:1 - - [10/Nov/2018:17:57:55 +0800] "GET /teacher/login.do?username=201610414415&password=123456 HTTP/1.1" 200 1707
0:0:0:0:0:0:0:1 - - [10/Nov/2018:17:57:55 +0800] "GET /favicon.ico HTTP/1.1" 200 946
0:0:0:0:0:0:0:1 - - [10/Nov/2018:17:57:55 +0800] "GET /teacher/login.do?username=201610414415&password=123456 HTTP/1.1" 200 1707
0:0:0:0:0:0:0:1 - - [10/Nov/2018:17:57:55 +0800] "GET /favicon.ico HTTP/1.1" 200 946
0:0:0:0:0:0:0:1 - - [10/Nov/2018:17:57:55 +0800] "GET /teacher/login.do?username=201610414415&password=123456 HTTP/1.1" 200 1707
0:0:0:0:0:0:0:1 - - [10/Nov/2018:17:57:55 +0800] "GET /favicon.ico HTTP/1.1" 200 946
0:0:0:0:0:0:0:1 - - [10/Nov/2018:17:57:55 +0800] "GET /teacher/login.do?username=201610414415&password=123456 HTTP/1.1" 200 1707
0:0:0:0:0:0:0:1 - - [10/Nov/2018:17:57:55 +0800] "GET /favicon.ico HTTP/1.1" 200 946
0:0:0:0:0:0:0:1 - - [10/Nov/2018:17:57:55 +0800] "GET /teacher/login.do?username=201610414415&password=123456 HTTP/1.1" 200 1707
0:0:0:0:0:0:0:1 - - [10/Nov/2018:17:57:55 +0800] "GET /favicon.ico HTTP/1.1" 200 946
0:0:0:0:0:0:0:1 - - [10/Nov/2018:17:57:56 +0800] "GET /teacher/login.do?username=201610414415&password=123456 HTTP/1.1" 200 1707
0:0:0:0:0:0:0:1 - - [10/Nov/2018:17:57:56 +0800] "GET /favicon.ico HTTP/1.1" 200 946
0:0:0:0:0:0:0:1 - - [10/Nov/2018:17:57:56 +0800] "GET /teacher/login.do?username=201610414415&password=123456 HTTP/1.1" 200 1707
0:0:0:0:0:0:0:1 - - [10/Nov/2018:17:57:56 +0800] "GET /favicon.ico HTTP/1.1" 200 946
0:0:0:0:0:0:0:1 - - [10/Nov/2018:17:57:56 +0800] "GET /teacher/login.do?username=201610414415&password=123456 HTTP/1.1" 200 1707
0:0:0:0:0:0:0:1 - - [10/Nov/2018:17:57:56 +0800] "GET /favicon.ico HTTP/1.1" 200 946
0:0:0:0:0:0:0:1 - - [10/Nov/2018:17:57:56 +0800] "GET /teacher/login.do?username=201610414415&password=123456 HTTP/1.1" 200 1707
0:0:0:0:0:0:0:1 - - [10/Nov/2018:17:57:56 +0800] "GET /favicon.ico HTTP/1.1" 200 946
0:0:0:0:0:0:0:1 - - [10/Nov/2018:17:57:56 +0800] "GET /teacher/login.do?username=201610414415&password=123456 HTTP/1.1" 200 1707
0:0:0:0:0:0:0:1 - - [10/Nov/2018:17:57:56 +0800] "GET /favicon.ico HTTP/1.1" 200 946
0:0:0:0:0:0:0:1 - - [10/Nov/2018:17:57:56 +0800] "GET /teacher/login.do?username=201610414415&password=123456 HTTP/1.1" 200 1707
0:0:0:0:0:0:0:1 - - [10/Nov/2018:17:57:56 +0800] "GET /favicon.ico HTTP/1.1" 200 946
0:0:0:0:0:0:0:1 - - [10/Nov/2018:17:57:58 +0800] "GET /teacher/course/professional/select.do HTTP/1.1" 200 2061
0:0:0:0:0:0:0:1 - - [10/Nov/2018:17:57:59 +0800] "POST /teacher/course/professional/selected.do HTTP/1.1" 200 2473
0:0:0:0:0:0:0:1 - - [10/Nov/2018:17:58:01 +0800] "POST /teacher/course/professional/ensure.do HTTP/1.1" 200 298
0:0:0:0:0:0:0:1 - - [10/Nov/2018:17:58:02 +0800] "GET /teacher/return.do HTTP/1.1" 200 1707
0:0:0:0:0:0:0:1 - - [10/Nov/2018:17:58:04 +0800] "GET /teacher/course/professional/select.do HTTP/1.1" 200 2061
0:0:0:0:0:0:0:1 - - [10/Nov/2018:18:01:26 +0800] "GET /teacher/return.do HTTP/1.1" 500 510
0:0:0:0:0:0:0:1 - - [10/Nov/2018:18:01:26 +0800] "GET /favicon.ico HTTP/1.1" 200 946
0:0:0:0:0:0:0:1 - - [10/Nov/2018:18:01:26 +0800] "GET /teacher/return.do HTTP/1.1" 500 510
0:0:0:0:0:0:0:1 - - [10/Nov/2018:18:01:26 +0800] "GET /favicon.ico HTTP/1.1" 200 946
0:0:0:0:0:0:0:1 - - [10/Nov/2018:18:01:26 +0800] "GET /teacher/return.do HTTP/1.1" 500 510
0:0:0:0:0:0:0:1 - - [10/Nov/2018:18:01:26 +0800] "GET /favicon.ico HTTP/1.1" 200 946
0:0:0:0:0:0:0:1 - - [10/Nov/2018:18:01:30 +0800] "GET /teacher/login.do?username=201610414415&password=123456 HTTP/1.1" 200 1707
0:0:0:0:0:0:0:1 - - [10/Nov/2018:18:01:30 +0800] "GET /favicon.ico HTTP/1.1" 200 946
0:0:0:0:0:0:0:1 - - [10/Nov/2018:18:01:30 +0800] "GET /teacher/login.do?username=201610414415&password=123456 HTTP/1.1" 200 1707
0:0:0:0:0:0:0:1 - - [10/Nov/2018:18:01:30 +0800] "GET /favicon.ico HTTP/1.1" 200 946
0:0:0:0:0:0:0:1 - - [10/Nov/2018:18:01:30 +0800] "GET /teacher/login.do?username=201610414415&password=123456 HTTP/1.1" 200 1707
0:0:0:0:0:0:0:1 - - [10/Nov/2018:18:01:30 +0800] "GET /favicon.ico HTTP/1.1" 200 946
0:0:0:0:0:0:0:1 - - [10/Nov/2018:18:01:30 +0800] "GET /teacher/course/professional/select.do HTTP/1.1" 200 2061
0:0:0:0:0:0:0:1 - - [10/Nov/2018:18:01:32 +0800] "POST /teacher/course/professional/selected.do HTTP/1.1" 200 2473
0:0:0:0:0:0:0:1 - - [10/Nov/2018:18:01:33 +0800] "POST /teacher/course/professional/ensure.do HTTP/1.1" 200 298
0:0:0:0:0:0:0:1 - - [10/Nov/2018:18:01:34 +0800] "GET /teacher/return.do HTTP/1.1" 200 1707
0:0:0:0:0:0:0:1 - - [10/Nov/2018:18:05:21 +0800] "GET /teacher/return.do HTTP/1.1" 500 510
0:0:0:0:0:0:0:1 - - [10/Nov/2018:18:05:21 +0800] "GET /favicon.ico HTTP/1.1" 200 946
0:0:0:0:0:0:0:1 - - [10/Nov/2018:18:05:23 +0800] "GET /teacher/login.do?username=201610414415&password=123456 HTTP/1.1" 200 1707
0:0:0:0:0:0:0:1 - - [10/Nov/2018:18:05:23 +0800] "GET /favicon.ico HTTP/1.1" 200 946
0:0:0:0:0:0:0:1 - - [10/Nov/2018:18:05:24 +0800] "GET /teacher/course/professional/select.do HTTP/1.1" 200 2061
0:0:0:0:0:0:0:1 - - [10/Nov/2018:18:05:26 +0800] "POST /teacher/course/professional/selected.do HTTP/1.1" 200 2473
0:0:0:0:0:0:0:1 - - [10/Nov/2018:18:05:27 +0800] "POST /teacher/course/professional/ensure.do HTTP/1.1" 200 298
0:0:0:0:0:0:0:1 - - [10/Nov/2018:18:05:28 +0800] "GET /teacher/return.do HTTP/1.1" 200 1707
0:0:0:0:0:0:0:1 - - [10/Nov/2018:18:06:14 +0800] "GET /teacher/course/professional/select.do HTTP/1.1" 200 2061
0:0:0:0:0:0:0:1 - - [10/Nov/2018:18:09:33 +0800] "GET /teacher/course/professional/select.do HTTP/1.1" 200 2199
0:0:0:0:0:0:0:1 - - [10/Nov/2018:18:09:33 +0800] "GET /favicon.ico HTTP/1.1" 200 946
0:0:0:0:0:0:0:1 - - [10/Nov/2018:18:12:36 +0800] "GET /teacher/course/professional/select.do HTTP/1.1" 200 2186
0:0:0:0:0:0:0:1 - - [10/Nov/2018:18:12:36 +0800] "GET /favicon.ico HTTP/1.1" 200 946
