0:0:0:0:0:0:0:1 - - [31/Dec/2019:15:57:03 +0800] "GET /login.do HTTP/1.1" 500 6969
0:0:0:0:0:0:0:1 - - [31/Dec/2019:15:57:03 +0800] "GET /favicon.ico HTTP/1.1" 304 -
0:0:0:0:0:0:0:1 - - [31/Dec/2019:15:57:07 +0800] "GET / HTTP/1.1" 200 1339
0:0:0:0:0:0:0:1 - - [31/Dec/2019:15:57:07 +0800] "GET /verifyUtil.do HTTP/1.1" 200 642
0:0:0:0:0:0:0:1 - - [31/Dec/2019:15:57:22 +0800] "POST /login.do HTTP/1.1" 302 -
0:0:0:0:0:0:0:1 - - [31/Dec/2019:15:57:22 +0800] "GET /department/login.do?username=000000000001&password=123456 HTTP/1.1" 200 1512
0:0:0:0:0:0:0:1 - - [31/Dec/2019:15:59:41 +0800] "GET /department/course/professional/set.do HTTP/1.1" 200 9325
0:0:0:0:0:0:0:1 - - [31/Dec/2019:15:59:44 +0800] "GET /department/course/public/set.do HTTP/1.1" 200 9325
0:0:0:0:0:0:0:1 - - [31/Dec/2019:15:59:46 +0800] "GET /department/course/elective/sports/set.do HTTP/1.1" 404 295
0:0:0:0:0:0:0:1 - - [31/Dec/2019:15:59:48 +0800] "GET /department/course/elective/school/set.do HTTP/1.1" 200 474
0:0:0:0:0:0:0:1 - - [31/Dec/2019:17:39:29 +0800] "GET /department/login.do?username=000000000001&password=123456 HTTP/1.1" 200 1512
0:0:0:0:0:0:0:1 - - [31/Dec/2019:17:39:30 +0800] "GET /favicon.ico HTTP/1.1" 200 946
0:0:0:0:0:0:0:1 - - [31/Dec/2019:17:39:33 +0800] "GET /department/login.do?username=000000000001&password=123456 HTTP/1.1" 200 1512
0:0:0:0:0:0:0:1 - - [31/Dec/2019:17:39:33 +0800] "GET /favicon.ico HTTP/1.1" 200 946
0:0:0:0:0:0:0:1 - - [31/Dec/2019:17:39:35 +0800] "GET / HTTP/1.1" 200 1339
0:0:0:0:0:0:0:1 - - [31/Dec/2019:17:39:36 +0800] "GET /verifyUtil.do HTTP/1.1" 200 642
0:0:0:0:0:0:0:1 - - [31/Dec/2019:17:39:36 +0800] "GET /favicon.ico HTTP/1.1" 200 946
0:0:0:0:0:0:0:1 - - [31/Dec/2019:17:40:52 +0800] "GET / HTTP/1.1" 200 1339
0:0:0:0:0:0:0:1 - - [31/Dec/2019:17:40:52 +0800] "GET /verifyUtil.do HTTP/1.1" 200 676
0:0:0:0:0:0:0:1 - - [31/Dec/2019:17:40:52 +0800] "GET /favicon.ico HTTP/1.1" 200 946
0:0:0:0:0:0:0:1 - - [31/Dec/2019:17:40:53 +0800] "GET / HTTP/1.1" 200 1339
0:0:0:0:0:0:0:1 - - [31/Dec/2019:17:40:53 +0800] "GET /verifyUtil.do HTTP/1.1" 200 631
0:0:0:0:0:0:0:1 - - [31/Dec/2019:17:40:53 +0800] "GET /favicon.ico HTTP/1.1" 200 946
0:0:0:0:0:0:0:1 - - [31/Dec/2019:17:40:53 +0800] "GET / HTTP/1.1" 200 1339
0:0:0:0:0:0:0:1 - - [31/Dec/2019:17:40:53 +0800] "GET /verifyUtil.do HTTP/1.1" 200 666
0:0:0:0:0:0:0:1 - - [31/Dec/2019:17:40:53 +0800] "GET /favicon.ico HTTP/1.1" 200 946
0:0:0:0:0:0:0:1 - - [31/Dec/2019:17:41:23 +0800] "POST /login.do HTTP/1.1" 302 -
0:0:0:0:0:0:0:1 - - [31/Dec/2019:17:41:23 +0800] "GET /student/login.do?username=201210312216&password=123456 HTTP/1.1" 200 1792
0:0:0:0:0:0:0:1 - - [31/Dec/2019:17:41:27 +0800] "GET /student/course/look.do HTTP/1.1" 200 7617
