0:0:0:0:0:0:0:1 - - [03/Apr/2020:15:07:39 +0800] "GET / HTTP/1.1" 200 2267
0:0:0:0:0:0:0:1 - - [03/Apr/2020:15:07:40 +0800] "GET /verifyUtil.do HTTP/1.1" 200 582
0:0:0:0:0:0:0:1 - - [03/Apr/2020:15:07:50 +0800] "POST /login.do HTTP/1.1" 302 -
0:0:0:0:0:0:0:1 - - [03/Apr/2020:15:07:50 +0800] "GET /student/login.do?username=201210312216&password=123456 HTTP/1.1" 200 2198
0:0:0:0:0:0:0:1 - - [03/Apr/2020:15:07:51 +0800] "GET /student/score/show/get.do HTTP/1.1" 200 1410
0:0:0:0:0:0:0:1 - - [03/Apr/2020:15:07:55 +0800] "POST /student/score/show/select.do HTTP/1.1" 200 1336
0:0:0:0:0:0:0:1 - - [03/Apr/2020:15:07:57 +0800] "POST /student/score/show/select.do HTTP/1.1" 200 1275
0:0:0:0:0:0:0:1 - - [03/Apr/2020:15:11:01 +0800] "GET /student/score/show/get.do HTTP/1.1" 200 1410
0:0:0:0:0:0:0:1 - - [03/Apr/2020:15:11:01 +0800] "GET /favicon.ico HTTP/1.1" 200 946
0:0:0:0:0:0:0:1 - - [03/Apr/2020:15:11:02 +0800] "POST /student/score/show/select.do HTTP/1.1" 200 636
0:0:0:0:0:0:0:1 - - [03/Apr/2020:15:11:06 +0800] "POST /student/score/show/select.do HTTP/1.1" 500 600
0:0:0:0:0:0:0:1 - - [03/Apr/2020:15:11:10 +0800] "GET /student/login.do?username=201210312216&password=123456 HTTP/1.1" 200 2198
0:0:0:0:0:0:0:1 - - [03/Apr/2020:15:11:10 +0800] "GET /favicon.ico HTTP/1.1" 200 946
0:0:0:0:0:0:0:1 - - [03/Apr/2020:15:11:10 +0800] "GET /student/score/show/get.do HTTP/1.1" 200 1410
0:0:0:0:0:0:0:1 - - [03/Apr/2020:15:11:13 +0800] "POST /student/score/show/select.do HTTP/1.1" 200 1493
0:0:0:0:0:0:0:1 - - [03/Apr/2020:15:11:37 +0800] "GET /student/login.do?username=201210312216&password=123456 HTTP/1.1" 200 2198
0:0:0:0:0:0:0:1 - - [03/Apr/2020:15:11:37 +0800] "GET /favicon.ico HTTP/1.1" 200 946
0:0:0:0:0:0:0:1 - - [03/Apr/2020:15:11:37 +0800] "GET /student/score/show/get.do HTTP/1.1" 200 1410
0:0:0:0:0:0:0:1 - - [03/Apr/2020:15:11:40 +0800] "POST /student/score/show/select.do HTTP/1.1" 200 1493
0:0:0:0:0:0:0:1 - - [03/Apr/2020:15:25:51 +0800] "GET /student/login.do?username=201210312216&password=123456 HTTP/1.1" 200 2198
0:0:0:0:0:0:0:1 - - [03/Apr/2020:15:25:51 +0800] "GET /favicon.ico HTTP/1.1" 200 946
0:0:0:0:0:0:0:1 - - [03/Apr/2020:15:25:52 +0800] "GET /student/score/show/get.do HTTP/1.1" 200 1410
0:0:0:0:0:0:0:1 - - [03/Apr/2020:15:25:55 +0800] "POST /student/score/show/select.do HTTP/1.1" 200 1481
0:0:0:0:0:0:0:1 - - [03/Apr/2020:16:32:29 +0800] "GET /student/course/timetable/get.do HTTP/1.1" 200 1410
0:0:0:0:0:0:0:1 - - [03/Apr/2020:16:32:32 +0800] "POST /student/course/timetable/select.do HTTP/1.1" 500 600
0:0:0:0:0:0:0:1 - - [03/Apr/2020:16:32:38 +0800] "GET /student/login.do?username=201210312216&password=123456 HTTP/1.1" 200 2198
0:0:0:0:0:0:0:1 - - [03/Apr/2020:16:32:38 +0800] "GET /favicon.ico HTTP/1.1" 200 946
0:0:0:0:0:0:0:1 - - [03/Apr/2020:16:32:41 +0800] "GET /student/course/timetable/get.do HTTP/1.1" 200 1410
0:0:0:0:0:0:0:1 - - [03/Apr/2020:16:32:43 +0800] "POST /student/course/timetable/select.do HTTP/1.1" 200 7248
0:0:0:0:0:0:0:1 - - [03/Apr/2020:16:42:16 +0800] "POST /login.do HTTP/1.1" 200 2298
0:0:0:0:0:0:0:1 - - [03/Apr/2020:16:42:17 +0800] "GET /verifyUtil.do HTTP/1.1" 200 571
0:0:0:0:0:0:0:1 - - [03/Apr/2020:16:42:26 +0800] "POST /login.do HTTP/1.1" 302 -
0:0:0:0:0:0:0:1 - - [03/Apr/2020:16:42:26 +0800] "GET /department/login.do?username=000000000001&password=123456 HTTP/1.1" 200 2345
0:0:0:0:0:0:0:1 - - [03/Apr/2020:16:42:29 +0800] "GET /department/course/professional/set.do HTTP/1.1" 200 11986
0:0:0:0:0:0:0:1 - - [03/Apr/2020:16:42:31 +0800] "POST /department/course/professional/class.do HTTP/1.1" 200 1031
0:0:0:0:0:0:0:1 - - [03/Apr/2020:16:42:33 +0800] "POST /department/course/professional/year.do HTTP/1.1" 200 655
0:0:0:0:0:0:0:1 - - [03/Apr/2020:16:42:39 +0800] "POST /department/course/professional/year.do HTTP/1.1" 200 1343
0:0:0:0:0:0:0:1 - - [03/Apr/2020:16:42:47 +0800] "POST /department/course/professional/semester.do HTTP/1.1" 200 1037
0:0:0:0:0:0:0:1 - - [03/Apr/2020:16:42:49 +0800] "POST /department/course/professional/name.do HTTP/1.1" 200 11162
0:0:0:0:0:0:0:1 - - [03/Apr/2020:16:46:45 +0800] "POST /login.do HTTP/1.1" 302 -
0:0:0:0:0:0:0:1 - - [03/Apr/2020:16:46:45 +0800] "GET /teacher/login.do?username=201610414415&password=123456 HTTP/1.1" 200 2523
0:0:0:0:0:0:0:1 - - [03/Apr/2020:16:46:46 +0800] "GET /teacher/score/enter/get.do HTTP/1.1" 200 2642
0:0:0:0:0:0:0:1 - - [03/Apr/2020:16:46:48 +0800] "POST /teacher/score/enter/select.do HTTP/1.1" 200 1138
0:0:0:0:0:0:0:1 - - [03/Apr/2020:16:46:54 +0800] "POST /teacher/score/enter/ratio.do HTTP/1.1" 200 26273
0:0:0:0:0:0:0:1 - - [03/Apr/2020:16:47:53 +0800] "POST /teacher/score/enter/input.do HTTP/1.1" 200 642
0:0:0:0:0:0:0:1 - - [03/Apr/2020:16:48:59 +0800] "POST /teacher/score/enter/input.do HTTP/1.1" 200 25492
0:0:0:0:0:0:0:1 - - [03/Apr/2020:16:57:21 +0800] "GET /teacher/course/elective/set.do HTTP/1.1" 200 3638
0:0:0:0:0:0:0:1 - - [03/Apr/2020:16:57:30 +0800] "GET /teacher/course/public/set.do HTTP/1.1" 200 3789
0:0:0:0:0:0:0:1 - - [03/Apr/2020:17:02:08 +0800] "GET /teacher/score/enter/get.do HTTP/1.1" 200 2642
0:0:0:0:0:0:0:1 - - [03/Apr/2020:17:02:11 +0800] "POST /teacher/score/enter/select.do HTTP/1.1" 200 1138
0:0:0:0:0:0:0:1 - - [03/Apr/2020:17:02:15 +0800] "POST /teacher/score/enter/ratio.do HTTP/1.1" 200 26273
0:0:0:0:0:0:0:1 - - [03/Apr/2020:17:02:22 +0800] "POST /teacher/score/enter/input.do HTTP/1.1" 200 639
0:0:0:0:0:0:0:1 - - [03/Apr/2020:17:05:38 +0800] "GET /teacher/login.do?username=201610414415&password=123456 HTTP/1.1" 200 2523
0:0:0:0:0:0:0:1 - - [03/Apr/2020:17:05:38 +0800] "GET /favicon.ico HTTP/1.1" 200 946
0:0:0:0:0:0:0:1 - - [03/Apr/2020:17:05:40 +0800] "GET /teacher/score/enter/get.do HTTP/1.1" 200 2642
0:0:0:0:0:0:0:1 - - [03/Apr/2020:17:05:42 +0800] "POST /teacher/score/enter/select.do HTTP/1.1" 200 1138
0:0:0:0:0:0:0:1 - - [03/Apr/2020:17:05:45 +0800] "POST /teacher/score/enter/ratio.do HTTP/1.1" 200 26273
0:0:0:0:0:0:0:1 - - [03/Apr/2020:17:08:13 +0800] "POST /teacher/score/enter/input.do HTTP/1.1" 200 24784
