0:0:0:0:0:0:0:1 - - [29/Jan/2020:18:43:35 +0800] "GET / HTTP/1.1" 200 2267
0:0:0:0:0:0:0:1 - - [29/Jan/2020:18:43:36 +0800] "GET /verifyUtil.do HTTP/1.1" 200 565
0:0:0:0:0:0:0:1 - - [29/Jan/2020:18:45:08 +0800] "POST /login.do HTTP/1.1" 302 -
0:0:0:0:0:0:0:1 - - [29/Jan/2020:18:45:08 +0800] "GET /student/login.do?username=201210312216&password=123456 HTTP/1.1" 200 2226
0:0:0:0:0:0:0:1 - - [29/Jan/2020:18:45:15 +0800] "GET /student/course/look.do HTTP/1.1" 200 7617
0:0:0:0:0:0:0:1 - - [29/Jan/2020:18:45:54 +0800] "GET /student/course/elective/school/set.do HTTP/1.1" 200 2546
0:0:0:0:0:0:0:1 - - [29/Jan/2020:18:46:18 +0800] "GET /student/course/elective/sports/set.do HTTP/1.1" 404 295
0:0:0:0:0:0:0:1 - - [29/Jan/2020:18:46:21 +0800] "GET /student/course/elective/sports/set.do HTTP/1.1" 404 295
0:0:0:0:0:0:0:1 - - [29/Jan/2020:18:46:24 +0800] "GET /student/course/elective/school/set.do HTTP/1.1" 200 2546
0:0:0:0:0:0:0:1 - - [29/Jan/2020:18:49:58 +0800] "GET /verifyUtil.do?56 HTTP/1.1" 200 617
0:0:0:0:0:0:0:1 - - [29/Jan/2020:18:50:05 +0800] "POST /login.do HTTP/1.1" 200 2298
0:0:0:0:0:0:0:1 - - [29/Jan/2020:18:50:05 +0800] "GET /verifyUtil.do HTTP/1.1" 200 493
0:0:0:0:0:0:0:1 - - [29/Jan/2020:18:50:15 +0800] "POST /login.do HTTP/1.1" 302 -
0:0:0:0:0:0:0:1 - - [29/Jan/2020:18:50:15 +0800] "GET /department/login.do?username=000000000001&password=123456 HTTP/1.1" 200 1512
0:0:0:0:0:0:0:1 - - [29/Jan/2020:18:51:34 +0800] "GET /department/login.do?username=000000000001&password=123456 HTTP/1.1" 200 1803
0:0:0:0:0:0:0:1 - - [29/Jan/2020:18:51:34 +0800] "GET /favicon.ico HTTP/1.1" 200 946
0:0:0:0:0:0:0:1 - - [29/Jan/2020:18:52:43 +0800] "GET /department/login.do?username=000000000001&password=123456 HTTP/1.1" 200 1825
0:0:0:0:0:0:0:1 - - [29/Jan/2020:18:52:43 +0800] "GET /favicon.ico HTTP/1.1" 200 946
0:0:0:0:0:0:0:1 - - [29/Jan/2020:18:52:44 +0800] "GET /department/login.do?username=000000000001&password=123456 HTTP/1.1" 200 1825
0:0:0:0:0:0:0:1 - - [29/Jan/2020:18:52:44 +0800] "GET /favicon.ico HTTP/1.1" 200 946
0:0:0:0:0:0:0:1 - - [29/Jan/2020:18:52:58 +0800] "GET / HTTP/1.1" 200 2267
0:0:0:0:0:0:0:1 - - [29/Jan/2020:18:52:58 +0800] "GET /verifyUtil.do HTTP/1.1" 200 636
0:0:0:0:0:0:0:1 - - [29/Jan/2020:18:53:13 +0800] "POST /login.do HTTP/1.1" 302 -
0:0:0:0:0:0:0:1 - - [29/Jan/2020:18:53:13 +0800] "GET /student/login.do?username=201210312216&password=123456 HTTP/1.1" 200 2226
0:0:0:0:0:0:0:1 - - [29/Jan/2020:18:53:24 +0800] "GET /department/course/professional/set.do HTTP/1.1" 200 9325
0:0:0:0:0:0:0:1 - - [29/Jan/2020:18:54:40 +0800] "POST /department/course/professional/class.do HTTP/1.1" 200 512
0:0:0:0:0:0:0:1 - - [29/Jan/2020:18:55:20 +0800] "POST /department/course/professional/class.do HTTP/1.1" 200 596
0:0:0:0:0:0:0:1 - - [29/Jan/2020:18:59:23 +0800] "POST /department/course/professional/year.do HTTP/1.1" 200 739
0:0:0:0:0:0:0:1 - - [29/Jan/2020:18:59:24 +0800] "POST /department/course/professional/semester.do HTTP/1.1" 200 474
0:0:0:0:0:0:0:1 - - [29/Jan/2020:19:10:32 +0800] "POST /department/course/professional/class.do HTTP/1.1" 200 682
0:0:0:0:0:0:0:1 - - [29/Jan/2020:19:10:38 +0800] "POST /department/course/professional/class.do HTTP/1.1" 200 596
0:0:0:0:0:0:0:1 - - [29/Jan/2020:19:14:37 +0800] "POST /department/course/professional/year.do HTTP/1.1" 200 743
0:0:0:0:0:0:0:1 - - [29/Jan/2020:19:21:25 +0800] "GET /department/login.do?username=000000000001&password=123456 HTTP/1.1" 200 1825
0:0:0:0:0:0:0:1 - - [29/Jan/2020:19:21:25 +0800] "GET /favicon.ico HTTP/1.1" 200 946
0:0:0:0:0:0:0:1 - - [29/Jan/2020:19:21:27 +0800] "GET /department/course/professional/set.do HTTP/1.1" 200 9325
0:0:0:0:0:0:0:1 - - [29/Jan/2020:19:21:30 +0800] "POST /department/course/professional/class.do HTTP/1.1" 200 596
0:0:0:0:0:0:0:1 - - [29/Jan/2020:19:21:33 +0800] "POST /department/course/professional/year.do HTTP/1.1" 200 743
0:0:0:0:0:0:0:1 - - [29/Jan/2020:19:21:35 +0800] "POST /department/course/professional/semester.do HTTP/1.1" 200 493
0:0:0:0:0:0:0:1 - - [29/Jan/2020:19:21:39 +0800] "POST /department/course/professional/name.do HTTP/1.1" 200 957
0:0:0:0:0:0:0:1 - - [29/Jan/2020:19:21:54 +0800] "POST /department/course/professional/rank.do HTTP/1.1" 200 8085
0:0:0:0:0:0:0:1 - - [29/Jan/2020:19:22:02 +0800] "POST /department/course/professional/week.do HTTP/1.1" 200 1301
0:0:0:0:0:0:0:1 - - [29/Jan/2020:19:22:04 +0800] "POST /department/course/professional/day.do HTTP/1.1" 200 5107
0:0:0:0:0:0:0:1 - - [29/Jan/2020:19:22:08 +0800] "POST /department/course/professional/order.do HTTP/1.1" 200 16695
0:0:0:0:0:0:0:1 - - [29/Jan/2020:19:22:10 +0800] "POST /department/course/professional/classroom.do HTTP/1.1" 200 2164
