0:0:0:0:0:0:0:1 - - [14/Feb/2020:21:27:44 +0800] "GET / HTTP/1.1" 200 2267
0:0:0:0:0:0:0:1 - - [14/Feb/2020:21:27:46 +0800] "GET /verifyUtil.do HTTP/1.1" 200 671
0:0:0:0:0:0:0:1 - - [14/Feb/2020:21:27:59 +0800] "POST /login.do HTTP/1.1" 302 -
0:0:0:0:0:0:0:1 - - [14/Feb/2020:21:28:00 +0800] "GET /teacher/login.do?username=201610414415&password=123456 HTTP/1.1" 200 2557
0:0:0:0:0:0:0:1 - - [14/Feb/2020:21:28:02 +0800] "GET /teacher/score/enter/get.do HTTP/1.1" 200 3380
0:0:0:0:0:0:0:1 - - [14/Feb/2020:21:28:05 +0800] "POST /teacher/score/enter/select.do HTTP/1.1" 200 1136
0:0:0:0:0:0:0:1 - - [14/Feb/2020:21:28:11 +0800] "POST /teacher/score/enter/ratio.do HTTP/1.1" 200 272
0:0:0:0:0:0:0:1 - - [14/Feb/2020:21:28:59 +0800] "POST /teacher/score/enter/select.do HTTP/1.1" 200 1136
0:0:0:0:0:0:0:1 - - [14/Feb/2020:21:29:02 +0800] "POST /teacher/score/enter/ratio.do HTTP/1.1" 200 649
0:0:0:0:0:0:0:1 - - [14/Feb/2020:21:29:10 +0800] "POST /teacher/score/enter/select.do HTTP/1.1" 200 1136
0:0:0:0:0:0:0:1 - - [14/Feb/2020:21:29:14 +0800] "POST /teacher/score/enter/ratio.do HTTP/1.1" 500 13695
0:0:0:0:0:0:0:1 - - [14/Feb/2020:21:32:22 +0800] "GET /teacher/login.do?username=201610414415&password=123456 HTTP/1.1" 200 2557
0:0:0:0:0:0:0:1 - - [14/Feb/2020:21:32:22 +0800] "GET /favicon.ico HTTP/1.1" 200 946
0:0:0:0:0:0:0:1 - - [14/Feb/2020:21:32:23 +0800] "GET /teacher/score/enter/get.do HTTP/1.1" 200 3380
0:0:0:0:0:0:0:1 - - [14/Feb/2020:21:32:24 +0800] "POST /teacher/score/enter/select.do HTTP/1.1" 200 1136
0:0:0:0:0:0:0:1 - - [14/Feb/2020:21:32:29 +0800] "POST /teacher/score/enter/select.do HTTP/1.1" 200 1136
0:0:0:0:0:0:0:1 - - [14/Feb/2020:21:32:32 +0800] "POST /teacher/score/enter/ratio.do HTTP/1.1" 200 649
0:0:0:0:0:0:0:1 - - [14/Feb/2020:21:32:41 +0800] "GET /teacher/score/enter/get.do HTTP/1.1" 200 3380
0:0:0:0:0:0:0:1 - - [14/Feb/2020:21:32:43 +0800] "POST /teacher/score/enter/select.do HTTP/1.1" 200 1136
0:0:0:0:0:0:0:1 - - [14/Feb/2020:21:32:47 +0800] "POST /teacher/score/enter/ratio.do HTTP/1.1" 200 22590
0:0:0:0:0:0:0:1 - - [14/Feb/2020:21:34:39 +0800] "GET /verifyUtil.do?46 HTTP/1.1" 200 652
0:0:0:0:0:0:0:1 - - [14/Feb/2020:21:34:45 +0800] "POST /login.do HTTP/1.1" 200 2298
0:0:0:0:0:0:0:1 - - [14/Feb/2020:21:34:45 +0800] "GET /verifyUtil.do HTTP/1.1" 200 477
0:0:0:0:0:0:0:1 - - [14/Feb/2020:21:34:56 +0800] "POST /login.do HTTP/1.1" 302 -
0:0:0:0:0:0:0:1 - - [14/Feb/2020:21:34:56 +0800] "GET /teacher/login.do?username=201610414423&password=123456 HTTP/1.1" 200 2542
0:0:0:0:0:0:0:1 - - [14/Feb/2020:21:34:57 +0800] "GET /teacher/score/enter/get.do HTTP/1.1" 200 1913
0:0:0:0:0:0:0:1 - - [14/Feb/2020:21:34:59 +0800] "POST /teacher/score/enter/select.do HTTP/1.1" 200 1136
0:0:0:0:0:0:0:1 - - [14/Feb/2020:21:35:02 +0800] "POST /teacher/score/enter/ratio.do HTTP/1.1" 200 22590
