0:0:0:0:0:0:0:1 - - [02/Feb/2020:21:49:31 +0800] "GET / HTTP/1.1" 200 2267
0:0:0:0:0:0:0:1 - - [02/Feb/2020:21:49:32 +0800] "GET /verifyUtil.do HTTP/1.1" 200 682
0:0:0:0:0:0:0:1 - - [02/Feb/2020:21:49:43 +0800] "POST /login.do HTTP/1.1" 302 -
0:0:0:0:0:0:0:1 - - [02/Feb/2020:21:49:43 +0800] "GET /student/login.do?username=201610414415&password=123456 HTTP/1.1" 200 2309
0:0:0:0:0:0:0:1 - - [02/Feb/2020:21:49:43 +0800] "GET /verifyUtil.do HTTP/1.1" 200 620
0:0:0:0:0:0:0:1 - - [02/Feb/2020:21:49:49 +0800] "POST /login.do HTTP/1.1" 302 -
0:0:0:0:0:0:0:1 - - [02/Feb/2020:21:49:49 +0800] "GET /student/login.do?username=201610414415&password=123456 HTTP/1.1" 200 2309
0:0:0:0:0:0:0:1 - - [02/Feb/2020:21:49:49 +0800] "GET /verifyUtil.do HTTP/1.1" 200 720
0:0:0:0:0:0:0:1 - - [02/Feb/2020:21:50:02 +0800] "POST /login.do HTTP/1.1" 302 -
0:0:0:0:0:0:0:1 - - [02/Feb/2020:21:50:02 +0800] "GET /student/login.do?username=201610414415&password=123456 HTTP/1.1" 200 2309
0:0:0:0:0:0:0:1 - - [02/Feb/2020:21:50:02 +0800] "GET /verifyUtil.do HTTP/1.1" 200 684
0:0:0:0:0:0:0:1 - - [02/Feb/2020:21:50:29 +0800] "GET /verifyUtil.do?36 HTTP/1.1" 200 647
0:0:0:0:0:0:0:1 - - [02/Feb/2020:21:50:33 +0800] "POST /login.do HTTP/1.1" 302 -
0:0:0:0:0:0:0:1 - - [02/Feb/2020:21:50:33 +0800] "GET /teacher/login.do?username=201610414415&password=123456 HTTP/1.1" 200 2407
0:0:0:0:0:0:0:1 - - [02/Feb/2020:21:50:34 +0800] "GET /teacher/course/look.do HTTP/1.1" 500 14494
0:0:0:0:0:0:0:1 - - [02/Feb/2020:21:55:29 +0800] "GET /teacher/login.do?username=201610414415&password=123456 HTTP/1.1" 200 2407
0:0:0:0:0:0:0:1 - - [02/Feb/2020:21:55:29 +0800] "GET /favicon.ico HTTP/1.1" 200 946
0:0:0:0:0:0:0:1 - - [02/Feb/2020:21:55:30 +0800] "GET /teacher/course/look.do HTTP/1.1" 500 14494
0:0:0:0:0:0:0:1 - - [02/Feb/2020:22:01:32 +0800] "GET /teacher/login.do?username=201610414415&password=123456 HTTP/1.1" 200 2407
0:0:0:0:0:0:0:1 - - [02/Feb/2020:22:01:32 +0800] "GET /favicon.ico HTTP/1.1" 200 946
0:0:0:0:0:0:0:1 - - [02/Feb/2020:22:01:32 +0800] "GET /teacher/course/look.do HTTP/1.1" 500 14494
0:0:0:0:0:0:0:1 - - [02/Feb/2020:22:08:08 +0800] "GET /teacher/login.do?username=201610414415&password=123456 HTTP/1.1" 200 2407
0:0:0:0:0:0:0:1 - - [02/Feb/2020:22:08:08 +0800] "GET /favicon.ico HTTP/1.1" 200 946
0:0:0:0:0:0:0:1 - - [02/Feb/2020:22:08:09 +0800] "GET /teacher/course/look.do HTTP/1.1" 500 14406
0:0:0:0:0:0:0:1 - - [02/Feb/2020:22:09:18 +0800] "POST /login.do HTTP/1.1" 200 2298
0:0:0:0:0:0:0:1 - - [02/Feb/2020:22:09:18 +0800] "GET /verifyUtil.do HTTP/1.1" 200 654
0:0:0:0:0:0:0:1 - - [02/Feb/2020:22:09:27 +0800] "POST /login.do HTTP/1.1" 302 -
0:0:0:0:0:0:0:1 - - [02/Feb/2020:22:09:27 +0800] "GET /department/login.do?username=000000000001&password=123456 HTTP/1.1" 200 1825
0:0:0:0:0:0:0:1 - - [02/Feb/2020:22:09:29 +0800] "GET /department/course/elective/school/set.do HTTP/1.1" 200 896
0:0:0:0:0:0:0:1 - - [02/Feb/2020:22:09:32 +0800] "POST /department/course/elective/school/size.do HTTP/1.1" 200 966
0:0:0:0:0:0:0:1 - - [02/Feb/2020:22:09:35 +0800] "POST /department/course/elective/school/year.do HTTP/1.1" 200 1149
0:0:0:0:0:0:0:1 - - [02/Feb/2020:22:09:37 +0800] "POST /department/course/elective/school/semester.do HTTP/1.1" 200 923
0:0:0:0:0:0:0:1 - - [02/Feb/2020:22:09:40 +0800] "POST /department/course/elective/school/name.do HTTP/1.1" 200 12999
0:0:0:0:0:0:0:1 - - [02/Feb/2020:22:09:43 +0800] "POST /department/course/elective/school/week.do HTTP/1.1" 200 1763
0:0:0:0:0:0:0:1 - - [02/Feb/2020:22:09:45 +0800] "POST /department/course/elective/school/day.do HTTP/1.1" 200 6577
0:0:0:0:0:0:0:1 - - [02/Feb/2020:22:09:49 +0800] "POST /department/course/elective/school/order.do HTTP/1.1" 200 18989
0:0:0:0:0:0:0:1 - - [02/Feb/2020:22:09:51 +0800] "POST /department/course/elective/school/classroom.do HTTP/1.1" 200 2797
0:0:0:0:0:0:0:1 - - [02/Feb/2020:22:09:52 +0800] "POST /department/course/elective/school/ensure.do HTTP/1.1" 200 340
0:0:0:0:0:0:0:1 - - [02/Feb/2020:22:09:55 +0800] "GET /department/return.do HTTP/1.1" 200 1825
0:0:0:0:0:0:0:1 - - [02/Feb/2020:22:12:07 +0800] "GET / HTTP/1.1" 200 2267
0:0:0:0:0:0:0:1 - - [02/Feb/2020:22:12:07 +0800] "GET /verifyUtil.do HTTP/1.1" 200 670
0:0:0:0:0:0:0:1 - - [02/Feb/2020:22:12:21 +0800] "POST /login.do HTTP/1.1" 200 2298
0:0:0:0:0:0:0:1 - - [02/Feb/2020:22:12:21 +0800] "GET /verifyUtil.do HTTP/1.1" 200 689
0:0:0:0:0:0:0:1 - - [02/Feb/2020:22:12:29 +0800] "POST /login.do HTTP/1.1" 302 -
0:0:0:0:0:0:0:1 - - [02/Feb/2020:22:12:29 +0800] "GET /teacher/login.do?username=201610414415&password=123456 HTTP/1.1" 200 2407
0:0:0:0:0:0:0:1 - - [02/Feb/2020:22:12:30 +0800] "GET /teacher/course/look.do HTTP/1.1" 200 7122
0:0:0:0:0:0:0:1 - - [02/Feb/2020:22:13:44 +0800] "GET / HTTP/1.1" 200 2267
0:0:0:0:0:0:0:1 - - [02/Feb/2020:22:13:44 +0800] "GET /verifyUtil.do HTTP/1.1" 200 675
0:0:0:0:0:0:0:1 - - [02/Feb/2020:22:13:58 +0800] "POST /login.do HTTP/1.1" 302 -
0:0:0:0:0:0:0:1 - - [02/Feb/2020:22:13:58 +0800] "GET /student/login.do?username=201210312216&password=123456 HTTP/1.1" 200 2226
0:0:0:0:0:0:0:1 - - [02/Feb/2020:22:13:59 +0800] "GET /student/course/look.do HTTP/1.1" 200 7617
