0:0:0:0:0:0:0:1 - - [29/Feb/2020:23:53:06 +0800] "GET / HTTP/1.1" 200 2267
0:0:0:0:0:0:0:1 - - [29/Feb/2020:23:53:07 +0800] "GET /verifyUtil.do HTTP/1.1" 200 643
0:0:0:0:0:0:0:1 - - [29/Feb/2020:23:53:18 +0800] "POST /login.do HTTP/1.1" 200 2298
0:0:0:0:0:0:0:1 - - [29/Feb/2020:23:53:18 +0800] "GET /verifyUtil.do HTTP/1.1" 200 622
0:0:0:0:0:0:0:1 - - [29/Feb/2020:23:53:30 +0800] "POST /login.do HTTP/1.1" 200 2298
0:0:0:0:0:0:0:1 - - [29/Feb/2020:23:53:30 +0800] "GET /verifyUtil.do HTTP/1.1" 200 714
0:0:0:0:0:0:0:1 - - [29/Feb/2020:23:53:40 +0800] "POST /login.do HTTP/1.1" 302 -
0:0:0:0:0:0:0:1 - - [29/Feb/2020:23:53:41 +0800] "GET /teacher/login.do?username=201610414415&password=123456 HTTP/1.1" 200 2706
0:0:0:0:0:0:0:1 - - [29/Feb/2020:23:53:52 +0800] "GET /verifyUtil.do?11 HTTP/1.1" 200 765
0:0:0:0:0:0:0:1 - - [29/Feb/2020:23:53:58 +0800] "POST /login.do HTTP/1.1" 302 -
0:0:0:0:0:0:0:1 - - [29/Feb/2020:23:53:59 +0800] "GET /student/login.do?username=201210312216&password=123456 HTTP/1.1" 200 2378
0:0:0:0:0:0:0:1 - - [29/Feb/2020:23:54:02 +0800] "GET /student/score/look/select.do HTTP/1.1" 404 295
0:0:0:0:0:0:0:1 - - [29/Feb/2020:23:54:43 +0800] "GET /student/login.do?username=201210312216&password=123456 HTTP/1.1" 200 2373
0:0:0:0:0:0:0:1 - - [29/Feb/2020:23:54:43 +0800] "GET /favicon.ico HTTP/1.1" 200 946
0:0:0:0:0:0:0:1 - - [29/Feb/2020:23:54:44 +0800] "GET /student/score/select.do HTTP/1.1" 200 1178
0:0:0:0:0:0:0:1 - - [29/Feb/2020:23:55:40 +0800] "GET /student/login.do?username=201210312216&password=123456 HTTP/1.1" 200 2373
0:0:0:0:0:0:0:1 - - [29/Feb/2020:23:55:40 +0800] "GET /favicon.ico HTTP/1.1" 200 946
0:0:0:0:0:0:0:1 - - [29/Feb/2020:23:55:40 +0800] "GET /student/score/select.do HTTP/1.1" 200 1192
0:0:0:0:0:0:0:1 - - [29/Feb/2020:23:56:10 +0800] "GET /student/login.do?username=201210312216&password=123456 HTTP/1.1" 200 2373
0:0:0:0:0:0:0:1 - - [29/Feb/2020:23:56:10 +0800] "GET /favicon.ico HTTP/1.1" 200 946
0:0:0:0:0:0:0:1 - - [29/Feb/2020:23:56:10 +0800] "GET /student/score/select.do HTTP/1.1" 200 1196
