0:0:0:0:0:0:0:1 - - [27/Feb/2020:20:38:22 +0800] "GET / HTTP/1.1" 200 2267
0:0:0:0:0:0:0:1 - - [27/Feb/2020:20:38:23 +0800] "GET /verifyUtil.do HTTP/1.1" 200 700
0:0:0:0:0:0:0:1 - - [27/Feb/2020:20:38:32 +0800] "POST /login.do HTTP/1.1" 302 -
0:0:0:0:0:0:0:1 - - [27/Feb/2020:20:38:32 +0800] "GET /teacher/login.do?username=201610414415&password=123456 HTTP/1.1" 200 2706
0:0:0:0:0:0:0:1 - - [27/Feb/2020:20:38:34 +0800] "GET /teacher/score/look/get.do HTTP/1.1" 200 3380
0:0:0:0:0:0:0:1 - - [27/Feb/2020:20:38:37 +0800] "POST /teacher/score/look/select.do HTTP/1.1" 200 1058
0:0:0:0:0:0:0:1 - - [27/Feb/2020:20:38:40 +0800] "POST /teacher/score/look/select.do HTTP/1.1" 200 1058
0:0:0:0:0:0:0:1 - - [27/Feb/2020:20:38:43 +0800] "POST /teacher/score/look/select.do HTTP/1.1" 200 1058
0:0:0:0:0:0:0:1 - - [27/Feb/2020:20:40:35 +0800] "GET /teacher/login.do?username=201610414415&password=123456 HTTP/1.1" 200 2706
0:0:0:0:0:0:0:1 - - [27/Feb/2020:20:40:35 +0800] "GET /favicon.ico HTTP/1.1" 200 946
0:0:0:0:0:0:0:1 - - [27/Feb/2020:20:40:37 +0800] "GET /teacher/score/look/get.do HTTP/1.1" 200 3380
0:0:0:0:0:0:0:1 - - [27/Feb/2020:20:40:40 +0800] "POST /teacher/score/look/select.do HTTP/1.1" 200 1058
0:0:0:0:0:0:0:1 - - [27/Feb/2020:20:40:58 +0800] "POST /teacher/score/look/ensure.do HTTP/1.1" 404 295
0:0:0:0:0:0:0:1 - - [27/Feb/2020:20:41:03 +0800] "GET /teacher/score/look/get.do HTTP/1.1" 200 3380
0:0:0:0:0:0:0:1 - - [27/Feb/2020:20:41:03 +0800] "GET /favicon.ico HTTP/1.1" 200 946
0:0:0:0:0:0:0:1 - - [27/Feb/2020:20:41:04 +0800] "POST /teacher/score/look/select.do HTTP/1.1" 500 7451
0:0:0:0:0:0:0:1 - - [27/Feb/2020:20:41:07 +0800] "GET /teacher/login.do?username=201610414415&password=123456 HTTP/1.1" 200 2706
0:0:0:0:0:0:0:1 - - [27/Feb/2020:20:41:07 +0800] "GET /favicon.ico HTTP/1.1" 200 946
0:0:0:0:0:0:0:1 - - [27/Feb/2020:20:41:08 +0800] "GET /teacher/score/look/get.do HTTP/1.1" 200 3380
0:0:0:0:0:0:0:1 - - [27/Feb/2020:20:41:09 +0800] "POST /teacher/score/look/select.do HTTP/1.1" 200 1058
0:0:0:0:0:0:0:1 - - [27/Feb/2020:20:42:41 +0800] "POST /teacher/score/look/select.do HTTP/1.1" 200 1058
0:0:0:0:0:0:0:1 - - [27/Feb/2020:21:01:50 +0800] "GET /teacher/login.do?username=201610414415&password=123456 HTTP/1.1" 200 2706
0:0:0:0:0:0:0:1 - - [27/Feb/2020:21:01:50 +0800] "GET /favicon.ico HTTP/1.1" 200 946
0:0:0:0:0:0:0:1 - - [27/Feb/2020:21:01:50 +0800] "GET /teacher/score/look/get.do HTTP/1.1" 200 3380
0:0:0:0:0:0:0:1 - - [27/Feb/2020:21:01:52 +0800] "POST /teacher/score/look/select.do HTTP/1.1" 404 295
0:0:0:0:0:0:0:1 - - [27/Feb/2020:21:01:55 +0800] "POST /teacher/score/look/select.do HTTP/1.1" 404 295
0:0:0:0:0:0:0:1 - - [27/Feb/2020:21:01:57 +0800] "POST /teacher/score/look/select.do HTTP/1.1" 404 295
0:0:0:0:0:0:0:1 - - [27/Feb/2020:21:02:19 +0800] "POST /teacher/score/look/select.do HTTP/1.1" 404 295
0:0:0:0:0:0:0:1 - - [27/Feb/2020:21:03:48 +0800] "GET /teacher/score/look/look.do HTTP/1.1" 200 1058
0:0:0:0:0:0:0:1 - - [27/Feb/2020:21:04:05 +0800] "GET /teacher/login.do?username=201610414415&password=123456 HTTP/1.1" 200 2706
0:0:0:0:0:0:0:1 - - [27/Feb/2020:21:04:05 +0800] "GET /favicon.ico HTTP/1.1" 200 946
0:0:0:0:0:0:0:1 - - [27/Feb/2020:21:04:06 +0800] "GET /teacher/score/look/get.do HTTP/1.1" 200 3380
0:0:0:0:0:0:0:1 - - [27/Feb/2020:21:04:08 +0800] "POST /teacher/score/look/select.do HTTP/1.1" 404 295
0:0:0:0:0:0:0:1 - - [27/Feb/2020:21:04:32 +0800] "GET /teacher/login.do?username=201610414415&password=123456 HTTP/1.1" 200 2706
0:0:0:0:0:0:0:1 - - [27/Feb/2020:21:04:32 +0800] "GET /favicon.ico HTTP/1.1" 200 946
0:0:0:0:0:0:0:1 - - [27/Feb/2020:21:04:33 +0800] "GET /teacher/score/look/get.do HTTP/1.1" 200 3380
0:0:0:0:0:0:0:1 - - [27/Feb/2020:21:04:35 +0800] "POST /teacher/score/look/select.do HTTP/1.1" 404 295
0:0:0:0:0:0:0:1 - - [27/Feb/2020:21:05:36 +0800] "GET /teacher/login.do?username=201610414415&password=123456 HTTP/1.1" 200 2706
0:0:0:0:0:0:0:1 - - [27/Feb/2020:21:05:36 +0800] "GET /favicon.ico HTTP/1.1" 200 946
0:0:0:0:0:0:0:1 - - [27/Feb/2020:21:05:37 +0800] "GET /teacher/score/look/get.do HTTP/1.1" 200 3380
0:0:0:0:0:0:0:1 - - [27/Feb/2020:21:05:38 +0800] "POST /teacher/score/look/select.do HTTP/1.1" 404 295
0:0:0:0:0:0:0:1 - - [27/Feb/2020:21:14:27 +0800] "GET /teacher/login.do?username=201610414415&password=123456 HTTP/1.1" 200 2706
0:0:0:0:0:0:0:1 - - [27/Feb/2020:21:14:27 +0800] "GET /favicon.ico HTTP/1.1" 200 946
0:0:0:0:0:0:0:1 - - [27/Feb/2020:21:14:29 +0800] "GET /teacher/score/look/get.do HTTP/1.1" 200 3380
0:0:0:0:0:0:0:1 - - [27/Feb/2020:21:14:30 +0800] "POST /teacher/score/look/select.do HTTP/1.1" 500 11121
0:0:0:0:0:0:0:1 - - [27/Feb/2020:21:14:46 +0800] "GET /teacher/score/look/get.do HTTP/1.1" 200 3380
0:0:0:0:0:0:0:1 - - [27/Feb/2020:21:14:46 +0800] "GET /favicon.ico HTTP/1.1" 200 946
0:0:0:0:0:0:0:1 - - [27/Feb/2020:21:14:47 +0800] "GET /teacher/score/look/get.do HTTP/1.1" 200 3380
0:0:0:0:0:0:0:1 - - [27/Feb/2020:21:14:47 +0800] "GET /favicon.ico HTTP/1.1" 200 946
0:0:0:0:0:0:0:1 - - [27/Feb/2020:21:14:47 +0800] "GET /teacher/score/look/get.do HTTP/1.1" 200 3380
0:0:0:0:0:0:0:1 - - [27/Feb/2020:21:14:47 +0800] "GET /favicon.ico HTTP/1.1" 200 946
0:0:0:0:0:0:0:1 - - [27/Feb/2020:21:14:47 +0800] "GET /teacher/score/look/get.do HTTP/1.1" 200 3380
0:0:0:0:0:0:0:1 - - [27/Feb/2020:21:14:47 +0800] "GET /favicon.ico HTTP/1.1" 200 946
0:0:0:0:0:0:0:1 - - [27/Feb/2020:21:14:48 +0800] "POST /teacher/score/look/select.do HTTP/1.1" 500 11539
0:0:0:0:0:0:0:1 - - [27/Feb/2020:21:14:50 +0800] "GET /teacher/score/look/get.do HTTP/1.1" 200 3380
0:0:0:0:0:0:0:1 - - [27/Feb/2020:21:14:50 +0800] "GET /favicon.ico HTTP/1.1" 200 946
0:0:0:0:0:0:0:1 - - [27/Feb/2020:21:14:50 +0800] "GET /teacher/score/look/get.do HTTP/1.1" 200 3380
0:0:0:0:0:0:0:1 - - [27/Feb/2020:21:14:50 +0800] "GET /favicon.ico HTTP/1.1" 200 946
0:0:0:0:0:0:0:1 - - [27/Feb/2020:21:14:52 +0800] "POST /teacher/score/look/select.do HTTP/1.1" 200 949
0:0:0:0:0:0:0:1 - - [27/Feb/2020:21:14:54 +0800] "GET /teacher/score/look/get.do HTTP/1.1" 200 3380
0:0:0:0:0:0:0:1 - - [27/Feb/2020:21:14:54 +0800] "GET /favicon.ico HTTP/1.1" 200 946
0:0:0:0:0:0:0:1 - - [27/Feb/2020:21:14:54 +0800] "GET /teacher/score/look/get.do HTTP/1.1" 200 3380
0:0:0:0:0:0:0:1 - - [27/Feb/2020:21:14:54 +0800] "GET /favicon.ico HTTP/1.1" 200 946
0:0:0:0:0:0:0:1 - - [27/Feb/2020:21:14:54 +0800] "GET /teacher/score/look/get.do HTTP/1.1" 200 3380
0:0:0:0:0:0:0:1 - - [27/Feb/2020:21:14:54 +0800] "GET /favicon.ico HTTP/1.1" 200 946
0:0:0:0:0:0:0:1 - - [27/Feb/2020:21:14:55 +0800] "POST /teacher/score/look/select.do HTTP/1.1" 500 11539
0:0:0:0:0:0:0:1 - - [27/Feb/2020:21:17:20 +0800] "GET /teacher/login.do?username=201610414415&password=123456 HTTP/1.1" 200 2706
0:0:0:0:0:0:0:1 - - [27/Feb/2020:21:17:20 +0800] "GET /favicon.ico HTTP/1.1" 200 946
0:0:0:0:0:0:0:1 - - [27/Feb/2020:21:17:23 +0800] "GET /teacher/score/look/get.do HTTP/1.1" 200 3380
0:0:0:0:0:0:0:1 - - [27/Feb/2020:21:17:25 +0800] "POST /teacher/score/look/select.do HTTP/1.1" 500 11539
0:0:0:0:0:0:0:1 - - [27/Feb/2020:21:17:28 +0800] "POST /teacher/score/look/select.do HTTP/1.1" 500 11121
0:0:0:0:0:0:0:1 - - [27/Feb/2020:21:21:58 +0800] "GET /teacher/login.do?username=201610414415&password=123456 HTTP/1.1" 200 2706
0:0:0:0:0:0:0:1 - - [27/Feb/2020:21:21:58 +0800] "GET /favicon.ico HTTP/1.1" 200 946
0:0:0:0:0:0:0:1 - - [27/Feb/2020:21:21:58 +0800] "GET /teacher/score/look/get.do HTTP/1.1" 200 3380
0:0:0:0:0:0:0:1 - - [27/Feb/2020:21:22:00 +0800] "POST /teacher/score/look/select.do HTTP/1.1" 500 11539
0:0:0:0:0:0:0:1 - - [27/Feb/2020:21:24:04 +0800] "GET /teacher/login.do?username=201610414415&password=123456 HTTP/1.1" 200 2706
0:0:0:0:0:0:0:1 - - [27/Feb/2020:21:24:04 +0800] "GET /favicon.ico HTTP/1.1" 200 946
0:0:0:0:0:0:0:1 - - [27/Feb/2020:21:24:05 +0800] "GET /teacher/score/look/get.do HTTP/1.1" 200 3380
0:0:0:0:0:0:0:1 - - [27/Feb/2020:21:24:07 +0800] "POST /teacher/score/look/select.do HTTP/1.1" 500 11121
0:0:0:0:0:0:0:1 - - [27/Feb/2020:21:24:35 +0800] "GET /teacher/login.do?username=201610414415&password=123456 HTTP/1.1" 200 2706
0:0:0:0:0:0:0:1 - - [27/Feb/2020:21:24:35 +0800] "GET /favicon.ico HTTP/1.1" 200 946
0:0:0:0:0:0:0:1 - - [27/Feb/2020:21:24:36 +0800] "GET /teacher/score/look/get.do HTTP/1.1" 200 3380
0:0:0:0:0:0:0:1 - - [27/Feb/2020:21:24:37 +0800] "POST /teacher/score/look/select.do HTTP/1.1" 500 7065
0:0:0:0:0:0:0:1 - - [27/Feb/2020:21:24:40 +0800] "POST /teacher/score/look/select.do HTTP/1.1" 200 1352
0:0:0:0:0:0:0:1 - - [27/Feb/2020:21:26:29 +0800] "GET /teacher/login.do?username=201610414415&password=123456 HTTP/1.1" 200 2706
0:0:0:0:0:0:0:1 - - [27/Feb/2020:21:26:29 +0800] "GET /favicon.ico HTTP/1.1" 200 946
0:0:0:0:0:0:0:1 - - [27/Feb/2020:21:26:29 +0800] "GET /teacher/score/look/get.do HTTP/1.1" 200 3380
0:0:0:0:0:0:0:1 - - [27/Feb/2020:21:26:31 +0800] "POST /teacher/score/look/select.do HTTP/1.1" 404 295
0:0:0:0:0:0:0:1 - - [27/Feb/2020:21:26:34 +0800] "POST /teacher/score/look/select.do HTTP/1.1" 404 295
0:0:0:0:0:0:0:1 - - [27/Feb/2020:21:26:36 +0800] "POST /teacher/score/look/select.do HTTP/1.1" 404 295
0:0:0:0:0:0:0:1 - - [27/Feb/2020:21:26:40 +0800] "POST /teacher/score/look/select.do HTTP/1.1" 404 295
0:0:0:0:0:0:0:1 - - [27/Feb/2020:21:52:41 +0800] "GET /teacher/login.do?username=201610414415&password=123456 HTTP/1.1" 200 2706
0:0:0:0:0:0:0:1 - - [27/Feb/2020:21:52:41 +0800] "GET /favicon.ico HTTP/1.1" 200 946
0:0:0:0:0:0:0:1 - - [27/Feb/2020:21:52:41 +0800] "GET /teacher/score/look/get.do HTTP/1.1" 200 3380
0:0:0:0:0:0:0:1 - - [27/Feb/2020:21:52:43 +0800] "POST /teacher/score/look/select.do HTTP/1.1" 200 1352
