0:0:0:0:0:0:0:1 - - [16/Mar/2020:11:24:50 +0800] "GET / HTTP/1.1" 200 2267
0:0:0:0:0:0:0:1 - - [16/Mar/2020:11:24:52 +0800] "GET /verifyUtil.do HTTP/1.1" 200 648
0:0:0:0:0:0:0:1 - - [16/Mar/2020:11:25:15 +0800] "POST /login.do HTTP/1.1" 200 2298
0:0:0:0:0:0:0:1 - - [16/Mar/2020:11:25:15 +0800] "GET /verifyUtil.do HTTP/1.1" 200 588
0:0:0:0:0:0:0:1 - - [16/Mar/2020:11:25:24 +0800] "POST /login.do HTTP/1.1" 200 2298
0:0:0:0:0:0:0:1 - - [16/Mar/2020:11:25:24 +0800] "GET /verifyUtil.do HTTP/1.1" 200 659
0:0:0:0:0:0:0:1 - - [16/Mar/2020:11:25:33 +0800] "POST /login.do HTTP/1.1" 302 -
0:0:0:0:0:0:0:1 - - [16/Mar/2020:11:25:33 +0800] "GET /department/login.do?username=000000000001&password= HTTP/1.1" 200 2309
0:0:0:0:0:0:0:1 - - [16/Mar/2020:11:25:33 +0800] "GET /verifyUtil.do HTTP/1.1" 200 662
0:0:0:0:0:0:0:1 - - [16/Mar/2020:11:25:48 +0800] "POST /login.do HTTP/1.1" 302 -
0:0:0:0:0:0:0:1 - - [16/Mar/2020:11:25:49 +0800] "GET /department/login.do?username=000000000001&password=123456 HTTP/1.1" 200 1639
0:0:0:0:0:0:0:1 - - [16/Mar/2020:11:25:51 +0800] "GET /department/course/professional/set.do HTTP/1.1" 200 11986
0:0:0:0:0:0:0:1 - - [16/Mar/2020:11:25:57 +0800] "POST /department/course/professional/class.do HTTP/1.1" 200 627
0:0:0:0:0:0:0:1 - - [16/Mar/2020:11:26:00 +0800] "GET /department/course/professional/set.do HTTP/1.1" 200 11986
0:0:0:0:0:0:0:1 - - [16/Mar/2020:11:26:12 +0800] "POST /department/course/professional/class.do HTTP/1.1" 200 1068
0:0:0:0:0:0:0:1 - - [16/Mar/2020:11:27:27 +0800] "GET /verifyUtil.do?4 HTTP/1.1" 200 711
0:0:0:0:0:0:0:1 - - [16/Mar/2020:11:27:34 +0800] "POST /login.do HTTP/1.1" 302 -
0:0:0:0:0:0:0:1 - - [16/Mar/2020:11:27:35 +0800] "GET /student/login.do?username=201210312216&password=123456 HTTP/1.1" 200 2198
0:0:0:0:0:0:0:1 - - [16/Mar/2020:11:27:51 +0800] "POST /login.do HTTP/1.1" 200 2298
0:0:0:0:0:0:0:1 - - [16/Mar/2020:11:27:51 +0800] "GET /verifyUtil.do HTTP/1.1" 200 578
0:0:0:0:0:0:0:1 - - [16/Mar/2020:11:27:59 +0800] "POST /login.do HTTP/1.1" 302 -
0:0:0:0:0:0:0:1 - - [16/Mar/2020:11:27:59 +0800] "GET /department/login.do?username=000000000001&password=123456 HTTP/1.1" 200 1639
0:0:0:0:0:0:0:1 - - [16/Mar/2020:11:28:01 +0800] "GET /department/course/professional/set.do HTTP/1.1" 200 11986
0:0:0:0:0:0:0:1 - - [16/Mar/2020:11:28:07 +0800] "POST /department/course/professional/class.do HTTP/1.1" 200 1086
0:0:0:0:0:0:0:1 - - [16/Mar/2020:11:37:17 +0800] "POST /department/course/professional/year.do HTTP/1.1" 200 627
0:0:0:0:0:0:0:1 - - [16/Mar/2020:11:37:25 +0800] "POST /department/course/professional/year.do HTTP/1.1" 200 639
0:0:0:0:0:0:0:1 - - [16/Mar/2020:11:37:36 +0800] "POST /department/course/professional/year.do HTTP/1.1" 200 1343
0:0:0:0:0:0:0:1 - - [16/Mar/2020:11:37:52 +0800] "POST /department/course/professional/semester.do HTTP/1.1" 200 627
0:0:0:0:0:0:0:1 - - [16/Mar/2020:11:37:55 +0800] "POST /department/course/professional/semester.do HTTP/1.1" 200 1037
0:0:0:0:0:0:0:1 - - [16/Mar/2020:11:38:29 +0800] "POST /department/course/professional/name.do HTTP/1.1" 200 11162
0:0:0:0:0:0:0:1 - - [16/Mar/2020:11:38:34 +0800] "POST /department/course/professional/name.do HTTP/1.1" 200 627
0:0:0:0:0:0:0:1 - - [16/Mar/2020:11:38:36 +0800] "POST /department/course/professional/name.do HTTP/1.1" 200 11162
0:0:0:0:0:0:0:1 - - [16/Mar/2020:11:38:49 +0800] "POST /department/course/professional/week.do HTTP/1.1" 200 633
0:0:0:0:0:0:0:1 - - [16/Mar/2020:11:38:52 +0800] "POST /department/course/professional/week.do HTTP/1.1" 200 633
0:0:0:0:0:0:0:1 - - [16/Mar/2020:11:38:56 +0800] "POST /department/course/professional/week.do HTTP/1.1" 200 2121
0:0:0:0:0:0:0:1 - - [16/Mar/2020:11:39:15 +0800] "POST /department/course/professional/day.do HTTP/1.1" 200 633
0:0:0:0:0:0:0:1 - - [16/Mar/2020:11:39:17 +0800] "POST /department/course/professional/day.do HTTP/1.1" 200 6931
0:0:0:0:0:0:0:1 - - [16/Mar/2020:11:39:19 +0800] "POST /department/course/professional/order.do HTTP/1.1" 200 633
0:0:0:0:0:0:0:1 - - [16/Mar/2020:11:39:24 +0800] "POST /department/course/professional/order.do HTTP/1.1" 200 633
0:0:0:0:0:0:0:1 - - [16/Mar/2020:11:39:27 +0800] "POST /department/course/professional/order.do HTTP/1.1" 200 20368
0:0:0:0:0:0:0:1 - - [16/Mar/2020:11:39:29 +0800] "POST /department/course/professional/classroom.do HTTP/1.1" 200 627
0:0:0:0:0:0:0:1 - - [16/Mar/2020:11:39:32 +0800] "POST /department/course/professional/classroom.do HTTP/1.1" 200 2794
0:0:0:0:0:0:0:1 - - [16/Mar/2020:11:39:35 +0800] "POST /department/course/professional/classroom.do HTTP/1.1" 200 2794
0:0:0:0:0:0:0:1 - - [16/Mar/2020:11:39:40 +0800] "POST /department/course/professional/ensure.do HTTP/1.1" 200 340
0:0:0:0:0:0:0:1 - - [16/Mar/2020:11:45:30 +0800] "POST /department/course/professional/classroom.do HTTP/1.1" 500 600
0:0:0:0:0:0:0:1 - - [16/Mar/2020:11:45:31 +0800] "GET /favicon.ico HTTP/1.1" 200 946
0:0:0:0:0:0:0:1 - - [16/Mar/2020:11:45:33 +0800] "POST /department/course/professional/classroom.do HTTP/1.1" 500 600
0:0:0:0:0:0:0:1 - - [16/Mar/2020:11:45:39 +0800] "GET /department/login.do?username=000000000001&password=123456 HTTP/1.1" 200 1639
0:0:0:0:0:0:0:1 - - [16/Mar/2020:11:45:39 +0800] "GET /favicon.ico HTTP/1.1" 200 946
0:0:0:0:0:0:0:1 - - [16/Mar/2020:11:45:41 +0800] "GET /department/course/professional/set.do HTTP/1.1" 200 11986
0:0:0:0:0:0:0:1 - - [16/Mar/2020:11:45:46 +0800] "POST /department/course/professional/class.do HTTP/1.1" 200 1086
0:0:0:0:0:0:0:1 - - [16/Mar/2020:11:45:51 +0800] "POST /department/course/professional/year.do HTTP/1.1" 200 1343
0:0:0:0:0:0:0:1 - - [16/Mar/2020:11:45:53 +0800] "POST /department/course/professional/semester.do HTTP/1.1" 200 1037
0:0:0:0:0:0:0:1 - - [16/Mar/2020:11:45:56 +0800] "POST /department/course/professional/name.do HTTP/1.1" 200 11162
0:0:0:0:0:0:0:1 - - [16/Mar/2020:11:46:00 +0800] "POST /department/course/professional/week.do HTTP/1.1" 200 2121
0:0:0:0:0:0:0:1 - - [16/Mar/2020:11:46:03 +0800] "POST /department/course/professional/day.do HTTP/1.1" 200 6931
0:0:0:0:0:0:0:1 - - [16/Mar/2020:11:46:06 +0800] "POST /department/course/professional/order.do HTTP/1.1" 200 20368
0:0:0:0:0:0:0:1 - - [16/Mar/2020:11:46:10 +0800] "POST /department/course/professional/classroom.do HTTP/1.1" 200 2794
0:0:0:0:0:0:0:1 - - [16/Mar/2020:11:46:12 +0800] "POST /department/course/professional/ensure.do HTTP/1.1" 200 268
0:0:0:0:0:0:0:1 - - [16/Mar/2020:11:52:36 +0800] "GET /department/login.do?username=000000000001&password=123456 HTTP/1.1" 200 1639
0:0:0:0:0:0:0:1 - - [16/Mar/2020:11:52:37 +0800] "GET /favicon.ico HTTP/1.1" 200 946
0:0:0:0:0:0:0:1 - - [16/Mar/2020:11:52:37 +0800] "GET /department/course/professional/set.do HTTP/1.1" 200 11986
0:0:0:0:0:0:0:1 - - [16/Mar/2020:11:52:41 +0800] "POST /department/course/professional/class.do HTTP/1.1" 200 1086
0:0:0:0:0:0:0:1 - - [16/Mar/2020:11:52:48 +0800] "POST /department/course/professional/year.do HTTP/1.1" 200 1343
0:0:0:0:0:0:0:1 - - [16/Mar/2020:11:52:49 +0800] "POST /department/course/professional/semester.do HTTP/1.1" 200 1037
0:0:0:0:0:0:0:1 - - [16/Mar/2020:11:52:52 +0800] "POST /department/course/professional/name.do HTTP/1.1" 200 11162
0:0:0:0:0:0:0:1 - - [16/Mar/2020:11:53:14 +0800] "POST /department/course/professional/week.do HTTP/1.1" 200 2121
0:0:0:0:0:0:0:1 - - [16/Mar/2020:11:53:15 +0800] "POST /department/course/professional/day.do HTTP/1.1" 200 6931
0:0:0:0:0:0:0:1 - - [16/Mar/2020:11:53:22 +0800] "POST /department/course/professional/order.do HTTP/1.1" 200 20368
0:0:0:0:0:0:0:1 - - [16/Mar/2020:11:53:27 +0800] "POST /department/course/professional/classroom.do HTTP/1.1" 200 2794
0:0:0:0:0:0:0:1 - - [16/Mar/2020:11:53:29 +0800] "POST /department/course/professional/ensure.do HTTP/1.1" 200 607
0:0:0:0:0:0:0:1 - - [16/Mar/2020:19:45:56 +0800] "GET / HTTP/1.1" 200 2267
0:0:0:0:0:0:0:1 - - [16/Mar/2020:19:45:58 +0800] "GET /verifyUtil.do HTTP/1.1" 200 679
0:0:0:0:0:0:0:1 - - [16/Mar/2020:19:46:08 +0800] "GET /verifyUtil.do?60 HTTP/1.1" 200 614
0:0:0:0:0:0:0:1 - - [16/Mar/2020:19:46:21 +0800] "POST /login.do HTTP/1.1" 302 -
0:0:0:0:0:0:0:1 - - [16/Mar/2020:19:46:21 +0800] "GET /department/login.do?username=000000000001&password=123456 HTTP/1.1" 200 1798
0:0:0:0:0:0:0:1 - - [16/Mar/2020:19:46:24 +0800] "GET /department/login.do?username=000000000001&password=123456 HTTP/1.1" 200 1798
0:0:0:0:0:0:0:1 - - [16/Mar/2020:19:46:24 +0800] "GET /favicon.ico HTTP/1.1" 200 946
0:0:0:0:0:0:0:1 - - [16/Mar/2020:19:46:36 +0800] "GET /department/teacher/insert/set.do HTTP/1.1" 200 1672
0:0:0:0:0:0:0:1 - - [16/Mar/2020:19:48:13 +0800] "GET /department/login.do?username=000000000001&password=123456 HTTP/1.1" 200 1846
0:0:0:0:0:0:0:1 - - [16/Mar/2020:19:48:13 +0800] "GET /favicon.ico HTTP/1.1" 200 946
0:0:0:0:0:0:0:1 - - [16/Mar/2020:19:48:14 +0800] "GET /department/teacher/insert/set.do HTTP/1.1" 200 1762
0:0:0:0:0:0:0:1 - - [16/Mar/2020:20:00:10 +0800] "GET /department/login.do?username=000000000001&password=123456 HTTP/1.1" 200 1846
0:0:0:0:0:0:0:1 - - [16/Mar/2020:20:00:10 +0800] "GET /favicon.ico HTTP/1.1" 200 946
0:0:0:0:0:0:0:1 - - [16/Mar/2020:20:00:10 +0800] "GET /department/teacher/insert/set.do HTTP/1.1" 200 1771
0:0:0:0:0:0:0:1 - - [16/Mar/2020:20:00:31 +0800] "POST /department/teacher/insert/essential.do HTTP/1.1" 200 1313
0:0:0:0:0:0:0:1 - - [16/Mar/2020:20:00:48 +0800] "POST /department/teacher/insert/department.do HTTP/1.1" 200 132
0:0:0:0:0:0:0:1 - - [16/Mar/2020:20:08:47 +0800] "GET /department/login.do?username=000000000001&password=123456 HTTP/1.1" 200 1846
0:0:0:0:0:0:0:1 - - [16/Mar/2020:20:08:47 +0800] "GET /favicon.ico HTTP/1.1" 200 946
0:0:0:0:0:0:0:1 - - [16/Mar/2020:20:08:47 +0800] "GET /department/teacher/insert/set.do HTTP/1.1" 200 1771
0:0:0:0:0:0:0:1 - - [16/Mar/2020:20:10:09 +0800] "POST /department/teacher/insert/essential.do HTTP/1.1" 200 1313
0:0:0:0:0:0:0:1 - - [16/Mar/2020:20:10:11 +0800] "POST /department/teacher/insert/department.do HTTP/1.1" 200 1662
0:0:0:0:0:0:0:1 - - [16/Mar/2020:20:10:12 +0800] "POST /department/teacher/insert/ensure.do HTTP/1.1" 200 637
0:0:0:0:0:0:0:1 - - [16/Mar/2020:20:10:14 +0800] "GET /department/return.do HTTP/1.1" 200 1846
