0:0:0:0:0:0:0:1 - - [08/Nov/2018:08:47:23 +0800] "GET / HTTP/1.1" 200 1339
0:0:0:0:0:0:0:1 - - [08/Nov/2018:08:47:25 +0800] "GET /verifyUtil.do HTTP/1.1" 200 684
0:0:0:0:0:0:0:1 - - [08/Nov/2018:08:47:36 +0800] "POST /login.do HTTP/1.1" 302 -
0:0:0:0:0:0:0:1 - - [08/Nov/2018:08:47:36 +0800] "GET /teacher/login.do?username=201610414415&password=123456 HTTP/1.1" 200 1707
0:0:0:0:0:0:0:1 - - [08/Nov/2018:08:47:38 +0800] "GET /teacher/course/professional/select.do HTTP/1.1" 500 565
0:0:0:0:0:0:0:1 - - [08/Nov/2018:08:48:36 +0800] "GET /teacher/course/professional/select.do HTTP/1.1" 200 1041
0:0:0:0:0:0:0:1 - - [08/Nov/2018:08:48:37 +0800] "GET /favicon.ico HTTP/1.1" 200 946
0:0:0:0:0:0:0:1 - - [08/Nov/2018:08:52:24 +0800] "GET /teacher/course/professional/select.do HTTP/1.1" 500 531
0:0:0:0:0:0:0:1 - - [08/Nov/2018:08:52:24 +0800] "GET /favicon.ico HTTP/1.1" 200 946
0:0:0:0:0:0:0:1 - - [08/Nov/2018:08:52:25 +0800] "GET /teacher/course/professional/select.do HTTP/1.1" 500 531
0:0:0:0:0:0:0:1 - - [08/Nov/2018:08:52:25 +0800] "GET /favicon.ico HTTP/1.1" 200 946
0:0:0:0:0:0:0:1 - - [08/Nov/2018:08:52:28 +0800] "GET /teacher/login.do?username=201610414415&password=123456 HTTP/1.1" 200 1707
0:0:0:0:0:0:0:1 - - [08/Nov/2018:08:52:28 +0800] "GET /favicon.ico HTTP/1.1" 200 946
0:0:0:0:0:0:0:1 - - [08/Nov/2018:08:52:29 +0800] "GET /teacher/course/professional/select.do HTTP/1.1" 500 531
0:0:0:0:0:0:0:1 - - [08/Nov/2018:08:53:07 +0800] "GET /teacher/course/professional/select.do HTTP/1.1" 200 868
0:0:0:0:0:0:0:1 - - [08/Nov/2018:08:53:07 +0800] "GET /favicon.ico HTTP/1.1" 200 946
0:0:0:0:0:0:0:1 - - [08/Nov/2018:09:16:49 +0800] "GET /teacher/course/professional/select.do HTTP/1.1" 200 909
0:0:0:0:0:0:0:1 - - [08/Nov/2018:09:16:49 +0800] "GET /favicon.ico HTTP/1.1" 200 946
0:0:0:0:0:0:0:1 - - [08/Nov/2018:09:16:50 +0800] "GET /teacher/course/professional/select.do HTTP/1.1" 200 909
0:0:0:0:0:0:0:1 - - [08/Nov/2018:09:16:50 +0800] "GET /favicon.ico HTTP/1.1" 200 946
0:0:0:0:0:0:0:1 - - [08/Nov/2018:09:16:51 +0800] "GET /teacher/course/professional/select.do HTTP/1.1" 200 909
0:0:0:0:0:0:0:1 - - [08/Nov/2018:09:16:51 +0800] "GET /favicon.ico HTTP/1.1" 200 946
0:0:0:0:0:0:0:1 - - [08/Nov/2018:09:16:51 +0800] "GET /teacher/course/professional/select.do HTTP/1.1" 200 909
0:0:0:0:0:0:0:1 - - [08/Nov/2018:09:16:51 +0800] "GET /favicon.ico HTTP/1.1" 200 946
0:0:0:0:0:0:0:1 - - [08/Nov/2018:09:21:20 +0800] "GET /teacher/course/professional/select.do HTTP/1.1" 200 1163
0:0:0:0:0:0:0:1 - - [08/Nov/2018:09:21:20 +0800] "GET /favicon.ico HTTP/1.1" 200 946
0:0:0:0:0:0:0:1 - - [08/Nov/2018:09:21:54 +0800] "GET /teacher/course/professional/select.do HTTP/1.1" 200 1163
0:0:0:0:0:0:0:1 - - [08/Nov/2018:09:21:54 +0800] "GET /favicon.ico HTTP/1.1" 200 946
0:0:0:0:0:0:0:1 - - [08/Nov/2018:09:51:22 +0800] "GET /teacher/course/professional/select.do HTTP/1.1" 200 1283
0:0:0:0:0:0:0:1 - - [08/Nov/2018:09:51:22 +0800] "GET /favicon.ico HTTP/1.1" 200 946
0:0:0:0:0:0:0:1 - - [08/Nov/2018:09:53:56 +0800] "GET /teacher/course/professional/select.do HTTP/1.1" 200 1289
0:0:0:0:0:0:0:1 - - [08/Nov/2018:09:53:56 +0800] "GET /favicon.ico HTTP/1.1" 200 946
0:0:0:0:0:0:0:1 - - [08/Nov/2018:09:57:43 +0800] "GET /teacher/course/professional/select.do HTTP/1.1" 200 1276
0:0:0:0:0:0:0:1 - - [08/Nov/2018:09:57:43 +0800] "GET /favicon.ico HTTP/1.1" 200 946
0:0:0:0:0:0:0:1 - - [08/Nov/2018:09:57:45 +0800] "GET /teacher/course/professional/select.do HTTP/1.1" 200 1276
0:0:0:0:0:0:0:1 - - [08/Nov/2018:09:57:45 +0800] "GET /favicon.ico HTTP/1.1" 200 946
0:0:0:0:0:0:0:1 - - [08/Nov/2018:09:57:46 +0800] "GET /teacher/course/professional/select.do HTTP/1.1" 200 1276
0:0:0:0:0:0:0:1 - - [08/Nov/2018:09:57:46 +0800] "GET /favicon.ico HTTP/1.1" 200 946
0:0:0:0:0:0:0:1 - - [08/Nov/2018:16:04:32 +0800] "GET /teacher/course/professional/select.do HTTP/1.1" 200 1276
0:0:0:0:0:0:0:1 - - [08/Nov/2018:16:04:32 +0800] "GET /favicon.ico HTTP/1.1" 200 946
0:0:0:0:0:0:0:1 - - [08/Nov/2018:16:04:34 +0800] "GET /teacher/course/professional/select.do HTTP/1.1" 200 1276
0:0:0:0:0:0:0:1 - - [08/Nov/2018:16:04:34 +0800] "GET /favicon.ico HTTP/1.1" 200 946
0:0:0:0:0:0:0:1 - - [08/Nov/2018:16:05:47 +0800] "GET /teacher/course/professional/select.do HTTP/1.1" 200 1251
0:0:0:0:0:0:0:1 - - [08/Nov/2018:16:05:47 +0800] "GET /favicon.ico HTTP/1.1" 200 946
0:0:0:0:0:0:0:1 - - [08/Nov/2018:16:34:22 +0800] "GET /teacher/course/professional/select.do HTTP/1.1" 200 1298
0:0:0:0:0:0:0:1 - - [08/Nov/2018:16:34:22 +0800] "GET /favicon.ico HTTP/1.1" 200 946
0:0:0:0:0:0:0:1 - - [08/Nov/2018:16:36:10 +0800] "GET /teacher/course/professional/select.do HTTP/1.1" 200 1370
0:0:0:0:0:0:0:1 - - [08/Nov/2018:16:36:10 +0800] "GET /favicon.ico HTTP/1.1" 200 946
0:0:0:0:0:0:0:1 - - [08/Nov/2018:16:43:50 +0800] "GET /teacher/course/professional/select.do HTTP/1.1" 200 1971
0:0:0:0:0:0:0:1 - - [08/Nov/2018:16:43:50 +0800] "GET /favicon.ico HTTP/1.1" 200 946
0:0:0:0:0:0:0:1 - - [08/Nov/2018:16:46:13 +0800] "GET /teacher/course/professional/select.do HTTP/1.1" 200 2043
0:0:0:0:0:0:0:1 - - [08/Nov/2018:16:46:13 +0800] "GET /favicon.ico HTTP/1.1" 200 946
0:0:0:0:0:0:0:1 - - [08/Nov/2018:16:47:55 +0800] "GET /teacher/course/professional/select.do HTTP/1.1" 200 2056
0:0:0:0:0:0:0:1 - - [08/Nov/2018:16:47:55 +0800] "GET /favicon.ico HTTP/1.1" 200 946
0:0:0:0:0:0:0:1 - - [08/Nov/2018:16:48:57 +0800] "GET /teacher/course/professional/select.do HTTP/1.1" 200 2052
0:0:0:0:0:0:0:1 - - [08/Nov/2018:16:48:57 +0800] "GET /favicon.ico HTTP/1.1" 200 946
0:0:0:0:0:0:0:1 - - [08/Nov/2018:16:49:55 +0800] "GET /teacher/course/professional/select.do HTTP/1.1" 200 2056
0:0:0:0:0:0:0:1 - - [08/Nov/2018:16:49:56 +0800] "GET /favicon.ico HTTP/1.1" 200 946
127.0.0.1 - - [08/Nov/2018:16:50:22 +0800] "GET /teacher/course/professional/select.do HTTP/1.1" 200 2052
127.0.0.1 - - [08/Nov/2018:16:50:22 +0800] "GET /favicon.ico HTTP/1.1" 200 946
0:0:0:0:0:0:0:1 - - [08/Nov/2018:16:54:52 +0800] "GET /teacher/course/professional/select.do HTTP/1.1" 200 2052
0:0:0:0:0:0:0:1 - - [08/Nov/2018:16:54:52 +0800] "GET /favicon.ico HTTP/1.1" 200 946
0:0:0:0:0:0:0:1 - - [08/Nov/2018:16:54:53 +0800] "POST /teacher/course/professional/selected.do HTTP/1.1" 500 446
0:0:0:0:0:0:0:1 - - [08/Nov/2018:16:55:12 +0800] "POST /teacher/course/professional/selected.do HTTP/1.1" 500 446
0:0:0:0:0:0:0:1 - - [08/Nov/2018:16:56:55 +0800] "GET /teacher/course/professional/select.do HTTP/1.1" 200 2052
0:0:0:0:0:0:0:1 - - [08/Nov/2018:16:56:55 +0800] "GET /favicon.ico HTTP/1.1" 200 946
0:0:0:0:0:0:0:1 - - [08/Nov/2018:16:56:56 +0800] "POST /teacher/course/professional/selected.do HTTP/1.1" 500 446
0:0:0:0:0:0:0:1 - - [08/Nov/2018:17:01:06 +0800] "POST /teacher/course/professional/selected.do HTTP/1.1" 200 -
0:0:0:0:0:0:0:1 - - [08/Nov/2018:17:01:06 +0800] "GET /favicon.ico HTTP/1.1" 200 946
0:0:0:0:0:0:0:1 - - [08/Nov/2018:17:01:09 +0800] "POST /teacher/course/professional/selected.do HTTP/1.1" 200 -
0:0:0:0:0:0:0:1 - - [08/Nov/2018:17:01:09 +0800] "GET /favicon.ico HTTP/1.1" 200 946
0:0:0:0:0:0:0:1 - - [08/Nov/2018:17:01:11 +0800] "POST /teacher/course/professional/selected.do HTTP/1.1" 200 -
0:0:0:0:0:0:0:1 - - [08/Nov/2018:17:02:27 +0800] "POST /teacher/course/professional/selected.do HTTP/1.1" 200 -
0:0:0:0:0:0:0:1 - - [08/Nov/2018:17:02:28 +0800] "GET /favicon.ico HTTP/1.1" 200 946
0:0:0:0:0:0:0:1 - - [08/Nov/2018:17:02:30 +0800] "GET /teacher/course/professional/select.do HTTP/1.1" 200 2058
0:0:0:0:0:0:0:1 - - [08/Nov/2018:17:02:30 +0800] "GET /favicon.ico HTTP/1.1" 200 946
0:0:0:0:0:0:0:1 - - [08/Nov/2018:17:02:31 +0800] "POST /teacher/course/professional/selected.do HTTP/1.1" 200 5
