0:0:0:0:0:0:0:1 - - [11/Dec/2018:21:24:37 +0800] "GET / HTTP/1.1" 200 1339
0:0:0:0:0:0:0:1 - - [11/Dec/2018:21:24:39 +0800] "GET /verifyUtil.do HTTP/1.1" 200 669
0:0:0:0:0:0:0:1 - - [11/Dec/2018:21:25:11 +0800] "POST /login.do HTTP/1.1" 302 -
0:0:0:0:0:0:0:1 - - [11/Dec/2018:21:25:11 +0800] "GET /department/login.do?username=000000000001&password=123456 HTTP/1.1" 200 1512
0:0:0:0:0:0:0:1 - - [11/Dec/2018:21:25:22 +0800] "GET / HTTP/1.1" 200 1339
0:0:0:0:0:0:0:1 - - [11/Dec/2018:21:25:22 +0800] "GET /verifyUtil.do HTTP/1.1" 200 631
0:0:0:0:0:0:0:1 - - [11/Dec/2018:21:25:22 +0800] "GET /favicon.ico HTTP/1.1" 200 946
0:0:0:0:0:0:0:1 - - [11/Dec/2018:21:25:23 +0800] "GET / HTTP/1.1" 200 1339
0:0:0:0:0:0:0:1 - - [11/Dec/2018:21:25:23 +0800] "GET /verifyUtil.do HTTP/1.1" 200 666
0:0:0:0:0:0:0:1 - - [11/Dec/2018:21:25:23 +0800] "GET /favicon.ico HTTP/1.1" 200 946
0:0:0:0:0:0:0:1 - - [11/Dec/2018:21:25:44 +0800] "POST /login.do HTTP/1.1" 302 -
0:0:0:0:0:0:0:1 - - [11/Dec/2018:21:25:44 +0800] "GET /teacher/login.do?username=201610414415&password=123456 HTTP/1.1" 200 1803
0:0:0:0:0:0:0:1 - - [11/Dec/2018:21:26:06 +0800] "GET /verifyUtil.do?8 HTTP/1.1" 200 623
0:0:0:0:0:0:0:1 - - [11/Dec/2018:21:26:12 +0800] "POST /login.do HTTP/1.1" 200 1370
0:0:0:0:0:0:0:1 - - [11/Dec/2018:21:26:12 +0800] "GET /verifyUtil.do HTTP/1.1" 200 692
0:0:0:0:0:0:0:1 - - [11/Dec/2018:21:26:16 +0800] "GET / HTTP/1.1" 200 1339
0:0:0:0:0:0:0:1 - - [11/Dec/2018:21:26:16 +0800] "GET /verifyUtil.do HTTP/1.1" 200 689
0:0:0:0:0:0:0:1 - - [11/Dec/2018:21:26:26 +0800] "POST /login.do HTTP/1.1" 302 -
0:0:0:0:0:0:0:1 - - [11/Dec/2018:21:26:26 +0800] "GET /student/login.do?username=201210312216&password=123456 HTTP/1.1" 200 1792
0:0:0:0:0:0:0:1 - - [11/Dec/2018:23:05:22 +0800] "GET / HTTP/1.1" 200 1339
0:0:0:0:0:0:0:1 - - [11/Dec/2018:23:05:23 +0800] "GET /verifyUtil.do HTTP/1.1" 200 658
0:0:0:0:0:0:0:1 - - [11/Dec/2018:23:05:40 +0800] "POST /login.do HTTP/1.1" 302 -
0:0:0:0:0:0:0:1 - - [11/Dec/2018:23:05:40 +0800] "GET /department/login.do?username=000000000001&password=123456 HTTP/1.1" 200 1512
0:0:0:0:0:0:0:1 - - [11/Dec/2018:23:05:52 +0800] "GET /department/course/elective/school/set.do HTTP/1.1" 200 486
0:0:0:0:0:0:0:1 - - [11/Dec/2018:23:06:02 +0800] "POST /department/course/elective/school/courseSize.do HTTP/1.1" 404 295
0:0:0:0:0:0:0:1 - - [11/Dec/2018:23:06:14 +0800] "POST /department/course/elective/school/courseSize.do HTTP/1.1" 404 295
0:0:0:0:0:0:0:1 - - [11/Dec/2018:23:12:42 +0800] "GET /department/course/elective/school/set.do HTTP/1.1" 200 480
0:0:0:0:0:0:0:1 - - [11/Dec/2018:23:12:42 +0800] "GET /favicon.ico HTTP/1.1" 200 946
0:0:0:0:0:0:0:1 - - [11/Dec/2018:23:12:44 +0800] "POST /department/course/elective/school/size.do HTTP/1.1" 500 590
0:0:0:0:0:0:0:1 - - [11/Dec/2018:23:13:38 +0800] "GET /department/course/elective/school/set.do HTTP/1.1" 200 474
0:0:0:0:0:0:0:1 - - [11/Dec/2018:23:13:38 +0800] "GET /favicon.ico HTTP/1.1" 200 946
0:0:0:0:0:0:0:1 - - [11/Dec/2018:23:13:40 +0800] "POST /department/course/elective/school/size.do HTTP/1.1" 200 559
0:0:0:0:0:0:0:1 - - [11/Dec/2018:23:14:23 +0800] "GET /department/course/elective/school/set.do HTTP/1.1" 200 474
0:0:0:0:0:0:0:1 - - [11/Dec/2018:23:14:23 +0800] "GET /favicon.ico HTTP/1.1" 200 946
0:0:0:0:0:0:0:1 - - [11/Dec/2018:23:14:27 +0800] "POST /department/course/elective/school/size.do HTTP/1.1" 200 557
0:0:0:0:0:0:0:1 - - [11/Dec/2018:23:14:41 +0800] "POST /department/course/elective/school/year.do HTTP/1.1" 200 761
0:0:0:0:0:0:0:1 - - [11/Dec/2018:23:14:49 +0800] "POST /department/course/elective/school/semester.do HTTP/1.1" 200 511
0:0:0:0:0:0:0:1 - - [11/Dec/2018:23:15:01 +0800] "POST /department/course/elective/school/name.do HTTP/1.1" 200 975
0:0:0:0:0:0:0:1 - - [11/Dec/2018:23:15:10 +0800] "POST /department/course/elective/school/rank.do HTTP/1.1" 200 8106
0:0:0:0:0:0:0:1 - - [11/Dec/2018:23:15:23 +0800] "POST /department/course/elective/school/week.do HTTP/1.1" 200 1319
0:0:0:0:0:0:0:1 - - [11/Dec/2018:23:15:31 +0800] "POST /department/course/elective/school/day.do HTTP/1.1" 200 5125
0:0:0:0:0:0:0:1 - - [11/Dec/2018:23:15:40 +0800] "POST /department/course/elective/school/order.do HTTP/1.1" 200 16713
0:0:0:0:0:0:0:1 - - [11/Dec/2018:23:15:52 +0800] "POST /department/course/elective/school/classroom.do HTTP/1.1" 500 537
0:0:0:0:0:0:0:1 - - [11/Dec/2018:23:16:53 +0800] "GET /department/login.do?username=000000000001&password=123456 HTTP/1.1" 200 1512
0:0:0:0:0:0:0:1 - - [11/Dec/2018:23:16:53 +0800] "GET /favicon.ico HTTP/1.1" 200 946
0:0:0:0:0:0:0:1 - - [11/Dec/2018:23:16:54 +0800] "GET /department/course/elective/school/set.do HTTP/1.1" 200 474
0:0:0:0:0:0:0:1 - - [11/Dec/2018:23:16:56 +0800] "POST /department/course/elective/school/size.do HTTP/1.1" 200 557
0:0:0:0:0:0:0:1 - - [11/Dec/2018:23:16:58 +0800] "POST /department/course/elective/school/year.do HTTP/1.1" 200 761
0:0:0:0:0:0:0:1 - - [11/Dec/2018:23:16:59 +0800] "POST /department/course/elective/school/semester.do HTTP/1.1" 200 511
0:0:0:0:0:0:0:1 - - [11/Dec/2018:23:17:02 +0800] "POST /department/course/elective/school/name.do HTTP/1.1" 200 975
0:0:0:0:0:0:0:1 - - [11/Dec/2018:23:17:03 +0800] "POST /department/course/elective/school/rank.do HTTP/1.1" 200 8106
0:0:0:0:0:0:0:1 - - [11/Dec/2018:23:17:07 +0800] "POST /department/course/elective/school/week.do HTTP/1.1" 200 1319
0:0:0:0:0:0:0:1 - - [11/Dec/2018:23:17:09 +0800] "POST /department/course/elective/school/day.do HTTP/1.1" 200 5125
0:0:0:0:0:0:0:1 - - [11/Dec/2018:23:17:12 +0800] "POST /department/course/elective/school/order.do HTTP/1.1" 200 16713
0:0:0:0:0:0:0:1 - - [11/Dec/2018:23:17:16 +0800] "POST /department/course/elective/school/classroom.do HTTP/1.1" 200 1863
0:0:0:0:0:0:0:1 - - [11/Dec/2018:23:17:54 +0800] "GET /department/login.do?username=000000000001&password=123456 HTTP/1.1" 200 1512
0:0:0:0:0:0:0:1 - - [11/Dec/2018:23:17:54 +0800] "GET /favicon.ico HTTP/1.1" 200 946
0:0:0:0:0:0:0:1 - - [11/Dec/2018:23:17:55 +0800] "GET /department/login.do?username=000000000001&password=123456 HTTP/1.1" 200 1512
0:0:0:0:0:0:0:1 - - [11/Dec/2018:23:17:55 +0800] "GET /favicon.ico HTTP/1.1" 200 946
0:0:0:0:0:0:0:1 - - [11/Dec/2018:23:17:56 +0800] "GET /department/course/elective/school/set.do HTTP/1.1" 200 474
0:0:0:0:0:0:0:1 - - [11/Dec/2018:23:17:58 +0800] "POST /department/course/elective/school/size.do HTTP/1.1" 200 557
0:0:0:0:0:0:0:1 - - [11/Dec/2018:23:17:59 +0800] "POST /department/course/elective/school/year.do HTTP/1.1" 200 761
0:0:0:0:0:0:0:1 - - [11/Dec/2018:23:18:40 +0800] "POST /department/course/elective/school/semester.do HTTP/1.1" 200 511
0:0:0:0:0:0:0:1 - - [11/Dec/2018:23:18:54 +0800] "POST /department/course/elective/school/name.do HTTP/1.1" 200 969
0:0:0:0:0:0:0:1 - - [11/Dec/2018:23:18:57 +0800] "POST /department/course/elective/school/rank.do HTTP/1.1" 200 8106
0:0:0:0:0:0:0:1 - - [11/Dec/2018:23:19:00 +0800] "POST /department/course/elective/school/week.do HTTP/1.1" 200 1319
0:0:0:0:0:0:0:1 - - [11/Dec/2018:23:19:02 +0800] "POST /department/course/elective/school/day.do HTTP/1.1" 200 5125
0:0:0:0:0:0:0:1 - - [11/Dec/2018:23:19:05 +0800] "POST /department/course/elective/school/order.do HTTP/1.1" 200 16713
0:0:0:0:0:0:0:1 - - [11/Dec/2018:23:19:08 +0800] "POST /department/course/elective/school/classroom.do HTTP/1.1" 200 1859
0:0:0:0:0:0:0:1 - - [11/Dec/2018:23:19:23 +0800] "GET / HTTP/1.1" 200 1339
0:0:0:0:0:0:0:1 - - [11/Dec/2018:23:19:23 +0800] "GET /verifyUtil.do HTTP/1.1" 200 631
0:0:0:0:0:0:0:1 - - [11/Dec/2018:23:19:37 +0800] "POST /login.do HTTP/1.1" 302 -
0:0:0:0:0:0:0:1 - - [11/Dec/2018:23:19:37 +0800] "GET /student/login.do?username=201610414415&password=123456 HTTP/1.1" 200 1381
0:0:0:0:0:0:0:1 - - [11/Dec/2018:23:19:37 +0800] "GET /verifyUtil.do HTTP/1.1" 200 670
0:0:0:0:0:0:0:1 - - [11/Dec/2018:23:19:48 +0800] "POST /student/login.do HTTP/1.1" 200 1381
0:0:0:0:0:0:0:1 - - [11/Dec/2018:23:19:48 +0800] "GET /verifyUtil.do HTTP/1.1" 200 536
0:0:0:0:0:0:0:1 - - [11/Dec/2018:23:19:52 +0800] "GET / HTTP/1.1" 200 1339
0:0:0:0:0:0:0:1 - - [11/Dec/2018:23:19:52 +0800] "GET /verifyUtil.do HTTP/1.1" 200 585
0:0:0:0:0:0:0:1 - - [11/Dec/2018:23:20:00 +0800] "POST /login.do HTTP/1.1" 302 -
0:0:0:0:0:0:0:1 - - [11/Dec/2018:23:20:00 +0800] "GET /teacher/login.do?username=201610414415&password=123456 HTTP/1.1" 200 1803
0:0:0:0:0:0:0:1 - - [11/Dec/2018:23:20:08 +0800] "GET /teacher/course/elective/school/set.do HTTP/1.1" 200 2486
0:0:0:0:0:0:0:1 - - [11/Dec/2018:23:20:45 +0800] "POST /teacher/course/elective/school/select.do HTTP/1.1" 500 534
0:0:0:0:0:0:0:1 - - [11/Dec/2018:23:21:00 +0800] "GET /verifyUtil.do?27 HTTP/1.1" 200 649
0:0:0:0:0:0:0:1 - - [11/Dec/2018:23:21:06 +0800] "POST /login.do HTTP/1.1" 302 -
0:0:0:0:0:0:0:1 - - [11/Dec/2018:23:21:06 +0800] "GET /student/login.do?username=201210312216&password=123456 HTTP/1.1" 200 1792
0:0:0:0:0:0:0:1 - - [11/Dec/2018:23:21:15 +0800] "GET /student/course/elective/school/set.do HTTP/1.1" 200 2546
0:0:0:0:0:0:0:1 - - [11/Dec/2018:23:21:24 +0800] "GET /student/course/look.do HTTP/1.1" 200 7617
0:0:0:0:0:0:0:1 - - [11/Dec/2018:23:21:51 +0800] "GET /student/course/elective/school/set.do HTTP/1.1" 200 2546
0:0:0:0:0:0:0:1 - - [11/Dec/2018:23:22:00 +0800] "GET /student/course/look.do HTTP/1.1" 200 7617
