0:0:0:0:0:0:0:1 - - [11/Nov/2018:00:18:09 +0800] "GET / HTTP/1.1" 200 1339
0:0:0:0:0:0:0:1 - - [11/Nov/2018:00:18:10 +0800] "GET /verifyUtil.do HTTP/1.1" 200 681
0:0:0:0:0:0:0:1 - - [11/Nov/2018:00:18:32 +0800] "POST /login.do HTTP/1.1" 302 -
0:0:0:0:0:0:0:1 - - [11/Nov/2018:00:18:32 +0800] "GET /teacher/login.do?username=201610414415&password=123456 HTTP/1.1" 200 1707
0:0:0:0:0:0:0:1 - - [11/Nov/2018:00:18:34 +0800] "GET /teacher/course/professional/select.do HTTP/1.1" 200 2315
0:0:0:0:0:0:0:1 - - [11/Nov/2018:00:18:38 +0800] "POST /teacher/course/professional/selected.do HTTP/1.1" 500 531
0:0:0:0:0:0:0:1 - - [11/Nov/2018:00:19:28 +0800] "GET /teacher/course/professional/select.do HTTP/1.1" 200 2315
0:0:0:0:0:0:0:1 - - [11/Nov/2018:00:19:29 +0800] "GET /favicon.ico HTTP/1.1" 200 946
0:0:0:0:0:0:0:1 - - [11/Nov/2018:00:19:30 +0800] "POST /teacher/course/professional/selected.do HTTP/1.1" 200 1710
0:0:0:0:0:0:0:1 - - [11/Nov/2018:00:19:37 +0800] "GET /teacher/login.do?username=201610414415&password=123456 HTTP/1.1" 200 1707
0:0:0:0:0:0:0:1 - - [11/Nov/2018:00:19:37 +0800] "GET /favicon.ico HTTP/1.1" 200 946
0:0:0:0:0:0:0:1 - - [11/Nov/2018:00:19:38 +0800] "GET /teacher/login.do?username=201610414415&password=123456 HTTP/1.1" 200 1707
0:0:0:0:0:0:0:1 - - [11/Nov/2018:00:19:38 +0800] "GET /favicon.ico HTTP/1.1" 200 946
0:0:0:0:0:0:0:1 - - [11/Nov/2018:00:19:38 +0800] "GET /teacher/course/professional/select.do HTTP/1.1" 200 2315
0:0:0:0:0:0:0:1 - - [11/Nov/2018:00:19:40 +0800] "POST /teacher/course/professional/selected.do HTTP/1.1" 200 2656
0:0:0:0:0:0:0:1 - - [11/Nov/2018:00:20:14 +0800] "POST /teacher/course/professional/ensure.do HTTP/1.1" 500 375
0:0:0:0:0:0:0:1 - - [11/Nov/2018:00:22:04 +0800] "GET / HTTP/1.1" 200 1339
0:0:0:0:0:0:0:1 - - [11/Nov/2018:00:22:05 +0800] "GET /verifyUtil.do HTTP/1.1" 200 681
0:0:0:0:0:0:0:1 - - [11/Nov/2018:00:22:21 +0800] "POST /login.do HTTP/1.1" 302 -
0:0:0:0:0:0:0:1 - - [11/Nov/2018:00:22:21 +0800] "GET /department/login.do?username=000000000001&password=123456 HTTP/1.1" 200 1503
0:0:0:0:0:0:0:1 - - [11/Nov/2018:00:22:23 +0800] "GET /department/course/professional/set.do HTTP/1.1" 200 9319
0:0:0:0:0:0:0:1 - - [11/Nov/2018:00:22:26 +0800] "POST /department/course/professional/class.do HTTP/1.1" 200 596
0:0:0:0:0:0:0:1 - - [11/Nov/2018:00:22:28 +0800] "POST /department/course/professional/year.do HTTP/1.1" 200 743
0:0:0:0:0:0:0:1 - - [11/Nov/2018:00:22:30 +0800] "POST /department/course/professional/semester.do HTTP/1.1" 200 499
0:0:0:0:0:0:0:1 - - [11/Nov/2018:00:22:31 +0800] "POST /department/course/professional/name.do HTTP/1.1" 200 963
0:0:0:0:0:0:0:1 - - [11/Nov/2018:00:22:33 +0800] "POST /department/course/professional/rank.do HTTP/1.1" 200 8091
0:0:0:0:0:0:0:1 - - [11/Nov/2018:00:22:36 +0800] "POST /department/course/professional/week.do HTTP/1.1" 200 2116
0:0:0:0:0:0:0:1 - - [11/Nov/2018:00:22:38 +0800] "POST /department/course/professional/order.do HTTP/1.1" 200 16701
0:0:0:0:0:0:0:1 - - [11/Nov/2018:00:22:40 +0800] "POST /department/course/professional/classroom.do HTTP/1.1" 200 1968
0:0:0:0:0:0:0:1 - - [11/Nov/2018:00:22:48 +0800] "POST /department/course/professional/ensure.do HTTP/1.1" 200 340
0:0:0:0:0:0:0:1 - - [11/Nov/2018:00:22:49 +0800] "GET /department/return.do HTTP/1.1" 200 1503
0:0:0:0:0:0:0:1 - - [11/Nov/2018:00:22:53 +0800] "GET / HTTP/1.1" 200 1339
0:0:0:0:0:0:0:1 - - [11/Nov/2018:00:22:53 +0800] "GET /verifyUtil.do HTTP/1.1" 200 730
0:0:0:0:0:0:0:1 - - [11/Nov/2018:00:23:07 +0800] "POST /login.do HTTP/1.1" 302 -
0:0:0:0:0:0:0:1 - - [11/Nov/2018:00:23:07 +0800] "GET /teacher/login.do?username=201610414415&password=123456 HTTP/1.1" 200 1707
0:0:0:0:0:0:0:1 - - [11/Nov/2018:00:23:12 +0800] "GET /teacher/course/professional/select.do HTTP/1.1" 200 2184
0:0:0:0:0:0:0:1 - - [11/Nov/2018:00:23:14 +0800] "POST /teacher/course/professional/selected.do HTTP/1.1" 200 2656
0:0:0:0:0:0:0:1 - - [11/Nov/2018:00:23:18 +0800] "POST /teacher/course/professional/ensure.do HTTP/1.1" 500 375
0:0:0:0:0:0:0:1 - - [11/Nov/2018:00:24:56 +0800] "GET /teacher/login.do?username=201610414415&password=123456 HTTP/1.1" 200 1707
0:0:0:0:0:0:0:1 - - [11/Nov/2018:00:24:56 +0800] "GET /favicon.ico HTTP/1.1" 200 946
0:0:0:0:0:0:0:1 - - [11/Nov/2018:00:24:57 +0800] "GET /teacher/course/professional/select.do HTTP/1.1" 200 2184
0:0:0:0:0:0:0:1 - - [11/Nov/2018:00:24:58 +0800] "POST /teacher/course/professional/selected.do HTTP/1.1" 200 2656
0:0:0:0:0:0:0:1 - - [11/Nov/2018:00:24:59 +0800] "POST /teacher/course/professional/ensure.do HTTP/1.1" 200 298
0:0:0:0:0:0:0:1 - - [11/Nov/2018:00:25:00 +0800] "GET /teacher/return.do HTTP/1.1" 200 1707
0:0:0:0:0:0:0:1 - - [11/Nov/2018:00:47:57 +0800] "GET /teacher/return.do HTTP/1.1" 500 510
0:0:0:0:0:0:0:1 - - [11/Nov/2018:00:47:57 +0800] "GET /favicon.ico HTTP/1.1" 200 946
0:0:0:0:0:0:0:1 - - [11/Nov/2018:00:48:01 +0800] "GET / HTTP/1.1" 200 1339
0:0:0:0:0:0:0:1 - - [11/Nov/2018:00:48:01 +0800] "GET /verifyUtil.do HTTP/1.1" 200 790
0:0:0:0:0:0:0:1 - - [11/Nov/2018:00:48:01 +0800] "GET /favicon.ico HTTP/1.1" 200 946
0:0:0:0:0:0:0:1 - - [11/Nov/2018:00:48:13 +0800] "POST /login.do HTTP/1.1" 302 -
0:0:0:0:0:0:0:1 - - [11/Nov/2018:00:48:13 +0800] "GET /teacher/login.do?username=201610414415&password=123456 HTTP/1.1" 500 375
0:0:0:0:0:0:0:1 - - [11/Nov/2018:00:50:39 +0800] "GET / HTTP/1.1" 200 1339
0:0:0:0:0:0:0:1 - - [11/Nov/2018:00:50:39 +0800] "GET /verifyUtil.do HTTP/1.1" 200 633
0:0:0:0:0:0:0:1 - - [11/Nov/2018:00:50:39 +0800] "GET /favicon.ico HTTP/1.1" 200 946
0:0:0:0:0:0:0:1 - - [11/Nov/2018:00:50:50 +0800] "POST /login.do HTTP/1.1" 200 1370
0:0:0:0:0:0:0:1 - - [11/Nov/2018:00:50:50 +0800] "GET /verifyUtil.do HTTP/1.1" 200 620
0:0:0:0:0:0:0:1 - - [11/Nov/2018:00:51:02 +0800] "POST /login.do HTTP/1.1" 302 -
0:0:0:0:0:0:0:1 - - [11/Nov/2018:00:51:02 +0800] "GET /teacher/login.do?username=201610414415&password=123456 HTTP/1.1" 500 375
0:0:0:0:0:0:0:1 - - [11/Nov/2018:00:53:23 +0800] "POST /login.do HTTP/1.1" 200 1370
0:0:0:0:0:0:0:1 - - [11/Nov/2018:00:53:23 +0800] "GET /verifyUtil.do HTTP/1.1" 200 631
0:0:0:0:0:0:0:1 - - [11/Nov/2018:00:53:23 +0800] "GET /favicon.ico HTTP/1.1" 200 946
0:0:0:0:0:0:0:1 - - [11/Nov/2018:00:53:32 +0800] "POST /login.do HTTP/1.1" 302 -
0:0:0:0:0:0:0:1 - - [11/Nov/2018:00:53:32 +0800] "GET /teacher/login.do?username=201610414415&password=123456 HTTP/1.1" 200 1815
0:0:0:0:0:0:0:1 - - [11/Nov/2018:00:54:14 +0800] "GET /teacher/login.do?username=201610414415&password=123456 HTTP/1.1" 200 1815
0:0:0:0:0:0:0:1 - - [11/Nov/2018:00:54:14 +0800] "GET /favicon.ico HTTP/1.1" 200 946
0:0:0:0:0:0:0:1 - - [11/Nov/2018:00:54:44 +0800] "GET /verifyUtil.do?80 HTTP/1.1" 200 647
0:0:0:0:0:0:0:1 - - [11/Nov/2018:00:54:49 +0800] "POST /login.do HTTP/1.1" 302 -
0:0:0:0:0:0:0:1 - - [11/Nov/2018:00:54:49 +0800] "GET /student/login.do?username=201210312216&password=123456 HTTP/1.1" 200 1956
