0:0:0:0:0:0:0:1 - - [12/Nov/2018:16:03:38 +0800] "GET / HTTP/1.1" 200 1339
0:0:0:0:0:0:0:1 - - [12/Nov/2018:16:03:40 +0800] "GET /verifyUtil.do HTTP/1.1" 200 727
0:0:0:0:0:0:0:1 - - [12/Nov/2018:16:04:20 +0800] "POST /login.do HTTP/1.1" 302 -
0:0:0:0:0:0:0:1 - - [12/Nov/2018:16:04:21 +0800] "GET /student/login.do?username=201210312216&password=123456 HTTP/1.1" 200 1956
0:0:0:0:0:0:0:1 - - [12/Nov/2018:16:36:50 +0800] "GET /student/login.do?username=201210312216&password=123456 HTTP/1.1" 200 1798
0:0:0:0:0:0:0:1 - - [12/Nov/2018:16:36:50 +0800] "GET /favicon.ico HTTP/1.1" 200 946
0:0:0:0:0:0:0:1 - - [12/Nov/2018:16:36:50 +0800] "GET /student/login.do?username=201210312216&password=123456 HTTP/1.1" 200 1798
0:0:0:0:0:0:0:1 - - [12/Nov/2018:16:36:50 +0800] "GET /favicon.ico HTTP/1.1" 200 946
0:0:0:0:0:0:0:1 - - [12/Nov/2018:16:36:51 +0800] "GET /student/course/look.do HTTP/1.1" 404 295
0:0:0:0:0:0:0:1 - - [12/Nov/2018:16:37:28 +0800] "GET /student/login.do?username=201210312216&password=123456 HTTP/1.1" 200 1798
0:0:0:0:0:0:0:1 - - [12/Nov/2018:16:37:28 +0800] "GET /favicon.ico HTTP/1.1" 200 946
0:0:0:0:0:0:0:1 - - [12/Nov/2018:16:37:29 +0800] "GET /student/course/look.do HTTP/1.1" 200 2
0:0:0:0:0:0:0:1 - - [12/Nov/2018:16:38:13 +0800] "GET /student/login.do?username=201210312216&password=123456 HTTP/1.1" 200 1798
0:0:0:0:0:0:0:1 - - [12/Nov/2018:16:38:13 +0800] "GET /favicon.ico HTTP/1.1" 200 946
0:0:0:0:0:0:0:1 - - [12/Nov/2018:16:38:14 +0800] "GET /student/login.do?username=201210312216&password=123456 HTTP/1.1" 200 1798
0:0:0:0:0:0:0:1 - - [12/Nov/2018:16:38:14 +0800] "GET /favicon.ico HTTP/1.1" 200 946
0:0:0:0:0:0:0:1 - - [12/Nov/2018:16:38:15 +0800] "GET /student/course/look.do HTTP/1.1" 200 346
0:0:0:0:0:0:0:1 - - [12/Nov/2018:17:11:36 +0800] "GET / HTTP/1.1" 200 1339
0:0:0:0:0:0:0:1 - - [12/Nov/2018:17:11:36 +0800] "GET /verifyUtil.do HTTP/1.1" 200 644
0:0:0:0:0:0:0:1 - - [12/Nov/2018:17:11:48 +0800] "POST /login.do HTTP/1.1" 302 -
0:0:0:0:0:0:0:1 - - [12/Nov/2018:17:11:48 +0800] "GET /department/login.do?username=000000000001&password=123456 HTTP/1.1" 200 1503
0:0:0:0:0:0:0:1 - - [12/Nov/2018:17:11:50 +0800] "GET /department/course/professional/set.do HTTP/1.1" 200 9319
0:0:0:0:0:0:0:1 - - [12/Nov/2018:17:12:04 +0800] "POST /department/course/professional/class.do HTTP/1.1" 200 596
0:0:0:0:0:0:0:1 - - [12/Nov/2018:17:12:05 +0800] "POST /department/course/professional/year.do HTTP/1.1" 200 743
0:0:0:0:0:0:0:1 - - [12/Nov/2018:17:12:08 +0800] "POST /department/course/professional/semester.do HTTP/1.1" 200 499
0:0:0:0:0:0:0:1 - - [12/Nov/2018:17:12:10 +0800] "POST /department/course/professional/name.do HTTP/1.1" 200 963
0:0:0:0:0:0:0:1 - - [12/Nov/2018:17:12:13 +0800] "POST /department/course/professional/rank.do HTTP/1.1" 200 8094
0:0:0:0:0:0:0:1 - - [12/Nov/2018:17:12:16 +0800] "POST /department/course/professional/week.do HTTP/1.1" 200 1307
0:0:0:0:0:0:0:1 - - [12/Nov/2018:17:12:23 +0800] "POST /department/course/professional/day.do HTTP/1.1" 200 2120
0:0:0:0:0:0:0:1 - - [12/Nov/2018:17:13:59 +0800] "POST /department/course/professional/order.do HTTP/1.1" 200 16701
0:0:0:0:0:0:0:1 - - [12/Nov/2018:17:14:12 +0800] "POST /department/course/professional/classroom.do HTTP/1.1" 200 2166
0:0:0:0:0:0:0:1 - - [12/Nov/2018:17:14:19 +0800] "POST /department/course/professional/ensure.do HTTP/1.1" 200 340
0:0:0:0:0:0:0:1 - - [12/Nov/2018:17:14:20 +0800] "GET /department/return.do HTTP/1.1" 200 1503
0:0:0:0:0:0:0:1 - - [12/Nov/2018:17:47:09 +0800] "GET /department/return.do HTTP/1.1" 500 513
0:0:0:0:0:0:0:1 - - [12/Nov/2018:17:47:09 +0800] "GET /favicon.ico HTTP/1.1" 200 946
0:0:0:0:0:0:0:1 - - [12/Nov/2018:17:47:10 +0800] "GET /department/return.do HTTP/1.1" 500 513
0:0:0:0:0:0:0:1 - - [12/Nov/2018:17:47:10 +0800] "GET /favicon.ico HTTP/1.1" 200 946
0:0:0:0:0:0:0:1 - - [12/Nov/2018:17:47:15 +0800] "GET /department/login.do?username=000000000001&password=123456 HTTP/1.1" 200 1503
0:0:0:0:0:0:0:1 - - [12/Nov/2018:17:47:15 +0800] "GET /favicon.ico HTTP/1.1" 200 946
0:0:0:0:0:0:0:1 - - [12/Nov/2018:17:47:16 +0800] "GET /department/course/professional/set.do HTTP/1.1" 200 9319
0:0:0:0:0:0:0:1 - - [12/Nov/2018:17:47:22 +0800] "POST /department/course/professional/class.do HTTP/1.1" 200 596
0:0:0:0:0:0:0:1 - - [12/Nov/2018:17:47:23 +0800] "POST /department/course/professional/year.do HTTP/1.1" 200 743
0:0:0:0:0:0:0:1 - - [12/Nov/2018:17:47:25 +0800] "POST /department/course/professional/semester.do HTTP/1.1" 200 499
0:0:0:0:0:0:0:1 - - [12/Nov/2018:17:47:27 +0800] "POST /department/course/professional/name.do HTTP/1.1" 200 963
0:0:0:0:0:0:0:1 - - [12/Nov/2018:17:47:29 +0800] "POST /department/course/professional/rank.do HTTP/1.1" 200 8094
0:0:0:0:0:0:0:1 - - [12/Nov/2018:17:47:33 +0800] "POST /department/course/professional/week.do HTTP/1.1" 200 1272
0:0:0:0:0:0:0:1 - - [12/Nov/2018:17:47:35 +0800] "POST /department/course/professional/day.do HTTP/1.1" 200 2104
0:0:0:0:0:0:0:1 - - [12/Nov/2018:17:49:35 +0800] "GET /department/login.do?username=000000000001&password=123456 HTTP/1.1" 200 1503
0:0:0:0:0:0:0:1 - - [12/Nov/2018:17:49:35 +0800] "GET /favicon.ico HTTP/1.1" 200 946
0:0:0:0:0:0:0:1 - - [12/Nov/2018:17:49:35 +0800] "GET /department/course/professional/set.do HTTP/1.1" 200 9319
0:0:0:0:0:0:0:1 - - [12/Nov/2018:17:49:40 +0800] "POST /department/course/professional/class.do HTTP/1.1" 200 596
0:0:0:0:0:0:0:1 - - [12/Nov/2018:17:49:42 +0800] "POST /department/course/professional/year.do HTTP/1.1" 200 743
0:0:0:0:0:0:0:1 - - [12/Nov/2018:17:49:43 +0800] "POST /department/course/professional/semester.do HTTP/1.1" 200 499
0:0:0:0:0:0:0:1 - - [12/Nov/2018:17:49:45 +0800] "POST /department/course/professional/name.do HTTP/1.1" 200 963
0:0:0:0:0:0:0:1 - - [12/Nov/2018:17:49:47 +0800] "POST /department/course/professional/rank.do HTTP/1.1" 200 8091
0:0:0:0:0:0:0:1 - - [12/Nov/2018:17:49:50 +0800] "POST /department/course/professional/week.do HTTP/1.1" 200 1307
0:0:0:0:0:0:0:1 - - [12/Nov/2018:17:49:52 +0800] "POST /department/course/professional/day.do HTTP/1.1" 200 2120
0:0:0:0:0:0:0:1 - - [12/Nov/2018:17:49:55 +0800] "POST /department/course/professional/order.do HTTP/1.1" 200 16701
0:0:0:0:0:0:0:1 - - [12/Nov/2018:17:49:57 +0800] "POST /department/course/professional/classroom.do HTTP/1.1" 200 2167
0:0:0:0:0:0:0:1 - - [12/Nov/2018:17:50:02 +0800] "POST /department/course/professional/ensure.do HTTP/1.1" 200 340
0:0:0:0:0:0:0:1 - - [12/Nov/2018:17:50:03 +0800] "GET /department/return.do HTTP/1.1" 200 1503
0:0:0:0:0:0:0:1 - - [12/Nov/2018:17:50:07 +0800] "GET / HTTP/1.1" 200 1339
0:0:0:0:0:0:0:1 - - [12/Nov/2018:17:50:07 +0800] "GET /verifyUtil.do HTTP/1.1" 200 621
0:0:0:0:0:0:0:1 - - [12/Nov/2018:17:54:01 +0800] "POST /login.do HTTP/1.1" 200 1370
0:0:0:0:0:0:0:1 - - [12/Nov/2018:17:54:01 +0800] "GET /verifyUtil.do HTTP/1.1" 200 637
0:0:0:0:0:0:0:1 - - [12/Nov/2018:17:54:08 +0800] "POST /login.do HTTP/1.1" 302 -
0:0:0:0:0:0:0:1 - - [12/Nov/2018:17:54:09 +0800] "GET /teacher/login.do?username=201610414415&password=123456 HTTP/1.1" 200 1815
0:0:0:0:0:0:0:1 - - [12/Nov/2018:17:54:10 +0800] "GET /teacher/course/professional/select.do HTTP/1.1" 200 2363
0:0:0:0:0:0:0:1 - - [12/Nov/2018:17:54:50 +0800] "GET /teacher/course/professional/select.do HTTP/1.1" 200 2398
0:0:0:0:0:0:0:1 - - [12/Nov/2018:17:54:50 +0800] "GET /favicon.ico HTTP/1.1" 200 946
0:0:0:0:0:0:0:1 - - [12/Nov/2018:17:58:45 +0800] "GET /teacher/course/professional/select.do HTTP/1.1" 200 2404
0:0:0:0:0:0:0:1 - - [12/Nov/2018:17:58:45 +0800] "GET /favicon.ico HTTP/1.1" 200 946
0:0:0:0:0:0:0:1 - - [12/Nov/2018:17:58:51 +0800] "POST /teacher/course/professional/selected.do HTTP/1.1" 200 1710
0:0:0:0:0:0:0:1 - - [12/Nov/2018:17:59:22 +0800] "GET /teacher/login.do?username=201610414415&password=123456 HTTP/1.1" 200 1815
0:0:0:0:0:0:0:1 - - [12/Nov/2018:17:59:22 +0800] "GET /favicon.ico HTTP/1.1" 200 946
0:0:0:0:0:0:0:1 - - [12/Nov/2018:17:59:23 +0800] "GET /teacher/login.do?username=201610414415&password=123456 HTTP/1.1" 200 1815
0:0:0:0:0:0:0:1 - - [12/Nov/2018:17:59:23 +0800] "GET /favicon.ico HTTP/1.1" 200 946
0:0:0:0:0:0:0:1 - - [12/Nov/2018:17:59:24 +0800] "GET /teacher/course/professional/select.do HTTP/1.1" 200 2404
0:0:0:0:0:0:0:1 - - [12/Nov/2018:17:59:25 +0800] "POST /teacher/course/professional/selected.do HTTP/1.1" 200 2656
0:0:0:0:0:0:0:1 - - [12/Nov/2018:18:01:45 +0800] "POST /teacher/course/professional/selected.do HTTP/1.1" 200 1908
0:0:0:0:0:0:0:1 - - [12/Nov/2018:18:01:45 +0800] "GET /favicon.ico HTTP/1.1" 200 946
0:0:0:0:0:0:0:1 - - [12/Nov/2018:18:01:49 +0800] "GET /teacher/login.do?username=201610414415&password=123456 HTTP/1.1" 200 1815
0:0:0:0:0:0:0:1 - - [12/Nov/2018:18:01:49 +0800] "GET /favicon.ico HTTP/1.1" 200 946
0:0:0:0:0:0:0:1 - - [12/Nov/2018:18:01:50 +0800] "GET /teacher/course/professional/select.do HTTP/1.1" 200 2404
0:0:0:0:0:0:0:1 - - [12/Nov/2018:18:01:51 +0800] "POST /teacher/course/professional/selected.do HTTP/1.1" 200 2899
0:0:0:0:0:0:0:1 - - [12/Nov/2018:18:02:02 +0800] "POST /teacher/course/professional/ensure.do HTTP/1.1" 200 298
0:0:0:0:0:0:0:1 - - [12/Nov/2018:18:02:03 +0800] "GET /teacher/return.do HTTP/1.1" 200 1788
0:0:0:0:0:0:0:1 - - [12/Nov/2018:18:02:04 +0800] "GET /teacher/course/professional/select.do HTTP/1.1" 200 2529
