0:0:0:0:0:0:0:1 - - [10/Oct/2018:14:35:19 +0800] "GET / HTTP/1.1" 200 826
0:0:0:0:0:0:0:1 - - [10/Oct/2018:14:35:19 +0800] "GET /favicon.ico HTTP/1.1" 304 -
0:0:0:0:0:0:0:1 - - [10/Oct/2018:14:37:22 +0800] "POST /login.do HTTP/1.1" 200 859
0:0:0:0:0:0:0:1 - - [10/Oct/2018:14:37:28 +0800] "POST /login.do HTTP/1.1" 302 -
0:0:0:0:0:0:0:1 - - [10/Oct/2018:14:37:28 +0800] "GET /student/login.do?username=201610414415&password=123456 HTTP/1.1" 500 531
0:0:0:0:0:0:0:1 - - [10/Oct/2018:15:33:30 +0800] "GET /student/login.do?username=201610414415&password=123456 HTTP/1.1" 500 531
0:0:0:0:0:0:0:1 - - [10/Oct/2018:15:33:30 +0800] "GET /favicon.ico HTTP/1.1" 200 946
0:0:0:0:0:0:0:1 - - [10/Oct/2018:15:33:33 +0800] "GET / HTTP/1.1" 200 1147
0:0:0:0:0:0:0:1 - - [10/Oct/2018:15:33:34 +0800] "GET /getVerifyUtil.do HTTP/1.1" 200 709
0:0:0:0:0:0:0:1 - - [10/Oct/2018:15:50:57 +0800] "GET /getVerifyUtil.do?49 HTTP/1.1" 200 659
0:0:0:0:0:0:0:1 - - [10/Oct/2018:15:50:58 +0800] "GET /getVerifyUtil.do?18 HTTP/1.1" 200 651
0:0:0:0:0:0:0:1 - - [10/Oct/2018:15:50:58 +0800] "GET /getVerifyUtil.do?69 HTTP/1.1" 200 651
0:0:0:0:0:0:0:1 - - [10/Oct/2018:15:50:58 +0800] "GET /getVerifyUtil.do?93 HTTP/1.1" 200 635
0:0:0:0:0:0:0:1 - - [10/Oct/2018:15:50:58 +0800] "GET /getVerifyUtil.do?31 HTTP/1.1" 200 672
0:0:0:0:0:0:0:1 - - [10/Oct/2018:15:50:59 +0800] "GET /getVerifyUtil.do?79 HTTP/1.1" 200 596
0:0:0:0:0:0:0:1 - - [10/Oct/2018:15:50:59 +0800] "GET /getVerifyUtil.do?46 HTTP/1.1" 200 720
0:0:0:0:0:0:0:1 - - [10/Oct/2018:15:50:59 +0800] "GET /getVerifyUtil.do?17 HTTP/1.1" 200 665
0:0:0:0:0:0:0:1 - - [10/Oct/2018:15:50:59 +0800] "GET /getVerifyUtil.do?24 HTTP/1.1" 200 664
0:0:0:0:0:0:0:1 - - [10/Oct/2018:15:50:59 +0800] "GET /getVerifyUtil.do?5 HTTP/1.1" 200 721
0:0:0:0:0:0:0:1 - - [10/Oct/2018:15:50:59 +0800] "GET /getVerifyUtil.do?37 HTTP/1.1" 200 693
0:0:0:0:0:0:0:1 - - [10/Oct/2018:15:51:00 +0800] "GET /getVerifyUtil.do?74 HTTP/1.1" 200 652
0:0:0:0:0:0:0:1 - - [10/Oct/2018:15:51:00 +0800] "GET /getVerifyUtil.do?53 HTTP/1.1" 200 751
0:0:0:0:0:0:0:1 - - [10/Oct/2018:15:51:00 +0800] "GET /getVerifyUtil.do?47 HTTP/1.1" 200 632
0:0:0:0:0:0:0:1 - - [10/Oct/2018:15:51:00 +0800] "GET /getVerifyUtil.do?21 HTTP/1.1" 200 750
0:0:0:0:0:0:0:1 - - [10/Oct/2018:15:51:00 +0800] "GET /getVerifyUtil.do?72 HTTP/1.1" 200 619
0:0:0:0:0:0:0:1 - - [10/Oct/2018:15:51:00 +0800] "GET /getVerifyUtil.do?77 HTTP/1.1" 200 695
0:0:0:0:0:0:0:1 - - [10/Oct/2018:15:51:00 +0800] "GET /getVerifyUtil.do?65 HTTP/1.1" 200 614
0:0:0:0:0:0:0:1 - - [10/Oct/2018:15:51:01 +0800] "GET /getVerifyUtil.do?85 HTTP/1.1" 200 588
0:0:0:0:0:0:0:1 - - [10/Oct/2018:15:51:01 +0800] "GET /getVerifyUtil.do?51 HTTP/1.1" 200 613
0:0:0:0:0:0:0:1 - - [10/Oct/2018:15:51:01 +0800] "GET /getVerifyUtil.do?2 HTTP/1.1" 200 555
0:0:0:0:0:0:0:1 - - [10/Oct/2018:15:51:01 +0800] "GET /getVerifyUtil.do?59 HTTP/1.1" 200 584
0:0:0:0:0:0:0:1 - - [10/Oct/2018:15:51:01 +0800] "GET /getVerifyUtil.do?95 HTTP/1.1" 200 659
0:0:0:0:0:0:0:1 - - [10/Oct/2018:15:51:01 +0800] "GET /getVerifyUtil.do?75 HTTP/1.1" 200 693
0:0:0:0:0:0:0:1 - - [10/Oct/2018:15:51:02 +0800] "GET /getVerifyUtil.do?29 HTTP/1.1" 200 554
0:0:0:0:0:0:0:1 - - [10/Oct/2018:15:51:02 +0800] "GET /getVerifyUtil.do?28 HTTP/1.1" 200 643
0:0:0:0:0:0:0:1 - - [10/Oct/2018:15:51:02 +0800] "GET /getVerifyUtil.do?90 HTTP/1.1" 200 710
0:0:0:0:0:0:0:1 - - [10/Oct/2018:15:51:02 +0800] "GET /getVerifyUtil.do?33 HTTP/1.1" 200 584
0:0:0:0:0:0:0:1 - - [10/Oct/2018:15:51:02 +0800] "GET /getVerifyUtil.do?61 HTTP/1.1" 200 556
0:0:0:0:0:0:0:1 - - [10/Oct/2018:15:51:03 +0800] "GET /getVerifyUtil.do?55 HTTP/1.1" 200 653
0:0:0:0:0:0:0:1 - - [10/Oct/2018:15:56:06 +0800] "GET / HTTP/1.1" 200 1147
0:0:0:0:0:0:0:1 - - [10/Oct/2018:15:56:06 +0800] "GET /getVerifyUtil.do HTTP/1.1" 200 668
0:0:0:0:0:0:0:1 - - [10/Oct/2018:15:56:06 +0800] "GET / HTTP/1.1" 200 1147
0:0:0:0:0:0:0:1 - - [10/Oct/2018:15:56:06 +0800] "GET /getVerifyUtil.do HTTP/1.1" 200 702
0:0:0:0:0:0:0:1 - - [10/Oct/2018:15:56:07 +0800] "GET / HTTP/1.1" 200 1147
0:0:0:0:0:0:0:1 - - [10/Oct/2018:15:56:07 +0800] "GET /getVerifyUtil.do HTTP/1.1" 200 631
0:0:0:0:0:0:0:1 - - [10/Oct/2018:15:56:07 +0800] "GET / HTTP/1.1" 200 1147
0:0:0:0:0:0:0:1 - - [10/Oct/2018:15:56:07 +0800] "GET /getVerifyUtil.do HTTP/1.1" 200 657
0:0:0:0:0:0:0:1 - - [10/Oct/2018:15:56:07 +0800] "GET / HTTP/1.1" 200 1147
0:0:0:0:0:0:0:1 - - [10/Oct/2018:15:56:07 +0800] "GET /getVerifyUtil.do HTTP/1.1" 200 699
0:0:0:0:0:0:0:1 - - [10/Oct/2018:15:56:07 +0800] "GET / HTTP/1.1" 200 1147
0:0:0:0:0:0:0:1 - - [10/Oct/2018:15:56:07 +0800] "GET /getVerifyUtil.do HTTP/1.1" 200 643
0:0:0:0:0:0:0:1 - - [10/Oct/2018:15:56:07 +0800] "GET / HTTP/1.1" 200 1147
0:0:0:0:0:0:0:1 - - [10/Oct/2018:15:56:08 +0800] "GET /getVerifyUtil.do HTTP/1.1" 200 658
0:0:0:0:0:0:0:1 - - [10/Oct/2018:15:56:08 +0800] "GET / HTTP/1.1" 200 1147
0:0:0:0:0:0:0:1 - - [10/Oct/2018:15:56:08 +0800] "GET /getVerifyUtil.do HTTP/1.1" 200 593
0:0:0:0:0:0:0:1 - - [10/Oct/2018:15:56:08 +0800] "GET / HTTP/1.1" 200 1147
0:0:0:0:0:0:0:1 - - [10/Oct/2018:15:56:08 +0800] "GET /getVerifyUtil.do HTTP/1.1" 200 566
0:0:0:0:0:0:0:1 - - [10/Oct/2018:15:56:08 +0800] "GET / HTTP/1.1" 200 1147
0:0:0:0:0:0:0:1 - - [10/Oct/2018:15:56:08 +0800] "GET /getVerifyUtil.do HTTP/1.1" 200 597
0:0:0:0:0:0:0:1 - - [10/Oct/2018:15:56:08 +0800] "GET / HTTP/1.1" 200 1147
0:0:0:0:0:0:0:1 - - [10/Oct/2018:15:56:08 +0800] "GET /getVerifyUtil.do HTTP/1.1" 200 697
0:0:0:0:0:0:0:1 - - [10/Oct/2018:15:56:08 +0800] "GET / HTTP/1.1" 200 1147
0:0:0:0:0:0:0:1 - - [10/Oct/2018:15:56:08 +0800] "GET /getVerifyUtil.do HTTP/1.1" 200 734
0:0:0:0:0:0:0:1 - - [10/Oct/2018:15:56:08 +0800] "GET / HTTP/1.1" 200 1147
0:0:0:0:0:0:0:1 - - [10/Oct/2018:15:56:08 +0800] "GET /getVerifyUtil.do HTTP/1.1" 200 690
0:0:0:0:0:0:0:1 - - [10/Oct/2018:15:56:09 +0800] "GET / HTTP/1.1" 200 1147
0:0:0:0:0:0:0:1 - - [10/Oct/2018:15:56:09 +0800] "GET /getVerifyUtil.do HTTP/1.1" 200 670
0:0:0:0:0:0:0:1 - - [10/Oct/2018:15:56:09 +0800] "GET / HTTP/1.1" 200 1147
0:0:0:0:0:0:0:1 - - [10/Oct/2018:15:56:09 +0800] "GET /getVerifyUtil.do HTTP/1.1" 200 629
0:0:0:0:0:0:0:1 - - [10/Oct/2018:15:56:09 +0800] "GET / HTTP/1.1" 200 1147
0:0:0:0:0:0:0:1 - - [10/Oct/2018:15:56:09 +0800] "GET /getVerifyUtil.do HTTP/1.1" 200 673
0:0:0:0:0:0:0:1 - - [10/Oct/2018:15:56:09 +0800] "GET / HTTP/1.1" 200 1147
0:0:0:0:0:0:0:1 - - [10/Oct/2018:15:56:09 +0800] "GET /getVerifyUtil.do HTTP/1.1" 200 653
0:0:0:0:0:0:0:1 - - [10/Oct/2018:15:56:09 +0800] "GET / HTTP/1.1" 200 1147
0:0:0:0:0:0:0:1 - - [10/Oct/2018:15:56:09 +0800] "GET /getVerifyUtil.do HTTP/1.1" 200 672
0:0:0:0:0:0:0:1 - - [10/Oct/2018:15:56:10 +0800] "GET / HTTP/1.1" 200 1147
0:0:0:0:0:0:0:1 - - [10/Oct/2018:15:56:10 +0800] "GET /getVerifyUtil.do HTTP/1.1" 200 624
0:0:0:0:0:0:0:1 - - [10/Oct/2018:15:56:10 +0800] "GET / HTTP/1.1" 200 1147
0:0:0:0:0:0:0:1 - - [10/Oct/2018:15:56:10 +0800] "GET /getVerifyUtil.do HTTP/1.1" 200 601
0:0:0:0:0:0:0:1 - - [10/Oct/2018:15:56:10 +0800] "GET / HTTP/1.1" 200 1147
0:0:0:0:0:0:0:1 - - [10/Oct/2018:15:56:10 +0800] "GET /getVerifyUtil.do HTTP/1.1" 200 690
0:0:0:0:0:0:0:1 - - [10/Oct/2018:15:56:10 +0800] "GET / HTTP/1.1" 200 1147
0:0:0:0:0:0:0:1 - - [10/Oct/2018:15:56:10 +0800] "GET /getVerifyUtil.do HTTP/1.1" 200 573
0:0:0:0:0:0:0:1 - - [10/Oct/2018:15:56:10 +0800] "GET / HTTP/1.1" 200 1147
0:0:0:0:0:0:0:1 - - [10/Oct/2018:15:56:10 +0800] "GET /getVerifyUtil.do HTTP/1.1" 200 665
0:0:0:0:0:0:0:1 - - [10/Oct/2018:15:56:10 +0800] "GET / HTTP/1.1" 200 1147
0:0:0:0:0:0:0:1 - - [10/Oct/2018:15:56:10 +0800] "GET /getVerifyUtil.do HTTP/1.1" 200 556
0:0:0:0:0:0:0:1 - - [10/Oct/2018:15:56:10 +0800] "GET / HTTP/1.1" 200 1147
0:0:0:0:0:0:0:1 - - [10/Oct/2018:15:56:10 +0800] "GET /getVerifyUtil.do HTTP/1.1" 200 597
0:0:0:0:0:0:0:1 - - [10/Oct/2018:15:56:11 +0800] "GET / HTTP/1.1" 200 1147
0:0:0:0:0:0:0:1 - - [10/Oct/2018:15:56:11 +0800] "GET /getVerifyUtil.do HTTP/1.1" 200 588
0:0:0:0:0:0:0:1 - - [10/Oct/2018:15:56:11 +0800] "GET / HTTP/1.1" 200 1147
0:0:0:0:0:0:0:1 - - [10/Oct/2018:15:56:11 +0800] "GET /getVerifyUtil.do HTTP/1.1" 200 582
0:0:0:0:0:0:0:1 - - [10/Oct/2018:15:56:11 +0800] "GET / HTTP/1.1" 200 1147
0:0:0:0:0:0:0:1 - - [10/Oct/2018:15:56:11 +0800] "GET /getVerifyUtil.do HTTP/1.1" 200 694
0:0:0:0:0:0:0:1 - - [10/Oct/2018:15:56:11 +0800] "GET / HTTP/1.1" 200 1147
0:0:0:0:0:0:0:1 - - [10/Oct/2018:15:56:11 +0800] "GET /getVerifyUtil.do HTTP/1.1" 200 652
0:0:0:0:0:0:0:1 - - [10/Oct/2018:15:56:11 +0800] "GET / HTTP/1.1" 200 1147
0:0:0:0:0:0:0:1 - - [10/Oct/2018:15:56:11 +0800] "GET /getVerifyUtil.do HTTP/1.1" 200 674
0:0:0:0:0:0:0:1 - - [10/Oct/2018:16:03:46 +0800] "GET / HTTP/1.1" 200 1147
0:0:0:0:0:0:0:1 - - [10/Oct/2018:16:03:47 +0800] "GET /getVerifyUtil.do HTTP/1.1" 200 658
0:0:0:0:0:0:0:1 - - [10/Oct/2018:16:05:26 +0800] "GET / HTTP/1.1" 200 1147
0:0:0:0:0:0:0:1 - - [10/Oct/2018:16:05:26 +0800] "GET /getVerifyUtil.do HTTP/1.1" 200 655
0:0:0:0:0:0:0:1 - - [10/Oct/2018:16:05:33 +0800] "GET /getVerifyUtil.do?66 HTTP/1.1" 200 641
0:0:0:0:0:0:0:1 - - [10/Oct/2018:16:05:34 +0800] "GET /getVerifyUtil.do?79 HTTP/1.1" 200 579
0:0:0:0:0:0:0:1 - - [10/Oct/2018:16:05:34 +0800] "GET /getVerifyUtil.do?62 HTTP/1.1" 200 695
0:0:0:0:0:0:0:1 - - [10/Oct/2018:16:05:36 +0800] "GET /getVerifyUtil.do?84 HTTP/1.1" 200 606
0:0:0:0:0:0:0:1 - - [10/Oct/2018:16:05:36 +0800] "GET /getVerifyUtil.do?53 HTTP/1.1" 200 635
0:0:0:0:0:0:0:1 - - [10/Oct/2018:16:06:06 +0800] "GET / HTTP/1.1" 200 1198
0:0:0:0:0:0:0:1 - - [10/Oct/2018:16:06:06 +0800] "GET /getVerifyUtil.do HTTP/1.1" 200 615
0:0:0:0:0:0:0:1 - - [10/Oct/2018:16:06:19 +0800] "GET /getVerifyUtil.do?17 HTTP/1.1" 200 621
0:0:0:0:0:0:0:1 - - [10/Oct/2018:16:06:20 +0800] "GET /getVerifyUtil.do?12 HTTP/1.1" 200 654
0:0:0:0:0:0:0:1 - - [10/Oct/2018:16:06:20 +0800] "GET /getVerifyUtil.do?85 HTTP/1.1" 200 710
0:0:0:0:0:0:0:1 - - [10/Oct/2018:16:06:21 +0800] "GET /getVerifyUtil.do?72 HTTP/1.1" 200 652
0:0:0:0:0:0:0:1 - - [10/Oct/2018:16:06:21 +0800] "GET /getVerifyUtil.do?1 HTTP/1.1" 200 612
0:0:0:0:0:0:0:1 - - [10/Oct/2018:16:08:02 +0800] "GET / HTTP/1.1" 200 1197
0:0:0:0:0:0:0:1 - - [10/Oct/2018:16:08:03 +0800] "GET /getVerifyUtil.do HTTP/1.1" 200 697
0:0:0:0:0:0:0:1 - - [10/Oct/2018:16:08:03 +0800] "GET / HTTP/1.1" 200 1197
0:0:0:0:0:0:0:1 - - [10/Oct/2018:16:08:03 +0800] "GET /getVerifyUtil.do HTTP/1.1" 200 601
0:0:0:0:0:0:0:1 - - [10/Oct/2018:16:08:04 +0800] "GET / HTTP/1.1" 200 1197
0:0:0:0:0:0:0:1 - - [10/Oct/2018:16:08:04 +0800] "GET /getVerifyUtil.do HTTP/1.1" 200 652
0:0:0:0:0:0:0:1 - - [10/Oct/2018:16:08:05 +0800] "GET / HTTP/1.1" 200 1197
0:0:0:0:0:0:0:1 - - [10/Oct/2018:16:08:05 +0800] "GET /getVerifyUtil.do HTTP/1.1" 200 626
0:0:0:0:0:0:0:1 - - [10/Oct/2018:16:08:05 +0800] "GET / HTTP/1.1" 200 1197
0:0:0:0:0:0:0:1 - - [10/Oct/2018:16:08:05 +0800] "GET /getVerifyUtil.do HTTP/1.1" 200 727
0:0:0:0:0:0:0:1 - - [10/Oct/2018:16:08:05 +0800] "GET / HTTP/1.1" 200 1197
0:0:0:0:0:0:0:1 - - [10/Oct/2018:16:08:05 +0800] "GET /getVerifyUtil.do HTTP/1.1" 200 560
0:0:0:0:0:0:0:1 - - [10/Oct/2018:16:08:05 +0800] "GET / HTTP/1.1" 200 1197
0:0:0:0:0:0:0:1 - - [10/Oct/2018:16:08:05 +0800] "GET /getVerifyUtil.do HTTP/1.1" 200 566
0:0:0:0:0:0:0:1 - - [10/Oct/2018:16:08:05 +0800] "GET / HTTP/1.1" 200 1197
0:0:0:0:0:0:0:1 - - [10/Oct/2018:16:08:05 +0800] "GET /getVerifyUtil.do HTTP/1.1" 200 605
0:0:0:0:0:0:0:1 - - [10/Oct/2018:16:08:05 +0800] "GET / HTTP/1.1" 200 1197
0:0:0:0:0:0:0:1 - - [10/Oct/2018:16:08:05 +0800] "GET /getVerifyUtil.do HTTP/1.1" 200 663
0:0:0:0:0:0:0:1 - - [10/Oct/2018:16:08:05 +0800] "GET / HTTP/1.1" 200 1197
0:0:0:0:0:0:0:1 - - [10/Oct/2018:16:08:05 +0800] "GET /getVerifyUtil.do HTTP/1.1" 200 641
0:0:0:0:0:0:0:1 - - [10/Oct/2018:16:08:06 +0800] "GET / HTTP/1.1" 200 1197
0:0:0:0:0:0:0:1 - - [10/Oct/2018:16:08:06 +0800] "GET /getVerifyUtil.do HTTP/1.1" 200 741
0:0:0:0:0:0:0:1 - - [10/Oct/2018:16:08:06 +0800] "GET / HTTP/1.1" 200 1197
0:0:0:0:0:0:0:1 - - [10/Oct/2018:16:08:06 +0800] "GET /getVerifyUtil.do HTTP/1.1" 200 647
0:0:0:0:0:0:0:1 - - [10/Oct/2018:16:08:06 +0800] "GET / HTTP/1.1" 200 1197
0:0:0:0:0:0:0:1 - - [10/Oct/2018:16:08:06 +0800] "GET /getVerifyUtil.do HTTP/1.1" 200 610
0:0:0:0:0:0:0:1 - - [10/Oct/2018:16:08:06 +0800] "GET / HTTP/1.1" 200 1197
0:0:0:0:0:0:0:1 - - [10/Oct/2018:16:08:06 +0800] "GET /getVerifyUtil.do HTTP/1.1" 200 662
0:0:0:0:0:0:0:1 - - [10/Oct/2018:16:08:06 +0800] "GET / HTTP/1.1" 200 1197
0:0:0:0:0:0:0:1 - - [10/Oct/2018:16:08:06 +0800] "GET /getVerifyUtil.do HTTP/1.1" 200 649
0:0:0:0:0:0:0:1 - - [10/Oct/2018:16:08:06 +0800] "GET / HTTP/1.1" 200 1197
0:0:0:0:0:0:0:1 - - [10/Oct/2018:16:08:06 +0800] "GET /getVerifyUtil.do HTTP/1.1" 200 668
0:0:0:0:0:0:0:1 - - [10/Oct/2018:16:08:06 +0800] "GET / HTTP/1.1" 200 1197
0:0:0:0:0:0:0:1 - - [10/Oct/2018:16:08:06 +0800] "GET /getVerifyUtil.do HTTP/1.1" 200 630
0:0:0:0:0:0:0:1 - - [10/Oct/2018:16:08:07 +0800] "GET / HTTP/1.1" 200 1197
0:0:0:0:0:0:0:1 - - [10/Oct/2018:16:08:07 +0800] "GET /getVerifyUtil.do HTTP/1.1" 200 661
0:0:0:0:0:0:0:1 - - [10/Oct/2018:16:08:07 +0800] "GET / HTTP/1.1" 200 1197
0:0:0:0:0:0:0:1 - - [10/Oct/2018:16:08:07 +0800] "GET /getVerifyUtil.do HTTP/1.1" 200 683
0:0:0:0:0:0:0:1 - - [10/Oct/2018:16:08:07 +0800] "GET / HTTP/1.1" 200 1197
0:0:0:0:0:0:0:1 - - [10/Oct/2018:16:08:07 +0800] "GET /getVerifyUtil.do HTTP/1.1" 200 620
0:0:0:0:0:0:0:1 - - [10/Oct/2018:16:08:07 +0800] "GET / HTTP/1.1" 200 1197
0:0:0:0:0:0:0:1 - - [10/Oct/2018:16:08:07 +0800] "GET /getVerifyUtil.do HTTP/1.1" 200 653
0:0:0:0:0:0:0:1 - - [10/Oct/2018:16:08:07 +0800] "GET / HTTP/1.1" 200 1197
0:0:0:0:0:0:0:1 - - [10/Oct/2018:16:08:07 +0800] "GET /getVerifyUtil.do HTTP/1.1" 200 683
0:0:0:0:0:0:0:1 - - [10/Oct/2018:16:08:07 +0800] "GET / HTTP/1.1" 200 1197
0:0:0:0:0:0:0:1 - - [10/Oct/2018:16:08:07 +0800] "GET /getVerifyUtil.do HTTP/1.1" 200 569
0:0:0:0:0:0:0:1 - - [10/Oct/2018:16:08:07 +0800] "GET / HTTP/1.1" 200 1197
0:0:0:0:0:0:0:1 - - [10/Oct/2018:16:08:07 +0800] "GET /getVerifyUtil.do HTTP/1.1" 200 728
0:0:0:0:0:0:0:1 - - [10/Oct/2018:16:08:08 +0800] "GET / HTTP/1.1" 200 1197
0:0:0:0:0:0:0:1 - - [10/Oct/2018:16:08:08 +0800] "GET /getVerifyUtil.do HTTP/1.1" 200 682
0:0:0:0:0:0:0:1 - - [10/Oct/2018:16:08:08 +0800] "GET / HTTP/1.1" 200 1197
0:0:0:0:0:0:0:1 - - [10/Oct/2018:16:08:08 +0800] "GET /getVerifyUtil.do HTTP/1.1" 200 567
0:0:0:0:0:0:0:1 - - [10/Oct/2018:16:08:08 +0800] "GET / HTTP/1.1" 200 1197
0:0:0:0:0:0:0:1 - - [10/Oct/2018:16:08:08 +0800] "GET /getVerifyUtil.do HTTP/1.1" 200 744
0:0:0:0:0:0:0:1 - - [10/Oct/2018:16:08:08 +0800] "GET / HTTP/1.1" 200 1197
0:0:0:0:0:0:0:1 - - [10/Oct/2018:16:08:08 +0800] "GET /getVerifyUtil.do HTTP/1.1" 200 625
0:0:0:0:0:0:0:1 - - [10/Oct/2018:16:08:09 +0800] "GET /getVerifyUtil.do?7 HTTP/1.1" 200 641
0:0:0:0:0:0:0:1 - - [10/Oct/2018:16:08:10 +0800] "GET /getVerifyUtil.do?59 HTTP/1.1" 200 671
0:0:0:0:0:0:0:1 - - [10/Oct/2018:16:08:10 +0800] "GET /getVerifyUtil.do?15 HTTP/1.1" 200 637
0:0:0:0:0:0:0:1 - - [10/Oct/2018:16:08:11 +0800] "GET /getVerifyUtil.do?83 HTTP/1.1" 200 680
0:0:0:0:0:0:0:1 - - [10/Oct/2018:16:08:11 +0800] "GET /getVerifyUtil.do?9 HTTP/1.1" 200 617
0:0:0:0:0:0:0:1 - - [10/Oct/2018:16:08:11 +0800] "GET /getVerifyUtil.do?30 HTTP/1.1" 200 753
0:0:0:0:0:0:0:1 - - [10/Oct/2018:16:08:12 +0800] "GET /getVerifyUtil.do?50 HTTP/1.1" 200 611
0:0:0:0:0:0:0:1 - - [10/Oct/2018:16:08:46 +0800] "GET / HTTP/1.1" 200 1146
0:0:0:0:0:0:0:1 - - [10/Oct/2018:16:08:47 +0800] "GET /getVerifyUtil.do HTTP/1.1" 200 749
0:0:0:0:0:0:0:1 - - [10/Oct/2018:16:08:50 +0800] "GET /getVerifyUtil.do?57 HTTP/1.1" 200 726
0:0:0:0:0:0:0:1 - - [10/Oct/2018:16:08:51 +0800] "GET /getVerifyUtil.do?10 HTTP/1.1" 200 593
0:0:0:0:0:0:0:1 - - [10/Oct/2018:16:08:52 +0800] "GET /getVerifyUtil.do?53 HTTP/1.1" 200 599
0:0:0:0:0:0:0:1 - - [10/Oct/2018:16:08:53 +0800] "GET /getVerifyUtil.do?4 HTTP/1.1" 200 706
0:0:0:0:0:0:0:1 - - [10/Oct/2018:16:09:23 +0800] "GET / HTTP/1.1" 200 1146
0:0:0:0:0:0:0:1 - - [10/Oct/2018:16:09:23 +0800] "GET /getVerifyUtil.do HTTP/1.1" 200 724
0:0:0:0:0:0:0:1 - - [10/Oct/2018:16:09:23 +0800] "GET / HTTP/1.1" 200 1146
0:0:0:0:0:0:0:1 - - [10/Oct/2018:16:09:23 +0800] "GET /getVerifyUtil.do HTTP/1.1" 200 684
0:0:0:0:0:0:0:1 - - [10/Oct/2018:16:09:24 +0800] "GET / HTTP/1.1" 200 1146
0:0:0:0:0:0:0:1 - - [10/Oct/2018:16:09:24 +0800] "GET /getVerifyUtil.do HTTP/1.1" 200 564
0:0:0:0:0:0:0:1 - - [10/Oct/2018:16:09:25 +0800] "GET / HTTP/1.1" 200 1146
0:0:0:0:0:0:0:1 - - [10/Oct/2018:16:09:25 +0800] "GET /getVerifyUtil.do HTTP/1.1" 200 697
0:0:0:0:0:0:0:1 - - [10/Oct/2018:16:09:26 +0800] "GET /getVerifyUtil.do?2 HTTP/1.1" 200 625
0:0:0:0:0:0:0:1 - - [10/Oct/2018:16:09:27 +0800] "GET /getVerifyUtil.do?26 HTTP/1.1" 200 553
0:0:0:0:0:0:0:1 - - [10/Oct/2018:16:09:27 +0800] "GET /getVerifyUtil.do?87 HTTP/1.1" 200 697
0:0:0:0:0:0:0:1 - - [10/Oct/2018:16:09:28 +0800] "GET /getVerifyUtil.do?93 HTTP/1.1" 200 654
0:0:0:0:0:0:0:1 - - [10/Oct/2018:16:09:28 +0800] "GET /getVerifyUtil.do?51 HTTP/1.1" 200 611
0:0:0:0:0:0:0:1 - - [10/Oct/2018:16:09:29 +0800] "GET /getVerifyUtil.do?30 HTTP/1.1" 200 615
0:0:0:0:0:0:0:1 - - [10/Oct/2018:16:09:29 +0800] "GET /getVerifyUtil.do?81 HTTP/1.1" 200 617
0:0:0:0:0:0:0:1 - - [10/Oct/2018:16:09:29 +0800] "GET /getVerifyUtil.do?17 HTTP/1.1" 200 586
0:0:0:0:0:0:0:1 - - [10/Oct/2018:16:09:30 +0800] "GET /getVerifyUtil.do?99 HTTP/1.1" 200 532
0:0:0:0:0:0:0:1 - - [10/Oct/2018:16:09:30 +0800] "GET /getVerifyUtil.do?44 HTTP/1.1" 200 705
0:0:0:0:0:0:0:1 - - [10/Oct/2018:16:09:30 +0800] "GET /getVerifyUtil.do?60 HTTP/1.1" 200 678
0:0:0:0:0:0:0:1 - - [10/Oct/2018:16:09:31 +0800] "GET /getVerifyUtil.do?78 HTTP/1.1" 200 696
0:0:0:0:0:0:0:1 - - [10/Oct/2018:16:09:32 +0800] "GET /getVerifyUtil.do?59 HTTP/1.1" 200 584
0:0:0:0:0:0:0:1 - - [10/Oct/2018:16:09:33 +0800] "GET /getVerifyUtil.do?91 HTTP/1.1" 200 730
0:0:0:0:0:0:0:1 - - [10/Oct/2018:16:09:33 +0800] "GET /getVerifyUtil.do?52 HTTP/1.1" 200 617
0:0:0:0:0:0:0:1 - - [10/Oct/2018:16:09:34 +0800] "GET /getVerifyUtil.do?25 HTTP/1.1" 200 716
0:0:0:0:0:0:0:1 - - [10/Oct/2018:16:09:40 +0800] "POST /login.do HTTP/1.1" 200 1176
0:0:0:0:0:0:0:1 - - [10/Oct/2018:16:09:40 +0800] "GET /getVerifyUtil.do HTTP/1.1" 200 651
0:0:0:0:0:0:0:1 - - [10/Oct/2018:16:09:45 +0800] "POST /login.do HTTP/1.1" 200 1176
0:0:0:0:0:0:0:1 - - [10/Oct/2018:16:09:45 +0800] "GET /getVerifyUtil.do HTTP/1.1" 200 634
