0:0:0:0:0:0:0:1 - - [02/Mar/2020:17:46:12 +0800] "GET / HTTP/1.1" 200 2267
0:0:0:0:0:0:0:1 - - [02/Mar/2020:17:46:14 +0800] "GET /verifyUtil.do HTTP/1.1" 200 599
0:0:0:0:0:0:0:1 - - [02/Mar/2020:17:46:26 +0800] "POST /login.do HTTP/1.1" 302 -
0:0:0:0:0:0:0:1 - - [02/Mar/2020:17:46:27 +0800] "GET /student/login.do?username=201210312216&password=123456 HTTP/1.1" 200 2373
0:0:0:0:0:0:0:1 - - [02/Mar/2020:17:46:28 +0800] "GET /student/score/select.do HTTP/1.1" 200 1196
0:0:0:0:0:0:0:1 - - [02/Mar/2020:17:46:35 +0800] "POST /student/score/look.do HTTP/1.1" 200 1056
0:0:0:0:0:0:0:1 - - [02/Mar/2020:17:46:48 +0800] "GET /student/course/look.do HTTP/1.1" 200 7617
0:0:0:0:0:0:0:1 - - [02/Mar/2020:17:47:58 +0800] "GET /student/score/select.do HTTP/1.1" 200 1196
0:0:0:0:0:0:0:1 - - [02/Mar/2020:17:48:01 +0800] "POST /student/score/look.do HTTP/1.1" 200 1056
0:0:0:0:0:0:0:1 - - [02/Mar/2020:17:48:12 +0800] "POST /student/score/look.do HTTP/1.1" 200 1056
0:0:0:0:0:0:0:1 - - [02/Mar/2020:17:48:19 +0800] "POST /student/score/look.do HTTP/1.1" 200 1056
0:0:0:0:0:0:0:1 - - [02/Mar/2020:17:48:23 +0800] "POST /student/score/look.do HTTP/1.1" 200 1056
0:0:0:0:0:0:0:1 - - [02/Mar/2020:17:48:56 +0800] "GET /student/score/select.do HTTP/1.1" 200 1196
0:0:0:0:0:0:0:1 - - [02/Mar/2020:17:48:58 +0800] "POST /student/score/look.do HTTP/1.1" 200 1056
0:0:0:0:0:0:0:1 - - [02/Mar/2020:17:50:10 +0800] "GET /student HTTP/1.1" 404 295
0:0:0:0:0:0:0:1 - - [02/Mar/2020:17:50:15 +0800] "GET /student/index HTTP/1.1" 404 295
0:0:0:0:0:0:0:1 - - [02/Mar/2020:17:50:20 +0800] "GET /student/index HTTP/1.1" 404 295
0:0:0:0:0:0:0:1 - - [02/Mar/2020:17:50:21 +0800] "GET /favicon.ico HTTP/1.1" 200 946
0:0:0:0:0:0:0:1 - - [02/Mar/2020:17:50:23 +0800] "GET / HTTP/1.1" 200 2267
0:0:0:0:0:0:0:1 - - [02/Mar/2020:17:50:24 +0800] "GET /verifyUtil.do HTTP/1.1" 200 645
0:0:0:0:0:0:0:1 - - [02/Mar/2020:17:50:35 +0800] "POST /login.do HTTP/1.1" 302 -
0:0:0:0:0:0:0:1 - - [02/Mar/2020:17:50:35 +0800] "GET /student/login.do?username=201210312216&password=123456 HTTP/1.1" 200 2373
0:0:0:0:0:0:0:1 - - [02/Mar/2020:17:50:36 +0800] "GET /student/score/select.do HTTP/1.1" 200 1196
0:0:0:0:0:0:0:1 - - [02/Mar/2020:17:50:39 +0800] "POST /student/score/look.do HTTP/1.1" 200 1056
0:0:0:0:0:0:0:1 - - [02/Mar/2020:17:51:27 +0800] "GET /student/login.do?username=201210312216&password=123456 HTTP/1.1" 200 2373
0:0:0:0:0:0:0:1 - - [02/Mar/2020:17:51:27 +0800] "GET /favicon.ico HTTP/1.1" 200 946
0:0:0:0:0:0:0:1 - - [02/Mar/2020:17:51:27 +0800] "GET /student/score/select.do HTTP/1.1" 200 1196
0:0:0:0:0:0:0:1 - - [02/Mar/2020:17:51:30 +0800] "POST /student/score/look.do HTTP/1.1" 200 1056
0:0:0:0:0:0:0:1 - - [02/Mar/2020:17:52:26 +0800] "GET /student/login.do?username=201210312216&password=123456 HTTP/1.1" 200 2373
0:0:0:0:0:0:0:1 - - [02/Mar/2020:17:52:26 +0800] "GET /favicon.ico HTTP/1.1" 200 946
0:0:0:0:0:0:0:1 - - [02/Mar/2020:17:52:26 +0800] "GET /student/score/select.do HTTP/1.1" 200 1196
0:0:0:0:0:0:0:1 - - [02/Mar/2020:17:52:29 +0800] "POST /student/score/look.do HTTP/1.1" 200 1056
0:0:0:0:0:0:0:1 - - [02/Mar/2020:17:53:14 +0800] "GET /student/score/select.do HTTP/1.1" 200 1196
0:0:0:0:0:0:0:1 - - [02/Mar/2020:17:53:14 +0800] "GET /favicon.ico HTTP/1.1" 200 946
0:0:0:0:0:0:0:1 - - [02/Mar/2020:17:53:15 +0800] "GET /student/login.do?username=201210312216&password=123456 HTTP/1.1" 200 2373
0:0:0:0:0:0:0:1 - - [02/Mar/2020:17:53:15 +0800] "GET /favicon.ico HTTP/1.1" 200 946
0:0:0:0:0:0:0:1 - - [02/Mar/2020:17:53:16 +0800] "GET /student/score/select.do HTTP/1.1" 200 1196
0:0:0:0:0:0:0:1 - - [02/Mar/2020:17:53:19 +0800] "POST /student/score/look.do HTTP/1.1" 200 1238
0:0:0:0:0:0:0:1 - - [02/Mar/2020:17:54:13 +0800] "GET /student/login.do?username=201210312216&password=123456 HTTP/1.1" 200 2373
0:0:0:0:0:0:0:1 - - [02/Mar/2020:17:54:13 +0800] "GET /favicon.ico HTTP/1.1" 200 946
0:0:0:0:0:0:0:1 - - [02/Mar/2020:17:54:14 +0800] "GET /student/score/select.do HTTP/1.1" 200 1196
0:0:0:0:0:0:0:1 - - [02/Mar/2020:17:54:17 +0800] "POST /student/score/look.do HTTP/1.1" 200 1189
0:0:0:0:0:0:0:1 - - [02/Mar/2020:17:54:48 +0800] "GET /student/login.do?username=201210312216&password=123456 HTTP/1.1" 200 2373
0:0:0:0:0:0:0:1 - - [02/Mar/2020:17:54:48 +0800] "GET /favicon.ico HTTP/1.1" 200 946
0:0:0:0:0:0:0:1 - - [02/Mar/2020:17:54:48 +0800] "GET /student/score/select.do HTTP/1.1" 200 1196
0:0:0:0:0:0:0:1 - - [02/Mar/2020:17:54:51 +0800] "POST /student/score/look.do HTTP/1.1" 200 1201
0:0:0:0:0:0:0:1 - - [02/Mar/2020:17:55:43 +0800] "GET /student/login.do?username=201210312216&password=123456 HTTP/1.1" 200 2373
0:0:0:0:0:0:0:1 - - [02/Mar/2020:17:55:43 +0800] "GET /student/score/select.do HTTP/1.1" 200 1196
0:0:0:0:0:0:0:1 - - [02/Mar/2020:17:55:46 +0800] "POST /student/score/look.do HTTP/1.1" 200 1205
127.0.0.1 - - [02/Mar/2020:17:57:39 +0800] "GET /student/login.do?username=201210312216&password=123456 HTTP/1.1" 200 2373
127.0.0.1 - - [02/Mar/2020:17:57:39 +0800] "GET /favicon.ico HTTP/1.1" 200 946
127.0.0.1 - - [02/Mar/2020:17:57:40 +0800] "GET /student/score/select.do HTTP/1.1" 200 1196
127.0.0.1 - - [02/Mar/2020:17:57:43 +0800] "POST /student/score/look.do HTTP/1.1" 200 1386
0:0:0:0:0:0:0:1 - - [02/Mar/2020:20:12:05 +0800] "GET /student/login.do?username=201210312216&password=123456 HTTP/1.1" 200 2373
0:0:0:0:0:0:0:1 - - [02/Mar/2020:20:12:05 +0800] "GET /favicon.ico HTTP/1.1" 200 946
0:0:0:0:0:0:0:1 - - [02/Mar/2020:20:12:05 +0800] "GET /student/score/select.do HTTP/1.1" 200 1196
0:0:0:0:0:0:0:1 - - [02/Mar/2020:20:12:10 +0800] "POST /student/score/look.do HTTP/1.1" 200 1378
