0:0:0:0:0:0:0:1 - - [02/Nov/2018:08:47:43 +0800] "GET / HTTP/1.1" 200 1339
0:0:0:0:0:0:0:1 - - [02/Nov/2018:08:47:45 +0800] "GET /verifyUtil.do HTTP/1.1" 200 659
0:0:0:0:0:0:0:1 - - [02/Nov/2018:08:48:03 +0800] "GET /verifyUtil.do?0 HTTP/1.1" 200 622
0:0:0:0:0:0:0:1 - - [02/Nov/2018:08:48:10 +0800] "POST /login.do HTTP/1.1" 302 -
0:0:0:0:0:0:0:1 - - [02/Nov/2018:08:48:11 +0800] "GET /department/login.do?username=000000000001&password=123456 HTTP/1.1" 200 1227
0:0:0:0:0:0:0:1 - - [02/Nov/2018:08:48:12 +0800] "GET /department/course/professional/set.do HTTP/1.1" 200 9199
0:0:0:0:0:0:0:1 - - [02/Nov/2018:08:48:15 +0800] "POST /department/course/professional/class.do HTTP/1.1" 200 596
0:0:0:0:0:0:0:1 - - [02/Nov/2018:08:48:18 +0800] "POST /department/course/professional/year.do HTTP/1.1" 200 743
0:0:0:0:0:0:0:1 - - [02/Nov/2018:08:48:20 +0800] "POST /department/course/professional/semester.do HTTP/1.1" 200 499
0:0:0:0:0:0:0:1 - - [02/Nov/2018:08:48:21 +0800] "POST /department/course/professional/name.do HTTP/1.1" 200 963
0:0:0:0:0:0:0:1 - - [02/Nov/2018:08:48:26 +0800] "POST /department/course/professional/rank.do HTTP/1.1" 200 8094
0:0:0:0:0:0:0:1 - - [02/Nov/2018:08:48:30 +0800] "POST /department/course/professional/week.do HTTP/1.1" 200 2116
0:0:0:0:0:0:0:1 - - [02/Nov/2018:08:48:32 +0800] "POST /department/course/professional/order.do HTTP/1.1" 200 16701
0:0:0:0:0:0:0:1 - - [02/Nov/2018:08:48:35 +0800] "POST /department/course/professional/classroom.do HTTP/1.1" 200 1239
0:0:0:0:0:0:0:1 - - [02/Nov/2018:08:49:48 +0800] "POST /department/course/professional/classroom.do HTTP/1.1" 500 375
0:0:0:0:0:0:0:1 - - [02/Nov/2018:08:49:48 +0800] "GET /favicon.ico HTTP/1.1" 200 946
0:0:0:0:0:0:0:1 - - [02/Nov/2018:08:49:52 +0800] "GET /department/login.do?username=000000000001&password=123456 HTTP/1.1" 200 1227
0:0:0:0:0:0:0:1 - - [02/Nov/2018:08:49:52 +0800] "GET /favicon.ico HTTP/1.1" 200 946
0:0:0:0:0:0:0:1 - - [02/Nov/2018:08:49:53 +0800] "GET /department/course/professional/set.do HTTP/1.1" 200 9199
0:0:0:0:0:0:0:1 - - [02/Nov/2018:08:49:56 +0800] "POST /department/course/professional/class.do HTTP/1.1" 200 596
0:0:0:0:0:0:0:1 - - [02/Nov/2018:08:49:58 +0800] "POST /department/course/professional/year.do HTTP/1.1" 200 743
0:0:0:0:0:0:0:1 - - [02/Nov/2018:08:49:59 +0800] "POST /department/course/professional/semester.do HTTP/1.1" 200 499
0:0:0:0:0:0:0:1 - - [02/Nov/2018:08:50:05 +0800] "POST /department/course/professional/name.do HTTP/1.1" 200 963
0:0:0:0:0:0:0:1 - - [02/Nov/2018:08:50:06 +0800] "POST /department/course/professional/rank.do HTTP/1.1" 200 8091
0:0:0:0:0:0:0:1 - - [02/Nov/2018:08:50:09 +0800] "POST /department/course/professional/week.do HTTP/1.1" 200 2116
0:0:0:0:0:0:0:1 - - [02/Nov/2018:08:50:11 +0800] "POST /department/course/professional/order.do HTTP/1.1" 200 16701
0:0:0:0:0:0:0:1 - - [02/Nov/2018:08:50:13 +0800] "POST /department/course/professional/classroom.do HTTP/1.1" 200 1226
0:0:0:0:0:0:0:1 - - [02/Nov/2018:08:52:58 +0800] "POST /department/course/professional/classroom.do HTTP/1.1" 500 375
0:0:0:0:0:0:0:1 - - [02/Nov/2018:08:52:58 +0800] "GET /favicon.ico HTTP/1.1" 200 946
0:0:0:0:0:0:0:1 - - [02/Nov/2018:08:53:01 +0800] "GET /department/login.do?username=000000000001&password=123456 HTTP/1.1" 200 1227
0:0:0:0:0:0:0:1 - - [02/Nov/2018:08:53:01 +0800] "GET /favicon.ico HTTP/1.1" 200 946
0:0:0:0:0:0:0:1 - - [02/Nov/2018:08:53:06 +0800] "POST /department/course/professional/classroom.do HTTP/1.1" 500 375
0:0:0:0:0:0:0:1 - - [02/Nov/2018:08:53:06 +0800] "GET /favicon.ico HTTP/1.1" 200 946
0:0:0:0:0:0:0:1 - - [02/Nov/2018:08:53:11 +0800] "GET /department/login.do?username=000000000001&password=123456 HTTP/1.1" 200 1227
0:0:0:0:0:0:0:1 - - [02/Nov/2018:08:53:11 +0800] "GET /favicon.ico HTTP/1.1" 200 946
0:0:0:0:0:0:0:1 - - [02/Nov/2018:08:53:12 +0800] "GET /department/login.do?username=000000000001&password=123456 HTTP/1.1" 200 1227
0:0:0:0:0:0:0:1 - - [02/Nov/2018:08:53:12 +0800] "GET /favicon.ico HTTP/1.1" 200 946
0:0:0:0:0:0:0:1 - - [02/Nov/2018:08:53:12 +0800] "GET /department/login.do?username=000000000001&password=123456 HTTP/1.1" 200 1227
0:0:0:0:0:0:0:1 - - [02/Nov/2018:08:53:12 +0800] "GET /favicon.ico HTTP/1.1" 200 946
0:0:0:0:0:0:0:1 - - [02/Nov/2018:08:53:12 +0800] "GET /department/login.do?username=000000000001&password=123456 HTTP/1.1" 200 1227
0:0:0:0:0:0:0:1 - - [02/Nov/2018:08:53:12 +0800] "GET /favicon.ico HTTP/1.1" 200 946
0:0:0:0:0:0:0:1 - - [02/Nov/2018:08:53:12 +0800] "GET /department/login.do?username=000000000001&password=123456 HTTP/1.1" 200 1227
0:0:0:0:0:0:0:1 - - [02/Nov/2018:08:53:12 +0800] "GET /favicon.ico HTTP/1.1" 200 946
0:0:0:0:0:0:0:1 - - [02/Nov/2018:08:53:13 +0800] "GET /department/course/professional/set.do HTTP/1.1" 200 9199
0:0:0:0:0:0:0:1 - - [02/Nov/2018:08:53:16 +0800] "POST /department/course/professional/class.do HTTP/1.1" 200 599
0:0:0:0:0:0:0:1 - - [02/Nov/2018:08:53:18 +0800] "POST /department/course/professional/year.do HTTP/1.1" 200 743
0:0:0:0:0:0:0:1 - - [02/Nov/2018:08:53:20 +0800] "POST /department/course/professional/semester.do HTTP/1.1" 200 499
0:0:0:0:0:0:0:1 - - [02/Nov/2018:08:53:21 +0800] "POST /department/course/professional/name.do HTTP/1.1" 200 963
0:0:0:0:0:0:0:1 - - [02/Nov/2018:08:53:23 +0800] "POST /department/course/professional/rank.do HTTP/1.1" 200 8091
0:0:0:0:0:0:0:1 - - [02/Nov/2018:08:53:26 +0800] "POST /department/course/professional/week.do HTTP/1.1" 200 2116
0:0:0:0:0:0:0:1 - - [02/Nov/2018:08:53:28 +0800] "POST /department/course/professional/order.do HTTP/1.1" 200 16701
0:0:0:0:0:0:0:1 - - [02/Nov/2018:08:53:30 +0800] "POST /department/course/professional/classroom.do HTTP/1.1" 200 1260
0:0:0:0:0:0:0:1 - - [02/Nov/2018:08:54:37 +0800] "GET /department/login.do?username=000000000001&password=123456 HTTP/1.1" 200 1227
0:0:0:0:0:0:0:1 - - [02/Nov/2018:08:54:37 +0800] "GET /favicon.ico HTTP/1.1" 200 946
0:0:0:0:0:0:0:1 - - [02/Nov/2018:08:54:39 +0800] "GET /department/course/professional/set.do HTTP/1.1" 200 9199
0:0:0:0:0:0:0:1 - - [02/Nov/2018:08:54:41 +0800] "POST /department/course/professional/class.do HTTP/1.1" 200 599
0:0:0:0:0:0:0:1 - - [02/Nov/2018:08:54:43 +0800] "POST /department/course/professional/year.do HTTP/1.1" 200 743
0:0:0:0:0:0:0:1 - - [02/Nov/2018:08:54:44 +0800] "POST /department/course/professional/semester.do HTTP/1.1" 200 499
0:0:0:0:0:0:0:1 - - [02/Nov/2018:08:54:46 +0800] "POST /department/course/professional/name.do HTTP/1.1" 200 963
0:0:0:0:0:0:0:1 - - [02/Nov/2018:08:54:47 +0800] "POST /department/course/professional/rank.do HTTP/1.1" 200 8091
0:0:0:0:0:0:0:1 - - [02/Nov/2018:08:54:50 +0800] "POST /department/course/professional/week.do HTTP/1.1" 200 2116
0:0:0:0:0:0:0:1 - - [02/Nov/2018:08:54:52 +0800] "POST /department/course/professional/order.do HTTP/1.1" 200 16701
0:0:0:0:0:0:0:1 - - [02/Nov/2018:08:54:54 +0800] "POST /department/course/professional/classroom.do HTTP/1.1" 200 1266
0:0:0:0:0:0:0:1 - - [02/Nov/2018:08:55:39 +0800] "POST /department/course/professional/classroom.do HTTP/1.1" 500 375
0:0:0:0:0:0:0:1 - - [02/Nov/2018:08:55:39 +0800] "GET /favicon.ico HTTP/1.1" 200 946
0:0:0:0:0:0:0:1 - - [02/Nov/2018:08:55:44 +0800] "GET /department/login.do?username=000000000001&password=123456 HTTP/1.1" 200 1227
0:0:0:0:0:0:0:1 - - [02/Nov/2018:08:55:44 +0800] "GET /favicon.ico HTTP/1.1" 200 946
0:0:0:0:0:0:0:1 - - [02/Nov/2018:08:55:45 +0800] "GET /department/course/professional/set.do HTTP/1.1" 200 9199
0:0:0:0:0:0:0:1 - - [02/Nov/2018:08:55:47 +0800] "POST /department/course/professional/class.do HTTP/1.1" 200 599
0:0:0:0:0:0:0:1 - - [02/Nov/2018:08:55:49 +0800] "POST /department/course/professional/year.do HTTP/1.1" 200 743
0:0:0:0:0:0:0:1 - - [02/Nov/2018:08:55:50 +0800] "POST /department/course/professional/semester.do HTTP/1.1" 200 499
0:0:0:0:0:0:0:1 - - [02/Nov/2018:08:55:52 +0800] "POST /department/course/professional/name.do HTTP/1.1" 200 963
0:0:0:0:0:0:0:1 - - [02/Nov/2018:08:55:54 +0800] "POST /department/course/professional/rank.do HTTP/1.1" 200 8091
0:0:0:0:0:0:0:1 - - [02/Nov/2018:08:55:56 +0800] "POST /department/course/professional/week.do HTTP/1.1" 200 2116
0:0:0:0:0:0:0:1 - - [02/Nov/2018:08:55:58 +0800] "POST /department/course/professional/order.do HTTP/1.1" 200 16701
0:0:0:0:0:0:0:1 - - [02/Nov/2018:08:55:59 +0800] "POST /department/course/professional/classroom.do HTTP/1.1" 200 1291
0:0:0:0:0:0:0:1 - - [02/Nov/2018:08:57:59 +0800] "POST /department/course/professional/classroom.do HTTP/1.1" 500 375
0:0:0:0:0:0:0:1 - - [02/Nov/2018:08:57:59 +0800] "GET /favicon.ico HTTP/1.1" 200 946
0:0:0:0:0:0:0:1 - - [02/Nov/2018:08:58:04 +0800] "GET /department/login.do?username=000000000001&password=123456 HTTP/1.1" 200 1227
0:0:0:0:0:0:0:1 - - [02/Nov/2018:08:58:04 +0800] "GET /favicon.ico HTTP/1.1" 200 946
0:0:0:0:0:0:0:1 - - [02/Nov/2018:08:59:35 +0800] "GET /department/course/professional/set.do HTTP/1.1" 200 9199
0:0:0:0:0:0:0:1 - - [02/Nov/2018:08:59:38 +0800] "POST /department/course/professional/class.do HTTP/1.1" 200 602
0:0:0:0:0:0:0:1 - - [02/Nov/2018:08:59:39 +0800] "POST /department/course/professional/year.do HTTP/1.1" 200 743
0:0:0:0:0:0:0:1 - - [02/Nov/2018:08:59:41 +0800] "POST /department/course/professional/semester.do HTTP/1.1" 200 499
0:0:0:0:0:0:0:1 - - [02/Nov/2018:08:59:42 +0800] "POST /department/course/professional/name.do HTTP/1.1" 200 963
0:0:0:0:0:0:0:1 - - [02/Nov/2018:08:59:43 +0800] "POST /department/course/professional/rank.do HTTP/1.1" 200 8094
0:0:0:0:0:0:0:1 - - [02/Nov/2018:08:59:48 +0800] "POST /department/course/professional/week.do HTTP/1.1" 200 2116
0:0:0:0:0:0:0:1 - - [02/Nov/2018:08:59:50 +0800] "POST /department/course/professional/order.do HTTP/1.1" 200 16701
0:0:0:0:0:0:0:1 - - [02/Nov/2018:08:59:52 +0800] "POST /department/course/professional/classroom.do HTTP/1.1" 200 1264
0:0:0:0:0:0:0:1 - - [02/Nov/2018:09:00:54 +0800] "POST /department/course/professional/classroom.do HTTP/1.1" 200 1264
0:0:0:0:0:0:0:1 - - [02/Nov/2018:09:00:54 +0800] "GET /favicon.ico HTTP/1.1" 200 946
0:0:0:0:0:0:0:1 - - [02/Nov/2018:09:00:55 +0800] "POST /department/course/professional/classroom.do HTTP/1.1" 200 1264
0:0:0:0:0:0:0:1 - - [02/Nov/2018:09:00:55 +0800] "GET /favicon.ico HTTP/1.1" 200 946
0:0:0:0:0:0:0:1 - - [02/Nov/2018:09:00:57 +0800] "POST /department/course/professional/classroom.do HTTP/1.1" 200 1264
0:0:0:0:0:0:0:1 - - [02/Nov/2018:09:00:57 +0800] "GET /favicon.ico HTTP/1.1" 200 946
0:0:0:0:0:0:0:1 - - [02/Nov/2018:09:01:16 +0800] "POST /department/course/professional/classroom.do HTTP/1.1" 500 375
0:0:0:0:0:0:0:1 - - [02/Nov/2018:09:01:16 +0800] "GET /favicon.ico HTTP/1.1" 200 946
0:0:0:0:0:0:0:1 - - [02/Nov/2018:09:01:18 +0800] "POST /department/course/professional/order.do HTTP/1.1" 200 16701
0:0:0:0:0:0:0:1 - - [02/Nov/2018:09:01:18 +0800] "GET /favicon.ico HTTP/1.1" 200 946
0:0:0:0:0:0:0:1 - - [02/Nov/2018:09:01:20 +0800] "POST /department/course/professional/classroom.do HTTP/1.1" 500 375
0:0:0:0:0:0:0:1 - - [02/Nov/2018:09:05:01 +0800] "POST /department/course/professional/classroom.do HTTP/1.1" 500 534
0:0:0:0:0:0:0:1 - - [02/Nov/2018:09:05:01 +0800] "GET /favicon.ico HTTP/1.1" 200 946
0:0:0:0:0:0:0:1 - - [02/Nov/2018:09:05:03 +0800] "POST /department/course/professional/order.do HTTP/1.1" 200 16701
0:0:0:0:0:0:0:1 - - [02/Nov/2018:09:05:03 +0800] "GET /favicon.ico HTTP/1.1" 200 946
0:0:0:0:0:0:0:1 - - [02/Nov/2018:09:05:05 +0800] "POST /department/course/professional/classroom.do HTTP/1.1" 500 534
0:0:0:0:0:0:0:1 - - [02/Nov/2018:09:09:13 +0800] "POST /department/course/professional/classroom.do HTTP/1.1" 500 534
0:0:0:0:0:0:0:1 - - [02/Nov/2018:09:09:13 +0800] "GET /favicon.ico HTTP/1.1" 200 946
0:0:0:0:0:0:0:1 - - [02/Nov/2018:09:09:17 +0800] "GET /department/course/professional/set.do HTTP/1.1" 200 9199
0:0:0:0:0:0:0:1 - - [02/Nov/2018:09:09:18 +0800] "GET /department/login.do?username=000000000001&password=123456 HTTP/1.1" 200 1227
0:0:0:0:0:0:0:1 - - [02/Nov/2018:09:09:18 +0800] "GET /favicon.ico HTTP/1.1" 200 946
0:0:0:0:0:0:0:1 - - [02/Nov/2018:09:09:19 +0800] "GET /department/course/professional/set.do HTTP/1.1" 200 9199
0:0:0:0:0:0:0:1 - - [02/Nov/2018:09:09:23 +0800] "POST /department/course/professional/class.do HTTP/1.1" 200 553
0:0:0:0:0:0:0:1 - - [02/Nov/2018:09:09:25 +0800] "POST /department/course/professional/year.do HTTP/1.1" 200 743
0:0:0:0:0:0:0:1 - - [02/Nov/2018:09:09:27 +0800] "POST /department/course/professional/semester.do HTTP/1.1" 200 499
0:0:0:0:0:0:0:1 - - [02/Nov/2018:09:09:29 +0800] "POST /department/course/professional/name.do HTTP/1.1" 200 963
0:0:0:0:0:0:0:1 - - [02/Nov/2018:09:09:30 +0800] "POST /department/course/professional/rank.do HTTP/1.1" 200 8094
0:0:0:0:0:0:0:1 - - [02/Nov/2018:09:09:33 +0800] "POST /department/course/professional/week.do HTTP/1.1" 200 2116
0:0:0:0:0:0:0:1 - - [02/Nov/2018:09:09:35 +0800] "POST /department/course/professional/order.do HTTP/1.1" 200 16701
0:0:0:0:0:0:0:1 - - [02/Nov/2018:09:09:37 +0800] "POST /department/course/professional/classroom.do HTTP/1.1" 200 1269
0:0:0:0:0:0:0:1 - - [02/Nov/2018:09:12:18 +0800] "POST /department/course/professional/classroom.do HTTP/1.1" 200 1269
0:0:0:0:0:0:0:1 - - [02/Nov/2018:09:12:18 +0800] "GET /favicon.ico HTTP/1.1" 200 946
0:0:0:0:0:0:0:1 - - [02/Nov/2018:09:12:41 +0800] "POST /department/course/professional/classroom.do HTTP/1.1" 500 534
0:0:0:0:0:0:0:1 - - [02/Nov/2018:09:12:41 +0800] "GET /favicon.ico HTTP/1.1" 200 946
0:0:0:0:0:0:0:1 - - [02/Nov/2018:09:12:46 +0800] "GET /department/course/professional/set.do HTTP/1.1" 200 9199
0:0:0:0:0:0:0:1 - - [02/Nov/2018:09:12:47 +0800] "GET /department/login.do?username=000000000001&password=123456 HTTP/1.1" 200 1227
0:0:0:0:0:0:0:1 - - [02/Nov/2018:09:12:47 +0800] "GET /favicon.ico HTTP/1.1" 200 946
0:0:0:0:0:0:0:1 - - [02/Nov/2018:09:12:48 +0800] "GET /department/course/professional/set.do HTTP/1.1" 200 9199
0:0:0:0:0:0:0:1 - - [02/Nov/2018:09:12:51 +0800] "POST /department/course/professional/class.do HTTP/1.1" 200 599
0:0:0:0:0:0:0:1 - - [02/Nov/2018:09:12:52 +0800] "POST /department/course/professional/year.do HTTP/1.1" 200 743
0:0:0:0:0:0:0:1 - - [02/Nov/2018:09:12:53 +0800] "POST /department/course/professional/semester.do HTTP/1.1" 200 499
0:0:0:0:0:0:0:1 - - [02/Nov/2018:09:12:55 +0800] "POST /department/course/professional/name.do HTTP/1.1" 200 963
0:0:0:0:0:0:0:1 - - [02/Nov/2018:09:12:56 +0800] "POST /department/course/professional/rank.do HTTP/1.1" 200 8091
0:0:0:0:0:0:0:1 - - [02/Nov/2018:09:12:59 +0800] "POST /department/course/professional/week.do HTTP/1.1" 200 2116
0:0:0:0:0:0:0:1 - - [02/Nov/2018:09:13:01 +0800] "POST /department/course/professional/order.do HTTP/1.1" 200 16701
0:0:0:0:0:0:0:1 - - [02/Nov/2018:09:13:03 +0800] "POST /department/course/professional/classroom.do HTTP/1.1" 200 1239
0:0:0:0:0:0:0:1 - - [02/Nov/2018:09:19:34 +0800] "POST /department/course/professional/classroom.do HTTP/1.1" 200 1239
0:0:0:0:0:0:0:1 - - [02/Nov/2018:09:19:34 +0800] "GET /favicon.ico HTTP/1.1" 200 946
0:0:0:0:0:0:0:1 - - [02/Nov/2018:09:24:33 +0800] "POST /department/course/professional/classroom.do HTTP/1.1" 500 534
0:0:0:0:0:0:0:1 - - [02/Nov/2018:09:24:33 +0800] "GET /favicon.ico HTTP/1.1" 200 946
0:0:0:0:0:0:0:1 - - [02/Nov/2018:09:25:04 +0800] "POST /department/course/professional/name.do HTTP/1.1" 200 963
0:0:0:0:0:0:0:1 - - [02/Nov/2018:09:25:04 +0800] "GET /favicon.ico HTTP/1.1" 200 946
0:0:0:0:0:0:0:1 - - [02/Nov/2018:09:25:05 +0800] "POST /department/course/professional/rank.do HTTP/1.1" 200 8078
0:0:0:0:0:0:0:1 - - [02/Nov/2018:09:25:07 +0800] "POST /department/course/professional/week.do HTTP/1.1" 500 533
0:0:0:0:0:0:0:1 - - [02/Nov/2018:09:25:12 +0800] "POST /department/course/professional/week.do HTTP/1.1" 200 2116
0:0:0:0:0:0:0:1 - - [02/Nov/2018:09:25:14 +0800] "POST /department/course/professional/order.do HTTP/1.1" 200 16701
0:0:0:0:0:0:0:1 - - [02/Nov/2018:09:25:16 +0800] "POST /department/course/professional/classroom.do HTTP/1.1" 500 534
0:0:0:0:0:0:0:1 - - [02/Nov/2018:09:25:20 +0800] "POST /department/course/professional/classroom.do HTTP/1.1" 500 534
0:0:0:0:0:0:0:1 - - [02/Nov/2018:09:25:20 +0800] "GET /favicon.ico HTTP/1.1" 200 946
0:0:0:0:0:0:0:1 - - [02/Nov/2018:09:26:22 +0800] "POST /department/course/professional/rank.do HTTP/1.1" 200 8091
0:0:0:0:0:0:0:1 - - [02/Nov/2018:09:26:25 +0800] "POST /department/course/professional/week.do HTTP/1.1" 200 2116
0:0:0:0:0:0:0:1 - - [02/Nov/2018:09:26:27 +0800] "POST /department/course/professional/order.do HTTP/1.1" 200 16701
0:0:0:0:0:0:0:1 - - [02/Nov/2018:09:26:28 +0800] "POST /department/course/professional/classroom.do HTTP/1.1" 500 534
0:0:0:0:0:0:0:1 - - [02/Nov/2018:09:30:55 +0800] "POST /department/course/professional/semester.do HTTP/1.1" 200 480
0:0:0:0:0:0:0:1 - - [02/Nov/2018:09:30:55 +0800] "GET /favicon.ico HTTP/1.1" 200 946
0:0:0:0:0:0:0:1 - - [02/Nov/2018:09:31:02 +0800] "POST /department/course/professional/year.do HTTP/1.1" 200 743
0:0:0:0:0:0:0:1 - - [02/Nov/2018:09:31:02 +0800] "GET /favicon.ico HTTP/1.1" 200 946
0:0:0:0:0:0:0:1 - - [02/Nov/2018:09:31:04 +0800] "POST /department/course/professional/semester.do HTTP/1.1" 200 499
0:0:0:0:0:0:0:1 - - [02/Nov/2018:09:31:04 +0800] "GET /favicon.ico HTTP/1.1" 200 946
0:0:0:0:0:0:0:1 - - [02/Nov/2018:09:31:08 +0800] "POST /department/course/professional/name.do HTTP/1.1" 200 963
0:0:0:0:0:0:0:1 - - [02/Nov/2018:09:31:09 +0800] "POST /department/course/professional/rank.do HTTP/1.1" 200 8091
0:0:0:0:0:0:0:1 - - [02/Nov/2018:09:31:13 +0800] "POST /department/course/professional/week.do HTTP/1.1" 200 2116
0:0:0:0:0:0:0:1 - - [02/Nov/2018:09:31:14 +0800] "POST /department/course/professional/order.do HTTP/1.1" 200 16701
0:0:0:0:0:0:0:1 - - [02/Nov/2018:09:31:16 +0800] "POST /department/course/professional/classroom.do HTTP/1.1" 500 534
0:0:0:0:0:0:0:1 - - [02/Nov/2018:09:33:09 +0800] "POST /department/course/professional/classroom.do HTTP/1.1" 500 534
0:0:0:0:0:0:0:1 - - [02/Nov/2018:09:33:09 +0800] "GET /favicon.ico HTTP/1.1" 200 946
0:0:0:0:0:0:0:1 - - [02/Nov/2018:10:45:05 +0800] "POST /department/course/professional/classroom.do HTTP/1.1" 500 534
0:0:0:0:0:0:0:1 - - [02/Nov/2018:10:45:05 +0800] "GET /favicon.ico HTTP/1.1" 200 946
0:0:0:0:0:0:0:1 - - [02/Nov/2018:10:46:09 +0800] "POST /department/course/professional/classroom.do HTTP/1.1" 200 2142
0:0:0:0:0:0:0:1 - - [02/Nov/2018:10:46:09 +0800] "GET /favicon.ico HTTP/1.1" 200 946
0:0:0:0:0:0:0:1 - - [02/Nov/2018:10:48:27 +0800] "POST /department/course/professional/classroom.do HTTP/1.1" 200 2142
0:0:0:0:0:0:0:1 - - [02/Nov/2018:10:48:28 +0800] "GET /favicon.ico HTTP/1.1" 200 946
0:0:0:0:0:0:0:1 - - [02/Nov/2018:10:48:55 +0800] "POST /department/course/professional/classroom.do HTTP/1.1" 200 2138
0:0:0:0:0:0:0:1 - - [02/Nov/2018:10:48:55 +0800] "GET /favicon.ico HTTP/1.1" 200 946
0:0:0:0:0:0:0:1 - - [02/Nov/2018:10:49:25 +0800] "POST /department/course/professional/classroom.do HTTP/1.1" 200 2168
0:0:0:0:0:0:0:1 - - [02/Nov/2018:10:49:25 +0800] "GET /favicon.ico HTTP/1.1" 200 946
0:0:0:0:0:0:0:1 - - [02/Nov/2018:10:50:02 +0800] "POST /department/course/professional/classroom.do HTTP/1.1" 200 2168
0:0:0:0:0:0:0:1 - - [02/Nov/2018:10:50:02 +0800] "GET /favicon.ico HTTP/1.1" 200 946
0:0:0:0:0:0:0:1 - - [02/Nov/2018:10:50:33 +0800] "POST /department/course/professional/classroom.do HTTP/1.1" 200 2194
0:0:0:0:0:0:0:1 - - [02/Nov/2018:10:50:33 +0800] "GET /favicon.ico HTTP/1.1" 200 946
0:0:0:0:0:0:0:1 - - [02/Nov/2018:10:50:56 +0800] "POST /department/course/professional/classroom.do HTTP/1.1" 200 2221
0:0:0:0:0:0:0:1 - - [02/Nov/2018:10:50:56 +0800] "GET /favicon.ico HTTP/1.1" 200 946
0:0:0:0:0:0:0:1 - - [02/Nov/2018:10:54:58 +0800] "POST /department/course/professional/classroom.do HTTP/1.1" 200 2252
0:0:0:0:0:0:0:1 - - [02/Nov/2018:10:54:58 +0800] "GET /favicon.ico HTTP/1.1" 200 946
0:0:0:0:0:0:0:1 - - [02/Nov/2018:10:55:36 +0800] "POST /department/course/professional/classroom.do HTTP/1.1" 200 2281
0:0:0:0:0:0:0:1 - - [02/Nov/2018:10:55:36 +0800] "GET /favicon.ico HTTP/1.1" 200 946
0:0:0:0:0:0:0:1 - - [02/Nov/2018:10:57:41 +0800] "GET /department/login.do?username=000000000001&password=123456 HTTP/1.1" 200 1227
0:0:0:0:0:0:0:1 - - [02/Nov/2018:10:57:41 +0800] "GET /favicon.ico HTTP/1.1" 200 946
0:0:0:0:0:0:0:1 - - [02/Nov/2018:10:57:42 +0800] "GET /department/login.do?username=000000000001&password=123456 HTTP/1.1" 200 1227
0:0:0:0:0:0:0:1 - - [02/Nov/2018:10:57:42 +0800] "GET /favicon.ico HTTP/1.1" 200 946
0:0:0:0:0:0:0:1 - - [02/Nov/2018:10:57:42 +0800] "GET /department/login.do?username=000000000001&password=123456 HTTP/1.1" 200 1227
0:0:0:0:0:0:0:1 - - [02/Nov/2018:10:57:42 +0800] "GET /favicon.ico HTTP/1.1" 200 946
0:0:0:0:0:0:0:1 - - [02/Nov/2018:10:57:54 +0800] "GET /department/course/professional/set.do HTTP/1.1" 200 9199
0:0:0:0:0:0:0:1 - - [02/Nov/2018:10:57:56 +0800] "POST /department/course/professional/class.do HTTP/1.1" 200 596
0:0:0:0:0:0:0:1 - - [02/Nov/2018:10:57:58 +0800] "POST /department/course/professional/year.do HTTP/1.1" 200 743
0:0:0:0:0:0:0:1 - - [02/Nov/2018:10:57:59 +0800] "POST /department/course/professional/semester.do HTTP/1.1" 200 499
0:0:0:0:0:0:0:1 - - [02/Nov/2018:10:58:01 +0800] "POST /department/course/professional/name.do HTTP/1.1" 200 963
0:0:0:0:0:0:0:1 - - [02/Nov/2018:10:58:02 +0800] "POST /department/course/professional/rank.do HTTP/1.1" 200 8091
0:0:0:0:0:0:0:1 - - [02/Nov/2018:10:58:12 +0800] "POST /department/course/professional/week.do HTTP/1.1" 200 2116
0:0:0:0:0:0:0:1 - - [02/Nov/2018:10:58:14 +0800] "POST /department/course/professional/order.do HTTP/1.1" 200 16701
0:0:0:0:0:0:0:1 - - [02/Nov/2018:10:58:16 +0800] "POST /department/course/professional/classroom.do HTTP/1.1" 200 1639
0:0:0:0:0:0:0:1 - - [02/Nov/2018:11:00:00 +0800] "POST /department/course/professional/classroom.do HTTP/1.1" 500 534
0:0:0:0:0:0:0:1 - - [02/Nov/2018:11:00:00 +0800] "GET /favicon.ico HTTP/1.1" 200 946
0:0:0:0:0:0:0:1 - - [02/Nov/2018:11:00:12 +0800] "GET /department/login.do?username=000000000001&password=123456 HTTP/1.1" 200 1227
0:0:0:0:0:0:0:1 - - [02/Nov/2018:11:00:12 +0800] "GET /favicon.ico HTTP/1.1" 200 946
0:0:0:0:0:0:0:1 - - [02/Nov/2018:11:00:14 +0800] "GET /department/course/professional/set.do HTTP/1.1" 200 9199
0:0:0:0:0:0:0:1 - - [02/Nov/2018:11:00:16 +0800] "POST /department/course/professional/class.do HTTP/1.1" 200 596
0:0:0:0:0:0:0:1 - - [02/Nov/2018:11:00:18 +0800] "POST /department/course/professional/year.do HTTP/1.1" 200 743
0:0:0:0:0:0:0:1 - - [02/Nov/2018:11:00:19 +0800] "POST /department/course/professional/semester.do HTTP/1.1" 200 499
0:0:0:0:0:0:0:1 - - [02/Nov/2018:11:00:21 +0800] "POST /department/course/professional/name.do HTTP/1.1" 200 963
0:0:0:0:0:0:0:1 - - [02/Nov/2018:11:00:22 +0800] "POST /department/course/professional/rank.do HTTP/1.1" 200 8091
0:0:0:0:0:0:0:1 - - [02/Nov/2018:11:00:23 +0800] "POST /department/course/professional/week.do HTTP/1.1" 500 533
0:0:0:0:0:0:0:1 - - [02/Nov/2018:11:00:28 +0800] "POST /department/course/professional/week.do HTTP/1.1" 200 2116
0:0:0:0:0:0:0:1 - - [02/Nov/2018:11:00:30 +0800] "POST /department/course/professional/order.do HTTP/1.1" 200 16701
0:0:0:0:0:0:0:1 - - [02/Nov/2018:11:00:33 +0800] "POST /department/course/professional/classroom.do HTTP/1.1" 200 1668
