0:0:0:0:0:0:0:1 - - [22/Jan/2020:14:29:03 +0800] "GET / HTTP/1.1" 200 2279
0:0:0:0:0:0:0:1 - - [22/Jan/2020:14:29:03 +0800] "GET /verifyUtil.do HTTP/1.1" 200 718
0:0:0:0:0:0:0:1 - - [22/Jan/2020:14:29:35 +0800] "POST /login.do HTTP/1.1" 302 -
0:0:0:0:0:0:0:1 - - [22/Jan/2020:14:29:35 +0800] "GET /student/login.do?username=000000000001&password=123456 HTTP/1.1" 200 2321
0:0:0:0:0:0:0:1 - - [22/Jan/2020:14:29:35 +0800] "GET /verifyUtil.do HTTP/1.1" 200 674
0:0:0:0:0:0:0:1 - - [22/Jan/2020:14:29:46 +0800] "POST /student/login.do HTTP/1.1" 200 2321
0:0:0:0:0:0:0:1 - - [22/Jan/2020:14:29:46 +0800] "GET /verifyUtil.do HTTP/1.1" 200 641
0:0:0:0:0:0:0:1 - - [22/Jan/2020:14:29:57 +0800] "POST /student/login.do HTTP/1.1" 200 2321
0:0:0:0:0:0:0:1 - - [22/Jan/2020:14:29:57 +0800] "GET /verifyUtil.do HTTP/1.1" 200 699
0:0:0:0:0:0:0:1 - - [22/Jan/2020:14:29:59 +0800] "POST /student/login.do HTTP/1.1" 200 2321
0:0:0:0:0:0:0:1 - - [22/Jan/2020:14:29:59 +0800] "GET /verifyUtil.do HTTP/1.1" 200 568
0:0:0:0:0:0:0:1 - - [22/Jan/2020:14:30:00 +0800] "POST /student/login.do HTTP/1.1" 200 2321
0:0:0:0:0:0:0:1 - - [22/Jan/2020:14:30:00 +0800] "GET /verifyUtil.do HTTP/1.1" 200 610
0:0:0:0:0:0:0:1 - - [22/Jan/2020:14:30:00 +0800] "POST /student/login.do HTTP/1.1" 200 2321
0:0:0:0:0:0:0:1 - - [22/Jan/2020:14:30:00 +0800] "GET /verifyUtil.do HTTP/1.1" 200 734
0:0:0:0:0:0:0:1 - - [22/Jan/2020:14:30:01 +0800] "POST /student/login.do HTTP/1.1" 200 2321
0:0:0:0:0:0:0:1 - - [22/Jan/2020:14:30:01 +0800] "GET /verifyUtil.do HTTP/1.1" 200 597
0:0:0:0:0:0:0:1 - - [22/Jan/2020:14:30:01 +0800] "POST /student/login.do HTTP/1.1" 200 2321
0:0:0:0:0:0:0:1 - - [22/Jan/2020:14:30:01 +0800] "GET /verifyUtil.do HTTP/1.1" 200 701
0:0:0:0:0:0:0:1 - - [22/Jan/2020:14:30:01 +0800] "POST /student/login.do HTTP/1.1" 200 2321
0:0:0:0:0:0:0:1 - - [22/Jan/2020:14:30:01 +0800] "GET /verifyUtil.do HTTP/1.1" 200 747
0:0:0:0:0:0:0:1 - - [22/Jan/2020:14:30:02 +0800] "POST /student/login.do HTTP/1.1" 200 2321
0:0:0:0:0:0:0:1 - - [22/Jan/2020:14:30:02 +0800] "GET /verifyUtil.do HTTP/1.1" 200 665
0:0:0:0:0:0:0:1 - - [22/Jan/2020:14:30:02 +0800] "POST /student/login.do HTTP/1.1" 200 2321
0:0:0:0:0:0:0:1 - - [22/Jan/2020:14:30:02 +0800] "GET /verifyUtil.do HTTP/1.1" 200 669
0:0:0:0:0:0:0:1 - - [22/Jan/2020:14:30:03 +0800] "POST /student/login.do HTTP/1.1" 200 2321
0:0:0:0:0:0:0:1 - - [22/Jan/2020:14:30:03 +0800] "GET /verifyUtil.do HTTP/1.1" 200 687
0:0:0:0:0:0:0:1 - - [22/Jan/2020:14:30:03 +0800] "POST /student/login.do HTTP/1.1" 200 2321
0:0:0:0:0:0:0:1 - - [22/Jan/2020:14:30:03 +0800] "GET /verifyUtil.do HTTP/1.1" 200 622
0:0:0:0:0:0:0:1 - - [22/Jan/2020:14:30:03 +0800] "POST /student/login.do HTTP/1.1" 200 2321
0:0:0:0:0:0:0:1 - - [22/Jan/2020:14:30:03 +0800] "GET /verifyUtil.do HTTP/1.1" 200 615
0:0:0:0:0:0:0:1 - - [22/Jan/2020:14:30:04 +0800] "POST /student/login.do HTTP/1.1" 200 2321
0:0:0:0:0:0:0:1 - - [22/Jan/2020:14:30:04 +0800] "GET /verifyUtil.do HTTP/1.1" 200 577
0:0:0:0:0:0:0:1 - - [22/Jan/2020:14:30:04 +0800] "POST /student/login.do HTTP/1.1" 200 2321
0:0:0:0:0:0:0:1 - - [22/Jan/2020:14:30:04 +0800] "GET /verifyUtil.do HTTP/1.1" 200 655
0:0:0:0:0:0:0:1 - - [22/Jan/2020:14:30:05 +0800] "POST /student/login.do HTTP/1.1" 200 2321
0:0:0:0:0:0:0:1 - - [22/Jan/2020:14:30:05 +0800] "GET /verifyUtil.do HTTP/1.1" 200 676
0:0:0:0:0:0:0:1 - - [22/Jan/2020:14:30:05 +0800] "POST /student/login.do HTTP/1.1" 200 2321
0:0:0:0:0:0:0:1 - - [22/Jan/2020:14:30:05 +0800] "GET /verifyUtil.do HTTP/1.1" 200 682
0:0:0:0:0:0:0:1 - - [22/Jan/2020:14:30:05 +0800] "POST /student/login.do HTTP/1.1" 200 2321
0:0:0:0:0:0:0:1 - - [22/Jan/2020:14:30:05 +0800] "GET /verifyUtil.do HTTP/1.1" 200 671
0:0:0:0:0:0:0:1 - - [22/Jan/2020:14:30:05 +0800] "POST /student/login.do HTTP/1.1" 200 2321
0:0:0:0:0:0:0:1 - - [22/Jan/2020:14:30:05 +0800] "GET /verifyUtil.do HTTP/1.1" 200 671
0:0:0:0:0:0:0:1 - - [22/Jan/2020:14:30:05 +0800] "POST /student/login.do HTTP/1.1" 200 2321
0:0:0:0:0:0:0:1 - - [22/Jan/2020:14:30:05 +0800] "GET /verifyUtil.do HTTP/1.1" 200 655
0:0:0:0:0:0:0:1 - - [22/Jan/2020:14:30:05 +0800] "POST /student/login.do HTTP/1.1" 200 2321
0:0:0:0:0:0:0:1 - - [22/Jan/2020:14:30:05 +0800] "GET /verifyUtil.do HTTP/1.1" 200 573
0:0:0:0:0:0:0:1 - - [22/Jan/2020:14:30:06 +0800] "POST /student/login.do HTTP/1.1" 200 2321
0:0:0:0:0:0:0:1 - - [22/Jan/2020:14:30:06 +0800] "GET /verifyUtil.do HTTP/1.1" 200 615
0:0:0:0:0:0:0:1 - - [22/Jan/2020:14:30:06 +0800] "POST /student/login.do HTTP/1.1" 200 2321
0:0:0:0:0:0:0:1 - - [22/Jan/2020:14:30:06 +0800] "GET /verifyUtil.do HTTP/1.1" 200 537
0:0:0:0:0:0:0:1 - - [22/Jan/2020:14:30:06 +0800] "POST /student/login.do HTTP/1.1" 200 2321
0:0:0:0:0:0:0:1 - - [22/Jan/2020:14:30:06 +0800] "GET /verifyUtil.do HTTP/1.1" 200 560
0:0:0:0:0:0:0:1 - - [22/Jan/2020:14:30:06 +0800] "POST /student/login.do HTTP/1.1" 200 2321
0:0:0:0:0:0:0:1 - - [22/Jan/2020:14:30:06 +0800] "GET /verifyUtil.do HTTP/1.1" 200 657
0:0:0:0:0:0:0:1 - - [22/Jan/2020:14:30:06 +0800] "POST /student/login.do HTTP/1.1" 200 2321
0:0:0:0:0:0:0:1 - - [22/Jan/2020:14:30:06 +0800] "GET /verifyUtil.do HTTP/1.1" 200 680
0:0:0:0:0:0:0:1 - - [22/Jan/2020:14:30:06 +0800] "POST /student/login.do HTTP/1.1" 200 2321
0:0:0:0:0:0:0:1 - - [22/Jan/2020:14:30:06 +0800] "GET /verifyUtil.do HTTP/1.1" 200 664
0:0:0:0:0:0:0:1 - - [22/Jan/2020:14:30:07 +0800] "POST /student/login.do HTTP/1.1" 200 2321
0:0:0:0:0:0:0:1 - - [22/Jan/2020:14:30:07 +0800] "GET /verifyUtil.do HTTP/1.1" 200 590
0:0:0:0:0:0:0:1 - - [22/Jan/2020:14:30:07 +0800] "POST /student/login.do HTTP/1.1" 200 2321
0:0:0:0:0:0:0:1 - - [22/Jan/2020:14:30:07 +0800] "GET /verifyUtil.do HTTP/1.1" 200 599
0:0:0:0:0:0:0:1 - - [22/Jan/2020:14:30:07 +0800] "POST /student/login.do HTTP/1.1" 200 2321
0:0:0:0:0:0:0:1 - - [22/Jan/2020:14:30:07 +0800] "GET /verifyUtil.do HTTP/1.1" 200 671
0:0:0:0:0:0:0:1 - - [22/Jan/2020:14:30:07 +0800] "POST /student/login.do HTTP/1.1" 200 2321
0:0:0:0:0:0:0:1 - - [22/Jan/2020:14:30:07 +0800] "GET /verifyUtil.do HTTP/1.1" 200 762
0:0:0:0:0:0:0:1 - - [22/Jan/2020:14:30:07 +0800] "POST /student/login.do HTTP/1.1" 200 2321
0:0:0:0:0:0:0:1 - - [22/Jan/2020:14:30:07 +0800] "GET /verifyUtil.do HTTP/1.1" 200 573
0:0:0:0:0:0:0:1 - - [22/Jan/2020:14:30:08 +0800] "POST /student/login.do HTTP/1.1" 200 2321
0:0:0:0:0:0:0:1 - - [22/Jan/2020:14:30:08 +0800] "GET /verifyUtil.do HTTP/1.1" 200 617
0:0:0:0:0:0:0:1 - - [22/Jan/2020:14:30:08 +0800] "POST /student/login.do HTTP/1.1" 200 2321
0:0:0:0:0:0:0:1 - - [22/Jan/2020:14:30:08 +0800] "GET /verifyUtil.do HTTP/1.1" 200 593
0:0:0:0:0:0:0:1 - - [22/Jan/2020:14:30:08 +0800] "POST /student/login.do HTTP/1.1" 200 2321
0:0:0:0:0:0:0:1 - - [22/Jan/2020:14:30:08 +0800] "GET /verifyUtil.do HTTP/1.1" 200 658
0:0:0:0:0:0:0:1 - - [22/Jan/2020:14:30:08 +0800] "POST /student/login.do HTTP/1.1" 200 2321
0:0:0:0:0:0:0:1 - - [22/Jan/2020:14:30:08 +0800] "GET /verifyUtil.do HTTP/1.1" 200 615
0:0:0:0:0:0:0:1 - - [22/Jan/2020:14:30:27 +0800] "POST /student/login.do HTTP/1.1" 200 2321
0:0:0:0:0:0:0:1 - - [22/Jan/2020:14:30:27 +0800] "GET /verifyUtil.do HTTP/1.1" 200 710
0:0:0:0:0:0:0:1 - - [22/Jan/2020:14:30:57 +0800] "POST /student/login.do HTTP/1.1" 200 2321
0:0:0:0:0:0:0:1 - - [22/Jan/2020:14:30:57 +0800] "GET /verifyUtil.do HTTP/1.1" 200 584
0:0:0:0:0:0:0:1 - - [22/Jan/2020:14:31:07 +0800] "POST /student/login.do HTTP/1.1" 200 2321
0:0:0:0:0:0:0:1 - - [22/Jan/2020:14:31:07 +0800] "GET /verifyUtil.do HTTP/1.1" 200 653
0:0:0:0:0:0:0:1 - - [22/Jan/2020:14:31:07 +0800] "POST /student/login.do HTTP/1.1" 200 2321
0:0:0:0:0:0:0:1 - - [22/Jan/2020:14:31:07 +0800] "GET /verifyUtil.do HTTP/1.1" 200 687
0:0:0:0:0:0:0:1 - - [22/Jan/2020:14:31:08 +0800] "POST /student/login.do HTTP/1.1" 200 2321
0:0:0:0:0:0:0:1 - - [22/Jan/2020:14:31:08 +0800] "GET /verifyUtil.do HTTP/1.1" 200 695
0:0:0:0:0:0:0:1 - - [22/Jan/2020:14:31:08 +0800] "POST /student/login.do HTTP/1.1" 200 2321
0:0:0:0:0:0:0:1 - - [22/Jan/2020:14:31:08 +0800] "GET /verifyUtil.do HTTP/1.1" 200 688
0:0:0:0:0:0:0:1 - - [22/Jan/2020:14:31:08 +0800] "POST /student/login.do HTTP/1.1" 200 2321
0:0:0:0:0:0:0:1 - - [22/Jan/2020:14:31:08 +0800] "GET /verifyUtil.do HTTP/1.1" 200 625
0:0:0:0:0:0:0:1 - - [22/Jan/2020:14:31:08 +0800] "POST /student/login.do HTTP/1.1" 200 2321
0:0:0:0:0:0:0:1 - - [22/Jan/2020:14:31:08 +0800] "GET /verifyUtil.do HTTP/1.1" 200 631
0:0:0:0:0:0:0:1 - - [22/Jan/2020:14:31:12 +0800] "GET / HTTP/1.1" 200 2279
0:0:0:0:0:0:0:1 - - [22/Jan/2020:14:31:12 +0800] "GET /verifyUtil.do HTTP/1.1" 200 656
0:0:0:0:0:0:0:1 - - [22/Jan/2020:14:31:14 +0800] "POST /login.do HTTP/1.1" 200 2300
0:0:0:0:0:0:0:1 - - [22/Jan/2020:14:31:14 +0800] "GET /verifyUtil.do HTTP/1.1" 200 626
0:0:0:0:0:0:0:1 - - [22/Jan/2020:14:31:35 +0800] "POST /login.do HTTP/1.1" 200 2310
0:0:0:0:0:0:0:1 - - [22/Jan/2020:14:31:35 +0800] "GET /verifyUtil.do HTTP/1.1" 200 607
0:0:0:0:0:0:0:1 - - [22/Jan/2020:14:31:47 +0800] "POST /login.do HTTP/1.1" 302 -
0:0:0:0:0:0:0:1 - - [22/Jan/2020:14:31:47 +0800] "GET /department/login.do?username=000000000001&password=123456 HTTP/1.1" 200 1512
0:0:0:0:0:0:0:1 - - [22/Jan/2020:14:31:51 +0800] "POST /login.do HTTP/1.1" 200 2310
0:0:0:0:0:0:0:1 - - [22/Jan/2020:14:31:51 +0800] "GET /verifyUtil.do HTTP/1.1" 200 561
0:0:0:0:0:0:0:1 - - [22/Jan/2020:14:31:51 +0800] "GET /favicon.ico HTTP/1.1" 200 946
0:0:0:0:0:0:0:1 - - [22/Jan/2020:14:31:55 +0800] "POST /login.do HTTP/1.1" 200 2310
0:0:0:0:0:0:0:1 - - [22/Jan/2020:14:31:55 +0800] "GET /verifyUtil.do HTTP/1.1" 200 685
0:0:0:0:0:0:0:1 - - [22/Jan/2020:14:31:56 +0800] "POST /login.do HTTP/1.1" 200 2310
0:0:0:0:0:0:0:1 - - [22/Jan/2020:14:31:56 +0800] "GET /verifyUtil.do HTTP/1.1" 200 650
0:0:0:0:0:0:0:1 - - [22/Jan/2020:14:32:03 +0800] "POST /login.do HTTP/1.1" 302 -
0:0:0:0:0:0:0:1 - - [22/Jan/2020:14:32:03 +0800] "GET /student/login.do?username=000000000001&password= HTTP/1.1" 200 2321
0:0:0:0:0:0:0:1 - - [22/Jan/2020:14:32:03 +0800] "GET /verifyUtil.do HTTP/1.1" 200 751
0:0:0:0:0:0:0:1 - - [22/Jan/2020:14:32:07 +0800] "POST /student/login.do HTTP/1.1" 200 2321
0:0:0:0:0:0:0:1 - - [22/Jan/2020:14:32:07 +0800] "GET /verifyUtil.do HTTP/1.1" 200 723
0:0:0:0:0:0:0:1 - - [22/Jan/2020:14:32:08 +0800] "POST /student/login.do HTTP/1.1" 200 2321
0:0:0:0:0:0:0:1 - - [22/Jan/2020:14:32:08 +0800] "GET /verifyUtil.do HTTP/1.1" 200 623
0:0:0:0:0:0:0:1 - - [22/Jan/2020:14:32:08 +0800] "POST /student/login.do HTTP/1.1" 200 2321
0:0:0:0:0:0:0:1 - - [22/Jan/2020:14:32:08 +0800] "GET /verifyUtil.do HTTP/1.1" 200 692
0:0:0:0:0:0:0:1 - - [22/Jan/2020:14:32:08 +0800] "POST /student/login.do HTTP/1.1" 200 2321
0:0:0:0:0:0:0:1 - - [22/Jan/2020:14:32:08 +0800] "GET /verifyUtil.do HTTP/1.1" 200 749
0:0:0:0:0:0:0:1 - - [22/Jan/2020:14:32:09 +0800] "POST /student/login.do HTTP/1.1" 200 2321
0:0:0:0:0:0:0:1 - - [22/Jan/2020:14:32:09 +0800] "GET /verifyUtil.do HTTP/1.1" 200 737
0:0:0:0:0:0:0:1 - - [22/Jan/2020:14:32:09 +0800] "POST /student/login.do HTTP/1.1" 200 2321
0:0:0:0:0:0:0:1 - - [22/Jan/2020:14:32:09 +0800] "GET /verifyUtil.do HTTP/1.1" 200 717
0:0:0:0:0:0:0:1 - - [22/Jan/2020:14:32:09 +0800] "POST /student/login.do HTTP/1.1" 200 2321
0:0:0:0:0:0:0:1 - - [22/Jan/2020:14:32:09 +0800] "GET /verifyUtil.do HTTP/1.1" 200 622
0:0:0:0:0:0:0:1 - - [22/Jan/2020:14:32:09 +0800] "POST /student/login.do HTTP/1.1" 200 2321
0:0:0:0:0:0:0:1 - - [22/Jan/2020:14:32:09 +0800] "GET /verifyUtil.do HTTP/1.1" 200 540
0:0:0:0:0:0:0:1 - - [22/Jan/2020:14:32:09 +0800] "POST /student/login.do HTTP/1.1" 200 2321
0:0:0:0:0:0:0:1 - - [22/Jan/2020:14:32:09 +0800] "GET /verifyUtil.do HTTP/1.1" 200 668
0:0:0:0:0:0:0:1 - - [22/Jan/2020:14:32:09 +0800] "POST /student/login.do HTTP/1.1" 200 2321
0:0:0:0:0:0:0:1 - - [22/Jan/2020:14:32:10 +0800] "GET /verifyUtil.do HTTP/1.1" 200 671
0:0:0:0:0:0:0:1 - - [22/Jan/2020:14:32:10 +0800] "POST /student/login.do HTTP/1.1" 200 2321
0:0:0:0:0:0:0:1 - - [22/Jan/2020:14:32:10 +0800] "GET /verifyUtil.do HTTP/1.1" 200 610
0:0:0:0:0:0:0:1 - - [22/Jan/2020:14:32:10 +0800] "POST /student/login.do HTTP/1.1" 200 2321
0:0:0:0:0:0:0:1 - - [22/Jan/2020:14:32:10 +0800] "GET /verifyUtil.do HTTP/1.1" 200 613
0:0:0:0:0:0:0:1 - - [22/Jan/2020:14:32:11 +0800] "POST /student/login.do HTTP/1.1" 200 2321
0:0:0:0:0:0:0:1 - - [22/Jan/2020:14:32:11 +0800] "GET /verifyUtil.do HTTP/1.1" 200 587
0:0:0:0:0:0:0:1 - - [22/Jan/2020:14:32:12 +0800] "POST /student/login.do HTTP/1.1" 200 2321
0:0:0:0:0:0:0:1 - - [22/Jan/2020:14:32:12 +0800] "GET /verifyUtil.do HTTP/1.1" 200 557
0:0:0:0:0:0:0:1 - - [22/Jan/2020:14:32:13 +0800] "POST /student/login.do HTTP/1.1" 200 2321
0:0:0:0:0:0:0:1 - - [22/Jan/2020:14:32:13 +0800] "GET /verifyUtil.do HTTP/1.1" 200 624
0:0:0:0:0:0:0:1 - - [22/Jan/2020:14:32:14 +0800] "POST /student/login.do HTTP/1.1" 200 2321
0:0:0:0:0:0:0:1 - - [22/Jan/2020:14:32:14 +0800] "GET /verifyUtil.do HTTP/1.1" 200 711
0:0:0:0:0:0:0:1 - - [22/Jan/2020:14:32:15 +0800] "POST /student/login.do HTTP/1.1" 200 2321
0:0:0:0:0:0:0:1 - - [22/Jan/2020:14:32:15 +0800] "GET /verifyUtil.do HTTP/1.1" 200 619
0:0:0:0:0:0:0:1 - - [22/Jan/2020:14:32:15 +0800] "POST /student/login.do HTTP/1.1" 200 2321
0:0:0:0:0:0:0:1 - - [22/Jan/2020:14:32:16 +0800] "GET /verifyUtil.do HTTP/1.1" 200 690
0:0:0:0:0:0:0:1 - - [22/Jan/2020:14:32:16 +0800] "POST /student/login.do HTTP/1.1" 200 2321
0:0:0:0:0:0:0:1 - - [22/Jan/2020:14:32:16 +0800] "GET /verifyUtil.do HTTP/1.1" 200 583
0:0:0:0:0:0:0:1 - - [22/Jan/2020:14:32:17 +0800] "POST /student/login.do HTTP/1.1" 200 2321
0:0:0:0:0:0:0:1 - - [22/Jan/2020:14:32:17 +0800] "GET /verifyUtil.do HTTP/1.1" 200 736
0:0:0:0:0:0:0:1 - - [22/Jan/2020:14:32:17 +0800] "POST /student/login.do HTTP/1.1" 200 2321
0:0:0:0:0:0:0:1 - - [22/Jan/2020:14:32:17 +0800] "GET /verifyUtil.do HTTP/1.1" 200 587
0:0:0:0:0:0:0:1 - - [22/Jan/2020:14:32:18 +0800] "POST /student/login.do HTTP/1.1" 200 2321
0:0:0:0:0:0:0:1 - - [22/Jan/2020:14:32:19 +0800] "GET /verifyUtil.do HTTP/1.1" 200 620
0:0:0:0:0:0:0:1 - - [22/Jan/2020:14:32:45 +0800] "POST /student/login.do HTTP/1.1" 200 2321
0:0:0:0:0:0:0:1 - - [22/Jan/2020:14:32:45 +0800] "GET /verifyUtil.do HTTP/1.1" 200 628
0:0:0:0:0:0:0:1 - - [22/Jan/2020:14:32:51 +0800] "POST /student/login.do HTTP/1.1" 200 2321
0:0:0:0:0:0:0:1 - - [22/Jan/2020:14:32:51 +0800] "GET /verifyUtil.do HTTP/1.1" 200 585
0:0:0:0:0:0:0:1 - - [22/Jan/2020:14:33:02 +0800] "POST /student/login.do HTTP/1.1" 200 2321
0:0:0:0:0:0:0:1 - - [22/Jan/2020:14:33:02 +0800] "GET /verifyUtil.do HTTP/1.1" 200 584
0:0:0:0:0:0:0:1 - - [22/Jan/2020:14:35:27 +0800] "GET / HTTP/1.1" 200 2279
0:0:0:0:0:0:0:1 - - [22/Jan/2020:14:35:27 +0800] "GET /verifyUtil.do HTTP/1.1" 200 634
0:0:0:0:0:0:0:1 - - [22/Jan/2020:14:35:32 +0800] "POST /login.do HTTP/1.1" 200 2300
0:0:0:0:0:0:0:1 - - [22/Jan/2020:14:35:32 +0800] "GET /verifyUtil.do HTTP/1.1" 200 687
0:0:0:0:0:0:0:1 - - [22/Jan/2020:14:35:39 +0800] "POST /login.do HTTP/1.1" 302 -
0:0:0:0:0:0:0:1 - - [22/Jan/2020:14:35:39 +0800] "GET /teacher/login.do?username=&password= HTTP/1.1" 200 2309
0:0:0:0:0:0:0:1 - - [22/Jan/2020:14:35:39 +0800] "GET /verifyUtil.do HTTP/1.1" 200 702
0:0:0:0:0:0:0:1 - - [22/Jan/2020:14:35:42 +0800] "POST /teacher/login.do HTTP/1.1" 200 2309
0:0:0:0:0:0:0:1 - - [22/Jan/2020:14:35:42 +0800] "GET /verifyUtil.do HTTP/1.1" 200 611
0:0:0:0:0:0:0:1 - - [22/Jan/2020:14:35:43 +0800] "POST /teacher/login.do HTTP/1.1" 200 2309
0:0:0:0:0:0:0:1 - - [22/Jan/2020:14:35:43 +0800] "GET /verifyUtil.do HTTP/1.1" 200 686
0:0:0:0:0:0:0:1 - - [22/Jan/2020:14:35:43 +0800] "POST /teacher/login.do HTTP/1.1" 200 2309
0:0:0:0:0:0:0:1 - - [22/Jan/2020:14:35:43 +0800] "GET /verifyUtil.do HTTP/1.1" 200 714
0:0:0:0:0:0:0:1 - - [22/Jan/2020:14:35:43 +0800] "POST /teacher/login.do HTTP/1.1" 200 2309
0:0:0:0:0:0:0:1 - - [22/Jan/2020:14:35:43 +0800] "GET /verifyUtil.do HTTP/1.1" 200 617
0:0:0:0:0:0:0:1 - - [22/Jan/2020:14:35:43 +0800] "POST /teacher/login.do HTTP/1.1" 200 2309
0:0:0:0:0:0:0:1 - - [22/Jan/2020:14:35:43 +0800] "GET /verifyUtil.do HTTP/1.1" 200 634
0:0:0:0:0:0:0:1 - - [22/Jan/2020:14:35:43 +0800] "POST /teacher/login.do HTTP/1.1" 200 2309
0:0:0:0:0:0:0:1 - - [22/Jan/2020:14:35:43 +0800] "GET /verifyUtil.do HTTP/1.1" 200 551
0:0:0:0:0:0:0:1 - - [22/Jan/2020:14:35:44 +0800] "POST /teacher/login.do HTTP/1.1" 200 2309
0:0:0:0:0:0:0:1 - - [22/Jan/2020:14:35:44 +0800] "GET /verifyUtil.do HTTP/1.1" 200 674
0:0:0:0:0:0:0:1 - - [22/Jan/2020:14:35:44 +0800] "POST /teacher/login.do HTTP/1.1" 200 2309
0:0:0:0:0:0:0:1 - - [22/Jan/2020:14:35:44 +0800] "GET /verifyUtil.do HTTP/1.1" 200 588
0:0:0:0:0:0:0:1 - - [22/Jan/2020:14:35:44 +0800] "POST /teacher/login.do HTTP/1.1" 200 2309
0:0:0:0:0:0:0:1 - - [22/Jan/2020:14:35:44 +0800] "GET /verifyUtil.do HTTP/1.1" 200 776
0:0:0:0:0:0:0:1 - - [22/Jan/2020:14:35:44 +0800] "POST /teacher/login.do HTTP/1.1" 200 2309
0:0:0:0:0:0:0:1 - - [22/Jan/2020:14:35:44 +0800] "GET /verifyUtil.do HTTP/1.1" 200 586
0:0:0:0:0:0:0:1 - - [22/Jan/2020:14:35:44 +0800] "POST /teacher/login.do HTTP/1.1" 200 2309
0:0:0:0:0:0:0:1 - - [22/Jan/2020:14:35:44 +0800] "GET /verifyUtil.do HTTP/1.1" 200 677
0:0:0:0:0:0:0:1 - - [22/Jan/2020:14:35:44 +0800] "POST /teacher/login.do HTTP/1.1" 200 2309
0:0:0:0:0:0:0:1 - - [22/Jan/2020:14:35:44 +0800] "GET /verifyUtil.do HTTP/1.1" 200 656
0:0:0:0:0:0:0:1 - - [22/Jan/2020:14:35:45 +0800] "POST /teacher/login.do HTTP/1.1" 200 2309
0:0:0:0:0:0:0:1 - - [22/Jan/2020:14:35:45 +0800] "GET /verifyUtil.do HTTP/1.1" 200 657
0:0:0:0:0:0:0:1 - - [22/Jan/2020:14:35:45 +0800] "POST /teacher/login.do HTTP/1.1" 200 2309
0:0:0:0:0:0:0:1 - - [22/Jan/2020:14:35:45 +0800] "GET /verifyUtil.do HTTP/1.1" 200 687
0:0:0:0:0:0:0:1 - - [22/Jan/2020:14:35:45 +0800] "POST /teacher/login.do HTTP/1.1" 200 2309
0:0:0:0:0:0:0:1 - - [22/Jan/2020:14:35:45 +0800] "GET /verifyUtil.do HTTP/1.1" 200 598
0:0:0:0:0:0:0:1 - - [22/Jan/2020:14:35:45 +0800] "POST /teacher/login.do HTTP/1.1" 200 2309
0:0:0:0:0:0:0:1 - - [22/Jan/2020:14:35:45 +0800] "GET /verifyUtil.do HTTP/1.1" 200 686
0:0:0:0:0:0:0:1 - - [22/Jan/2020:14:35:46 +0800] "POST /teacher/login.do HTTP/1.1" 200 2309
0:0:0:0:0:0:0:1 - - [22/Jan/2020:14:35:46 +0800] "GET /verifyUtil.do HTTP/1.1" 200 627
0:0:0:0:0:0:0:1 - - [22/Jan/2020:14:35:46 +0800] "POST /teacher/login.do HTTP/1.1" 200 2309
0:0:0:0:0:0:0:1 - - [22/Jan/2020:14:35:46 +0800] "GET /verifyUtil.do HTTP/1.1" 200 642
0:0:0:0:0:0:0:1 - - [22/Jan/2020:14:35:46 +0800] "POST /teacher/login.do HTTP/1.1" 200 2309
0:0:0:0:0:0:0:1 - - [22/Jan/2020:14:35:46 +0800] "GET /verifyUtil.do HTTP/1.1" 200 712
0:0:0:0:0:0:0:1 - - [22/Jan/2020:14:35:46 +0800] "POST /teacher/login.do HTTP/1.1" 200 2309
0:0:0:0:0:0:0:1 - - [22/Jan/2020:14:35:46 +0800] "GET /verifyUtil.do HTTP/1.1" 200 688
0:0:0:0:0:0:0:1 - - [22/Jan/2020:14:35:46 +0800] "POST /teacher/login.do HTTP/1.1" 200 2309
0:0:0:0:0:0:0:1 - - [22/Jan/2020:14:35:46 +0800] "GET /verifyUtil.do HTTP/1.1" 200 702
0:0:0:0:0:0:0:1 - - [22/Jan/2020:14:35:46 +0800] "POST /teacher/login.do HTTP/1.1" 200 2309
0:0:0:0:0:0:0:1 - - [22/Jan/2020:14:35:46 +0800] "GET /verifyUtil.do HTTP/1.1" 200 726
0:0:0:0:0:0:0:1 - - [22/Jan/2020:14:35:47 +0800] "POST /teacher/login.do HTTP/1.1" 200 2309
0:0:0:0:0:0:0:1 - - [22/Jan/2020:14:35:47 +0800] "GET /verifyUtil.do HTTP/1.1" 200 789
0:0:0:0:0:0:0:1 - - [22/Jan/2020:14:35:47 +0800] "POST /teacher/login.do HTTP/1.1" 200 2309
0:0:0:0:0:0:0:1 - - [22/Jan/2020:14:35:47 +0800] "GET /verifyUtil.do HTTP/1.1" 200 590
0:0:0:0:0:0:0:1 - - [22/Jan/2020:14:35:47 +0800] "POST /teacher/login.do HTTP/1.1" 200 2309
0:0:0:0:0:0:0:1 - - [22/Jan/2020:14:35:47 +0800] "GET /verifyUtil.do HTTP/1.1" 200 619
0:0:0:0:0:0:0:1 - - [22/Jan/2020:14:35:48 +0800] "POST /teacher/login.do HTTP/1.1" 200 2309
0:0:0:0:0:0:0:1 - - [22/Jan/2020:14:35:48 +0800] "GET /verifyUtil.do HTTP/1.1" 200 726
0:0:0:0:0:0:0:1 - - [22/Jan/2020:14:35:48 +0800] "POST /teacher/login.do HTTP/1.1" 200 2309
0:0:0:0:0:0:0:1 - - [22/Jan/2020:14:35:48 +0800] "GET /verifyUtil.do HTTP/1.1" 200 646
0:0:0:0:0:0:0:1 - - [22/Jan/2020:14:35:48 +0800] "POST /teacher/login.do HTTP/1.1" 200 2309
0:0:0:0:0:0:0:1 - - [22/Jan/2020:14:35:48 +0800] "GET /verifyUtil.do HTTP/1.1" 200 598
0:0:0:0:0:0:0:1 - - [22/Jan/2020:14:36:24 +0800] "POST /teacher/login.do HTTP/1.1" 200 2309
0:0:0:0:0:0:0:1 - - [22/Jan/2020:14:36:24 +0800] "GET /verifyUtil.do HTTP/1.1" 200 710
0:0:0:0:0:0:0:1 - - [22/Jan/2020:14:36:25 +0800] "GET /favicon.ico HTTP/1.1" 200 946
0:0:0:0:0:0:0:1 - - [22/Jan/2020:14:36:28 +0800] "GET / HTTP/1.1" 200 2279
0:0:0:0:0:0:0:1 - - [22/Jan/2020:14:36:28 +0800] "GET /verifyUtil.do HTTP/1.1" 200 699
0:0:0:0:0:0:0:1 - - [22/Jan/2020:14:36:43 +0800] "POST /login.do HTTP/1.1" 200 2310
0:0:0:0:0:0:0:1 - - [22/Jan/2020:14:36:43 +0800] "GET /verifyUtil.do HTTP/1.1" 200 707
0:0:0:0:0:0:0:1 - - [22/Jan/2020:14:36:53 +0800] "POST /login.do HTTP/1.1" 302 -
0:0:0:0:0:0:0:1 - - [22/Jan/2020:14:36:53 +0800] "GET /student/login.do?username=201210312216&password=123456 HTTP/1.1" 200 1792
0:0:0:0:0:0:0:1 - - [22/Jan/2020:14:39:24 +0800] "POST /login.do HTTP/1.1" 200 2310
0:0:0:0:0:0:0:1 - - [22/Jan/2020:14:39:24 +0800] "GET /verifyUtil.do HTTP/1.1" 200 690
0:0:0:0:0:0:0:1 - - [22/Jan/2020:14:39:24 +0800] "GET /favicon.ico HTTP/1.1" 200 946
0:0:0:0:0:0:0:1 - - [22/Jan/2020:14:39:27 +0800] "GET / HTTP/1.1" 200 2279
0:0:0:0:0:0:0:1 - - [22/Jan/2020:14:39:27 +0800] "GET /verifyUtil.do HTTP/1.1" 200 586
0:0:0:0:0:0:0:1 - - [22/Jan/2020:14:39:29 +0800] "POST /login.do HTTP/1.1" 200 2310
0:0:0:0:0:0:0:1 - - [22/Jan/2020:14:39:29 +0800] "GET /favicon.ico HTTP/1.1" 200 946
0:0:0:0:0:0:0:1 - - [22/Jan/2020:14:39:39 +0800] "POST /login.do HTTP/1.1" 302 -
0:0:0:0:0:0:0:1 - - [22/Jan/2020:14:39:40 +0800] "GET /student/login.do?username=201210312216&password= HTTP/1.1" 200 2321
0:0:0:0:0:0:0:1 - - [22/Jan/2020:14:39:40 +0800] "GET /verifyUtil.do HTTP/1.1" 200 596
0:0:0:0:0:0:0:1 - - [22/Jan/2020:14:39:46 +0800] "POST /student/login.do HTTP/1.1" 200 2321
0:0:0:0:0:0:0:1 - - [22/Jan/2020:14:39:46 +0800] "GET /verifyUtil.do HTTP/1.1" 200 740
0:0:0:0:0:0:0:1 - - [22/Jan/2020:14:39:47 +0800] "POST /student/login.do HTTP/1.1" 200 2321
0:0:0:0:0:0:0:1 - - [22/Jan/2020:14:39:47 +0800] "GET /verifyUtil.do HTTP/1.1" 200 662
0:0:0:0:0:0:0:1 - - [22/Jan/2020:14:39:48 +0800] "POST /student/login.do HTTP/1.1" 200 2321
0:0:0:0:0:0:0:1 - - [22/Jan/2020:14:39:48 +0800] "GET /verifyUtil.do HTTP/1.1" 200 687
0:0:0:0:0:0:0:1 - - [22/Jan/2020:14:39:48 +0800] "POST /student/login.do HTTP/1.1" 200 2321
0:0:0:0:0:0:0:1 - - [22/Jan/2020:14:39:48 +0800] "GET /verifyUtil.do HTTP/1.1" 200 701
0:0:0:0:0:0:0:1 - - [22/Jan/2020:14:39:48 +0800] "POST /student/login.do HTTP/1.1" 200 2321
0:0:0:0:0:0:0:1 - - [22/Jan/2020:14:39:48 +0800] "GET /verifyUtil.do HTTP/1.1" 200 516
0:0:0:0:0:0:0:1 - - [22/Jan/2020:14:39:49 +0800] "POST /student/login.do HTTP/1.1" 200 2321
0:0:0:0:0:0:0:1 - - [22/Jan/2020:14:39:49 +0800] "GET /verifyUtil.do HTTP/1.1" 200 591
0:0:0:0:0:0:0:1 - - [22/Jan/2020:14:39:49 +0800] "POST /student/login.do HTTP/1.1" 200 2321
0:0:0:0:0:0:0:1 - - [22/Jan/2020:14:39:49 +0800] "GET /verifyUtil.do HTTP/1.1" 200 646
0:0:0:0:0:0:0:1 - - [22/Jan/2020:14:39:49 +0800] "POST /student/login.do HTTP/1.1" 200 2321
0:0:0:0:0:0:0:1 - - [22/Jan/2020:14:39:49 +0800] "GET /verifyUtil.do HTTP/1.1" 200 747
0:0:0:0:0:0:0:1 - - [22/Jan/2020:14:39:49 +0800] "POST /student/login.do HTTP/1.1" 200 2321
0:0:0:0:0:0:0:1 - - [22/Jan/2020:14:39:49 +0800] "GET /verifyUtil.do HTTP/1.1" 200 618
0:0:0:0:0:0:0:1 - - [22/Jan/2020:14:39:50 +0800] "POST /student/login.do HTTP/1.1" 200 2321
0:0:0:0:0:0:0:1 - - [22/Jan/2020:14:39:50 +0800] "GET /verifyUtil.do HTTP/1.1" 200 675
0:0:0:0:0:0:0:1 - - [22/Jan/2020:14:39:50 +0800] "POST /student/login.do HTTP/1.1" 200 2321
0:0:0:0:0:0:0:1 - - [22/Jan/2020:14:39:50 +0800] "GET /verifyUtil.do HTTP/1.1" 200 593
0:0:0:0:0:0:0:1 - - [22/Jan/2020:14:39:50 +0800] "POST /student/login.do HTTP/1.1" 200 2321
0:0:0:0:0:0:0:1 - - [22/Jan/2020:14:39:50 +0800] "GET /verifyUtil.do HTTP/1.1" 200 669
0:0:0:0:0:0:0:1 - - [22/Jan/2020:14:39:50 +0800] "POST /student/login.do HTTP/1.1" 200 2321
0:0:0:0:0:0:0:1 - - [22/Jan/2020:14:39:50 +0800] "GET /verifyUtil.do HTTP/1.1" 200 714
0:0:0:0:0:0:0:1 - - [22/Jan/2020:14:39:50 +0800] "POST /student/login.do HTTP/1.1" 200 2321
0:0:0:0:0:0:0:1 - - [22/Jan/2020:14:39:50 +0800] "GET /verifyUtil.do HTTP/1.1" 200 708
0:0:0:0:0:0:0:1 - - [22/Jan/2020:14:39:50 +0800] "POST /student/login.do HTTP/1.1" 200 2321
0:0:0:0:0:0:0:1 - - [22/Jan/2020:14:39:50 +0800] "GET /verifyUtil.do HTTP/1.1" 200 554
0:0:0:0:0:0:0:1 - - [22/Jan/2020:14:39:51 +0800] "POST /student/login.do HTTP/1.1" 200 2321
0:0:0:0:0:0:0:1 - - [22/Jan/2020:14:39:51 +0800] "GET /verifyUtil.do HTTP/1.1" 200 701
0:0:0:0:0:0:0:1 - - [22/Jan/2020:14:39:51 +0800] "POST /student/login.do HTTP/1.1" 200 2321
0:0:0:0:0:0:0:1 - - [22/Jan/2020:14:39:51 +0800] "GET /verifyUtil.do HTTP/1.1" 200 683
0:0:0:0:0:0:0:1 - - [22/Jan/2020:14:39:51 +0800] "POST /student/login.do HTTP/1.1" 200 2321
0:0:0:0:0:0:0:1 - - [22/Jan/2020:14:39:51 +0800] "GET /verifyUtil.do HTTP/1.1" 200 582
0:0:0:0:0:0:0:1 - - [22/Jan/2020:14:39:51 +0800] "POST /student/login.do HTTP/1.1" 200 2321
0:0:0:0:0:0:0:1 - - [22/Jan/2020:14:39:51 +0800] "GET /verifyUtil.do HTTP/1.1" 200 587
0:0:0:0:0:0:0:1 - - [22/Jan/2020:14:39:52 +0800] "POST /student/login.do HTTP/1.1" 200 2321
0:0:0:0:0:0:0:1 - - [22/Jan/2020:14:39:52 +0800] "GET /verifyUtil.do HTTP/1.1" 200 686
0:0:0:0:0:0:0:1 - - [22/Jan/2020:14:39:52 +0800] "POST /student/login.do HTTP/1.1" 200 2321
0:0:0:0:0:0:0:1 - - [22/Jan/2020:14:39:52 +0800] "GET /verifyUtil.do HTTP/1.1" 200 637
0:0:0:0:0:0:0:1 - - [22/Jan/2020:14:39:52 +0800] "POST /student/login.do HTTP/1.1" 200 2321
0:0:0:0:0:0:0:1 - - [22/Jan/2020:14:39:52 +0800] "GET /verifyUtil.do HTTP/1.1" 200 677
0:0:0:0:0:0:0:1 - - [22/Jan/2020:14:39:52 +0800] "POST /student/login.do HTTP/1.1" 200 2321
0:0:0:0:0:0:0:1 - - [22/Jan/2020:14:39:52 +0800] "GET /verifyUtil.do HTTP/1.1" 200 686
0:0:0:0:0:0:0:1 - - [22/Jan/2020:14:39:52 +0800] "POST /student/login.do HTTP/1.1" 200 2321
0:0:0:0:0:0:0:1 - - [22/Jan/2020:14:39:52 +0800] "GET /verifyUtil.do HTTP/1.1" 200 618
0:0:0:0:0:0:0:1 - - [22/Jan/2020:14:39:53 +0800] "POST /student/login.do HTTP/1.1" 200 2321
0:0:0:0:0:0:0:1 - - [22/Jan/2020:14:39:53 +0800] "GET /verifyUtil.do HTTP/1.1" 200 784
0:0:0:0:0:0:0:1 - - [22/Jan/2020:14:39:53 +0800] "POST /student/login.do HTTP/1.1" 200 2321
0:0:0:0:0:0:0:1 - - [22/Jan/2020:14:39:53 +0800] "GET /verifyUtil.do HTTP/1.1" 200 693
0:0:0:0:0:0:0:1 - - [22/Jan/2020:14:40:00 +0800] "POST /student/login.do HTTP/1.1" 200 2321
0:0:0:0:0:0:0:1 - - [22/Jan/2020:14:40:00 +0800] "GET /verifyUtil.do HTTP/1.1" 200 606
0:0:0:0:0:0:0:1 - - [22/Jan/2020:14:43:26 +0800] "POST /student/login.do HTTP/1.1" 200 2321
0:0:0:0:0:0:0:1 - - [22/Jan/2020:14:43:26 +0800] "GET /verifyUtil.do HTTP/1.1" 200 574
0:0:0:0:0:0:0:1 - - [22/Jan/2020:14:43:26 +0800] "GET /favicon.ico HTTP/1.1" 200 946
0:0:0:0:0:0:0:1 - - [22/Jan/2020:14:43:59 +0800] "POST /student/login.do HTTP/1.1" 200 2321
0:0:0:0:0:0:0:1 - - [22/Jan/2020:14:43:59 +0800] "GET /verifyUtil.do HTTP/1.1" 200 670
0:0:0:0:0:0:0:1 - - [22/Jan/2020:14:44:12 +0800] "GET /verifyUtil.do HTTP/1.1" 200 659
0:0:0:0:0:0:0:1 - - [22/Jan/2020:14:44:25 +0800] "POST /login.do HTTP/1.1" 302 -
0:0:0:0:0:0:0:1 - - [22/Jan/2020:14:44:25 +0800] "GET /student/login.do?username=201610414415&password= HTTP/1.1" 200 2321
0:0:0:0:0:0:0:1 - - [22/Jan/2020:14:44:25 +0800] "GET /verifyUtil.do HTTP/1.1" 200 615
0:0:0:0:0:0:0:1 - - [22/Jan/2020:14:47:09 +0800] "GET / HTTP/1.1" 200 2279
0:0:0:0:0:0:0:1 - - [22/Jan/2020:14:47:09 +0800] "GET /verifyUtil.do HTTP/1.1" 200 665
0:0:0:0:0:0:0:1 - - [22/Jan/2020:14:47:36 +0800] "POST /login.do HTTP/1.1" 302 -
0:0:0:0:0:0:0:1 - - [22/Jan/2020:14:47:36 +0800] "GET /student/login.do?username=201210312216&password=123456 HTTP/1.1" 200 1792
0:0:0:0:0:0:0:1 - - [22/Jan/2020:14:47:42 +0800] "POST /login.do HTTP/1.1" 302 -
0:0:0:0:0:0:0:1 - - [22/Jan/2020:14:47:42 +0800] "GET /student/login.do?username=201210312216&password= HTTP/1.1" 200 2321
0:0:0:0:0:0:0:1 - - [22/Jan/2020:14:47:42 +0800] "GET /verifyUtil.do HTTP/1.1" 200 697
0:0:0:0:0:0:0:1 - - [22/Jan/2020:14:47:54 +0800] "POST /student/login.do HTTP/1.1" 200 2321
0:0:0:0:0:0:0:1 - - [22/Jan/2020:14:47:54 +0800] "GET /verifyUtil.do HTTP/1.1" 200 656
0:0:0:0:0:0:0:1 - - [22/Jan/2020:14:47:55 +0800] "POST /student/login.do HTTP/1.1" 200 2321
0:0:0:0:0:0:0:1 - - [22/Jan/2020:14:47:55 +0800] "GET /verifyUtil.do HTTP/1.1" 200 668
0:0:0:0:0:0:0:1 - - [22/Jan/2020:14:47:56 +0800] "POST /student/login.do HTTP/1.1" 200 2321
0:0:0:0:0:0:0:1 - - [22/Jan/2020:14:47:56 +0800] "GET /verifyUtil.do HTTP/1.1" 200 714
0:0:0:0:0:0:0:1 - - [22/Jan/2020:14:48:00 +0800] "GET / HTTP/1.1" 200 2279
0:0:0:0:0:0:0:1 - - [22/Jan/2020:14:48:00 +0800] "GET /verifyUtil.do HTTP/1.1" 200 560
0:0:0:0:0:0:0:1 - - [22/Jan/2020:14:48:02 +0800] "GET /verifyUtil.do?46 HTTP/1.1" 200 656
0:0:0:0:0:0:0:1 - - [22/Jan/2020:14:48:11 +0800] "POST /login.do HTTP/1.1" 302 -
0:0:0:0:0:0:0:1 - - [22/Jan/2020:14:48:11 +0800] "GET /teacher/login.do?username=&password= HTTP/1.1" 200 2309
0:0:0:0:0:0:0:1 - - [22/Jan/2020:14:48:11 +0800] "GET /verifyUtil.do HTTP/1.1" 200 718
0:0:0:0:0:0:0:1 - - [22/Jan/2020:14:48:17 +0800] "POST /teacher/login.do HTTP/1.1" 200 2309
0:0:0:0:0:0:0:1 - - [22/Jan/2020:14:48:17 +0800] "GET /verifyUtil.do HTTP/1.1" 200 693
0:0:0:0:0:0:0:1 - - [22/Jan/2020:14:48:19 +0800] "POST /teacher/login.do HTTP/1.1" 200 2309
0:0:0:0:0:0:0:1 - - [22/Jan/2020:14:48:19 +0800] "GET /verifyUtil.do HTTP/1.1" 200 635
0:0:0:0:0:0:0:1 - - [22/Jan/2020:14:48:20 +0800] "POST /teacher/login.do HTTP/1.1" 200 2309
0:0:0:0:0:0:0:1 - - [22/Jan/2020:14:48:20 +0800] "GET /verifyUtil.do HTTP/1.1" 200 639
0:0:0:0:0:0:0:1 - - [22/Jan/2020:14:48:22 +0800] "POST /teacher/login.do HTTP/1.1" 200 2309
0:0:0:0:0:0:0:1 - - [22/Jan/2020:14:48:22 +0800] "GET /verifyUtil.do HTTP/1.1" 200 724
0:0:0:0:0:0:0:1 - - [22/Jan/2020:14:49:37 +0800] "POST /teacher/login.do HTTP/1.1" 200 1803
0:0:0:0:0:0:0:1 - - [22/Jan/2020:14:49:43 +0800] "POST /teacher/login.do HTTP/1.1" 200 2321
0:0:0:0:0:0:0:1 - - [22/Jan/2020:14:49:43 +0800] "GET /verifyUtil.do HTTP/1.1" 200 585
0:0:0:0:0:0:0:1 - - [22/Jan/2020:14:49:43 +0800] "POST /teacher/login.do HTTP/1.1" 200 2321
0:0:0:0:0:0:0:1 - - [22/Jan/2020:14:49:43 +0800] "GET /verifyUtil.do HTTP/1.1" 200 653
0:0:0:0:0:0:0:1 - - [22/Jan/2020:14:49:43 +0800] "POST /teacher/login.do HTTP/1.1" 200 2321
0:0:0:0:0:0:0:1 - - [22/Jan/2020:14:49:43 +0800] "GET /verifyUtil.do HTTP/1.1" 200 716
0:0:0:0:0:0:0:1 - - [22/Jan/2020:14:49:44 +0800] "POST /teacher/login.do HTTP/1.1" 200 2321
0:0:0:0:0:0:0:1 - - [22/Jan/2020:14:49:44 +0800] "GET /verifyUtil.do HTTP/1.1" 200 609
0:0:0:0:0:0:0:1 - - [22/Jan/2020:14:49:44 +0800] "POST /teacher/login.do HTTP/1.1" 200 2321
0:0:0:0:0:0:0:1 - - [22/Jan/2020:14:49:44 +0800] "GET /verifyUtil.do HTTP/1.1" 200 691
0:0:0:0:0:0:0:1 - - [22/Jan/2020:14:49:44 +0800] "POST /teacher/login.do HTTP/1.1" 200 2321
0:0:0:0:0:0:0:1 - - [22/Jan/2020:14:49:44 +0800] "GET /verifyUtil.do HTTP/1.1" 200 645
0:0:0:0:0:0:0:1 - - [22/Jan/2020:14:49:44 +0800] "POST /teacher/login.do HTTP/1.1" 200 2321
0:0:0:0:0:0:0:1 - - [22/Jan/2020:14:49:44 +0800] "GET /verifyUtil.do HTTP/1.1" 200 709
0:0:0:0:0:0:0:1 - - [22/Jan/2020:14:49:44 +0800] "POST /teacher/login.do HTTP/1.1" 200 2321
0:0:0:0:0:0:0:1 - - [22/Jan/2020:14:49:44 +0800] "GET /verifyUtil.do HTTP/1.1" 200 542
0:0:0:0:0:0:0:1 - - [22/Jan/2020:14:49:44 +0800] "POST /teacher/login.do HTTP/1.1" 200 2321
0:0:0:0:0:0:0:1 - - [22/Jan/2020:14:49:44 +0800] "GET /verifyUtil.do HTTP/1.1" 200 700
0:0:0:0:0:0:0:1 - - [22/Jan/2020:14:49:44 +0800] "POST /teacher/login.do HTTP/1.1" 200 2321
0:0:0:0:0:0:0:1 - - [22/Jan/2020:14:49:44 +0800] "GET /verifyUtil.do HTTP/1.1" 200 711
0:0:0:0:0:0:0:1 - - [22/Jan/2020:14:49:45 +0800] "POST /teacher/login.do HTTP/1.1" 200 2321
0:0:0:0:0:0:0:1 - - [22/Jan/2020:14:49:45 +0800] "GET /verifyUtil.do HTTP/1.1" 200 665
0:0:0:0:0:0:0:1 - - [22/Jan/2020:14:49:45 +0800] "POST /teacher/login.do HTTP/1.1" 200 2321
0:0:0:0:0:0:0:1 - - [22/Jan/2020:14:49:45 +0800] "GET /verifyUtil.do HTTP/1.1" 200 623
0:0:0:0:0:0:0:1 - - [22/Jan/2020:14:49:45 +0800] "POST /teacher/login.do HTTP/1.1" 200 2321
0:0:0:0:0:0:0:1 - - [22/Jan/2020:14:49:45 +0800] "GET /verifyUtil.do HTTP/1.1" 200 639
0:0:0:0:0:0:0:1 - - [22/Jan/2020:14:49:47 +0800] "POST /teacher/login.do HTTP/1.1" 200 2321
0:0:0:0:0:0:0:1 - - [22/Jan/2020:14:49:47 +0800] "GET /verifyUtil.do HTTP/1.1" 200 647
0:0:0:0:0:0:0:1 - - [22/Jan/2020:14:50:06 +0800] "POST /teacher/login.do HTTP/1.1" 200 2321
0:0:0:0:0:0:0:1 - - [22/Jan/2020:14:50:06 +0800] "GET /verifyUtil.do HTTP/1.1" 200 703
0:0:0:0:0:0:0:1 - - [22/Jan/2020:14:50:29 +0800] "POST /teacher/login.do HTTP/1.1" 200 1803
0:0:0:0:0:0:0:1 - - [22/Jan/2020:14:53:29 +0800] "GET / HTTP/1.1" 200 2280
0:0:0:0:0:0:0:1 - - [22/Jan/2020:14:53:29 +0800] "GET /verifyUtil.do HTTP/1.1" 200 631
0:0:0:0:0:0:0:1 - - [22/Jan/2020:14:53:49 +0800] "POST /login.do HTTP/1.1" 302 -
0:0:0:0:0:0:0:1 - - [22/Jan/2020:14:53:49 +0800] "GET /student/login.do?username=&password= HTTP/1.1" 200 2310
0:0:0:0:0:0:0:1 - - [22/Jan/2020:14:53:49 +0800] "GET /verifyUtil.do HTTP/1.1" 200 703
0:0:0:0:0:0:0:1 - - [22/Jan/2020:14:53:52 +0800] "POST /login.do HTTP/1.1" 200 2301
0:0:0:0:0:0:0:1 - - [22/Jan/2020:14:53:52 +0800] "GET /verifyUtil.do HTTP/1.1" 200 646
0:0:0:0:0:0:0:1 - - [22/Jan/2020:14:53:52 +0800] "POST /login.do HTTP/1.1" 200 2301
0:0:0:0:0:0:0:1 - - [22/Jan/2020:14:53:52 +0800] "GET /verifyUtil.do HTTP/1.1" 200 622
0:0:0:0:0:0:0:1 - - [22/Jan/2020:14:53:53 +0800] "POST /login.do HTTP/1.1" 200 2301
0:0:0:0:0:0:0:1 - - [22/Jan/2020:14:53:53 +0800] "GET /verifyUtil.do HTTP/1.1" 200 634
0:0:0:0:0:0:0:1 - - [22/Jan/2020:14:53:53 +0800] "POST /login.do HTTP/1.1" 200 2301
0:0:0:0:0:0:0:1 - - [22/Jan/2020:14:53:53 +0800] "GET /verifyUtil.do HTTP/1.1" 200 656
0:0:0:0:0:0:0:1 - - [22/Jan/2020:14:53:53 +0800] "POST /login.do HTTP/1.1" 200 2301
0:0:0:0:0:0:0:1 - - [22/Jan/2020:14:53:53 +0800] "GET /verifyUtil.do HTTP/1.1" 200 616
0:0:0:0:0:0:0:1 - - [22/Jan/2020:14:53:55 +0800] "POST /login.do HTTP/1.1" 200 2301
0:0:0:0:0:0:0:1 - - [22/Jan/2020:14:53:55 +0800] "GET /verifyUtil.do HTTP/1.1" 200 610
0:0:0:0:0:0:0:1 - - [22/Jan/2020:14:53:55 +0800] "POST /login.do HTTP/1.1" 200 2301
0:0:0:0:0:0:0:1 - - [22/Jan/2020:14:53:55 +0800] "GET /verifyUtil.do HTTP/1.1" 200 735
0:0:0:0:0:0:0:1 - - [22/Jan/2020:14:53:55 +0800] "POST /login.do HTTP/1.1" 200 2301
0:0:0:0:0:0:0:1 - - [22/Jan/2020:14:53:55 +0800] "GET /verifyUtil.do HTTP/1.1" 200 662
0:0:0:0:0:0:0:1 - - [22/Jan/2020:14:53:55 +0800] "POST /login.do HTTP/1.1" 200 2301
0:0:0:0:0:0:0:1 - - [22/Jan/2020:14:53:55 +0800] "GET /verifyUtil.do HTTP/1.1" 200 652
0:0:0:0:0:0:0:1 - - [22/Jan/2020:14:53:56 +0800] "POST /login.do HTTP/1.1" 200 2301
0:0:0:0:0:0:0:1 - - [22/Jan/2020:14:53:56 +0800] "GET /verifyUtil.do HTTP/1.1" 200 705
0:0:0:0:0:0:0:1 - - [22/Jan/2020:14:53:56 +0800] "POST /login.do HTTP/1.1" 200 2301
0:0:0:0:0:0:0:1 - - [22/Jan/2020:14:53:56 +0800] "GET /verifyUtil.do HTTP/1.1" 200 651
0:0:0:0:0:0:0:1 - - [22/Jan/2020:14:53:56 +0800] "POST /login.do HTTP/1.1" 200 2301
0:0:0:0:0:0:0:1 - - [22/Jan/2020:14:53:56 +0800] "GET /verifyUtil.do HTTP/1.1" 200 609
0:0:0:0:0:0:0:1 - - [22/Jan/2020:14:53:56 +0800] "POST /login.do HTTP/1.1" 200 2301
0:0:0:0:0:0:0:1 - - [22/Jan/2020:14:53:56 +0800] "GET /verifyUtil.do HTTP/1.1" 200 598
0:0:0:0:0:0:0:1 - - [22/Jan/2020:14:53:56 +0800] "POST /login.do HTTP/1.1" 200 2301
0:0:0:0:0:0:0:1 - - [22/Jan/2020:14:53:56 +0800] "GET /verifyUtil.do HTTP/1.1" 200 642
0:0:0:0:0:0:0:1 - - [22/Jan/2020:14:53:56 +0800] "POST /login.do HTTP/1.1" 200 2301
0:0:0:0:0:0:0:1 - - [22/Jan/2020:14:53:56 +0800] "GET /verifyUtil.do HTTP/1.1" 200 636
0:0:0:0:0:0:0:1 - - [22/Jan/2020:14:53:57 +0800] "POST /login.do HTTP/1.1" 200 2301
0:0:0:0:0:0:0:1 - - [22/Jan/2020:14:53:57 +0800] "GET /verifyUtil.do HTTP/1.1" 200 612
0:0:0:0:0:0:0:1 - - [22/Jan/2020:14:53:57 +0800] "POST /login.do HTTP/1.1" 200 2301
0:0:0:0:0:0:0:1 - - [22/Jan/2020:14:53:57 +0800] "GET /verifyUtil.do HTTP/1.1" 200 689
0:0:0:0:0:0:0:1 - - [22/Jan/2020:14:53:58 +0800] "POST /login.do HTTP/1.1" 200 2301
0:0:0:0:0:0:0:1 - - [22/Jan/2020:14:53:58 +0800] "GET /verifyUtil.do HTTP/1.1" 200 625
0:0:0:0:0:0:0:1 - - [22/Jan/2020:14:53:58 +0800] "POST /login.do HTTP/1.1" 200 2301
0:0:0:0:0:0:0:1 - - [22/Jan/2020:14:53:58 +0800] "GET /verifyUtil.do HTTP/1.1" 200 667
0:0:0:0:0:0:0:1 - - [22/Jan/2020:14:53:58 +0800] "POST /login.do HTTP/1.1" 200 2301
0:0:0:0:0:0:0:1 - - [22/Jan/2020:14:53:58 +0800] "GET /verifyUtil.do HTTP/1.1" 200 616
0:0:0:0:0:0:0:1 - - [22/Jan/2020:14:53:58 +0800] "POST /login.do HTTP/1.1" 200 2301
0:0:0:0:0:0:0:1 - - [22/Jan/2020:14:53:58 +0800] "GET /verifyUtil.do HTTP/1.1" 200 664
0:0:0:0:0:0:0:1 - - [22/Jan/2020:14:54:08 +0800] "POST /login.do HTTP/1.1" 302 -
0:0:0:0:0:0:0:1 - - [22/Jan/2020:14:54:08 +0800] "GET /student/login.do?username=201210312216&password= HTTP/1.1" 200 2322
0:0:0:0:0:0:0:1 - - [22/Jan/2020:14:54:08 +0800] "GET /verifyUtil.do HTTP/1.1" 200 576
0:0:0:0:0:0:0:1 - - [22/Jan/2020:14:54:18 +0800] "POST /login.do HTTP/1.1" 200 2313
0:0:0:0:0:0:0:1 - - [22/Jan/2020:14:54:18 +0800] "GET /verifyUtil.do HTTP/1.1" 200 567
0:0:0:0:0:0:0:1 - - [22/Jan/2020:14:54:22 +0800] "POST /login.do HTTP/1.1" 200 2313
0:0:0:0:0:0:0:1 - - [22/Jan/2020:14:54:22 +0800] "GET /verifyUtil.do HTTP/1.1" 200 698
0:0:0:0:0:0:0:1 - - [22/Jan/2020:14:54:39 +0800] "POST /login.do HTTP/1.1" 302 -
0:0:0:0:0:0:0:1 - - [22/Jan/2020:14:54:39 +0800] "GET /teacher/login.do?username=201610414415&password=123456 HTTP/1.1" 200 1803
0:0:0:0:0:0:0:1 - - [22/Jan/2020:14:55:49 +0800] "GET /teacher/login.do?username=201610414415&password=123456 HTTP/1.1" 200 1803
0:0:0:0:0:0:0:1 - - [22/Jan/2020:14:55:49 +0800] "GET /favicon.ico HTTP/1.1" 200 946
0:0:0:0:0:0:0:1 - - [22/Jan/2020:14:55:51 +0800] "GET /teacher/login.do?username=201610414415&password=123456 HTTP/1.1" 200 1803
0:0:0:0:0:0:0:1 - - [22/Jan/2020:14:55:51 +0800] "GET /favicon.ico HTTP/1.1" 200 946
0:0:0:0:0:0:0:1 - - [22/Jan/2020:14:55:51 +0800] "GET /teacher/login.do?username=201610414415&password=123456 HTTP/1.1" 200 1803
0:0:0:0:0:0:0:1 - - [22/Jan/2020:14:55:51 +0800] "GET /favicon.ico HTTP/1.1" 200 946
0:0:0:0:0:0:0:1 - - [22/Jan/2020:14:55:51 +0800] "GET /teacher/login.do?username=201610414415&password=123456 HTTP/1.1" 200 1803
0:0:0:0:0:0:0:1 - - [22/Jan/2020:14:55:52 +0800] "GET /favicon.ico HTTP/1.1" 200 946
0:0:0:0:0:0:0:1 - - [22/Jan/2020:14:55:52 +0800] "GET /teacher/login.do?username=201610414415&password=123456 HTTP/1.1" 200 1803
0:0:0:0:0:0:0:1 - - [22/Jan/2020:14:55:52 +0800] "GET /favicon.ico HTTP/1.1" 200 946
0:0:0:0:0:0:0:1 - - [22/Jan/2020:14:55:52 +0800] "GET /teacher/login.do?username=201610414415&password=123456 HTTP/1.1" 200 1803
0:0:0:0:0:0:0:1 - - [22/Jan/2020:14:55:52 +0800] "GET /favicon.ico HTTP/1.1" 200 946
0:0:0:0:0:0:0:1 - - [22/Jan/2020:14:55:52 +0800] "GET /teacher/login.do?username=201610414415&password=123456 HTTP/1.1" 200 1803
0:0:0:0:0:0:0:1 - - [22/Jan/2020:14:55:52 +0800] "GET /favicon.ico HTTP/1.1" 200 946
0:0:0:0:0:0:0:1 - - [22/Jan/2020:14:55:52 +0800] "GET /teacher/login.do?username=201610414415&password=123456 HTTP/1.1" 200 1803
0:0:0:0:0:0:0:1 - - [22/Jan/2020:14:55:52 +0800] "GET /favicon.ico HTTP/1.1" 200 946
0:0:0:0:0:0:0:1 - - [22/Jan/2020:14:55:53 +0800] "GET /teacher/login.do?username=201610414415&password=123456 HTTP/1.1" 200 1803
0:0:0:0:0:0:0:1 - - [22/Jan/2020:14:55:53 +0800] "GET /favicon.ico HTTP/1.1" 200 946
0:0:0:0:0:0:0:1 - - [22/Jan/2020:14:55:53 +0800] "GET /teacher/login.do?username=201610414415&password=123456 HTTP/1.1" 200 1803
0:0:0:0:0:0:0:1 - - [22/Jan/2020:14:55:53 +0800] "GET /favicon.ico HTTP/1.1" 200 946
0:0:0:0:0:0:0:1 - - [22/Jan/2020:14:55:54 +0800] "GET /teacher/login.do?username=201610414415&password=123456 HTTP/1.1" 200 1803
0:0:0:0:0:0:0:1 - - [22/Jan/2020:14:55:54 +0800] "GET /favicon.ico HTTP/1.1" 200 946
0:0:0:0:0:0:0:1 - - [22/Jan/2020:14:55:54 +0800] "GET /teacher/login.do?username=201610414415&password=123456 HTTP/1.1" 200 1803
0:0:0:0:0:0:0:1 - - [22/Jan/2020:14:55:54 +0800] "GET /favicon.ico HTTP/1.1" 200 946
0:0:0:0:0:0:0:1 - - [22/Jan/2020:14:55:55 +0800] "GET /teacher/login.do?username=201610414415&password=123456 HTTP/1.1" 200 1803
0:0:0:0:0:0:0:1 - - [22/Jan/2020:14:55:55 +0800] "GET /favicon.ico HTTP/1.1" 200 946
0:0:0:0:0:0:0:1 - - [22/Jan/2020:14:55:55 +0800] "GET /teacher/login.do?username=201610414415&password=123456 HTTP/1.1" 200 1803
0:0:0:0:0:0:0:1 - - [22/Jan/2020:14:55:55 +0800] "GET /favicon.ico HTTP/1.1" 200 946
0:0:0:0:0:0:0:1 - - [22/Jan/2020:14:55:55 +0800] "GET /teacher/login.do?username=201610414415&password=123456 HTTP/1.1" 200 1803
0:0:0:0:0:0:0:1 - - [22/Jan/2020:14:55:55 +0800] "GET /favicon.ico HTTP/1.1" 200 946
0:0:0:0:0:0:0:1 - - [22/Jan/2020:14:55:55 +0800] "GET /teacher/login.do?username=201610414415&password=123456 HTTP/1.1" 200 1803
0:0:0:0:0:0:0:1 - - [22/Jan/2020:14:55:55 +0800] "GET /favicon.ico HTTP/1.1" 200 946
0:0:0:0:0:0:0:1 - - [22/Jan/2020:14:55:56 +0800] "GET /teacher/login.do?username=201610414415&password=123456 HTTP/1.1" 200 1803
0:0:0:0:0:0:0:1 - - [22/Jan/2020:14:55:56 +0800] "GET /favicon.ico HTTP/1.1" 200 946
0:0:0:0:0:0:0:1 - - [22/Jan/2020:14:55:56 +0800] "GET /teacher/login.do?username=201610414415&password=123456 HTTP/1.1" 200 1803
0:0:0:0:0:0:0:1 - - [22/Jan/2020:14:55:56 +0800] "GET /favicon.ico HTTP/1.1" 200 946
0:0:0:0:0:0:0:1 - - [22/Jan/2020:14:55:56 +0800] "GET /teacher/login.do?username=201610414415&password=123456 HTTP/1.1" 200 1803
0:0:0:0:0:0:0:1 - - [22/Jan/2020:14:55:56 +0800] "GET /favicon.ico HTTP/1.1" 200 946
0:0:0:0:0:0:0:1 - - [22/Jan/2020:14:55:56 +0800] "GET /teacher/login.do?username=201610414415&password=123456 HTTP/1.1" 200 1803
0:0:0:0:0:0:0:1 - - [22/Jan/2020:14:55:56 +0800] "GET /favicon.ico HTTP/1.1" 200 946
0:0:0:0:0:0:0:1 - - [22/Jan/2020:14:55:56 +0800] "GET /teacher/login.do?username=201610414415&password=123456 HTTP/1.1" 200 1803
0:0:0:0:0:0:0:1 - - [22/Jan/2020:14:55:56 +0800] "GET /favicon.ico HTTP/1.1" 200 946
0:0:0:0:0:0:0:1 - - [22/Jan/2020:14:55:56 +0800] "GET /teacher/login.do?username=201610414415&password=123456 HTTP/1.1" 200 1803
0:0:0:0:0:0:0:1 - - [22/Jan/2020:14:55:56 +0800] "GET /favicon.ico HTTP/1.1" 200 946
0:0:0:0:0:0:0:1 - - [22/Jan/2020:14:55:56 +0800] "GET /teacher/login.do?username=201610414415&password=123456 HTTP/1.1" 200 1803
0:0:0:0:0:0:0:1 - - [22/Jan/2020:14:55:56 +0800] "GET /favicon.ico HTTP/1.1" 200 946
0:0:0:0:0:0:0:1 - - [22/Jan/2020:14:55:57 +0800] "GET /teacher/login.do?username=201610414415&password=123456 HTTP/1.1" 200 1803
0:0:0:0:0:0:0:1 - - [22/Jan/2020:14:55:57 +0800] "GET /favicon.ico HTTP/1.1" 200 946
0:0:0:0:0:0:0:1 - - [22/Jan/2020:14:55:57 +0800] "GET /teacher/login.do?username=201610414415&password=123456 HTTP/1.1" 200 1803
0:0:0:0:0:0:0:1 - - [22/Jan/2020:14:55:57 +0800] "GET /favicon.ico HTTP/1.1" 200 946
0:0:0:0:0:0:0:1 - - [22/Jan/2020:14:55:57 +0800] "GET /teacher/login.do?username=201610414415&password=123456 HTTP/1.1" 200 1803
0:0:0:0:0:0:0:1 - - [22/Jan/2020:14:55:57 +0800] "GET /favicon.ico HTTP/1.1" 200 946
0:0:0:0:0:0:0:1 - - [22/Jan/2020:14:55:57 +0800] "GET /teacher/login.do?username=201610414415&password=123456 HTTP/1.1" 200 1803
0:0:0:0:0:0:0:1 - - [22/Jan/2020:14:55:57 +0800] "GET /favicon.ico HTTP/1.1" 200 946
0:0:0:0:0:0:0:1 - - [22/Jan/2020:14:55:57 +0800] "GET /teacher/login.do?username=201610414415&password=123456 HTTP/1.1" 200 1803
0:0:0:0:0:0:0:1 - - [22/Jan/2020:14:55:57 +0800] "GET /favicon.ico HTTP/1.1" 200 946
0:0:0:0:0:0:0:1 - - [22/Jan/2020:14:55:58 +0800] "GET /teacher/login.do?username=201610414415&password=123456 HTTP/1.1" 200 1803
0:0:0:0:0:0:0:1 - - [22/Jan/2020:14:55:58 +0800] "GET /favicon.ico HTTP/1.1" 200 946
0:0:0:0:0:0:0:1 - - [22/Jan/2020:14:55:58 +0800] "GET /teacher/login.do?username=201610414415&password=123456 HTTP/1.1" 200 1803
0:0:0:0:0:0:0:1 - - [22/Jan/2020:14:55:58 +0800] "GET /favicon.ico HTTP/1.1" 200 946
0:0:0:0:0:0:0:1 - - [22/Jan/2020:14:55:58 +0800] "GET /teacher/login.do?username=201610414415&password=123456 HTTP/1.1" 200 1803
0:0:0:0:0:0:0:1 - - [22/Jan/2020:14:55:58 +0800] "GET /favicon.ico HTTP/1.1" 200 946
0:0:0:0:0:0:0:1 - - [22/Jan/2020:14:55:58 +0800] "GET /teacher/login.do?username=201610414415&password=123456 HTTP/1.1" 200 1803
0:0:0:0:0:0:0:1 - - [22/Jan/2020:14:55:58 +0800] "GET /favicon.ico HTTP/1.1" 200 946
0:0:0:0:0:0:0:1 - - [22/Jan/2020:14:55:58 +0800] "GET /teacher/login.do?username=201610414415&password=123456 HTTP/1.1" 200 1803
0:0:0:0:0:0:0:1 - - [22/Jan/2020:14:55:58 +0800] "GET /favicon.ico HTTP/1.1" 200 946
0:0:0:0:0:0:0:1 - - [22/Jan/2020:14:55:59 +0800] "GET /teacher/login.do?username=201610414415&password=123456 HTTP/1.1" 200 1803
0:0:0:0:0:0:0:1 - - [22/Jan/2020:14:55:59 +0800] "GET /favicon.ico HTTP/1.1" 200 946
0:0:0:0:0:0:0:1 - - [22/Jan/2020:14:55:59 +0800] "GET /teacher/login.do?username=201610414415&password=123456 HTTP/1.1" 200 1803
0:0:0:0:0:0:0:1 - - [22/Jan/2020:14:55:59 +0800] "GET /favicon.ico HTTP/1.1" 200 946
0:0:0:0:0:0:0:1 - - [22/Jan/2020:15:04:26 +0800] "GET /teacher/login.do?username=201610414415&password=123456 HTTP/1.1" 200 2094
0:0:0:0:0:0:0:1 - - [22/Jan/2020:15:04:26 +0800] "GET /favicon.ico HTTP/1.1" 200 946
0:0:0:0:0:0:0:1 - - [22/Jan/2020:15:04:27 +0800] "GET /teacher/login.do?username=201610414415&password=123456 HTTP/1.1" 200 2094
0:0:0:0:0:0:0:1 - - [22/Jan/2020:15:04:27 +0800] "GET /favicon.ico HTTP/1.1" 200 946
0:0:0:0:0:0:0:1 - - [22/Jan/2020:15:04:28 +0800] "GET /teacher/login.do?username=201610414415&password=123456 HTTP/1.1" 200 2094
0:0:0:0:0:0:0:1 - - [22/Jan/2020:15:04:28 +0800] "GET /favicon.ico HTTP/1.1" 200 946
0:0:0:0:0:0:0:1 - - [22/Jan/2020:15:04:28 +0800] "GET /teacher/login.do?username=201610414415&password=123456 HTTP/1.1" 200 2094
0:0:0:0:0:0:0:1 - - [22/Jan/2020:15:04:28 +0800] "GET /favicon.ico HTTP/1.1" 200 946
0:0:0:0:0:0:0:1 - - [22/Jan/2020:15:04:28 +0800] "GET /teacher/login.do?username=201610414415&password=123456 HTTP/1.1" 200 2094
0:0:0:0:0:0:0:1 - - [22/Jan/2020:15:04:28 +0800] "GET /favicon.ico HTTP/1.1" 200 946
0:0:0:0:0:0:0:1 - - [22/Jan/2020:15:04:29 +0800] "GET /teacher/login.do?username=201610414415&password=123456 HTTP/1.1" 200 2094
0:0:0:0:0:0:0:1 - - [22/Jan/2020:15:04:29 +0800] "GET /favicon.ico HTTP/1.1" 200 946
0:0:0:0:0:0:0:1 - - [22/Jan/2020:15:05:06 +0800] "GET /teacher/course/professional/set.do HTTP/1.1" 200 3612
0:0:0:0:0:0:0:1 - - [22/Jan/2020:15:05:37 +0800] "GET /teacher/login.do?username=201610414415&password=123456 HTTP/1.1" 200 2094
0:0:0:0:0:0:0:1 - - [22/Jan/2020:15:05:37 +0800] "GET /favicon.ico HTTP/1.1" 200 946
0:0:0:0:0:0:0:1 - - [22/Jan/2020:15:05:38 +0800] "GET /teacher/login.do?username=201610414415&password=123456 HTTP/1.1" 200 2094
0:0:0:0:0:0:0:1 - - [22/Jan/2020:15:05:38 +0800] "GET /favicon.ico HTTP/1.1" 200 946
0:0:0:0:0:0:0:1 - - [22/Jan/2020:15:05:39 +0800] "GET /teacher/login.do?username=201610414415&password=123456 HTTP/1.1" 200 2094
0:0:0:0:0:0:0:1 - - [22/Jan/2020:15:05:39 +0800] "GET /favicon.ico HTTP/1.1" 200 946
0:0:0:0:0:0:0:1 - - [22/Jan/2020:15:05:39 +0800] "GET /teacher/login.do?username=201610414415&password=123456 HTTP/1.1" 200 2094
0:0:0:0:0:0:0:1 - - [22/Jan/2020:15:05:39 +0800] "GET /favicon.ico HTTP/1.1" 200 946
0:0:0:0:0:0:0:1 - - [22/Jan/2020:15:05:39 +0800] "GET /teacher/login.do?username=201610414415&password=123456 HTTP/1.1" 200 2094
0:0:0:0:0:0:0:1 - - [22/Jan/2020:15:05:39 +0800] "GET /favicon.ico HTTP/1.1" 200 946
0:0:0:0:0:0:0:1 - - [22/Jan/2020:15:05:39 +0800] "GET /teacher/login.do?username=201610414415&password=123456 HTTP/1.1" 200 2094
0:0:0:0:0:0:0:1 - - [22/Jan/2020:15:05:39 +0800] "GET /favicon.ico HTTP/1.1" 200 946
0:0:0:0:0:0:0:1 - - [22/Jan/2020:15:05:39 +0800] "GET /teacher/login.do?username=201610414415&password=123456 HTTP/1.1" 200 2094
0:0:0:0:0:0:0:1 - - [22/Jan/2020:15:05:39 +0800] "GET /favicon.ico HTTP/1.1" 200 946
0:0:0:0:0:0:0:1 - - [22/Jan/2020:15:05:39 +0800] "GET /teacher/login.do?username=201610414415&password=123456 HTTP/1.1" 200 2094
0:0:0:0:0:0:0:1 - - [22/Jan/2020:15:05:39 +0800] "GET /favicon.ico HTTP/1.1" 200 946
0:0:0:0:0:0:0:1 - - [22/Jan/2020:15:05:40 +0800] "GET /teacher/login.do?username=201610414415&password=123456 HTTP/1.1" 200 2094
0:0:0:0:0:0:0:1 - - [22/Jan/2020:15:05:40 +0800] "GET /favicon.ico HTTP/1.1" 200 946
0:0:0:0:0:0:0:1 - - [22/Jan/2020:15:05:41 +0800] "GET /teacher/login.do?username=201610414415&password=123456 HTTP/1.1" 200 2094
0:0:0:0:0:0:0:1 - - [22/Jan/2020:15:05:41 +0800] "GET /favicon.ico HTTP/1.1" 200 946
0:0:0:0:0:0:0:1 - - [22/Jan/2020:15:05:42 +0800] "GET /teacher/login.do?username=201610414415&password=123456 HTTP/1.1" 200 2094
0:0:0:0:0:0:0:1 - - [22/Jan/2020:15:05:42 +0800] "GET /favicon.ico HTTP/1.1" 200 946
0:0:0:0:0:0:0:1 - - [22/Jan/2020:15:05:42 +0800] "GET /teacher/login.do?username=201610414415&password=123456 HTTP/1.1" 200 2094
0:0:0:0:0:0:0:1 - - [22/Jan/2020:15:05:42 +0800] "GET /favicon.ico HTTP/1.1" 200 946
0:0:0:0:0:0:0:1 - - [22/Jan/2020:15:05:42 +0800] "GET /teacher/login.do?username=201610414415&password=123456 HTTP/1.1" 200 2094
0:0:0:0:0:0:0:1 - - [22/Jan/2020:15:05:42 +0800] "GET /favicon.ico HTTP/1.1" 200 946
0:0:0:0:0:0:0:1 - - [22/Jan/2020:15:05:45 +0800] "GET /teacher/login.do?username=201610414415&password=123456 HTTP/1.1" 200 2094
0:0:0:0:0:0:0:1 - - [22/Jan/2020:15:05:45 +0800] "GET /favicon.ico HTTP/1.1" 200 946
0:0:0:0:0:0:0:1 - - [22/Jan/2020:15:05:45 +0800] "GET /teacher/login.do?username=201610414415&password=123456 HTTP/1.1" 200 2094
0:0:0:0:0:0:0:1 - - [22/Jan/2020:15:05:45 +0800] "GET /favicon.ico HTTP/1.1" 200 946
0:0:0:0:0:0:0:1 - - [22/Jan/2020:15:05:45 +0800] "GET /teacher/login.do?username=201610414415&password=123456 HTTP/1.1" 200 2094
0:0:0:0:0:0:0:1 - - [22/Jan/2020:15:05:45 +0800] "GET /favicon.ico HTTP/1.1" 200 946
0:0:0:0:0:0:0:1 - - [22/Jan/2020:15:05:45 +0800] "GET /teacher/login.do?username=201610414415&password=123456 HTTP/1.1" 200 2094
0:0:0:0:0:0:0:1 - - [22/Jan/2020:15:05:45 +0800] "GET /favicon.ico HTTP/1.1" 200 946
0:0:0:0:0:0:0:1 - - [22/Jan/2020:15:07:32 +0800] "GET /teacher/login.do?username=201610414415&password=123456 HTTP/1.1" 200 2130
0:0:0:0:0:0:0:1 - - [22/Jan/2020:15:07:32 +0800] "GET /favicon.ico HTTP/1.1" 200 946
0:0:0:0:0:0:0:1 - - [22/Jan/2020:15:08:42 +0800] "GET / HTTP/1.1" 200 2245
0:0:0:0:0:0:0:1 - - [22/Jan/2020:15:08:42 +0800] "GET /verifyUtil.do HTTP/1.1" 200 615
0:0:0:0:0:0:0:1 - - [22/Jan/2020:15:08:42 +0800] "GET /verifyUtil.do HTTP/1.1" 200 755
0:0:0:0:0:0:0:1 - - [22/Jan/2020:15:09:20 +0800] "GET / HTTP/1.1" 200 2267
0:0:0:0:0:0:0:1 - - [22/Jan/2020:15:09:20 +0800] "GET /favicon.ico HTTP/1.1" 200 946
0:0:0:0:0:0:0:1 - - [22/Jan/2020:15:09:41 +0800] "POST /login.do HTTP/1.1" 200 2298
0:0:0:0:0:0:0:1 - - [22/Jan/2020:15:09:42 +0800] "GET /verifyUtil.do HTTP/1.1" 200 653
0:0:0:0:0:0:0:1 - - [22/Jan/2020:15:09:51 +0800] "POST /login.do HTTP/1.1" 302 -
0:0:0:0:0:0:0:1 - - [22/Jan/2020:15:09:52 +0800] "GET /teacher/login.do?username=201610414415&password=123456 HTTP/1.1" 200 2094
0:0:0:0:0:0:0:1 - - [22/Jan/2020:15:10:30 +0800] "GET /teacher/login.do?username=201610414415&password=123456 HTTP/1.1" 200 2116
0:0:0:0:0:0:0:1 - - [22/Jan/2020:15:10:30 +0800] "GET /favicon.ico HTTP/1.1" 200 946
0:0:0:0:0:0:0:1 - - [22/Jan/2020:15:10:31 +0800] "GET /teacher/login.do?username=201610414415&password=123456 HTTP/1.1" 200 2116
0:0:0:0:0:0:0:1 - - [22/Jan/2020:15:10:31 +0800] "GET /favicon.ico HTTP/1.1" 200 946
0:0:0:0:0:0:0:1 - - [22/Jan/2020:16:45:35 +0800] "GET /teacher/login.do?username=201610414415&password=123456 HTTP/1.1" 200 2116
0:0:0:0:0:0:0:1 - - [22/Jan/2020:16:45:35 +0800] "GET /favicon.ico HTTP/1.1" 200 946
0:0:0:0:0:0:0:1 - - [22/Jan/2020:16:45:37 +0800] "GET /teacher/login.do?username=201610414415&password=123456 HTTP/1.1" 200 2116
0:0:0:0:0:0:0:1 - - [22/Jan/2020:16:45:37 +0800] "GET /favicon.ico HTTP/1.1" 200 946
0:0:0:0:0:0:0:1 - - [22/Jan/2020:16:45:38 +0800] "GET /teacher/login.do?username=201610414415&password=123456 HTTP/1.1" 200 2116
0:0:0:0:0:0:0:1 - - [22/Jan/2020:16:45:38 +0800] "GET /favicon.ico HTTP/1.1" 200 946
0:0:0:0:0:0:0:1 - - [22/Jan/2020:16:45:38 +0800] "GET /teacher/login.do?username=201610414415&password=123456 HTTP/1.1" 200 2116
0:0:0:0:0:0:0:1 - - [22/Jan/2020:16:45:38 +0800] "GET /favicon.ico HTTP/1.1" 200 946
0:0:0:0:0:0:0:1 - - [22/Jan/2020:16:45:38 +0800] "GET /teacher/login.do?username=201610414415&password=123456 HTTP/1.1" 200 2116
0:0:0:0:0:0:0:1 - - [22/Jan/2020:16:45:38 +0800] "GET /favicon.ico HTTP/1.1" 200 946
0:0:0:0:0:0:0:1 - - [22/Jan/2020:16:45:38 +0800] "GET /teacher/login.do?username=201610414415&password=123456 HTTP/1.1" 200 2116
0:0:0:0:0:0:0:1 - - [22/Jan/2020:16:45:38 +0800] "GET /favicon.ico HTTP/1.1" 200 946
0:0:0:0:0:0:0:1 - - [22/Jan/2020:16:45:39 +0800] "GET /teacher/login.do?username=201610414415&password=123456 HTTP/1.1" 200 2116
0:0:0:0:0:0:0:1 - - [22/Jan/2020:16:45:39 +0800] "GET /favicon.ico HTTP/1.1" 200 946
0:0:0:0:0:0:0:1 - - [22/Jan/2020:16:45:39 +0800] "GET /teacher/login.do?username=201610414415&password=123456 HTTP/1.1" 200 2116
0:0:0:0:0:0:0:1 - - [22/Jan/2020:16:45:39 +0800] "GET /favicon.ico HTTP/1.1" 200 946
0:0:0:0:0:0:0:1 - - [22/Jan/2020:16:45:39 +0800] "GET /teacher/login.do?username=201610414415&password=123456 HTTP/1.1" 200 2116
0:0:0:0:0:0:0:1 - - [22/Jan/2020:16:45:39 +0800] "GET /favicon.ico HTTP/1.1" 200 946
0:0:0:0:0:0:0:1 - - [22/Jan/2020:16:45:39 +0800] "GET /teacher/login.do?username=201610414415&password=123456 HTTP/1.1" 200 2116
0:0:0:0:0:0:0:1 - - [22/Jan/2020:16:45:39 +0800] "GET /favicon.ico HTTP/1.1" 200 946
0:0:0:0:0:0:0:1 - - [22/Jan/2020:16:45:40 +0800] "GET /teacher/course/professional/set.do HTTP/1.1" 200 3612
0:0:0:0:0:0:0:1 - - [22/Jan/2020:16:45:42 +0800] "GET /teacher/login.do?username=201610414415&password=123456 HTTP/1.1" 200 2116
0:0:0:0:0:0:0:1 - - [22/Jan/2020:16:45:42 +0800] "GET /favicon.ico HTTP/1.1" 200 946
0:0:0:0:0:0:0:1 - - [22/Jan/2020:16:45:42 +0800] "GET /teacher/login.do?username=201610414415&password=123456 HTTP/1.1" 200 2116
0:0:0:0:0:0:0:1 - - [22/Jan/2020:16:45:42 +0800] "GET /favicon.ico HTTP/1.1" 200 946
0:0:0:0:0:0:0:1 - - [22/Jan/2020:16:45:43 +0800] "GET /teacher/login.do?username=201610414415&password=123456 HTTP/1.1" 200 2116
0:0:0:0:0:0:0:1 - - [22/Jan/2020:16:45:43 +0800] "GET /favicon.ico HTTP/1.1" 200 946
0:0:0:0:0:0:0:1 - - [22/Jan/2020:16:45:44 +0800] "GET /teacher/course/professional/set.do HTTP/1.1" 200 3612
0:0:0:0:0:0:0:1 - - [22/Jan/2020:21:07:18 +0800] "GET / HTTP/1.1" 200 2267
0:0:0:0:0:0:0:1 - - [22/Jan/2020:21:07:21 +0800] "GET /verifyUtil.do HTTP/1.1" 200 593
0:0:0:0:0:0:0:1 - - [22/Jan/2020:21:07:50 +0800] "POST /login.do HTTP/1.1" 302 -
0:0:0:0:0:0:0:1 - - [22/Jan/2020:21:07:50 +0800] "GET /teacher/login.do?username=201610414415&password=123456 HTTP/1.1" 200 2116
0:0:0:0:0:0:0:1 - - [22/Jan/2020:21:13:22 +0800] "GET /teacher/course/professional/set.do HTTP/1.1" 200 3612
0:0:0:0:0:0:0:1 - - [22/Jan/2020:21:14:46 +0800] "GET /teacher/login.do?username=201610414415&password=123456 HTTP/1.1" 200 2235
0:0:0:0:0:0:0:1 - - [22/Jan/2020:21:14:46 +0800] "GET /favicon.ico HTTP/1.1" 200 946
0:0:0:0:0:0:0:1 - - [22/Jan/2020:21:14:48 +0800] "GET / HTTP/1.1" 200 2267
0:0:0:0:0:0:0:1 - - [22/Jan/2020:21:14:48 +0800] "GET /verifyUtil.do HTTP/1.1" 200 655
0:0:0:0:0:0:0:1 - - [22/Jan/2020:21:23:40 +0800] "POST /login.do HTTP/1.1" 302 -
0:0:0:0:0:0:0:1 - - [22/Jan/2020:21:23:40 +0800] "GET /student/login.do?username=201210312216&password=123456 HTTP/1.1" 200 1792
0:0:0:0:0:0:0:1 - - [22/Jan/2020:21:27:07 +0800] "GET /student/login.do?username=201210312216&password=123456 HTTP/1.1" 200 2216
0:0:0:0:0:0:0:1 - - [22/Jan/2020:21:27:07 +0800] "GET /favicon.ico HTTP/1.1" 200 946
0:0:0:0:0:0:0:1 - - [22/Jan/2020:21:27:42 +0800] "GET /student/course/look.do HTTP/1.1" 200 7617
0:0:0:0:0:0:0:1 - - [22/Jan/2020:21:29:13 +0800] "GET / HTTP/1.1" 200 2267
0:0:0:0:0:0:0:1 - - [22/Jan/2020:21:29:13 +0800] "GET /verifyUtil.do HTTP/1.1" 200 739
0:0:0:0:0:0:0:1 - - [22/Jan/2020:21:29:28 +0800] "POST /login.do HTTP/1.1" 302 -
0:0:0:0:0:0:0:1 - - [22/Jan/2020:21:29:28 +0800] "GET /department/login.do?username=000000000001&password=123456 HTTP/1.1" 200 1512
