0:0:0:0:0:0:0:1 - - [19/Jun/2019:18:56:50 +0800] "GET / HTTP/1.1" 200 1339
0:0:0:0:0:0:0:1 - - [19/Jun/2019:18:56:52 +0800] "GET /verifyUtil.do HTTP/1.1" 200 626
0:0:0:0:0:0:0:1 - - [19/Jun/2019:18:56:52 +0800] "GET /favicon.ico HTTP/1.1" 304 -
0:0:0:0:0:0:0:1 - - [19/Jun/2019:18:57:03 +0800] "GET /verifyUtil.do?69 HTTP/1.1" 200 556
0:0:0:0:0:0:0:1 - - [19/Jun/2019:18:57:04 +0800] "GET /verifyUtil.do?0 HTTP/1.1" 200 611
0:0:0:0:0:0:0:1 - - [19/Jun/2019:18:57:05 +0800] "GET /verifyUtil.do?39 HTTP/1.1" 200 680
0:0:0:0:0:0:0:1 - - [19/Jun/2019:18:57:05 +0800] "GET /verifyUtil.do?91 HTTP/1.1" 200 708
0:0:0:0:0:0:0:1 - - [19/Jun/2019:18:57:06 +0800] "GET /verifyUtil.do?44 HTTP/1.1" 200 615
0:0:0:0:0:0:0:1 - - [19/Jun/2019:18:57:06 +0800] "GET /verifyUtil.do?18 HTTP/1.1" 200 593
0:0:0:0:0:0:0:1 - - [19/Jun/2019:18:57:07 +0800] "GET /verifyUtil.do?26 HTTP/1.1" 200 656
0:0:0:0:0:0:0:1 - - [19/Jun/2019:18:57:10 +0800] "POST /login.do HTTP/1.1" 200 1360
0:0:0:0:0:0:0:1 - - [19/Jun/2019:18:57:10 +0800] "GET /verifyUtil.do HTTP/1.1" 200 617
0:0:0:0:0:0:0:1 - - [19/Jun/2019:18:57:18 +0800] "POST /login.do HTTP/1.1" 302 -
0:0:0:0:0:0:0:1 - - [19/Jun/2019:18:57:18 +0800] "GET /index?username=&password= HTTP/1.1" 404 295
0:0:0:0:0:0:0:1 - - [19/Jun/2019:18:57:30 +0800] "POST /login.do HTTP/1.1" 302 -
0:0:0:0:0:0:0:1 - - [19/Jun/2019:18:57:30 +0800] "GET /student/login.do?username=201210312216&password=123456 HTTP/1.1" 200 1792
0:0:0:0:0:0:0:1 - - [19/Jun/2019:18:57:33 +0800] "GET /student/course/look.do HTTP/1.1" 200 7617
0:0:0:0:0:0:0:1 - - [19/Jun/2019:18:57:39 +0800] "GET /student/course/elective/sports/set.do HTTP/1.1" 404 295
0:0:0:0:0:0:0:1 - - [19/Jun/2019:18:57:42 +0800] "GET /student/course/elective/school/set.do HTTP/1.1" 200 2546
0:0:0:0:0:0:0:1 - - [19/Jun/2019:18:57:48 +0800] "GET /student/course/elective/sports/set.do HTTP/1.1" 404 295
0:0:0:0:0:0:0:1 - - [19/Jun/2019:18:57:54 +0800] "POST /login.do HTTP/1.1" 200 1360
0:0:0:0:0:0:0:1 - - [19/Jun/2019:18:57:54 +0800] "GET /verifyUtil.do HTTP/1.1" 200 638
0:0:0:0:0:0:0:1 - - [19/Jun/2019:18:57:54 +0800] "GET /favicon.ico HTTP/1.1" 200 946
0:0:0:0:0:0:0:1 - - [19/Jun/2019:18:58:07 +0800] "POST /login.do HTTP/1.1" 200 1370
0:0:0:0:0:0:0:1 - - [19/Jun/2019:18:58:07 +0800] "GET /verifyUtil.do HTTP/1.1" 200 705
0:0:0:0:0:0:0:1 - - [19/Jun/2019:18:58:18 +0800] "POST /login.do HTTP/1.1" 302 -
0:0:0:0:0:0:0:1 - - [19/Jun/2019:18:58:18 +0800] "GET /teacher/login.do?username=201610414415&password=123456 HTTP/1.1" 200 1803
0:0:0:0:0:0:0:1 - - [19/Jun/2019:18:58:25 +0800] "GET /teacher/course/professional/set.do HTTP/1.1" 200 2527
0:0:0:0:0:0:0:1 - - [19/Jun/2019:18:58:28 +0800] "GET /teacher/course/public/set.do HTTP/1.1" 200 3667
0:0:0:0:0:0:0:1 - - [19/Jun/2019:18:58:31 +0800] "GET /teacher/course/elective/school/set.do HTTP/1.1" 200 2486
0:0:0:0:0:0:0:1 - - [19/Jun/2019:18:58:35 +0800] "GET /teacher/course/elective/sports/set.do HTTP/1.1" 404 295
0:0:0:0:0:0:0:1 - - [19/Jun/2019:18:58:40 +0800] "POST /login.do HTTP/1.1" 200 1370
0:0:0:0:0:0:0:1 - - [19/Jun/2019:18:58:40 +0800] "GET /verifyUtil.do HTTP/1.1" 200 651
0:0:0:0:0:0:0:1 - - [19/Jun/2019:18:58:40 +0800] "GET /favicon.ico HTTP/1.1" 200 946
0:0:0:0:0:0:0:1 - - [19/Jun/2019:18:58:43 +0800] "POST /login.do HTTP/1.1" 200 1370
0:0:0:0:0:0:0:1 - - [19/Jun/2019:18:58:43 +0800] "GET /verifyUtil.do HTTP/1.1" 200 658
0:0:0:0:0:0:0:1 - - [19/Jun/2019:18:58:43 +0800] "GET /favicon.ico HTTP/1.1" 200 946
0:0:0:0:0:0:0:1 - - [19/Jun/2019:18:58:58 +0800] "POST /login.do HTTP/1.1" 200 1370
0:0:0:0:0:0:0:1 - - [19/Jun/2019:18:58:58 +0800] "GET /verifyUtil.do HTTP/1.1" 200 632
0:0:0:0:0:0:0:1 - - [19/Jun/2019:18:59:07 +0800] "POST /login.do HTTP/1.1" 200 1370
0:0:0:0:0:0:0:1 - - [19/Jun/2019:18:59:07 +0800] "GET /verifyUtil.do HTTP/1.1" 200 601
0:0:0:0:0:0:0:1 - - [19/Jun/2019:18:59:15 +0800] "POST /login.do HTTP/1.1" 200 1370
0:0:0:0:0:0:0:1 - - [19/Jun/2019:18:59:15 +0800] "GET /verifyUtil.do HTTP/1.1" 200 530
0:0:0:0:0:0:0:1 - - [19/Jun/2019:18:59:23 +0800] "POST /login.do HTTP/1.1" 302 -
0:0:0:0:0:0:0:1 - - [19/Jun/2019:18:59:23 +0800] "GET /department/login.do?username=000000000001&password=123456 HTTP/1.1" 200 1512
0:0:0:0:0:0:0:1 - - [19/Jun/2019:18:59:25 +0800] "GET /department/course/elective/sports/set.do HTTP/1.1" 404 295
0:0:0:0:0:0:0:1 - - [19/Jun/2019:18:59:27 +0800] "GET /department/course/elective/school/set.do HTTP/1.1" 200 474
0:0:0:0:0:0:0:1 - - [19/Jun/2019:18:59:30 +0800] "GET /department/course/public/set.do HTTP/1.1" 200 9325
0:0:0:0:0:0:0:1 - - [19/Jun/2019:18:59:32 +0800] "GET /department/course/professional/set.do HTTP/1.1" 200 9325
0:0:0:0:0:0:0:1 - - [19/Jun/2019:19:30:00 +0800] "GET / HTTP/1.1" 200 1339
0:0:0:0:0:0:0:1 - - [19/Jun/2019:19:30:00 +0800] "GET /verifyUtil.do HTTP/1.1" 200 735
