0:0:0:0:0:0:0:1 - - [17/Oct/2018:14:40:01 +0800] "GET / HTTP/1.1" 200 1159
0:0:0:0:0:0:0:1 - - [17/Oct/2018:14:40:02 +0800] "GET /verifyUtil.do HTTP/1.1" 200 633
0:0:0:0:0:0:0:1 - - [17/Oct/2018:14:40:10 +0800] "GET /student/insert HTTP/1.1" 404 295
0:0:0:0:0:0:0:1 - - [17/Oct/2018:14:40:13 +0800] "GET /student/insert.do HTTP/1.1" 200 218
0:0:0:0:0:0:0:1 - - [17/Oct/2018:14:40:23 +0800] "GET /teacher/insert.do HTTP/1.1" 500 515
0:0:0:0:0:0:0:1 - - [17/Oct/2018:14:42:45 +0800] "GET /teacher/insert.do HTTP/1.1" 200 189
0:0:0:0:0:0:0:1 - - [17/Oct/2018:14:42:56 +0800] "GET /department/insert.do HTTP/1.1" 200 108
0:0:0:0:0:0:0:1 - - [17/Oct/2018:14:44:13 +0800] "GET / HTTP/1.1" 200 1159
0:0:0:0:0:0:0:1 - - [17/Oct/2018:14:44:13 +0800] "GET /verifyUtil.do HTTP/1.1" 200 665
0:0:0:0:0:0:0:1 - - [17/Oct/2018:14:44:24 +0800] "POST /login.do HTTP/1.1" 200 1187
0:0:0:0:0:0:0:1 - - [17/Oct/2018:14:44:24 +0800] "GET /verifyUtil.do HTTP/1.1" 200 554
0:0:0:0:0:0:0:1 - - [17/Oct/2018:14:44:38 +0800] "POST /login.do HTTP/1.1" 200 1190
0:0:0:0:0:0:0:1 - - [17/Oct/2018:14:44:38 +0800] "GET /verifyUtil.do HTTP/1.1" 200 584
0:0:0:0:0:0:0:1 - - [17/Oct/2018:14:44:46 +0800] "POST /login.do HTTP/1.1" 302 -
0:0:0:0:0:0:0:1 - - [17/Oct/2018:14:44:46 +0800] "GET /student/login.do?username=201610414423&password=123456 HTTP/1.1" 500 531
0:0:0:0:0:0:0:1 - - [17/Oct/2018:14:44:54 +0800] "GET /verifyUtil.do?47 HTTP/1.1" 200 601
0:0:0:0:0:0:0:1 - - [17/Oct/2018:14:45:02 +0800] "POST /login.do HTTP/1.1" 200 1190
0:0:0:0:0:0:0:1 - - [17/Oct/2018:14:45:02 +0800] "GET /verifyUtil.do HTTP/1.1" 200 523
0:0:0:0:0:0:0:1 - - [17/Oct/2018:14:45:11 +0800] "POST /login.do HTTP/1.1" 302 -
0:0:0:0:0:0:0:1 - - [17/Oct/2018:14:45:11 +0800] "GET /student/login.do?username=201610414415&password=123456 HTTP/1.1" 500 531
0:0:0:0:0:0:0:1 - - [17/Oct/2018:14:45:22 +0800] "GET /verifyUtil.do?85 HTTP/1.1" 200 647
0:0:0:0:0:0:0:1 - - [17/Oct/2018:14:45:29 +0800] "POST /login.do HTTP/1.1" 302 -
0:0:0:0:0:0:0:1 - - [17/Oct/2018:14:45:29 +0800] "GET /index?username=000000000001&password=123456 HTTP/1.1" 404 295
0:0:0:0:0:0:0:1 - - [17/Oct/2018:14:46:52 +0800] "GET / HTTP/1.1" 200 1159
0:0:0:0:0:0:0:1 - - [17/Oct/2018:14:46:52 +0800] "GET /verifyUtil.do HTTP/1.1" 200 604
0:0:0:0:0:0:0:1 - - [17/Oct/2018:14:47:17 +0800] "POST /login.do HTTP/1.1" 200 1190
0:0:0:0:0:0:0:1 - - [17/Oct/2018:14:47:17 +0800] "GET /verifyUtil.do HTTP/1.1" 200 600
0:0:0:0:0:0:0:1 - - [17/Oct/2018:14:47:26 +0800] "POST /login.do HTTP/1.1" 302 -
0:0:0:0:0:0:0:1 - - [17/Oct/2018:14:47:27 +0800] "GET /department/login.do?username=000000000001&password=123456 HTTP/1.1" 500 531
