0:0:0:0:0:0:0:1 - - [29/Sep/2018:10:22:03 +0800] "GET / HTTP/1.1" 500 502
0:0:0:0:0:0:0:1 - - [29/Sep/2018:10:25:13 +0800] "GET / HTTP/1.1" 200 565
0:0:0:0:0:0:0:1 - - [29/Sep/2018:10:25:13 +0800] "GET /favicon.ico HTTP/1.1" 200 946
0:0:0:0:0:0:0:1 - - [29/Sep/2018:10:32:43 +0800] "GET / HTTP/1.1" 500 502
0:0:0:0:0:0:0:1 - - [29/Sep/2018:10:32:43 +0800] "GET /favicon.ico HTTP/1.1" 200 946
0:0:0:0:0:0:0:1 - - [29/Sep/2018:10:32:55 +0800] "GET / HTTP/1.1" 500 502
0:0:0:0:0:0:0:1 - - [29/Sep/2018:10:32:55 +0800] "GET /favicon.ico HTTP/1.1" 200 946
0:0:0:0:0:0:0:1 - - [29/Sep/2018:10:32:55 +0800] "GET / HTTP/1.1" 500 502
0:0:0:0:0:0:0:1 - - [29/Sep/2018:10:32:55 +0800] "GET /favicon.ico HTTP/1.1" 200 946
0:0:0:0:0:0:0:1 - - [29/Sep/2018:10:32:56 +0800] "GET / HTTP/1.1" 500 502
0:0:0:0:0:0:0:1 - - [29/Sep/2018:10:32:56 +0800] "GET /favicon.ico HTTP/1.1" 200 946
0:0:0:0:0:0:0:1 - - [29/Sep/2018:10:32:56 +0800] "GET / HTTP/1.1" 500 502
0:0:0:0:0:0:0:1 - - [29/Sep/2018:10:32:56 +0800] "GET /favicon.ico HTTP/1.1" 200 946
0:0:0:0:0:0:0:1 - - [29/Sep/2018:10:33:20 +0800] "GET / HTTP/1.1" 200 565
0:0:0:0:0:0:0:1 - - [29/Sep/2018:10:33:20 +0800] "GET /favicon.ico HTTP/1.1" 200 946
0:0:0:0:0:0:0:1 - - [29/Sep/2018:10:33:21 +0800] "GET / HTTP/1.1" 200 565
0:0:0:0:0:0:0:1 - - [29/Sep/2018:10:33:21 +0800] "GET /favicon.ico HTTP/1.1" 200 946
0:0:0:0:0:0:0:1 - - [29/Sep/2018:10:33:27 +0800] "GET / HTTP/1.1" 200 565
0:0:0:0:0:0:0:1 - - [29/Sep/2018:10:33:27 +0800] "GET /favicon.ico HTTP/1.1" 200 946
0:0:0:0:0:0:0:1 - - [29/Sep/2018:10:33:27 +0800] "GET / HTTP/1.1" 200 565
0:0:0:0:0:0:0:1 - - [29/Sep/2018:10:33:27 +0800] "GET /favicon.ico HTTP/1.1" 200 946
0:0:0:0:0:0:0:1 - - [29/Sep/2018:10:33:28 +0800] "GET / HTTP/1.1" 200 565
0:0:0:0:0:0:0:1 - - [29/Sep/2018:10:33:28 +0800] "GET /favicon.ico HTTP/1.1" 200 946
0:0:0:0:0:0:0:1 - - [29/Sep/2018:10:33:28 +0800] "GET / HTTP/1.1" 200 565
0:0:0:0:0:0:0:1 - - [29/Sep/2018:10:33:28 +0800] "GET /favicon.ico HTTP/1.1" 200 946
0:0:0:0:0:0:0:1 - - [29/Sep/2018:10:33:28 +0800] "GET / HTTP/1.1" 200 565
0:0:0:0:0:0:0:1 - - [29/Sep/2018:10:33:28 +0800] "GET /favicon.ico HTTP/1.1" 200 946
0:0:0:0:0:0:0:1 - - [29/Sep/2018:10:33:28 +0800] "GET / HTTP/1.1" 200 565
0:0:0:0:0:0:0:1 - - [29/Sep/2018:10:33:28 +0800] "GET /favicon.ico HTTP/1.1" 200 946
0:0:0:0:0:0:0:1 - - [29/Sep/2018:10:33:28 +0800] "GET / HTTP/1.1" 200 565
0:0:0:0:0:0:0:1 - - [29/Sep/2018:10:33:28 +0800] "GET /favicon.ico HTTP/1.1" 200 946
0:0:0:0:0:0:0:1 - - [29/Sep/2018:10:33:29 +0800] "GET / HTTP/1.1" 200 565
0:0:0:0:0:0:0:1 - - [29/Sep/2018:10:33:29 +0800] "GET /favicon.ico HTTP/1.1" 200 946
0:0:0:0:0:0:0:1 - - [29/Sep/2018:10:34:12 +0800] "GET / HTTP/1.1" 200 552
0:0:0:0:0:0:0:1 - - [29/Sep/2018:10:34:12 +0800] "GET /favicon.ico HTTP/1.1" 200 946
0:0:0:0:0:0:0:1 - - [29/Sep/2018:10:34:13 +0800] "GET / HTTP/1.1" 200 552
0:0:0:0:0:0:0:1 - - [29/Sep/2018:10:34:13 +0800] "GET /favicon.ico HTTP/1.1" 200 946
0:0:0:0:0:0:0:1 - - [29/Sep/2018:10:34:50 +0800] "GET / HTTP/1.1" 500 502
0:0:0:0:0:0:0:1 - - [29/Sep/2018:10:34:50 +0800] "GET /favicon.ico HTTP/1.1" 200 946
0:0:0:0:0:0:0:1 - - [29/Sep/2018:10:36:31 +0800] "GET / HTTP/1.1" 500 502
0:0:0:0:0:0:0:1 - - [29/Sep/2018:10:36:31 +0800] "GET /favicon.ico HTTP/1.1" 200 946
0:0:0:0:0:0:0:1 - - [29/Sep/2018:10:36:32 +0800] "GET / HTTP/1.1" 500 502
0:0:0:0:0:0:0:1 - - [29/Sep/2018:10:36:32 +0800] "GET /favicon.ico HTTP/1.1" 200 946
0:0:0:0:0:0:0:1 - - [29/Sep/2018:10:36:33 +0800] "GET / HTTP/1.1" 500 502
0:0:0:0:0:0:0:1 - - [29/Sep/2018:10:36:33 +0800] "GET /favicon.ico HTTP/1.1" 200 946
0:0:0:0:0:0:0:1 - - [29/Sep/2018:10:36:33 +0800] "GET / HTTP/1.1" 500 502
0:0:0:0:0:0:0:1 - - [29/Sep/2018:10:36:33 +0800] "GET /favicon.ico HTTP/1.1" 200 946
0:0:0:0:0:0:0:1 - - [29/Sep/2018:10:36:33 +0800] "GET / HTTP/1.1" 500 502
0:0:0:0:0:0:0:1 - - [29/Sep/2018:10:36:33 +0800] "GET /favicon.ico HTTP/1.1" 200 946
0:0:0:0:0:0:0:1 - - [29/Sep/2018:10:36:34 +0800] "GET / HTTP/1.1" 500 502
0:0:0:0:0:0:0:1 - - [29/Sep/2018:10:36:34 +0800] "GET /favicon.ico HTTP/1.1" 200 946
0:0:0:0:0:0:0:1 - - [29/Sep/2018:10:36:34 +0800] "GET / HTTP/1.1" 500 502
0:0:0:0:0:0:0:1 - - [29/Sep/2018:10:36:34 +0800] "GET /favicon.ico HTTP/1.1" 200 946
0:0:0:0:0:0:0:1 - - [29/Sep/2018:10:36:35 +0800] "GET / HTTP/1.1" 500 502
0:0:0:0:0:0:0:1 - - [29/Sep/2018:10:36:35 +0800] "GET /favicon.ico HTTP/1.1" 200 946
0:0:0:0:0:0:0:1 - - [29/Sep/2018:10:36:35 +0800] "GET / HTTP/1.1" 500 502
0:0:0:0:0:0:0:1 - - [29/Sep/2018:10:36:35 +0800] "GET /favicon.ico HTTP/1.1" 200 946
0:0:0:0:0:0:0:1 - - [29/Sep/2018:10:37:31 +0800] "GET / HTTP/1.1" 200 523
0:0:0:0:0:0:0:1 - - [29/Sep/2018:10:37:31 +0800] "GET /favicon.ico HTTP/1.1" 200 946
0:0:0:0:0:0:0:1 - - [29/Sep/2018:10:37:59 +0800] "GET / HTTP/1.1" 500 502
0:0:0:0:0:0:0:1 - - [29/Sep/2018:10:37:59 +0800] "GET /favicon.ico HTTP/1.1" 200 946
0:0:0:0:0:0:0:1 - - [29/Sep/2018:10:41:05 +0800] "GET / HTTP/1.1" 200 455
0:0:0:0:0:0:0:1 - - [29/Sep/2018:10:41:05 +0800] "GET /favicon.ico HTTP/1.1" 200 946
0:0:0:0:0:0:0:1 - - [29/Sep/2018:11:08:05 +0800] "GET / HTTP/1.1" 500 502
0:0:0:0:0:0:0:1 - - [29/Sep/2018:11:08:05 +0800] "GET /favicon.ico HTTP/1.1" 200 946
0:0:0:0:0:0:0:1 - - [29/Sep/2018:11:08:06 +0800] "GET / HTTP/1.1" 500 502
0:0:0:0:0:0:0:1 - - [29/Sep/2018:11:08:06 +0800] "GET /favicon.ico HTTP/1.1" 200 946
0:0:0:0:0:0:0:1 - - [29/Sep/2018:12:40:13 +0800] "GET / HTTP/1.1" 200 625
0:0:0:0:0:0:0:1 - - [29/Sep/2018:12:40:13 +0800] "GET /favicon.ico HTTP/1.1" 200 946
0:0:0:0:0:0:0:1 - - [29/Sep/2018:12:59:47 +0800] "GET / HTTP/1.1" 200 796
0:0:0:0:0:0:0:1 - - [29/Sep/2018:12:59:47 +0800] "GET /favicon.ico HTTP/1.1" 200 946
0:0:0:0:0:0:0:1 - - [29/Sep/2018:13:02:10 +0800] "GET / HTTP/1.1" 200 796
0:0:0:0:0:0:0:1 - - [29/Sep/2018:13:02:10 +0800] "GET /favicon.ico HTTP/1.1" 200 946
0:0:0:0:0:0:0:1 - - [29/Sep/2018:13:09:45 +0800] "GET / HTTP/1.1" 200 805
0:0:0:0:0:0:0:1 - - [29/Sep/2018:13:09:45 +0800] "GET /favicon.ico HTTP/1.1" 200 946
0:0:0:0:0:0:0:1 - - [29/Sep/2018:13:11:01 +0800] "POST /login HTTP/1.1" 500 536
0:0:0:0:0:0:0:1 - - [29/Sep/2018:13:19:32 +0800] "POST /login HTTP/1.1" 404 295
0:0:0:0:0:0:0:1 - - [29/Sep/2018:13:19:32 +0800] "GET /favicon.ico HTTP/1.1" 200 946
0:0:0:0:0:0:0:1 - - [29/Sep/2018:13:19:36 +0800] "GET / HTTP/1.1" 200 808
0:0:0:0:0:0:0:1 - - [29/Sep/2018:13:19:38 +0800] "POST /login.do HTTP/1.1" 500 528
0:0:0:0:0:0:0:1 - - [29/Sep/2018:13:20:15 +0800] "GET / HTTP/1.1" 200 808
0:0:0:0:0:0:0:1 - - [29/Sep/2018:13:20:17 +0800] "POST /login.do HTTP/1.1" 500 528
0:0:0:0:0:0:0:1 - - [29/Sep/2018:13:20:41 +0800] "GET / HTTP/1.1" 200 808
0:0:0:0:0:0:0:1 - - [29/Sep/2018:13:20:43 +0800] "POST /login.do HTTP/1.1" 500 528
0:0:0:0:0:0:0:1 - - [29/Sep/2018:14:31:32 +0800] "GET / HTTP/1.1" 200 808
0:0:0:0:0:0:0:1 - - [29/Sep/2018:14:31:34 +0800] "POST /login.do HTTP/1.1" 200 808
0:0:0:0:0:0:0:1 - - [29/Sep/2018:14:31:36 +0800] "POST /login.do HTTP/1.1" 200 808
0:0:0:0:0:0:0:1 - - [29/Sep/2018:14:31:37 +0800] "POST /login.do HTTP/1.1" 200 808
0:0:0:0:0:0:0:1 - - [29/Sep/2018:14:31:37 +0800] "POST /login.do HTTP/1.1" 200 808
0:0:0:0:0:0:0:1 - - [29/Sep/2018:14:31:37 +0800] "POST /login.do HTTP/1.1" 200 808
0:0:0:0:0:0:0:1 - - [29/Sep/2018:14:31:37 +0800] "POST /login.do HTTP/1.1" 200 808
0:0:0:0:0:0:0:1 - - [29/Sep/2018:14:31:37 +0800] "POST /login.do HTTP/1.1" 200 808
0:0:0:0:0:0:0:1 - - [29/Sep/2018:14:31:37 +0800] "POST /login.do HTTP/1.1" 200 808
0:0:0:0:0:0:0:1 - - [29/Sep/2018:14:31:38 +0800] "POST /login.do HTTP/1.1" 200 808
0:0:0:0:0:0:0:1 - - [29/Sep/2018:14:31:38 +0800] "POST /login.do HTTP/1.1" 200 808
0:0:0:0:0:0:0:1 - - [29/Sep/2018:14:31:38 +0800] "POST /login.do HTTP/1.1" 200 808
0:0:0:0:0:0:0:1 - - [29/Sep/2018:14:31:41 +0800] "POST /login.do HTTP/1.1" 200 811
0:0:0:0:0:0:0:1 - - [29/Sep/2018:14:31:41 +0800] "POST /login.do HTTP/1.1" 200 811
0:0:0:0:0:0:0:1 - - [29/Sep/2018:14:31:42 +0800] "POST /login.do HTTP/1.1" 200 811
0:0:0:0:0:0:0:1 - - [29/Sep/2018:14:31:42 +0800] "POST /login.do HTTP/1.1" 200 811
0:0:0:0:0:0:0:1 - - [29/Sep/2018:14:31:42 +0800] "POST /login.do HTTP/1.1" 200 811
0:0:0:0:0:0:0:1 - - [29/Sep/2018:14:31:42 +0800] "POST /login.do HTTP/1.1" 200 811
0:0:0:0:0:0:0:1 - - [29/Sep/2018:14:31:42 +0800] "POST /login.do HTTP/1.1" 200 811
0:0:0:0:0:0:0:1 - - [29/Sep/2018:14:31:42 +0800] "POST /login.do HTTP/1.1" 200 811
0:0:0:0:0:0:0:1 - - [29/Sep/2018:14:31:43 +0800] "POST /login.do HTTP/1.1" 200 811
0:0:0:0:0:0:0:1 - - [29/Sep/2018:14:31:43 +0800] "POST /login.do HTTP/1.1" 200 811
0:0:0:0:0:0:0:1 - - [29/Sep/2018:14:31:43 +0800] "POST /login.do HTTP/1.1" 200 811
0:0:0:0:0:0:0:1 - - [29/Sep/2018:14:31:43 +0800] "POST /login.do HTTP/1.1" 200 811
0:0:0:0:0:0:0:1 - - [29/Sep/2018:14:31:43 +0800] "POST /login.do HTTP/1.1" 200 811
0:0:0:0:0:0:0:1 - - [29/Sep/2018:14:34:16 +0800] "POST /login.do HTTP/1.1" 200 811
0:0:0:0:0:0:0:1 - - [29/Sep/2018:14:34:18 +0800] "POST /login.do HTTP/1.1" 200 811
0:0:0:0:0:0:0:1 - - [29/Sep/2018:14:34:21 +0800] "POST /login.do HTTP/1.1" 200 811
0:0:0:0:0:0:0:1 - - [29/Sep/2018:14:34:22 +0800] "POST /login.do HTTP/1.1" 200 811
0:0:0:0:0:0:0:1 - - [29/Sep/2018:14:34:22 +0800] "POST /login.do HTTP/1.1" 200 811
0:0:0:0:0:0:0:1 - - [29/Sep/2018:14:34:23 +0800] "POST /login.do HTTP/1.1" 200 811
0:0:0:0:0:0:0:1 - - [29/Sep/2018:14:34:56 +0800] "POST /login.do HTTP/1.1" 200 811
0:0:0:0:0:0:0:1 - - [29/Sep/2018:14:34:56 +0800] "GET /favicon.ico HTTP/1.1" 200 946
0:0:0:0:0:0:0:1 - - [29/Sep/2018:14:34:59 +0800] "GET / HTTP/1.1" 200 808
0:0:0:0:0:0:0:1 - - [29/Sep/2018:14:35:03 +0800] "POST /login.do HTTP/1.1" 200 811
0:0:0:0:0:0:0:1 - - [29/Sep/2018:14:35:06 +0800] "POST /login.do HTTP/1.1" 200 811
0:0:0:0:0:0:0:1 - - [29/Sep/2018:14:35:07 +0800] "POST /login.do HTTP/1.1" 200 811
0:0:0:0:0:0:0:1 - - [29/Sep/2018:14:35:45 +0800] "GET / HTTP/1.1" 200 808
0:0:0:0:0:0:0:1 - - [29/Sep/2018:14:35:49 +0800] "POST /login.do HTTP/1.1" 200 808
0:0:0:0:0:0:0:1 - - [29/Sep/2018:14:35:53 +0800] "POST /login.do HTTP/1.1" 200 808
0:0:0:0:0:0:0:1 - - [29/Sep/2018:14:35:54 +0800] "POST /login.do HTTP/1.1" 200 808
0:0:0:0:0:0:0:1 - - [29/Sep/2018:14:35:54 +0800] "POST /login.do HTTP/1.1" 200 808
0:0:0:0:0:0:0:1 - - [29/Sep/2018:14:35:55 +0800] "POST /login.do HTTP/1.1" 200 808
0:0:0:0:0:0:0:1 - - [29/Sep/2018:14:35:55 +0800] "POST /login.do HTTP/1.1" 200 808
0:0:0:0:0:0:0:1 - - [29/Sep/2018:14:35:55 +0800] "POST /login.do HTTP/1.1" 200 808
0:0:0:0:0:0:0:1 - - [29/Sep/2018:14:35:55 +0800] "POST /login.do HTTP/1.1" 200 808
0:0:0:0:0:0:0:1 - - [29/Sep/2018:14:35:56 +0800] "POST /login.do HTTP/1.1" 200 808
0:0:0:0:0:0:0:1 - - [29/Sep/2018:14:36:04 +0800] "POST /login.do HTTP/1.1" 500 319
0:0:0:0:0:0:0:1 - - [29/Sep/2018:14:36:46 +0800] "POST /login.do HTTP/1.1" 200 808
0:0:0:0:0:0:0:1 - - [29/Sep/2018:14:36:46 +0800] "POST /login.do HTTP/1.1" 200 808
0:0:0:0:0:0:0:1 - - [29/Sep/2018:14:36:46 +0800] "POST /login.do HTTP/1.1" 200 808
0:0:0:0:0:0:0:1 - - [29/Sep/2018:14:36:46 +0800] "POST /login.do HTTP/1.1" 200 808
0:0:0:0:0:0:0:1 - - [29/Sep/2018:14:38:42 +0800] "POST /login.do HTTP/1.1" 200 808
0:0:0:0:0:0:0:1 - - [29/Sep/2018:14:38:43 +0800] "POST /login.do HTTP/1.1" 200 808
0:0:0:0:0:0:0:1 - - [29/Sep/2018:14:38:43 +0800] "POST /login.do HTTP/1.1" 200 808
0:0:0:0:0:0:0:1 - - [29/Sep/2018:14:38:43 +0800] "POST /login.do HTTP/1.1" 200 808
0:0:0:0:0:0:0:1 - - [29/Sep/2018:14:38:43 +0800] "POST /login.do HTTP/1.1" 200 808
0:0:0:0:0:0:0:1 - - [29/Sep/2018:14:38:43 +0800] "POST /login.do HTTP/1.1" 200 808
0:0:0:0:0:0:0:1 - - [29/Sep/2018:14:38:44 +0800] "POST /login.do HTTP/1.1" 200 808
0:0:0:0:0:0:0:1 - - [29/Sep/2018:14:38:45 +0800] "POST /login.do HTTP/1.1" 200 808
0:0:0:0:0:0:0:1 - - [29/Sep/2018:14:38:45 +0800] "GET /favicon.ico HTTP/1.1" 200 946
0:0:0:0:0:0:0:1 - - [29/Sep/2018:14:38:48 +0800] "GET / HTTP/1.1" 200 808
0:0:0:0:0:0:0:1 - - [29/Sep/2018:14:38:50 +0800] "POST /login.do HTTP/1.1" 200 808
0:0:0:0:0:0:0:1 - - [29/Sep/2018:14:38:53 +0800] "POST /login.do HTTP/1.1" 500 319
0:0:0:0:0:0:0:1 - - [29/Sep/2018:14:42:14 +0800] "GET / HTTP/1.1" 200 826
0:0:0:0:0:0:0:1 - - [29/Sep/2018:14:42:16 +0800] "POST /login.do HTTP/1.1" 200 847
0:0:0:0:0:0:0:1 - - [29/Sep/2018:14:42:19 +0800] "POST /login.do HTTP/1.1" 200 847
0:0:0:0:0:0:0:1 - - [29/Sep/2018:14:42:19 +0800] "GET /favicon.ico HTTP/1.1" 200 946
0:0:0:0:0:0:0:1 - - [29/Sep/2018:14:42:20 +0800] "POST /login.do HTTP/1.1" 200 847
0:0:0:0:0:0:0:1 - - [29/Sep/2018:14:42:21 +0800] "POST /login.do HTTP/1.1" 200 847
0:0:0:0:0:0:0:1 - - [29/Sep/2018:14:42:22 +0800] "POST /login.do HTTP/1.1" 200 847
0:0:0:0:0:0:0:1 - - [29/Sep/2018:14:42:22 +0800] "POST /login.do HTTP/1.1" 200 847
0:0:0:0:0:0:0:1 - - [29/Sep/2018:14:43:44 +0800] "GET / HTTP/1.1" 200 826
0:0:0:0:0:0:0:1 - - [29/Sep/2018:14:43:46 +0800] "POST /login.do HTTP/1.1" 200 847
0:0:0:0:0:0:0:1 - - [29/Sep/2018:14:44:59 +0800] "POST /login.do HTTP/1.1" 500 319
0:0:0:0:0:0:0:1 - - [29/Sep/2018:14:45:38 +0800] "GET / HTTP/1.1" 200 826
0:0:0:0:0:0:0:1 - - [29/Sep/2018:14:45:40 +0800] "POST /login.do HTTP/1.1" 200 847
0:0:0:0:0:0:0:1 - - [29/Sep/2018:14:45:43 +0800] "POST /login.do HTTP/1.1" 302 -
0:0:0:0:0:0:0:1 - - [29/Sep/2018:14:45:43 +0800] "GET /student/login.do HTTP/1.1" 500 536
0:0:0:0:0:0:0:1 - - [29/Sep/2018:14:46:31 +0800] "GET / HTTP/1.1" 200 826
0:0:0:0:0:0:0:1 - - [29/Sep/2018:14:46:33 +0800] "POST /login.do HTTP/1.1" 500 319
0:0:0:0:0:0:0:1 - - [29/Sep/2018:14:48:27 +0800] "GET / HTTP/1.1" 200 826
0:0:0:0:0:0:0:1 - - [29/Sep/2018:14:48:29 +0800] "POST /login.do HTTP/1.1" 200 847
0:0:0:0:0:0:0:1 - - [29/Sep/2018:14:48:32 +0800] "POST /login.do HTTP/1.1" 302 -
0:0:0:0:0:0:0:1 - - [29/Sep/2018:14:48:32 +0800] "GET /student/login.do?loginForm=1 HTTP/1.1" 500 536
0:0:0:0:0:0:0:1 - - [29/Sep/2018:14:51:59 +0800] "GET / HTTP/1.1" 200 826
0:0:0:0:0:0:0:1 - - [29/Sep/2018:14:52:02 +0800] "POST /login.do HTTP/1.1" 200 847
0:0:0:0:0:0:0:1 - - [29/Sep/2018:14:52:04 +0800] "POST /login.do HTTP/1.1" 302 -
0:0:0:0:0:0:0:1 - - [29/Sep/2018:14:52:04 +0800] "GET /student/login.do?username=&password= HTTP/1.1" 500 536
0:0:0:0:0:0:0:1 - - [29/Sep/2018:14:55:07 +0800] "GET / HTTP/1.1" 200 826
0:0:0:0:0:0:0:1 - - [29/Sep/2018:14:55:11 +0800] "POST /login.do HTTP/1.1" 302 -
0:0:0:0:0:0:0:1 - - [29/Sep/2018:14:55:11 +0800] "GET /student/login.do?username=123&password= HTTP/1.1" 500 536
0:0:0:0:0:0:0:1 - - [29/Sep/2018:14:55:17 +0800] "GET / HTTP/1.1" 200 826
0:0:0:0:0:0:0:1 - - [29/Sep/2018:14:55:19 +0800] "POST /login.do HTTP/1.1" 200 850
0:0:0:0:0:0:0:1 - - [29/Sep/2018:14:55:39 +0800] "POST /login.do HTTP/1.1" 200 850
0:0:0:0:0:0:0:1 - - [29/Sep/2018:14:55:39 +0800] "POST /login.do HTTP/1.1" 200 850
0:0:0:0:0:0:0:1 - - [29/Sep/2018:14:55:40 +0800] "POST /login.do HTTP/1.1" 200 850
0:0:0:0:0:0:0:1 - - [29/Sep/2018:14:55:40 +0800] "POST /login.do HTTP/1.1" 200 850
0:0:0:0:0:0:0:1 - - [29/Sep/2018:14:55:42 +0800] "POST /login.do HTTP/1.1" 200 850
0:0:0:0:0:0:0:1 - - [29/Sep/2018:14:55:42 +0800] "POST /login.do HTTP/1.1" 200 850
0:0:0:0:0:0:0:1 - - [29/Sep/2018:14:55:42 +0800] "POST /login.do HTTP/1.1" 200 850
0:0:0:0:0:0:0:1 - - [29/Sep/2018:14:55:43 +0800] "POST /login.do HTTP/1.1" 200 850
0:0:0:0:0:0:0:1 - - [29/Sep/2018:14:55:43 +0800] "POST /login.do HTTP/1.1" 200 850
0:0:0:0:0:0:0:1 - - [29/Sep/2018:14:55:43 +0800] "POST /login.do HTTP/1.1" 200 850
0:0:0:0:0:0:0:1 - - [29/Sep/2018:14:55:44 +0800] "POST /login.do HTTP/1.1" 200 850
0:0:0:0:0:0:0:1 - - [29/Sep/2018:14:55:45 +0800] "POST /login.do HTTP/1.1" 200 850
0:0:0:0:0:0:0:1 - - [29/Sep/2018:14:55:45 +0800] "POST /login.do HTTP/1.1" 200 850
0:0:0:0:0:0:0:1 - - [29/Sep/2018:14:55:45 +0800] "POST /login.do HTTP/1.1" 200 850
0:0:0:0:0:0:0:1 - - [29/Sep/2018:14:55:45 +0800] "POST /login.do HTTP/1.1" 200 850
0:0:0:0:0:0:0:1 - - [29/Sep/2018:14:55:46 +0800] "POST /login.do HTTP/1.1" 200 850
0:0:0:0:0:0:0:1 - - [29/Sep/2018:14:55:46 +0800] "POST /login.do HTTP/1.1" 200 850
0:0:0:0:0:0:0:1 - - [29/Sep/2018:14:55:46 +0800] "POST /login.do HTTP/1.1" 200 850
0:0:0:0:0:0:0:1 - - [29/Sep/2018:14:55:46 +0800] "POST /login.do HTTP/1.1" 200 850
0:0:0:0:0:0:0:1 - - [29/Sep/2018:14:55:47 +0800] "POST /login.do HTTP/1.1" 200 850
0:0:0:0:0:0:0:1 - - [29/Sep/2018:14:55:47 +0800] "POST /login.do HTTP/1.1" 200 850
0:0:0:0:0:0:0:1 - - [29/Sep/2018:14:55:47 +0800] "POST /login.do HTTP/1.1" 200 850
0:0:0:0:0:0:0:1 - - [29/Sep/2018:14:55:47 +0800] "POST /login.do HTTP/1.1" 200 850
0:0:0:0:0:0:0:1 - - [29/Sep/2018:14:55:50 +0800] "POST /login.do HTTP/1.1" 200 850
0:0:0:0:0:0:0:1 - - [29/Sep/2018:14:55:56 +0800] "POST /login.do HTTP/1.1" 200 854
0:0:0:0:0:0:0:1 - - [29/Sep/2018:14:55:56 +0800] "POST /login.do HTTP/1.1" 200 854
0:0:0:0:0:0:0:1 - - [29/Sep/2018:14:55:57 +0800] "POST /login.do HTTP/1.1" 200 854
0:0:0:0:0:0:0:1 - - [29/Sep/2018:14:55:57 +0800] "POST /login.do HTTP/1.1" 200 854
0:0:0:0:0:0:0:1 - - [29/Sep/2018:14:55:57 +0800] "POST /login.do HTTP/1.1" 200 854
0:0:0:0:0:0:0:1 - - [29/Sep/2018:14:55:57 +0800] "POST /login.do HTTP/1.1" 200 854
0:0:0:0:0:0:0:1 - - [29/Sep/2018:14:56:23 +0800] "POST /login.do HTTP/1.1" 200 854
0:0:0:0:0:0:0:1 - - [29/Sep/2018:14:56:23 +0800] "POST /login.do HTTP/1.1" 200 854
0:0:0:0:0:0:0:1 - - [29/Sep/2018:14:57:23 +0800] "POST /login.do HTTP/1.1" 200 854
0:0:0:0:0:0:0:1 - - [29/Sep/2018:19:48:22 +0800] "GET /insert HTTP/1.1" 404 295
0:0:0:0:0:0:0:1 - - [29/Sep/2018:19:48:50 +0800] "GET / HTTP/1.1" 200 826
0:0:0:0:0:0:0:1 - - [29/Sep/2018:19:49:06 +0800] "GET /student/insert.do HTTP/1.1" 500 542
0:0:0:0:0:0:0:1 - - [29/Sep/2018:19:49:37 +0800] "GET /student/ins HTTP/1.1" 404 295
0:0:0:0:0:0:0:1 - - [29/Sep/2018:19:51:08 +0800] "GET /student/insert HTTP/1.1" 500 542
0:0:0:0:0:0:0:1 - - [29/Sep/2018:19:51:12 +0800] "GET /student/insert HTTP/1.1" 500 542
0:0:0:0:0:0:0:1 - - [29/Sep/2018:19:52:07 +0800] "GET / HTTP/1.1" 200 826
0:0:0:0:0:0:0:1 - - [29/Sep/2018:19:52:08 +0800] "POST /login.do HTTP/1.1" 200 847
0:0:0:0:0:0:0:1 - - [29/Sep/2018:19:52:13 +0800] "POST /login.do HTTP/1.1" 302 -
0:0:0:0:0:0:0:1 - - [29/Sep/2018:19:52:13 +0800] "GET /student/login.do?username=123&password= HTTP/1.1" 500 375
0:0:0:0:0:0:0:1 - - [29/Sep/2018:19:54:05 +0800] "GET / HTTP/1.1" 200 826
0:0:0:0:0:0:0:1 - - [29/Sep/2018:19:54:19 +0800] "GET /student/insert HTTP/1.1" 500 542
0:0:0:0:0:0:0:1 - - [29/Sep/2018:19:54:55 +0800] "GET /login.do HTTP/1.1" 500 375
0:0:0:0:0:0:0:1 - - [29/Sep/2018:19:56:29 +0800] "GET /student/insert HTTP/1.1" 500 502
0:0:0:0:0:0:0:1 - - [29/Sep/2018:19:57:20 +0800] "GET /student/insert HTTP/1.1" 500 528
0:0:0:0:0:0:0:1 - - [29/Sep/2018:19:57:20 +0800] "GET /favicon.ico HTTP/1.1" 200 946
0:0:0:0:0:0:0:1 - - [29/Sep/2018:19:58:39 +0800] "GET /student/insert HTTP/1.1" 302 -
0:0:0:0:0:0:0:1 - - [29/Sep/2018:19:58:39 +0800] "GET / HTTP/1.1" 200 826
0:0:0:0:0:0:0:1 - - [29/Sep/2018:19:59:45 +0800] "GET / HTTP/1.1" 200 826
0:0:0:0:0:0:0:1 - - [29/Sep/2018:19:59:50 +0800] "GET /student/insert HTTP/1.1" 302 -
0:0:0:0:0:0:0:1 - - [29/Sep/2018:19:59:50 +0800] "GET /student/ HTTP/1.1" 404 295
0:0:0:0:0:0:0:1 - - [29/Sep/2018:19:59:59 +0800] "GET /student/insert HTTP/1.1" 302 -
0:0:0:0:0:0:0:1 - - [29/Sep/2018:19:59:59 +0800] "GET /student/ HTTP/1.1" 404 295
0:0:0:0:0:0:0:1 - - [29/Sep/2018:20:00:05 +0800] "GET /student/insert HTTP/1.1" 302 -
0:0:0:0:0:0:0:1 - - [29/Sep/2018:20:00:05 +0800] "GET /student/ HTTP/1.1" 404 295
0:0:0:0:0:0:0:1 - - [29/Sep/2018:20:00:48 +0800] "GET /student/insert HTTP/1.1" 302 -
0:0:0:0:0:0:0:1 - - [29/Sep/2018:20:00:48 +0800] "GET /student/ HTTP/1.1" 404 295
0:0:0:0:0:0:0:1 - - [29/Sep/2018:20:01:40 +0800] "GET /student/insert HTTP/1.1" 200 174
0:0:0:0:0:0:0:1 - - [29/Sep/2018:20:04:11 +0800] "GET / HTTP/1.1" 200 826
0:0:0:0:0:0:0:1 - - [29/Sep/2018:20:04:14 +0800] "POST /login.do HTTP/1.1" 200 847
0:0:0:0:0:0:0:1 - - [29/Sep/2018:20:04:18 +0800] "POST /login.do HTTP/1.1" 302 -
0:0:0:0:0:0:0:1 - - [29/Sep/2018:20:04:18 +0800] "GET /student/login.do?username=&password= HTTP/1.1" 200 2
0:0:0:0:0:0:0:1 - - [29/Sep/2018:20:04:28 +0800] "POST /login.do HTTP/1.1" 302 -
0:0:0:0:0:0:0:1 - - [29/Sep/2018:20:04:28 +0800] "GET /student/login.do?username=20161041445&password=123456 HTTP/1.1" 200 2
0:0:0:0:0:0:0:1 - - [29/Sep/2018:20:04:43 +0800] "POST /login.do HTTP/1.1" 302 -
0:0:0:0:0:0:0:1 - - [29/Sep/2018:20:04:43 +0800] "GET /student/login.do?username=201610414415&password=123456 HTTP/1.1" 200 3
0:0:0:0:0:0:0:1 - - [29/Sep/2018:20:08:42 +0800] "GET / HTTP/1.1" 200 826
0:0:0:0:0:0:0:1 - - [29/Sep/2018:20:17:09 +0800] "GET / HTTP/1.1" 200 826
0:0:0:0:0:0:0:1 - - [29/Sep/2018:20:17:09 +0800] "GET /favicon.ico HTTP/1.1" 200 946
0:0:0:0:0:0:0:1 - - [29/Sep/2018:20:17:12 +0800] "POST /login.do HTTP/1.1" 302 -
0:0:0:0:0:0:0:1 - - [29/Sep/2018:20:17:12 +0800] "GET /student/login.do?username=123&password= HTTP/1.1" 200 829
0:0:0:0:0:0:0:1 - - [29/Sep/2018:20:17:15 +0800] "POST /login.do HTTP/1.1" 200 850
0:0:0:0:0:0:0:1 - - [29/Sep/2018:20:17:17 +0800] "POST /login.do HTTP/1.1" 302 -
0:0:0:0:0:0:0:1 - - [29/Sep/2018:20:17:17 +0800] "GET /student/login.do?username=123&password= HTTP/1.1" 200 829
0:0:0:0:0:0:0:1 - - [29/Sep/2018:20:18:13 +0800] "POST /login.do HTTP/1.1" 302 -
0:0:0:0:0:0:0:1 - - [29/Sep/2018:20:18:13 +0800] "GET /student/login.do?username=123&password= HTTP/1.1" 200 859
