0:0:0:0:0:0:0:1 - - [09/May/2020:15:45:30 +0800] "GET / HTTP/1.1" 200 2294
0:0:0:0:0:0:0:1 - - [09/May/2020:15:45:32 +0800] "GET /verifyUtil.do HTTP/1.1" 200 689
0:0:0:0:0:0:0:1 - - [09/May/2020:16:24:30 +0800] "POST /login.do HTTP/1.1" 200 2325
0:0:0:0:0:0:0:1 - - [09/May/2020:16:24:30 +0800] "GET /verifyUtil.do HTTP/1.1" 200 581
0:0:0:0:0:0:0:1 - - [09/May/2020:16:24:39 +0800] "GET /verifyUtil.do?47 HTTP/1.1" 200 662
0:0:0:0:0:0:0:1 - - [09/May/2020:16:24:43 +0800] "POST /login.do HTTP/1.1" 302 -
0:0:0:0:0:0:0:1 - - [09/May/2020:16:24:44 +0800] "GET /student/login.do?username=201210312216&password=123456 HTTP/1.1" 200 2198
0:0:0:0:0:0:0:1 - - [09/May/2020:16:25:30 +0800] "GET / HTTP/1.1" 200 2294
0:0:0:0:0:0:0:1 - - [09/May/2020:16:25:30 +0800] "GET /verifyUtil.do HTTP/1.1" 200 595
0:0:0:0:0:0:0:1 - - [09/May/2020:16:25:30 +0800] "GET /favicon.ico HTTP/1.1" 200 946
0:0:0:0:0:0:0:1 - - [09/May/2020:16:26:05 +0800] "GET / HTTP/1.1" 200 2294
0:0:0:0:0:0:0:1 - - [09/May/2020:16:26:05 +0800] "GET /verifyUtil.do HTTP/1.1" 200 651
0:0:0:0:0:0:0:1 - - [09/May/2020:16:26:06 +0800] "GET /favicon.ico HTTP/1.1" 200 946
0:0:0:0:0:0:0:1 - - [09/May/2020:16:26:34 +0800] "GET /verifyUtil.do?62 HTTP/1.1" 200 614
0:0:0:0:0:0:0:1 - - [09/May/2020:16:26:49 +0800] "POST /login.do HTTP/1.1" 200 2325
0:0:0:0:0:0:0:1 - - [09/May/2020:16:26:49 +0800] "GET /verifyUtil.do HTTP/1.1" 200 641
0:0:0:0:0:0:0:1 - - [09/May/2020:16:26:53 +0800] "GET /verifyUtil.do?30 HTTP/1.1" 200 647
0:0:0:0:0:0:0:1 - - [09/May/2020:16:26:56 +0800] "POST /login.do HTTP/1.1" 200 2324
0:0:0:0:0:0:0:1 - - [09/May/2020:16:26:56 +0800] "GET /verifyUtil.do HTTP/1.1" 200 686
0:0:0:0:0:0:0:1 - - [09/May/2020:16:27:04 +0800] "POST /login.do HTTP/1.1" 302 -
0:0:0:0:0:0:0:1 - - [09/May/2020:16:27:04 +0800] "GET /teacher/login.do?username=201610414415&password=123456 HTTP/1.1" 200 2523
0:0:0:0:0:0:0:1 - - [09/May/2020:16:27:36 +0800] "POST /login.do HTTP/1.1" 302 -
0:0:0:0:0:0:0:1 - - [09/May/2020:16:27:36 +0800] "GET /student/login.do?username=000000000001&password=123456 HTTP/1.1" 200 2336
0:0:0:0:0:0:0:1 - - [09/May/2020:16:27:36 +0800] "GET /verifyUtil.do HTTP/1.1" 200 677
0:0:0:0:0:0:0:1 - - [09/May/2020:16:27:40 +0800] "GET /verifyUtil.do?15 HTTP/1.1" 200 677
0:0:0:0:0:0:0:1 - - [09/May/2020:16:27:49 +0800] "POST /login.do HTTP/1.1" 302 -
0:0:0:0:0:0:0:1 - - [09/May/2020:16:27:49 +0800] "GET /department/login.do?username=000000000001&password=123456 HTTP/1.1" 200 2345
0:0:0:0:0:0:0:1 - - [09/May/2020:16:28:03 +0800] "POST /login.do HTTP/1.1" 200 2325
0:0:0:0:0:0:0:1 - - [09/May/2020:16:28:03 +0800] "GET /verifyUtil.do HTTP/1.1" 200 641
0:0:0:0:0:0:0:1 - - [09/May/2020:16:28:03 +0800] "GET /favicon.ico HTTP/1.1" 200 946
0:0:0:0:0:0:0:1 - - [09/May/2020:16:28:07 +0800] "GET / HTTP/1.1" 200 2294
0:0:0:0:0:0:0:1 - - [09/May/2020:16:28:07 +0800] "GET /verifyUtil.do HTTP/1.1" 200 577
0:0:0:0:0:0:0:1 - - [09/May/2020:16:29:37 +0800] "GET /department/login.do?username=000000000001&password=123456 HTTP/1.1" 200 2466
0:0:0:0:0:0:0:1 - - [09/May/2020:16:31:36 +0800] "GET /verifyUtil.do?72 HTTP/1.1" 200 702
0:0:0:0:0:0:0:1 - - [09/May/2020:16:31:40 +0800] "GET /verifyUtil.do?12 HTTP/1.1" 200 603
0:0:0:0:0:0:0:1 - - [09/May/2020:16:31:43 +0800] "GET /verifyUtil.do?63 HTTP/1.1" 200 725
0:0:0:0:0:0:0:1 - - [09/May/2020:16:31:44 +0800] "GET /verifyUtil.do?21 HTTP/1.1" 200 756
0:0:0:0:0:0:0:1 - - [09/May/2020:16:33:19 +0800] "POST /login.do HTTP/1.1" 302 -
0:0:0:0:0:0:0:1 - - [09/May/2020:16:33:19 +0800] "GET /student/login.do?username=201210312216&password=123456 HTTP/1.1" 200 2198
0:0:0:0:0:0:0:1 - - [09/May/2020:16:34:37 +0800] "GET / HTTP/1.1" 200 2294
0:0:0:0:0:0:0:1 - - [09/May/2020:16:34:37 +0800] "GET /verifyUtil.do HTTP/1.1" 200 713
0:0:0:0:0:0:0:1 - - [09/May/2020:16:34:37 +0800] "GET /favicon.ico HTTP/1.1" 200 946
0:0:0:0:0:0:0:1 - - [09/May/2020:16:35:05 +0800] "POST /login.do HTTP/1.1" 302 -
0:0:0:0:0:0:0:1 - - [09/May/2020:16:35:05 +0800] "GET /student/login.do?username=201210312216&password=123456 HTTP/1.1" 200 2198
0:0:0:0:0:0:0:1 - - [09/May/2020:16:36:17 +0800] "GET / HTTP/1.1" 200 2294
0:0:0:0:0:0:0:1 - - [09/May/2020:16:36:17 +0800] "GET /verifyUtil.do HTTP/1.1" 200 570
0:0:0:0:0:0:0:1 - - [09/May/2020:16:36:17 +0800] "GET /favicon.ico HTTP/1.1" 200 946
0:0:0:0:0:0:0:1 - - [09/May/2020:16:36:43 +0800] "POST /login.do HTTP/1.1" 302 -
0:0:0:0:0:0:0:1 - - [09/May/2020:16:36:43 +0800] "GET /student/login.do?username=201210312216&password=123456 HTTP/1.1" 200 2198
0:0:0:0:0:0:0:1 - - [09/May/2020:16:37:43 +0800] "GET / HTTP/1.1" 200 2294
0:0:0:0:0:0:0:1 - - [09/May/2020:16:37:43 +0800] "GET /verifyUtil.do HTTP/1.1" 200 652
0:0:0:0:0:0:0:1 - - [09/May/2020:16:37:43 +0800] "GET /favicon.ico HTTP/1.1" 200 946
0:0:0:0:0:0:0:1 - - [09/May/2020:16:37:56 +0800] "POST /login.do HTTP/1.1" 302 -
0:0:0:0:0:0:0:1 - - [09/May/2020:16:37:56 +0800] "GET /student/login.do?username=201210312216&password=123456 HTTP/1.1" 200 2198
0:0:0:0:0:0:0:1 - - [09/May/2020:16:37:58 +0800] "GET / HTTP/1.1" 200 2294
0:0:0:0:0:0:0:1 - - [09/May/2020:16:37:58 +0800] "GET /verifyUtil.do HTTP/1.1" 200 658
0:0:0:0:0:0:0:1 - - [09/May/2020:16:37:58 +0800] "GET /favicon.ico HTTP/1.1" 200 946
0:0:0:0:0:0:0:1 - - [09/May/2020:16:38:24 +0800] "POST /login.do HTTP/1.1" 302 -
0:0:0:0:0:0:0:1 - - [09/May/2020:16:38:24 +0800] "GET /student/login.do?username=201210312216&password=123456 HTTP/1.1" 200 2198
0:0:0:0:0:0:0:1 - - [09/May/2020:16:39:05 +0800] "GET /teacher/score/show/get.do HTTP/1.1" 500 600
0:0:0:0:0:0:0:1 - - [09/May/2020:16:39:12 +0800] "GET /teacher/score/enter/get.do HTTP/1.1" 500 600
0:0:0:0:0:0:0:1 - - [09/May/2020:16:39:25 +0800] "GET /teacher/login.do?username=201610414415&password=123456 HTTP/1.1" 200 2523
0:0:0:0:0:0:0:1 - - [09/May/2020:16:39:25 +0800] "GET /favicon.ico HTTP/1.1" 200 946
0:0:0:0:0:0:0:1 - - [09/May/2020:16:39:28 +0800] "GET /department/login.do?username=000000000001&password=123456 HTTP/1.1" 200 2466
0:0:0:0:0:0:0:1 - - [09/May/2020:16:39:29 +0800] "GET /department/login.do?username=000000000001&password=123456 HTTP/1.1" 200 2466
0:0:0:0:0:0:0:1 - - [09/May/2020:16:39:29 +0800] "GET /department/login.do?username=000000000001&password=123456 HTTP/1.1" 200 2466
0:0:0:0:0:0:0:1 - - [09/May/2020:16:39:29 +0800] "GET /department/login.do?username=000000000001&password=123456 HTTP/1.1" 200 2466
0:0:0:0:0:0:0:1 - - [09/May/2020:16:39:30 +0800] "GET /department/login.do?username=000000000001&password=123456 HTTP/1.1" 200 2466
0:0:0:0:0:0:0:1 - - [09/May/2020:16:39:30 +0800] "GET /department/login.do?username=000000000001&password=123456 HTTP/1.1" 200 2466
0:0:0:0:0:0:0:1 - - [09/May/2020:16:39:30 +0800] "GET /department/login.do?username=000000000001&password=123456 HTTP/1.1" 200 2466
0:0:0:0:0:0:0:1 - - [09/May/2020:16:39:30 +0800] "GET /department/login.do?username=000000000001&password=123456 HTTP/1.1" 200 2466
0:0:0:0:0:0:0:1 - - [09/May/2020:16:39:31 +0800] "GET /student/login.do?username=201210312216&password=123456 HTTP/1.1" 200 2198
0:0:0:0:0:0:0:1 - - [09/May/2020:16:39:31 +0800] "GET /favicon.ico HTTP/1.1" 200 946
0:0:0:0:0:0:0:1 - - [09/May/2020:16:39:31 +0800] "GET /student/login.do?username=201210312216&password=123456 HTTP/1.1" 200 2198
0:0:0:0:0:0:0:1 - - [09/May/2020:16:39:31 +0800] "GET /favicon.ico HTTP/1.1" 200 946
0:0:0:0:0:0:0:1 - - [09/May/2020:16:39:31 +0800] "GET /student/login.do?username=201210312216&password=123456 HTTP/1.1" 200 2198
0:0:0:0:0:0:0:1 - - [09/May/2020:16:39:31 +0800] "GET /favicon.ico HTTP/1.1" 200 946
0:0:0:0:0:0:0:1 - - [09/May/2020:16:39:31 +0800] "GET /student/login.do?username=201210312216&password=123456 HTTP/1.1" 200 2198
0:0:0:0:0:0:0:1 - - [09/May/2020:16:39:31 +0800] "GET /favicon.ico HTTP/1.1" 200 946
0:0:0:0:0:0:0:1 - - [09/May/2020:16:39:31 +0800] "GET /student/login.do?username=201210312216&password=123456 HTTP/1.1" 200 2198
0:0:0:0:0:0:0:1 - - [09/May/2020:16:39:31 +0800] "GET /favicon.ico HTTP/1.1" 200 946
0:0:0:0:0:0:0:1 - - [09/May/2020:16:39:34 +0800] "GET / HTTP/1.1" 200 2294
0:0:0:0:0:0:0:1 - - [09/May/2020:16:39:34 +0800] "GET /verifyUtil.do HTTP/1.1" 200 748
0:0:0:0:0:0:0:1 - - [09/May/2020:16:39:34 +0800] "GET /favicon.ico HTTP/1.1" 200 946
0:0:0:0:0:0:0:1 - - [09/May/2020:16:39:34 +0800] "GET / HTTP/1.1" 200 2294
0:0:0:0:0:0:0:1 - - [09/May/2020:16:39:34 +0800] "GET /verifyUtil.do HTTP/1.1" 200 597
0:0:0:0:0:0:0:1 - - [09/May/2020:16:39:34 +0800] "GET /favicon.ico HTTP/1.1" 200 946
0:0:0:0:0:0:0:1 - - [09/May/2020:16:39:34 +0800] "GET / HTTP/1.1" 200 2294
0:0:0:0:0:0:0:1 - - [09/May/2020:16:39:34 +0800] "GET /verifyUtil.do HTTP/1.1" 200 689
0:0:0:0:0:0:0:1 - - [09/May/2020:16:39:34 +0800] "GET /favicon.ico HTTP/1.1" 200 946
0:0:0:0:0:0:0:1 - - [09/May/2020:16:39:34 +0800] "GET / HTTP/1.1" 200 2294
0:0:0:0:0:0:0:1 - - [09/May/2020:16:39:34 +0800] "GET /verifyUtil.do HTTP/1.1" 200 565
0:0:0:0:0:0:0:1 - - [09/May/2020:16:39:34 +0800] "GET /favicon.ico HTTP/1.1" 200 946
0:0:0:0:0:0:0:1 - - [09/May/2020:16:39:34 +0800] "GET / HTTP/1.1" 200 2294
0:0:0:0:0:0:0:1 - - [09/May/2020:16:39:34 +0800] "GET /verifyUtil.do HTTP/1.1" 200 626
0:0:0:0:0:0:0:1 - - [09/May/2020:16:39:34 +0800] "GET /favicon.ico HTTP/1.1" 200 946
0:0:0:0:0:0:0:1 - - [09/May/2020:16:39:34 +0800] "GET / HTTP/1.1" 200 2294
0:0:0:0:0:0:0:1 - - [09/May/2020:16:39:34 +0800] "GET /verifyUtil.do HTTP/1.1" 200 602
0:0:0:0:0:0:0:1 - - [09/May/2020:16:39:34 +0800] "GET /favicon.ico HTTP/1.1" 200 946
0:0:0:0:0:0:0:1 - - [09/May/2020:16:39:35 +0800] "GET / HTTP/1.1" 200 2294
0:0:0:0:0:0:0:1 - - [09/May/2020:16:39:35 +0800] "GET /verifyUtil.do HTTP/1.1" 200 702
0:0:0:0:0:0:0:1 - - [09/May/2020:16:39:35 +0800] "GET /favicon.ico HTTP/1.1" 200 946
0:0:0:0:0:0:0:1 - - [09/May/2020:16:39:35 +0800] "GET / HTTP/1.1" 200 2294
0:0:0:0:0:0:0:1 - - [09/May/2020:16:39:35 +0800] "GET /verifyUtil.do HTTP/1.1" 200 612
0:0:0:0:0:0:0:1 - - [09/May/2020:16:39:35 +0800] "GET /favicon.ico HTTP/1.1" 200 946
0:0:0:0:0:0:0:1 - - [09/May/2020:16:39:42 +0800] "GET /teacher/login.do?username=201610414415&password=123456 HTTP/1.1" 200 2523
0:0:0:0:0:0:0:1 - - [09/May/2020:16:39:42 +0800] "GET /teacher/login.do?username=201610414415&password=123456 HTTP/1.1" 200 2523
0:0:0:0:0:0:0:1 - - [09/May/2020:16:39:42 +0800] "GET /favicon.ico HTTP/1.1" 200 946
0:0:0:0:0:0:0:1 - - [09/May/2020:16:39:42 +0800] "GET /teacher/login.do?username=201610414415&password=123456 HTTP/1.1" 200 2523
0:0:0:0:0:0:0:1 - - [09/May/2020:16:39:42 +0800] "GET /favicon.ico HTTP/1.1" 200 946
0:0:0:0:0:0:0:1 - - [09/May/2020:16:39:42 +0800] "GET /teacher/login.do?username=201610414415&password=123456 HTTP/1.1" 200 2523
0:0:0:0:0:0:0:1 - - [09/May/2020:16:39:42 +0800] "GET /favicon.ico HTTP/1.1" 200 946
0:0:0:0:0:0:0:1 - - [09/May/2020:16:39:43 +0800] "GET /teacher/login.do?username=201610414415&password=123456 HTTP/1.1" 200 2523
0:0:0:0:0:0:0:1 - - [09/May/2020:16:39:43 +0800] "GET /favicon.ico HTTP/1.1" 200 946
0:0:0:0:0:0:0:1 - - [09/May/2020:16:39:43 +0800] "GET /teacher/login.do?username=201610414415&password=123456 HTTP/1.1" 200 2523
0:0:0:0:0:0:0:1 - - [09/May/2020:16:39:43 +0800] "GET /favicon.ico HTTP/1.1" 200 946
0:0:0:0:0:0:0:1 - - [09/May/2020:16:39:43 +0800] "GET /teacher/login.do?username=201610414415&password=123456 HTTP/1.1" 200 2523
0:0:0:0:0:0:0:1 - - [09/May/2020:16:39:43 +0800] "GET /favicon.ico HTTP/1.1" 200 946
0:0:0:0:0:0:0:1 - - [09/May/2020:16:39:43 +0800] "GET /teacher/login.do?username=201610414415&password=123456 HTTP/1.1" 200 2523
0:0:0:0:0:0:0:1 - - [09/May/2020:16:39:43 +0800] "GET /favicon.ico HTTP/1.1" 200 946
0:0:0:0:0:0:0:1 - - [09/May/2020:16:39:43 +0800] "GET /teacher/login.do?username=201610414415&password=123456 HTTP/1.1" 200 2523
0:0:0:0:0:0:0:1 - - [09/May/2020:16:39:43 +0800] "GET /favicon.ico HTTP/1.1" 200 946
0:0:0:0:0:0:0:1 - - [09/May/2020:16:39:43 +0800] "GET /teacher/login.do?username=201610414415&password=123456 HTTP/1.1" 200 2523
0:0:0:0:0:0:0:1 - - [09/May/2020:16:39:43 +0800] "GET /favicon.ico HTTP/1.1" 200 946
0:0:0:0:0:0:0:1 - - [09/May/2020:16:39:44 +0800] "GET /department/login.do?username=000000000001&password=123456 HTTP/1.1" 200 2466
0:0:0:0:0:0:0:1 - - [09/May/2020:16:39:44 +0800] "GET /department/login.do?username=000000000001&password=123456 HTTP/1.1" 200 2466
0:0:0:0:0:0:0:1 - - [09/May/2020:16:39:44 +0800] "GET /department/login.do?username=000000000001&password=123456 HTTP/1.1" 200 2466
0:0:0:0:0:0:0:1 - - [09/May/2020:16:39:44 +0800] "GET /department/login.do?username=000000000001&password=123456 HTTP/1.1" 200 2466
0:0:0:0:0:0:0:1 - - [09/May/2020:16:40:11 +0800] "POST /login.do HTTP/1.1" 302 -
0:0:0:0:0:0:0:1 - - [09/May/2020:16:40:11 +0800] "GET /student/login.do?username=201210312216&password=123456 HTTP/1.1" 200 2198
0:0:0:0:0:0:0:1 - - [09/May/2020:16:40:57 +0800] "GET /teacher/course/timetable/get.do HTTP/1.1" 200 1410
0:0:0:0:0:0:0:1 - - [09/May/2020:16:41:29 +0800] "GET /teacher/score/enter/get.do HTTP/1.1" 200 2642
0:0:0:0:0:0:0:1 - - [09/May/2020:16:41:31 +0800] "GET /teacher/score/enter/get.do HTTP/1.1" 200 2642
0:0:0:0:0:0:0:1 - - [09/May/2020:16:42:18 +0800] "GET /teacher/login.do?username=201610414415&password=123456 HTTP/1.1" 200 2523
0:0:0:0:0:0:0:1 - - [09/May/2020:16:42:18 +0800] "GET /favicon.ico HTTP/1.1" 200 946
0:0:0:0:0:0:0:1 - - [09/May/2020:16:42:24 +0800] "GET / HTTP/1.1" 200 2294
0:0:0:0:0:0:0:1 - - [09/May/2020:16:42:24 +0800] "GET /verifyUtil.do HTTP/1.1" 200 768
0:0:0:0:0:0:0:1 - - [09/May/2020:16:42:24 +0800] "GET /favicon.ico HTTP/1.1" 200 946
0:0:0:0:0:0:0:1 - - [09/May/2020:16:42:46 +0800] "POST /login.do HTTP/1.1" 302 -
0:0:0:0:0:0:0:1 - - [09/May/2020:16:42:46 +0800] "GET /student/login.do?username=201210312216&password=123456 HTTP/1.1" 200 2198
0:0:0:0:0:0:0:1 - - [09/May/2020:16:43:27 +0800] "GET / HTTP/1.1" 200 2294
0:0:0:0:0:0:0:1 - - [09/May/2020:16:43:27 +0800] "GET /verifyUtil.do HTTP/1.1" 200 645
0:0:0:0:0:0:0:1 - - [09/May/2020:16:43:27 +0800] "GET /favicon.ico HTTP/1.1" 200 946
0:0:0:0:0:0:0:1 - - [09/May/2020:16:43:50 +0800] "POST /login.do HTTP/1.1" 302 -
0:0:0:0:0:0:0:1 - - [09/May/2020:16:43:50 +0800] "GET /student/login.do?username=201210312216&password=123456 HTTP/1.1" 200 2198
0:0:0:0:0:0:0:1 - - [09/May/2020:16:44:43 +0800] "GET /department/course/elective/set.do HTTP/1.1" 200 1028
0:0:0:0:0:0:0:1 - - [09/May/2020:16:44:51 +0800] "POST /department/course/elective/size.do HTTP/1.1" 200 1008
0:0:0:0:0:0:0:1 - - [09/May/2020:16:44:56 +0800] "POST /department/course/elective/year.do HTTP/1.1" 200 1361
0:0:0:0:0:0:0:1 - - [09/May/2020:16:45:00 +0800] "POST /department/course/elective/semester.do HTTP/1.1" 200 1055
0:0:0:0:0:0:0:1 - - [09/May/2020:16:45:09 +0800] "POST /department/course/elective/name.do HTTP/1.1" 200 10749
0:0:0:0:0:0:0:1 - - [09/May/2020:16:45:15 +0800] "POST /department/course/elective/week.do HTTP/1.1" 200 2139
0:0:0:0:0:0:0:1 - - [09/May/2020:16:45:18 +0800] "POST /department/course/elective/day.do HTTP/1.1" 200 7093
0:0:0:0:0:0:0:1 - - [09/May/2020:16:46:34 +0800] "GET / HTTP/1.1" 200 2294
0:0:0:0:0:0:0:1 - - [09/May/2020:16:46:34 +0800] "GET /verifyUtil.do HTTP/1.1" 200 712
0:0:0:0:0:0:0:1 - - [09/May/2020:16:46:34 +0800] "GET /favicon.ico HTTP/1.1" 200 946
0:0:0:0:0:0:0:1 - - [09/May/2020:16:47:16 +0800] "POST /login.do HTTP/1.1" 200 2325
0:0:0:0:0:0:0:1 - - [09/May/2020:16:47:16 +0800] "GET /verifyUtil.do HTTP/1.1" 200 648
0:0:0:0:0:0:0:1 - - [09/May/2020:16:47:23 +0800] "POST /login.do HTTP/1.1" 200 2325
0:0:0:0:0:0:0:1 - - [09/May/2020:16:47:23 +0800] "GET /verifyUtil.do HTTP/1.1" 200 702
0:0:0:0:0:0:0:1 - - [09/May/2020:16:47:23 +0800] "GET /favicon.ico HTTP/1.1" 200 946
0:0:0:0:0:0:0:1 - - [09/May/2020:16:47:27 +0800] "GET / HTTP/1.1" 200 2294
0:0:0:0:0:0:0:1 - - [09/May/2020:16:47:27 +0800] "GET /verifyUtil.do HTTP/1.1" 200 685
0:0:0:0:0:0:0:1 - - [09/May/2020:16:47:27 +0800] "GET /favicon.ico HTTP/1.1" 200 946
0:0:0:0:0:0:0:1 - - [09/May/2020:16:47:52 +0800] "POST /login.do HTTP/1.1" 302 -
0:0:0:0:0:0:0:1 - - [09/May/2020:16:47:52 +0800] "GET /student/login.do?username=201210312216&password=123456 HTTP/1.1" 200 2198
0:0:0:0:0:0:0:1 - - [09/May/2020:16:48:22 +0800] "GET /department/login.do?username=000000000001&password=123456 HTTP/1.1" 200 2466
0:0:0:0:0:0:0:1 - - [09/May/2020:16:48:22 +0800] "GET /department/login.do?username=000000000001&password=123456 HTTP/1.1" 200 2466
0:0:0:0:0:0:0:1 - - [09/May/2020:16:48:22 +0800] "GET /department/login.do?username=000000000001&password=123456 HTTP/1.1" 200 2466
0:0:0:0:0:0:0:1 - - [09/May/2020:16:48:22 +0800] "GET /department/login.do?username=000000000001&password=123456 HTTP/1.1" 200 2466
0:0:0:0:0:0:0:1 - - [09/May/2020:16:48:22 +0800] "GET /department/login.do?username=000000000001&password=123456 HTTP/1.1" 200 2466
0:0:0:0:0:0:0:1 - - [09/May/2020:16:48:22 +0800] "GET /department/login.do?username=000000000001&password=123456 HTTP/1.1" 200 2466
0:0:0:0:0:0:0:1 - - [09/May/2020:16:48:23 +0800] "GET /teacher/login.do?username=201610414415&password=123456 HTTP/1.1" 200 2523
0:0:0:0:0:0:0:1 - - [09/May/2020:16:48:23 +0800] "GET /teacher/login.do?username=201610414415&password=123456 HTTP/1.1" 200 2523
0:0:0:0:0:0:0:1 - - [09/May/2020:16:48:23 +0800] "GET /teacher/login.do?username=201610414415&password=123456 HTTP/1.1" 200 2523
0:0:0:0:0:0:0:1 - - [09/May/2020:16:48:23 +0800] "GET /teacher/login.do?username=201610414415&password=123456 HTTP/1.1" 200 2523
0:0:0:0:0:0:0:1 - - [09/May/2020:16:48:23 +0800] "GET /teacher/login.do?username=201610414415&password=123456 HTTP/1.1" 200 2523
0:0:0:0:0:0:0:1 - - [09/May/2020:16:48:24 +0800] "GET /teacher/login.do?username=201610414415&password=123456 HTTP/1.1" 200 2523
0:0:0:0:0:0:0:1 - - [09/May/2020:16:48:24 +0800] "GET /teacher/login.do?username=201610414415&password=123456 HTTP/1.1" 200 2523
0:0:0:0:0:0:0:1 - - [09/May/2020:16:48:24 +0800] "GET /favicon.ico HTTP/1.1" 200 946
0:0:0:0:0:0:0:1 - - [09/May/2020:16:48:29 +0800] "GET / HTTP/1.1" 200 2294
0:0:0:0:0:0:0:1 - - [09/May/2020:16:48:29 +0800] "GET /verifyUtil.do HTTP/1.1" 200 676
0:0:0:0:0:0:0:1 - - [09/May/2020:16:48:29 +0800] "GET /favicon.ico HTTP/1.1" 200 946
0:0:0:0:0:0:0:1 - - [09/May/2020:16:49:04 +0800] "POST /login.do HTTP/1.1" 302 -
0:0:0:0:0:0:0:1 - - [09/May/2020:16:49:04 +0800] "GET /student/login.do?username=201210312216&password=123456 HTTP/1.1" 200 2198
0:0:0:0:0:0:0:1 - - [09/May/2020:16:49:57 +0800] "GET /department/course/elective/set.do HTTP/1.1" 200 1028
0:0:0:0:0:0:0:1 - - [09/May/2020:16:50:03 +0800] "POST /department/course/elective/size.do HTTP/1.1" 200 1008
0:0:0:0:0:0:0:1 - - [09/May/2020:16:50:09 +0800] "POST /department/course/elective/year.do HTTP/1.1" 200 1361
0:0:0:0:0:0:0:1 - - [09/May/2020:16:50:12 +0800] "POST /department/course/elective/semester.do HTTP/1.1" 200 1055
0:0:0:0:0:0:0:1 - - [09/May/2020:16:50:18 +0800] "POST /department/course/elective/name.do HTTP/1.1" 200 10749
0:0:0:0:0:0:0:1 - - [09/May/2020:16:50:27 +0800] "POST /department/course/elective/week.do HTTP/1.1" 200 2139
0:0:0:0:0:0:0:1 - - [09/May/2020:16:50:30 +0800] "POST /department/course/elective/day.do HTTP/1.1" 200 6949
0:0:0:0:0:0:0:1 - - [09/May/2020:16:50:35 +0800] "POST /department/course/elective/order.do HTTP/1.1" 200 20386
0:0:0:0:0:0:0:1 - - [09/May/2020:16:50:46 +0800] "POST /department/course/elective/classroom.do HTTP/1.1" 200 2431
0:0:0:0:0:0:0:1 - - [09/May/2020:16:50:51 +0800] "POST /department/course/elective/ensure.do HTTP/1.1" 200 640
0:0:0:0:0:0:0:1 - - [09/May/2020:16:50:53 +0800] "GET /department/return.do HTTP/1.1" 200 2466
0:0:0:0:0:0:0:1 - - [09/May/2020:16:50:58 +0800] "GET /teacher/course/elective/set.do HTTP/1.1" 200 4690
0:0:0:0:0:0:0:1 - - [09/May/2020:16:51:06 +0800] "POST /teacher/course/elective/select.do HTTP/1.1" 200 1950
0:0:0:0:0:0:0:1 - - [09/May/2020:16:51:39 +0800] "GET /teacher/login.do?username=201610414415&password=123456 HTTP/1.1" 200 2523
0:0:0:0:0:0:0:1 - - [09/May/2020:16:51:40 +0800] "GET /favicon.ico HTTP/1.1" 200 946
0:0:0:0:0:0:0:1 - - [09/May/2020:16:51:42 +0800] "GET /teacher/course/elective/set.do HTTP/1.1" 200 4690
0:0:0:0:0:0:0:1 - - [09/May/2020:16:51:44 +0800] "POST /teacher/course/elective/select.do HTTP/1.1" 200 1950
0:0:0:0:0:0:0:1 - - [09/May/2020:16:55:41 +0800] "GET / HTTP/1.1" 200 2294
0:0:0:0:0:0:0:1 - - [09/May/2020:16:55:42 +0800] "GET /verifyUtil.do HTTP/1.1" 200 634
0:0:0:0:0:0:0:1 - - [09/May/2020:16:55:42 +0800] "GET /favicon.ico HTTP/1.1" 200 946
0:0:0:0:0:0:0:1 - - [09/May/2020:16:55:48 +0800] "GET /teacher/login.do?username=201610414415&password=123456 HTTP/1.1" 200 2523
0:0:0:0:0:0:0:1 - - [09/May/2020:16:55:48 +0800] "GET /favicon.ico HTTP/1.1" 200 946
0:0:0:0:0:0:0:1 - - [09/May/2020:16:55:48 +0800] "GET /teacher/login.do?username=201610414415&password=123456 HTTP/1.1" 200 2523
0:0:0:0:0:0:0:1 - - [09/May/2020:16:55:49 +0800] "GET /favicon.ico HTTP/1.1" 200 946
0:0:0:0:0:0:0:1 - - [09/May/2020:16:55:56 +0800] "GET /department/return.do HTTP/1.1" 500 600
0:0:0:0:0:0:0:1 - - [09/May/2020:16:55:56 +0800] "GET /department/return.do HTTP/1.1" 500 600
0:0:0:0:0:0:0:1 - - [09/May/2020:16:55:56 +0800] "GET /department/return.do HTTP/1.1" 500 600
0:0:0:0:0:0:0:1 - - [09/May/2020:16:55:56 +0800] "GET /department/return.do HTTP/1.1" 500 600
0:0:0:0:0:0:0:1 - - [09/May/2020:16:56:10 +0800] "GET /department/return.do HTTP/1.1" 500 600
0:0:0:0:0:0:0:1 - - [09/May/2020:16:56:14 +0800] "GET / HTTP/1.1" 200 2294
0:0:0:0:0:0:0:1 - - [09/May/2020:16:56:40 +0800] "POST /login.do HTTP/1.1" 200 2325
0:0:0:0:0:0:0:1 - - [09/May/2020:16:56:40 +0800] "GET /verifyUtil.do HTTP/1.1" 200 576
0:0:0:0:0:0:0:1 - - [09/May/2020:16:56:49 +0800] "POST /login.do HTTP/1.1" 200 2325
0:0:0:0:0:0:0:1 - - [09/May/2020:16:56:49 +0800] "GET /verifyUtil.do HTTP/1.1" 200 631
0:0:0:0:0:0:0:1 - - [09/May/2020:16:56:56 +0800] "POST /login.do HTTP/1.1" 302 -
0:0:0:0:0:0:0:1 - - [09/May/2020:16:56:56 +0800] "GET /department/login.do?username=000000000001&password=123456 HTTP/1.1" 200 2466
0:0:0:0:0:0:0:1 - - [09/May/2020:16:57:04 +0800] "GET /l HTTP/1.1" 404 600
0:0:0:0:0:0:0:1 - - [09/May/2020:16:57:06 +0800] "GET / HTTP/1.1" 200 2294
0:0:0:0:0:0:0:1 - - [09/May/2020:16:57:06 +0800] "GET /verifyUtil.do HTTP/1.1" 200 628
0:0:0:0:0:0:0:1 - - [09/May/2020:16:57:29 +0800] "POST /login.do HTTP/1.1" 302 -
0:0:0:0:0:0:0:1 - - [09/May/2020:16:57:29 +0800] "GET /student/login.do?username=201210312216&password=123456 HTTP/1.1" 200 2198
0:0:0:0:0:0:0:1 - - [09/May/2020:16:58:22 +0800] "GET /department/course/elective/set.do HTTP/1.1" 200 1028
0:0:0:0:0:0:0:1 - - [09/May/2020:16:58:26 +0800] "POST /department/course/elective/size.do HTTP/1.1" 200 1008
0:0:0:0:0:0:0:1 - - [09/May/2020:16:58:31 +0800] "POST /department/course/elective/year.do HTTP/1.1" 200 1361
0:0:0:0:0:0:0:1 - - [09/May/2020:16:58:35 +0800] "POST /department/course/elective/semester.do HTTP/1.1" 200 1055
0:0:0:0:0:0:0:1 - - [09/May/2020:16:58:40 +0800] "POST /department/course/elective/name.do HTTP/1.1" 200 10743
0:0:0:0:0:0:0:1 - - [09/May/2020:16:58:47 +0800] "POST /department/course/elective/week.do HTTP/1.1" 200 2139
0:0:0:0:0:0:0:1 - - [09/May/2020:16:58:50 +0800] "POST /department/course/elective/day.do HTTP/1.1" 200 6949
0:0:0:0:0:0:0:1 - - [09/May/2020:16:58:55 +0800] "POST /department/course/elective/order.do HTTP/1.1" 200 20386
0:0:0:0:0:0:0:1 - - [09/May/2020:16:59:03 +0800] "POST /department/course/elective/classroom.do HTTP/1.1" 200 2425
0:0:0:0:0:0:0:1 - - [09/May/2020:16:59:09 +0800] "POST /department/course/elective/ensure.do HTTP/1.1" 200 640
0:0:0:0:0:0:0:1 - - [09/May/2020:16:59:10 +0800] "GET /department/return.do HTTP/1.1" 200 2466
0:0:0:0:0:0:0:1 - - [09/May/2020:16:59:16 +0800] "GET /teacher/course/elective/set.do HTTP/1.1" 200 5736
0:0:0:0:0:0:0:1 - - [09/May/2020:16:59:21 +0800] "POST /teacher/course/elective/select.do HTTP/1.1" 200 2605
0:0:0:0:0:0:0:1 - - [09/May/2020:17:04:10 +0800] "GET /teacher/login.do?username=201610414415&password=123456 HTTP/1.1" 200 1024
0:0:0:0:0:0:0:1 - - [09/May/2020:17:04:11 +0800] "GET /teacher/course/elective/set.do HTTP/1.1" 200 5736
0:0:0:0:0:0:0:1 - - [09/May/2020:17:04:14 +0800] "POST /teacher/course/elective/select.do HTTP/1.1" 200 2188
0:0:0:0:0:0:0:1 - - [09/May/2020:17:04:17 +0800] "GET /teacher/login.do?username=201610414415&password=123456 HTTP/1.1" 200 2523
0:0:0:0:0:0:0:1 - - [09/May/2020:17:04:17 +0800] "GET /favicon.ico HTTP/1.1" 200 946
0:0:0:0:0:0:0:1 - - [09/May/2020:17:04:17 +0800] "GET /teacher/login.do?username=201610414415&password=123456 HTTP/1.1" 200 2523
0:0:0:0:0:0:0:1 - - [09/May/2020:17:04:17 +0800] "GET /favicon.ico HTTP/1.1" 200 946
0:0:0:0:0:0:0:1 - - [09/May/2020:17:04:19 +0800] "GET /teacher/course/elective/set.do HTTP/1.1" 200 5736
0:0:0:0:0:0:0:1 - - [09/May/2020:17:04:22 +0800] "POST /teacher/course/elective/select.do HTTP/1.1" 200 2849
0:0:0:0:0:0:0:1 - - [09/May/2020:17:08:41 +0800] "GET /teacher/login.do?username=201610414415&password=123456 HTTP/1.1" 200 2523
0:0:0:0:0:0:0:1 - - [09/May/2020:17:08:41 +0800] "GET /favicon.ico HTTP/1.1" 200 946
0:0:0:0:0:0:0:1 - - [09/May/2020:17:08:44 +0800] "GET /teacher/course/elective/set.do HTTP/1.1" 200 5736
0:0:0:0:0:0:0:1 - - [09/May/2020:17:08:46 +0800] "POST /teacher/course/elective/select.do HTTP/1.1" 200 3355
0:0:0:0:0:0:0:1 - - [09/May/2020:17:09:33 +0800] "GET /teacher/login.do?username=201610414415&password=123456 HTTP/1.1" 200 2523
0:0:0:0:0:0:0:1 - - [09/May/2020:17:09:33 +0800] "GET /favicon.ico HTTP/1.1" 200 946
0:0:0:0:0:0:0:1 - - [09/May/2020:17:09:39 +0800] "GET /teacher/course/elective/set.do HTTP/1.1" 200 5736
0:0:0:0:0:0:0:1 - - [09/May/2020:17:09:40 +0800] "POST /teacher/course/elective/select.do HTTP/1.1" 200 3355
0:0:0:0:0:0:0:1 - - [09/May/2020:17:10:06 +0800] "GET /teacher/login.do?username=201610414415&password=123456 HTTP/1.1" 200 2523
0:0:0:0:0:0:0:1 - - [09/May/2020:17:10:06 +0800] "GET /favicon.ico HTTP/1.1" 200 946
0:0:0:0:0:0:0:1 - - [09/May/2020:17:10:08 +0800] "GET /teacher/course/elective/set.do HTTP/1.1" 200 5736
0:0:0:0:0:0:0:1 - - [09/May/2020:17:10:11 +0800] "POST /teacher/course/elective/select.do HTTP/1.1" 200 3355
0:0:0:0:0:0:0:1 - - [09/May/2020:17:10:52 +0800] "GET /teacher/login.do?username=201610414415&password=123456 HTTP/1.1" 200 2523
0:0:0:0:0:0:0:1 - - [09/May/2020:17:10:52 +0800] "GET /favicon.ico HTTP/1.1" 200 946
0:0:0:0:0:0:0:1 - - [09/May/2020:17:10:57 +0800] "GET /teacher/course/elective/set.do HTTP/1.1" 200 5736
0:0:0:0:0:0:0:1 - - [09/May/2020:17:11:01 +0800] "POST /teacher/course/elective/select.do HTTP/1.1" 200 3355
0:0:0:0:0:0:0:1 - - [09/May/2020:17:11:03 +0800] "POST /teacher/course/elective/ensure.do HTTP/1.1" 200 298
0:0:0:0:0:0:0:1 - - [09/May/2020:17:13:27 +0800] "GET /student/login.do?username=201210312216&password=123456 HTTP/1.1" 200 2198
0:0:0:0:0:0:0:1 - - [09/May/2020:17:13:27 +0800] "GET /favicon.ico HTTP/1.1" 200 946
0:0:0:0:0:0:0:1 - - [09/May/2020:17:13:32 +0800] "GET /teacher/score/show/get.do HTTP/1.1" 500 600
0:0:0:0:0:0:0:1 - - [09/May/2020:17:13:34 +0800] "GET /teacher/login.do?username=201610414415&password=123456 HTTP/1.1" 200 2523
0:0:0:0:0:0:0:1 - - [09/May/2020:17:13:34 +0800] "GET /favicon.ico HTTP/1.1" 200 946
0:0:0:0:0:0:0:1 - - [09/May/2020:17:13:34 +0800] "GET /teacher/login.do?username=201610414415&password=123456 HTTP/1.1" 200 2523
0:0:0:0:0:0:0:1 - - [09/May/2020:17:13:35 +0800] "GET /favicon.ico HTTP/1.1" 200 946
0:0:0:0:0:0:0:1 - - [09/May/2020:17:13:36 +0800] "GET /teacher/score/show/get.do HTTP/1.1" 200 2642
0:0:0:0:0:0:0:1 - - [09/May/2020:17:13:42 +0800] "GET /teacher/course/timetable/get.do HTTP/1.1" 200 1410
0:0:0:0:0:0:0:1 - - [09/May/2020:17:13:46 +0800] "POST /teacher/course/timetable/select.do HTTP/1.1" 200 6741
0:0:0:0:0:0:0:1 - - [09/May/2020:17:13:57 +0800] "GET /student/course/elective/set.do HTTP/1.1" 200 5979
0:0:0:0:0:0:0:1 - - [09/May/2020:17:14:33 +0800] "POST /student/course/elective/select.do HTTP/1.1" 200 2695
0:0:0:0:0:0:0:1 - - [09/May/2020:17:15:19 +0800] "POST /student/course/elective/ensure.do HTTP/1.1" 200 631
0:0:0:0:0:0:0:1 - - [09/May/2020:17:15:20 +0800] "GET /student/return.do HTTP/1.1" 200 2171
0:0:0:0:0:0:0:1 - - [09/May/2020:17:15:28 +0800] "GET / HTTP/1.1" 200 2294
0:0:0:0:0:0:0:1 - - [09/May/2020:17:15:28 +0800] "GET /verifyUtil.do HTTP/1.1" 200 651
0:0:0:0:0:0:0:1 - - [09/May/2020:17:15:32 +0800] "GET /teacher/login.do?username=201610414415&password=123456 HTTP/1.1" 200 2523
0:0:0:0:0:0:0:1 - - [09/May/2020:17:15:33 +0800] "GET /favicon.ico HTTP/1.1" 200 946
0:0:0:0:0:0:0:1 - - [09/May/2020:17:15:36 +0800] "GET /department/return.do HTTP/1.1" 500 600
0:0:0:0:0:0:0:1 - - [09/May/2020:17:15:36 +0800] "GET /department/return.do HTTP/1.1" 500 600
0:0:0:0:0:0:0:1 - - [09/May/2020:17:15:36 +0800] "GET /department/return.do HTTP/1.1" 500 600
0:0:0:0:0:0:0:1 - - [09/May/2020:17:15:36 +0800] "GET /department/return.do HTTP/1.1" 500 600
0:0:0:0:0:0:0:1 - - [09/May/2020:17:15:36 +0800] "GET /department/return.do HTTP/1.1" 500 600
0:0:0:0:0:0:0:1 - - [09/May/2020:17:15:55 +0800] "GET /teacher/login.do?username=201610414415&password=123456 HTTP/1.1" 200 2523
0:0:0:0:0:0:0:1 - - [09/May/2020:17:15:55 +0800] "GET /teacher/login.do?username=201610414415&password=123456 HTTP/1.1" 200 1024
0:0:0:0:0:0:0:1 - - [09/May/2020:17:15:55 +0800] "GET /teacher/login.do?username=201610414415&password=123456 HTTP/1.1" 200 1024
0:0:0:0:0:0:0:1 - - [09/May/2020:17:15:55 +0800] "GET /teacher/login.do?username=201610414415&password=123456 HTTP/1.1" 200 1024
0:0:0:0:0:0:0:1 - - [09/May/2020:17:15:55 +0800] "GET /teacher/login.do?username=201610414415&password=123456 HTTP/1.1" 200 1024
0:0:0:0:0:0:0:1 - - [09/May/2020:17:15:56 +0800] "GET /favicon.ico HTTP/1.1" 200 946
0:0:0:0:0:0:0:1 - - [09/May/2020:17:15:58 +0800] "GET /department/return.do HTTP/1.1" 500 600
0:0:0:0:0:0:0:1 - - [09/May/2020:17:16:01 +0800] "GET /department HTTP/1.1" 404 600
0:0:0:0:0:0:0:1 - - [09/May/2020:17:16:05 +0800] "GET / HTTP/1.1" 200 2294
0:0:0:0:0:0:0:1 - - [09/May/2020:17:16:24 +0800] "POST /login.do HTTP/1.1" 200 2325
0:0:0:0:0:0:0:1 - - [09/May/2020:17:16:24 +0800] "GET /verifyUtil.do HTTP/1.1" 200 657
0:0:0:0:0:0:0:1 - - [09/May/2020:17:16:33 +0800] "POST /login.do HTTP/1.1" 302 -
0:0:0:0:0:0:0:1 - - [09/May/2020:17:16:33 +0800] "GET /department/login.do?username=000000000001&password=123456 HTTP/1.1" 200 2466
0:0:0:0:0:0:0:1 - - [09/May/2020:17:22:41 +0800] "POST /login.do HTTP/1.1" 200 2325
0:0:0:0:0:0:0:1 - - [09/May/2020:17:22:41 +0800] "GET /verifyUtil.do HTTP/1.1" 200 645
0:0:0:0:0:0:0:1 - - [09/May/2020:17:22:48 +0800] "POST /login.do HTTP/1.1" 200 2325
0:0:0:0:0:0:0:1 - - [09/May/2020:17:22:48 +0800] "GET /verifyUtil.do HTTP/1.1" 200 689
0:0:0:0:0:0:0:1 - - [09/May/2020:17:22:48 +0800] "GET /favicon.ico HTTP/1.1" 200 946
0:0:0:0:0:0:0:1 - - [09/May/2020:17:22:50 +0800] "GET / HTTP/1.1" 200 2294
0:0:0:0:0:0:0:1 - - [09/May/2020:17:22:50 +0800] "GET /verifyUtil.do HTTP/1.1" 200 648
0:0:0:0:0:0:0:1 - - [09/May/2020:17:23:17 +0800] "POST /login.do HTTP/1.1" 302 -
0:0:0:0:0:0:0:1 - - [09/May/2020:17:23:17 +0800] "GET /student/login.do?username=201210312216&password=123456 HTTP/1.1" 200 2198
0:0:0:0:0:0:0:1 - - [09/May/2020:17:24:17 +0800] "GET /department/course/elective/set.do HTTP/1.1" 200 1028
0:0:0:0:0:0:0:1 - - [09/May/2020:17:24:22 +0800] "POST /department/course/elective/size.do HTTP/1.1" 200 1008
0:0:0:0:0:0:0:1 - - [09/May/2020:17:24:28 +0800] "POST /department/course/elective/year.do HTTP/1.1" 200 1361
0:0:0:0:0:0:0:1 - - [09/May/2020:17:24:32 +0800] "POST /department/course/elective/semester.do HTTP/1.1" 200 1055
0:0:0:0:0:0:0:1 - - [09/May/2020:17:24:40 +0800] "POST /department/course/elective/name.do HTTP/1.1" 200 10749
0:0:0:0:0:0:0:1 - - [09/May/2020:17:24:47 +0800] "POST /department/course/elective/week.do HTTP/1.1" 200 2139
0:0:0:0:0:0:0:1 - - [09/May/2020:17:24:53 +0800] "POST /department/course/elective/day.do HTTP/1.1" 200 6949
0:0:0:0:0:0:0:1 - - [09/May/2020:17:25:01 +0800] "POST /department/course/elective/order.do HTTP/1.1" 200 20386
0:0:0:0:0:0:0:1 - - [09/May/2020:17:25:09 +0800] "POST /department/course/elective/classroom.do HTTP/1.1" 200 2431
0:0:0:0:0:0:0:1 - - [09/May/2020:17:25:29 +0800] "POST /department/course/elective/ensure.do HTTP/1.1" 200 631
0:0:0:0:0:0:0:1 - - [09/May/2020:17:25:30 +0800] "GET /department/return.do HTTP/1.1" 200 2466
0:0:0:0:0:0:0:1 - - [09/May/2020:17:25:35 +0800] "GET /teacher/course/elective/set.do HTTP/1.1" 200 6910
0:0:0:0:0:0:0:1 - - [09/May/2020:17:25:42 +0800] "POST /teacher/course/elective/select.do HTTP/1.1" 200 3361
0:0:0:0:0:0:0:1 - - [09/May/2020:17:25:43 +0800] "POST /teacher/course/elective/ensure.do HTTP/1.1" 200 638
0:0:0:0:0:0:0:1 - - [09/May/2020:17:25:44 +0800] "GET /teacher/return.do HTTP/1.1" 200 2523
0:0:0:0:0:0:0:1 - - [09/May/2020:17:25:47 +0800] "GET /student/course/elective/set.do HTTP/1.1" 200 7177
0:0:0:0:0:0:0:1 - - [09/May/2020:17:28:06 +0800] "GET /student/login.do?username=201210312216&password=123456 HTTP/1.1" 200 2198
0:0:0:0:0:0:0:1 - - [09/May/2020:17:28:06 +0800] "GET /favicon.ico HTTP/1.1" 200 946
0:0:0:0:0:0:0:1 - - [09/May/2020:17:28:08 +0800] "GET /student/login.do?username=201210312216&password=123456 HTTP/1.1" 200 2198
0:0:0:0:0:0:0:1 - - [09/May/2020:17:28:08 +0800] "GET /favicon.ico HTTP/1.1" 200 946
0:0:0:0:0:0:0:1 - - [09/May/2020:17:28:08 +0800] "GET /student/login.do?username=201210312216&password=123456 HTTP/1.1" 200 2198
0:0:0:0:0:0:0:1 - - [09/May/2020:17:28:08 +0800] "GET /favicon.ico HTTP/1.1" 200 946
0:0:0:0:0:0:0:1 - - [09/May/2020:17:28:12 +0800] "GET / HTTP/1.1" 200 2294
0:0:0:0:0:0:0:1 - - [09/May/2020:17:28:12 +0800] "GET /verifyUtil.do HTTP/1.1" 200 650
0:0:0:0:0:0:0:1 - - [09/May/2020:17:28:39 +0800] "POST /login.do HTTP/1.1" 302 -
0:0:0:0:0:0:0:1 - - [09/May/2020:17:28:39 +0800] "GET /student/login.do?username=201210312216&password=123456 HTTP/1.1" 200 2198
0:0:0:0:0:0:0:1 - - [09/May/2020:17:29:19 +0800] "GET / HTTP/1.1" 200 2294
0:0:0:0:0:0:0:1 - - [09/May/2020:17:29:19 +0800] "GET /verifyUtil.do HTTP/1.1" 200 661
0:0:0:0:0:0:0:1 - - [09/May/2020:17:29:19 +0800] "GET /favicon.ico HTTP/1.1" 200 946
0:0:0:0:0:0:0:1 - - [09/May/2020:17:29:39 +0800] "POST /login.do HTTP/1.1" 302 -
0:0:0:0:0:0:0:1 - - [09/May/2020:17:29:39 +0800] "GET /student/login.do?username=201210312216&password=123456 HTTP/1.1" 200 2198
0:0:0:0:0:0:0:1 - - [09/May/2020:17:30:18 +0800] "GET /department/course/elective/set.do HTTP/1.1" 200 1028
0:0:0:0:0:0:0:1 - - [09/May/2020:17:30:22 +0800] "POST /department/course/elective/size.do HTTP/1.1" 200 1008
0:0:0:0:0:0:0:1 - - [09/May/2020:17:30:26 +0800] "POST /department/course/elective/year.do HTTP/1.1" 200 1361
0:0:0:0:0:0:0:1 - - [09/May/2020:17:30:28 +0800] "POST /department/course/elective/semester.do HTTP/1.1" 200 1055
0:0:0:0:0:0:0:1 - - [09/May/2020:17:30:34 +0800] "POST /department/course/elective/name.do HTTP/1.1" 200 10749
0:0:0:0:0:0:0:1 - - [09/May/2020:17:30:38 +0800] "POST /department/course/elective/week.do HTTP/1.1" 200 2139
0:0:0:0:0:0:0:1 - - [09/May/2020:17:30:41 +0800] "POST /department/course/elective/day.do HTTP/1.1" 200 6949
0:0:0:0:0:0:0:1 - - [09/May/2020:17:30:46 +0800] "POST /department/course/elective/order.do HTTP/1.1" 200 20386
0:0:0:0:0:0:0:1 - - [09/May/2020:17:30:52 +0800] "POST /department/course/elective/classroom.do HTTP/1.1" 200 2431
0:0:0:0:0:0:0:1 - - [09/May/2020:17:31:28 +0800] "GET / HTTP/1.1" 200 2294
0:0:0:0:0:0:0:1 - - [09/May/2020:17:31:28 +0800] "GET /verifyUtil.do HTTP/1.1" 200 664
0:0:0:0:0:0:0:1 - - [09/May/2020:17:31:28 +0800] "GET /favicon.ico HTTP/1.1" 200 946
0:0:0:0:0:0:0:1 - - [09/May/2020:17:31:53 +0800] "GET / HTTP/1.1" 200 2294
0:0:0:0:0:0:0:1 - - [09/May/2020:17:31:53 +0800] "GET /verifyUtil.do HTTP/1.1" 200 691
0:0:0:0:0:0:0:1 - - [09/May/2020:17:31:53 +0800] "GET /favicon.ico HTTP/1.1" 200 946
0:0:0:0:0:0:0:1 - - [09/May/2020:17:32:14 +0800] "POST /login.do HTTP/1.1" 302 -
0:0:0:0:0:0:0:1 - - [09/May/2020:17:32:14 +0800] "GET /student/login.do?username=201210312216&password=123456 HTTP/1.1" 200 2198
0:0:0:0:0:0:0:1 - - [09/May/2020:17:33:04 +0800] "GET /department/course/elective/set.do HTTP/1.1" 200 1028
0:0:0:0:0:0:0:1 - - [09/May/2020:17:33:07 +0800] "POST /department/course/elective/size.do HTTP/1.1" 200 1008
0:0:0:0:0:0:0:1 - - [09/May/2020:17:33:11 +0800] "POST /department/course/elective/year.do HTTP/1.1" 200 1361
0:0:0:0:0:0:0:1 - - [09/May/2020:17:33:14 +0800] "POST /department/course/elective/semester.do HTTP/1.1" 200 1055
0:0:0:0:0:0:0:1 - - [09/May/2020:17:33:20 +0800] "POST /department/course/elective/name.do HTTP/1.1" 200 10749
0:0:0:0:0:0:0:1 - - [09/May/2020:17:33:23 +0800] "POST /department/course/elective/week.do HTTP/1.1" 200 2139
0:0:0:0:0:0:0:1 - - [09/May/2020:17:33:26 +0800] "POST /department/course/elective/day.do HTTP/1.1" 200 6949
0:0:0:0:0:0:0:1 - - [09/May/2020:17:33:31 +0800] "POST /department/course/elective/order.do HTTP/1.1" 200 20386
0:0:0:0:0:0:0:1 - - [09/May/2020:17:33:36 +0800] "POST /department/course/elective/classroom.do HTTP/1.1" 200 2431
0:0:0:0:0:0:0:1 - - [09/May/2020:17:33:49 +0800] "POST /department/course/elective/ensure.do HTTP/1.1" 200 631
0:0:0:0:0:0:0:1 - - [09/May/2020:17:33:50 +0800] "GET /department/return.do HTTP/1.1" 200 2466
0:0:0:0:0:0:0:1 - - [09/May/2020:17:33:55 +0800] "GET /teacher/course/elective/set.do HTTP/1.1" 200 8084
0:0:0:0:0:0:0:1 - - [09/May/2020:17:34:01 +0800] "POST /teacher/course/elective/select.do HTTP/1.1" 200 3361
0:0:0:0:0:0:0:1 - - [09/May/2020:17:34:03 +0800] "POST /teacher/course/elective/ensure.do HTTP/1.1" 200 638
0:0:0:0:0:0:0:1 - - [09/May/2020:17:34:04 +0800] "GET /teacher/return.do HTTP/1.1" 200 2523
0:0:0:0:0:0:0:1 - - [09/May/2020:17:34:06 +0800] "GET /student/course/elective/set.do HTTP/1.1" 200 8375
0:0:0:0:0:0:0:1 - - [09/May/2020:17:34:12 +0800] "POST /student/course/elective/select.do HTTP/1.1" 200 3469
0:0:0:0:0:0:0:1 - - [09/May/2020:17:34:13 +0800] "POST /student/course/elective/ensure.do HTTP/1.1" 200 631
0:0:0:0:0:0:0:1 - - [09/May/2020:17:34:14 +0800] "GET /student/return.do HTTP/1.1" 200 2171
0:0:0:0:0:0:0:1 - - [09/May/2020:17:34:15 +0800] "GET /student/course/timetable/get.do HTTP/1.1" 200 1410
0:0:0:0:0:0:0:1 - - [09/May/2020:17:34:19 +0800] "POST /student/course/timetable/select.do HTTP/1.1" 500 600
0:0:0:0:0:0:0:1 - - [09/May/2020:17:38:04 +0800] "POST /student/course/timetable/select.do HTTP/1.1" 500 600
0:0:0:0:0:0:0:1 - - [09/May/2020:17:38:09 +0800] "GET /teacher/course/timetable/get.do HTTP/1.1" 200 1410
0:0:0:0:0:0:0:1 - - [09/May/2020:17:38:12 +0800] "POST /teacher/course/timetable/select.do HTTP/1.1" 200 7248
0:0:0:0:0:0:0:1 - - [09/May/2020:17:38:17 +0800] "POST /teacher/course/timetable/select.do HTTP/1.1" 200 6747
0:0:0:0:0:0:0:1 - - [09/May/2020:17:38:22 +0800] "POST /teacher/course/timetable/select.do HTTP/1.1" 200 6747
0:0:0:0:0:0:0:1 - - [09/May/2020:17:38:25 +0800] "POST /student/course/timetable/select.do HTTP/1.1" 500 600
0:0:0:0:0:0:0:1 - - [09/May/2020:17:51:23 +0800] "POST /student/course/timetable/select.do HTTP/1.1" 500 600
0:0:0:0:0:0:0:1 - - [09/May/2020:17:51:24 +0800] "POST /student/course/timetable/select.do HTTP/1.1" 500 600
0:0:0:0:0:0:0:1 - - [09/May/2020:17:51:51 +0800] "GET /student/return.do HTTP/1.1" 500 600
0:0:0:0:0:0:0:1 - - [09/May/2020:17:51:51 +0800] "GET /favicon.ico HTTP/1.1" 200 946
0:0:0:0:0:0:0:1 - - [09/May/2020:17:51:56 +0800] "GET / HTTP/1.1" 200 2294
0:0:0:0:0:0:0:1 - - [09/May/2020:17:51:58 +0800] "GET /verifyUtil.do HTTP/1.1" 200 731
0:0:0:0:0:0:0:1 - - [09/May/2020:17:52:11 +0800] "POST /login.do HTTP/1.1" 302 -
0:0:0:0:0:0:0:1 - - [09/May/2020:17:52:11 +0800] "GET /student/login.do?username=201210312216&password=123456 HTTP/1.1" 200 2198
0:0:0:0:0:0:0:1 - - [09/May/2020:17:52:13 +0800] "GET /student/course/timetable/get.do HTTP/1.1" 200 1410
0:0:0:0:0:0:0:1 - - [09/May/2020:17:52:15 +0800] "POST /student/course/timetable/select.do HTTP/1.1" 500 600
0:0:0:0:0:0:0:1 - - [09/May/2020:17:55:04 +0800] "GET /student/login.do?username=201210312216&password=123456 HTTP/1.1" 200 2198
0:0:0:0:0:0:0:1 - - [09/May/2020:17:55:04 +0800] "GET /favicon.ico HTTP/1.1" 200 946
0:0:0:0:0:0:0:1 - - [09/May/2020:17:55:05 +0800] "GET /student/course/timetable/get.do HTTP/1.1" 200 1410
0:0:0:0:0:0:0:1 - - [09/May/2020:17:55:07 +0800] "POST /student/course/timetable/select.do HTTP/1.1" 500 600
0:0:0:0:0:0:0:1 - - [09/May/2020:17:55:26 +0800] "POST /student/course/timetable/select.do HTTP/1.1" 500 600
0:0:0:0:0:0:0:1 - - [09/May/2020:17:56:54 +0800] "POST /student/course/timetable/select.do HTTP/1.1" 500 600
0:0:0:0:0:0:0:1 - - [09/May/2020:18:01:08 +0800] "GET /student/course/timetable/get.do HTTP/1.1" 200 1410
0:0:0:0:0:0:0:1 - - [09/May/2020:18:01:08 +0800] "GET /favicon.ico HTTP/1.1" 200 946
0:0:0:0:0:0:0:1 - - [09/May/2020:18:01:10 +0800] "GET /student/login.do?username=201210312216&password=123456 HTTP/1.1" 200 2198
0:0:0:0:0:0:0:1 - - [09/May/2020:18:01:10 +0800] "GET /favicon.ico HTTP/1.1" 200 946
0:0:0:0:0:0:0:1 - - [09/May/2020:18:01:11 +0800] "GET /student/course/timetable/get.do HTTP/1.1" 200 1410
0:0:0:0:0:0:0:1 - - [09/May/2020:18:01:14 +0800] "POST /student/course/timetable/select.do HTTP/1.1" 500 600
0:0:0:0:0:0:0:1 - - [09/May/2020:18:02:44 +0800] "GET /teacher/return.do HTTP/1.1" 500 600
0:0:0:0:0:0:0:1 - - [09/May/2020:18:02:44 +0800] "GET /favicon.ico HTTP/1.1" 200 946
0:0:0:0:0:0:0:1 - - [09/May/2020:18:02:45 +0800] "GET /teacher/return.do HTTP/1.1" 500 600
0:0:0:0:0:0:0:1 - - [09/May/2020:18:02:45 +0800] "GET /favicon.ico HTTP/1.1" 200 946
0:0:0:0:0:0:0:1 - - [09/May/2020:18:02:50 +0800] "GET /teacher/ HTTP/1.1" 404 600
0:0:0:0:0:0:0:1 - - [09/May/2020:18:02:57 +0800] "GET / HTTP/1.1" 200 2294
0:0:0:0:0:0:0:1 - - [09/May/2020:18:02:57 +0800] "GET /verifyUtil.do HTTP/1.1" 200 738
0:0:0:0:0:0:0:1 - - [09/May/2020:18:03:11 +0800] "POST /login.do HTTP/1.1" 302 -
0:0:0:0:0:0:0:1 - - [09/May/2020:18:03:11 +0800] "GET /teacher/login.do?username=201610414415&password=123456 HTTP/1.1" 200 2523
0:0:0:0:0:0:0:1 - - [09/May/2020:18:03:14 +0800] "GET /teacher/course/timetable/get.do HTTP/1.1" 200 1410
0:0:0:0:0:0:0:1 - - [09/May/2020:18:03:17 +0800] "POST /teacher/course/timetable/select.do HTTP/1.1" 200 6747
0:0:0:0:0:0:0:1 - - [09/May/2020:18:07:19 +0800] "GET /student/login.do?username=201210312216&password=123456 HTTP/1.1" 200 2198
0:0:0:0:0:0:0:1 - - [09/May/2020:18:07:19 +0800] "GET /favicon.ico HTTP/1.1" 200 946
0:0:0:0:0:0:0:1 - - [09/May/2020:18:07:21 +0800] "GET /student/course/timetable/get.do HTTP/1.1" 200 1410
0:0:0:0:0:0:0:1 - - [09/May/2020:18:07:25 +0800] "POST /student/course/timetable/select.do HTTP/1.1" 200 7248
0:0:0:0:0:0:0:1 - - [09/May/2020:18:08:33 +0800] "GET /student/login.do?username=201210312216&password=123456 HTTP/1.1" 200 2198
0:0:0:0:0:0:0:1 - - [09/May/2020:18:08:34 +0800] "GET /favicon.ico HTTP/1.1" 200 946
0:0:0:0:0:0:0:1 - - [09/May/2020:18:08:34 +0800] "GET /student/course/timetable/get.do HTTP/1.1" 200 1410
0:0:0:0:0:0:0:1 - - [09/May/2020:18:08:36 +0800] "POST /student/course/timetable/select.do HTTP/1.1" 500 600
0:0:0:0:0:0:0:1 - - [09/May/2020:18:17:03 +0800] "GET /student/login.do?username=201210312216&password=123456 HTTP/1.1" 200 2198
0:0:0:0:0:0:0:1 - - [09/May/2020:18:17:03 +0800] "GET /favicon.ico HTTP/1.1" 200 946
0:0:0:0:0:0:0:1 - - [09/May/2020:18:17:04 +0800] "GET /student/course/timetable/get.do HTTP/1.1" 200 1410
0:0:0:0:0:0:0:1 - - [09/May/2020:18:17:07 +0800] "POST /student/course/timetable/select.do HTTP/1.1" 200 7248
0:0:0:0:0:0:0:1 - - [09/May/2020:18:17:13 +0800] "POST /student/course/timetable/select.do HTTP/1.1" 200 7675
0:0:0:0:0:0:0:1 - - [09/May/2020:18:25:12 +0800] "GET / HTTP/1.1" 200 2294
0:0:0:0:0:0:0:1 - - [09/May/2020:18:25:12 +0800] "GET /verifyUtil.do HTTP/1.1" 200 680
0:0:0:0:0:0:0:1 - - [09/May/2020:18:25:12 +0800] "GET /favicon.ico HTTP/1.1" 200 946
0:0:0:0:0:0:0:1 - - [09/May/2020:18:25:18 +0800] "GET /department/return.do HTTP/1.1" 500 600
0:0:0:0:0:0:0:1 - - [09/May/2020:18:25:18 +0800] "GET /department/return.do HTTP/1.1" 500 600
0:0:0:0:0:0:0:1 - - [09/May/2020:18:25:18 +0800] "GET /department/return.do HTTP/1.1" 500 600
0:0:0:0:0:0:0:1 - - [09/May/2020:18:25:18 +0800] "GET /department/return.do HTTP/1.1" 500 600
0:0:0:0:0:0:0:1 - - [09/May/2020:18:25:18 +0800] "GET /department/return.do HTTP/1.1" 500 600
0:0:0:0:0:0:0:1 - - [09/May/2020:18:25:19 +0800] "GET /department/return.do HTTP/1.1" 500 600
0:0:0:0:0:0:0:1 - - [09/May/2020:18:25:19 +0800] "GET /department/return.do HTTP/1.1" 500 600
0:0:0:0:0:0:0:1 - - [09/May/2020:18:25:19 +0800] "GET /department/return.do HTTP/1.1" 500 600
0:0:0:0:0:0:0:1 - - [09/May/2020:18:25:19 +0800] "GET /department/return.do HTTP/1.1" 500 600
0:0:0:0:0:0:0:1 - - [09/May/2020:18:25:19 +0800] "GET /department/return.do HTTP/1.1" 500 600
0:0:0:0:0:0:0:1 - - [09/May/2020:18:25:19 +0800] "GET /department/return.do HTTP/1.1" 500 600
0:0:0:0:0:0:0:1 - - [09/May/2020:18:25:19 +0800] "GET /department/return.do HTTP/1.1" 500 600
0:0:0:0:0:0:0:1 - - [09/May/2020:18:25:20 +0800] "GET /department/return.do HTTP/1.1" 500 600
0:0:0:0:0:0:0:1 - - [09/May/2020:18:25:22 +0800] "GET /department/ HTTP/1.1" 404 600
0:0:0:0:0:0:0:1 - - [09/May/2020:18:25:25 +0800] "GET / HTTP/1.1" 200 2294
0:0:0:0:0:0:0:1 - - [09/May/2020:18:47:29 +0800] "POST /login.do HTTP/1.1" 200 2325
0:0:0:0:0:0:0:1 - - [09/May/2020:18:47:29 +0800] "GET /verifyUtil.do HTTP/1.1" 200 707
0:0:0:0:0:0:0:1 - - [09/May/2020:18:47:39 +0800] "POST /login.do HTTP/1.1" 302 -
0:0:0:0:0:0:0:1 - - [09/May/2020:18:47:39 +0800] "GET /department/login.do?username=000000000001&password=123456 HTTP/1.1" 200 2466
0:0:0:0:0:0:0:1 - - [09/May/2020:18:48:18 +0800] "POST /login.do HTTP/1.1" 302 -
0:0:0:0:0:0:0:1 - - [09/May/2020:18:48:18 +0800] "GET /student/login.do?username=201210312216&password=123456 HTTP/1.1" 200 2198
0:0:0:0:0:0:0:1 - - [09/May/2020:18:48:26 +0800] "GET / HTTP/1.1" 200 2294
0:0:0:0:0:0:0:1 - - [09/May/2020:18:48:26 +0800] "GET /verifyUtil.do HTTP/1.1" 200 695
0:0:0:0:0:0:0:1 - - [09/May/2020:18:48:26 +0800] "GET /favicon.ico HTTP/1.1" 200 946
0:0:0:0:0:0:0:1 - - [09/May/2020:18:48:56 +0800] "GET / HTTP/1.1" 200 2294
0:0:0:0:0:0:0:1 - - [09/May/2020:18:48:56 +0800] "GET /verifyUtil.do HTTP/1.1" 200 593
0:0:0:0:0:0:0:1 - - [09/May/2020:18:48:56 +0800] "GET /favicon.ico HTTP/1.1" 200 946
0:0:0:0:0:0:0:1 - - [09/May/2020:18:49:20 +0800] "POST /login.do HTTP/1.1" 302 -
0:0:0:0:0:0:0:1 - - [09/May/2020:18:49:20 +0800] "GET /student/login.do?username=201210312216&password=123456 HTTP/1.1" 200 2198
0:0:0:0:0:0:0:1 - - [09/May/2020:18:50:08 +0800] "GET / HTTP/1.1" 200 2294
0:0:0:0:0:0:0:1 - - [09/May/2020:18:50:08 +0800] "GET /verifyUtil.do HTTP/1.1" 200 622
0:0:0:0:0:0:0:1 - - [09/May/2020:18:50:08 +0800] "GET /favicon.ico HTTP/1.1" 200 946
0:0:0:0:0:0:0:1 - - [09/May/2020:18:50:44 +0800] "GET / HTTP/1.1" 200 2294
0:0:0:0:0:0:0:1 - - [09/May/2020:18:50:44 +0800] "GET /verifyUtil.do HTTP/1.1" 200 609
0:0:0:0:0:0:0:1 - - [09/May/2020:18:50:44 +0800] "GET /favicon.ico HTTP/1.1" 200 946
0:0:0:0:0:0:0:1 - - [09/May/2020:18:51:09 +0800] "POST /login.do HTTP/1.1" 302 -
0:0:0:0:0:0:0:1 - - [09/May/2020:18:51:09 +0800] "GET /student/login.do?username=201210312216&password=123456 HTTP/1.1" 200 2198
0:0:0:0:0:0:0:1 - - [09/May/2020:18:52:09 +0800] "GET / HTTP/1.1" 200 2294
0:0:0:0:0:0:0:1 - - [09/May/2020:18:52:09 +0800] "GET /verifyUtil.do HTTP/1.1" 200 646
0:0:0:0:0:0:0:1 - - [09/May/2020:18:52:09 +0800] "GET /favicon.ico HTTP/1.1" 200 946
0:0:0:0:0:0:0:1 - - [09/May/2020:18:52:10 +0800] "GET / HTTP/1.1" 200 2294
0:0:0:0:0:0:0:1 - - [09/May/2020:18:52:10 +0800] "GET /verifyUtil.do HTTP/1.1" 200 584
0:0:0:0:0:0:0:1 - - [09/May/2020:18:52:10 +0800] "GET /favicon.ico HTTP/1.1" 200 946
0:0:0:0:0:0:0:1 - - [09/May/2020:18:52:10 +0800] "GET / HTTP/1.1" 200 2294
0:0:0:0:0:0:0:1 - - [09/May/2020:18:52:10 +0800] "GET /verifyUtil.do HTTP/1.1" 200 637
0:0:0:0:0:0:0:1 - - [09/May/2020:18:52:10 +0800] "GET /favicon.ico HTTP/1.1" 200 946
0:0:0:0:0:0:0:1 - - [09/May/2020:18:52:10 +0800] "GET / HTTP/1.1" 200 2294
0:0:0:0:0:0:0:1 - - [09/May/2020:18:52:10 +0800] "GET /verifyUtil.do HTTP/1.1" 200 638
0:0:0:0:0:0:0:1 - - [09/May/2020:18:52:10 +0800] "GET /favicon.ico HTTP/1.1" 200 946
0:0:0:0:0:0:0:1 - - [09/May/2020:18:52:10 +0800] "GET / HTTP/1.1" 200 2294
0:0:0:0:0:0:0:1 - - [09/May/2020:18:52:10 +0800] "GET /verifyUtil.do HTTP/1.1" 200 694
0:0:0:0:0:0:0:1 - - [09/May/2020:18:52:10 +0800] "GET /favicon.ico HTTP/1.1" 200 946
0:0:0:0:0:0:0:1 - - [09/May/2020:18:52:10 +0800] "GET / HTTP/1.1" 200 2294
0:0:0:0:0:0:0:1 - - [09/May/2020:18:52:10 +0800] "GET /verifyUtil.do HTTP/1.1" 200 652
0:0:0:0:0:0:0:1 - - [09/May/2020:18:52:10 +0800] "GET /favicon.ico HTTP/1.1" 200 946
0:0:0:0:0:0:0:1 - - [09/May/2020:18:52:11 +0800] "GET / HTTP/1.1" 200 2294
0:0:0:0:0:0:0:1 - - [09/May/2020:18:52:11 +0800] "GET /verifyUtil.do HTTP/1.1" 200 649
0:0:0:0:0:0:0:1 - - [09/May/2020:18:52:11 +0800] "GET /favicon.ico HTTP/1.1" 200 946
0:0:0:0:0:0:0:1 - - [09/May/2020:18:52:11 +0800] "GET / HTTP/1.1" 200 2294
0:0:0:0:0:0:0:1 - - [09/May/2020:18:52:11 +0800] "GET /verifyUtil.do HTTP/1.1" 200 673
0:0:0:0:0:0:0:1 - - [09/May/2020:18:52:11 +0800] "GET /favicon.ico HTTP/1.1" 200 946
0:0:0:0:0:0:0:1 - - [09/May/2020:18:52:11 +0800] "GET / HTTP/1.1" 200 2294
0:0:0:0:0:0:0:1 - - [09/May/2020:18:52:11 +0800] "GET /verifyUtil.do HTTP/1.1" 200 550
0:0:0:0:0:0:0:1 - - [09/May/2020:18:52:11 +0800] "GET /favicon.ico HTTP/1.1" 200 946
0:0:0:0:0:0:0:1 - - [09/May/2020:18:52:11 +0800] "GET / HTTP/1.1" 200 2294
0:0:0:0:0:0:0:1 - - [09/May/2020:18:52:11 +0800] "GET /verifyUtil.do HTTP/1.1" 200 709
0:0:0:0:0:0:0:1 - - [09/May/2020:18:52:11 +0800] "GET /favicon.ico HTTP/1.1" 200 946
0:0:0:0:0:0:0:1 - - [09/May/2020:18:52:11 +0800] "GET / HTTP/1.1" 200 2294
0:0:0:0:0:0:0:1 - - [09/May/2020:18:52:11 +0800] "GET /verifyUtil.do HTTP/1.1" 200 639
0:0:0:0:0:0:0:1 - - [09/May/2020:18:52:11 +0800] "GET /favicon.ico HTTP/1.1" 200 946
0:0:0:0:0:0:0:1 - - [09/May/2020:18:52:11 +0800] "GET / HTTP/1.1" 200 2294
0:0:0:0:0:0:0:1 - - [09/May/2020:18:52:11 +0800] "GET /verifyUtil.do HTTP/1.1" 200 618
0:0:0:0:0:0:0:1 - - [09/May/2020:18:52:11 +0800] "GET /favicon.ico HTTP/1.1" 200 946
0:0:0:0:0:0:0:1 - - [09/May/2020:18:52:11 +0800] "GET / HTTP/1.1" 200 2294
0:0:0:0:0:0:0:1 - - [09/May/2020:18:52:11 +0800] "GET /verifyUtil.do HTTP/1.1" 200 645
0:0:0:0:0:0:0:1 - - [09/May/2020:18:52:11 +0800] "GET /favicon.ico HTTP/1.1" 200 946
0:0:0:0:0:0:0:1 - - [09/May/2020:18:52:30 +0800] "GET / HTTP/1.1" 200 2294
0:0:0:0:0:0:0:1 - - [09/May/2020:18:52:30 +0800] "GET /verifyUtil.do HTTP/1.1" 200 687
0:0:0:0:0:0:0:1 - - [09/May/2020:18:52:30 +0800] "GET /favicon.ico HTTP/1.1" 200 946
0:0:0:0:0:0:0:1 - - [09/May/2020:18:52:57 +0800] "POST /login.do HTTP/1.1" 200 2325
0:0:0:0:0:0:0:1 - - [09/May/2020:18:52:57 +0800] "GET /verifyUtil.do HTTP/1.1" 200 614
0:0:0:0:0:0:0:1 - - [09/May/2020:18:53:07 +0800] "POST /login.do HTTP/1.1" 200 2325
0:0:0:0:0:0:0:1 - - [09/May/2020:18:53:07 +0800] "GET /verifyUtil.do HTTP/1.1" 200 750
0:0:0:0:0:0:0:1 - - [09/May/2020:18:53:07 +0800] "GET /favicon.ico HTTP/1.1" 200 946
0:0:0:0:0:0:0:1 - - [09/May/2020:18:53:10 +0800] "POST /login.do HTTP/1.1" 200 2325
0:0:0:0:0:0:0:1 - - [09/May/2020:18:53:10 +0800] "GET /verifyUtil.do HTTP/1.1" 200 661
0:0:0:0:0:0:0:1 - - [09/May/2020:18:53:10 +0800] "GET /favicon.ico HTTP/1.1" 200 946
0:0:0:0:0:0:0:1 - - [09/May/2020:18:53:18 +0800] "GET / HTTP/1.1" 200 2294
0:0:0:0:0:0:0:1 - - [09/May/2020:18:53:18 +0800] "GET /verifyUtil.do HTTP/1.1" 200 560
0:0:0:0:0:0:0:1 - - [09/May/2020:18:53:41 +0800] "POST /login.do HTTP/1.1" 302 -
0:0:0:0:0:0:0:1 - - [09/May/2020:18:53:41 +0800] "GET /student/login.do?username=201210312216&password=123456 HTTP/1.1" 200 2198
0:0:0:0:0:0:0:1 - - [09/May/2020:18:54:39 +0800] "GET / HTTP/1.1" 200 2294
0:0:0:0:0:0:0:1 - - [09/May/2020:18:54:39 +0800] "GET /verifyUtil.do HTTP/1.1" 200 673
0:0:0:0:0:0:0:1 - - [09/May/2020:18:54:39 +0800] "GET /favicon.ico HTTP/1.1" 200 946
0:0:0:0:0:0:0:1 - - [09/May/2020:18:55:06 +0800] "POST /login.do HTTP/1.1" 302 -
0:0:0:0:0:0:0:1 - - [09/May/2020:18:55:06 +0800] "GET /student/login.do?username=201210312216&password=123456 HTTP/1.1" 200 2198
0:0:0:0:0:0:0:1 - - [09/May/2020:18:55:49 +0800] "GET /department/course/elective/set.do HTTP/1.1" 200 1028
0:0:0:0:0:0:0:1 - - [09/May/2020:18:55:54 +0800] "POST /department/course/elective/size.do HTTP/1.1" 200 1008
0:0:0:0:0:0:0:1 - - [09/May/2020:18:55:58 +0800] "POST /department/course/elective/year.do HTTP/1.1" 200 1361
0:0:0:0:0:0:0:1 - - [09/May/2020:18:56:01 +0800] "POST /department/course/elective/semester.do HTTP/1.1" 200 1055
0:0:0:0:0:0:0:1 - - [09/May/2020:18:56:14 +0800] "POST /department/course/elective/name.do HTTP/1.1" 200 10743
0:0:0:0:0:0:0:1 - - [09/May/2020:18:56:18 +0800] "POST /department/course/elective/week.do HTTP/1.1" 200 2139
0:0:0:0:0:0:0:1 - - [09/May/2020:18:56:21 +0800] "POST /department/course/elective/day.do HTTP/1.1" 200 6949
0:0:0:0:0:0:0:1 - - [09/May/2020:18:56:28 +0800] "POST /department/course/elective/order.do HTTP/1.1" 200 20386
0:0:0:0:0:0:0:1 - - [09/May/2020:18:56:32 +0800] "POST /department/course/elective/classroom.do HTTP/1.1" 200 2425
0:0:0:0:0:0:0:1 - - [09/May/2020:18:56:41 +0800] "POST /department/course/elective/ensure.do HTTP/1.1" 200 631
0:0:0:0:0:0:0:1 - - [09/May/2020:18:56:42 +0800] "GET /department/return.do HTTP/1.1" 200 2466
0:0:0:0:0:0:0:1 - - [09/May/2020:18:56:46 +0800] "GET /teacher/course/elective/set.do HTTP/1.1" 200 9252
0:0:0:0:0:0:0:1 - - [09/May/2020:18:56:49 +0800] "POST /teacher/course/elective/select.do HTTP/1.1" 200 2578
0:0:0:0:0:0:0:1 - - [09/May/2020:18:56:55 +0800] "GET /teacher/login.do?username=201610414415&password=123456 HTTP/1.1" 200 2523
0:0:0:0:0:0:0:1 - - [09/May/2020:18:56:55 +0800] "GET /favicon.ico HTTP/1.1" 200 946
0:0:0:0:0:0:0:1 - - [09/May/2020:18:56:55 +0800] "GET /teacher/login.do?username=201610414415&password=123456 HTTP/1.1" 200 2523
0:0:0:0:0:0:0:1 - - [09/May/2020:18:56:55 +0800] "GET /favicon.ico HTTP/1.1" 200 946
0:0:0:0:0:0:0:1 - - [09/May/2020:18:56:55 +0800] "GET /teacher/login.do?username=201610414415&password=123456 HTTP/1.1" 200 2523
0:0:0:0:0:0:0:1 - - [09/May/2020:18:56:55 +0800] "GET /favicon.ico HTTP/1.1" 200 946
0:0:0:0:0:0:0:1 - - [09/May/2020:18:56:55 +0800] "GET /teacher/login.do?username=201610414415&password=123456 HTTP/1.1" 200 2523
0:0:0:0:0:0:0:1 - - [09/May/2020:18:56:55 +0800] "GET /teacher/login.do?username=201610414415&password=123456 HTTP/1.1" 200 2523
0:0:0:0:0:0:0:1 - - [09/May/2020:18:56:55 +0800] "GET /favicon.ico HTTP/1.1" 200 946
0:0:0:0:0:0:0:1 - - [09/May/2020:18:56:55 +0800] "GET /teacher/login.do?username=201610414415&password=123456 HTTP/1.1" 200 2523
0:0:0:0:0:0:0:1 - - [09/May/2020:18:56:56 +0800] "GET /favicon.ico HTTP/1.1" 200 946
0:0:0:0:0:0:0:1 - - [09/May/2020:18:56:56 +0800] "GET /teacher/login.do?username=201610414415&password=123456 HTTP/1.1" 200 2523
0:0:0:0:0:0:0:1 - - [09/May/2020:18:56:56 +0800] "GET /favicon.ico HTTP/1.1" 200 946
0:0:0:0:0:0:0:1 - - [09/May/2020:18:56:56 +0800] "GET /teacher/course/elective/set.do HTTP/1.1" 200 9252
0:0:0:0:0:0:0:1 - - [09/May/2020:18:56:57 +0800] "POST /teacher/course/elective/select.do HTTP/1.1" 200 3355
0:0:0:0:0:0:0:1 - - [09/May/2020:18:57:01 +0800] "GET /teacher/login.do?username=201610414415&password=123456 HTTP/1.1" 200 2523
0:0:0:0:0:0:0:1 - - [09/May/2020:18:57:01 +0800] "GET /favicon.ico HTTP/1.1" 200 946
0:0:0:0:0:0:0:1 - - [09/May/2020:18:57:01 +0800] "GET /teacher/login.do?username=201610414415&password=123456 HTTP/1.1" 200 2523
0:0:0:0:0:0:0:1 - - [09/May/2020:18:57:01 +0800] "GET /favicon.ico HTTP/1.1" 200 946
0:0:0:0:0:0:0:1 - - [09/May/2020:18:57:01 +0800] "GET /teacher/login.do?username=201610414415&password=123456 HTTP/1.1" 200 2523
0:0:0:0:0:0:0:1 - - [09/May/2020:18:57:01 +0800] "GET /favicon.ico HTTP/1.1" 200 946
0:0:0:0:0:0:0:1 - - [09/May/2020:18:57:05 +0800] "GET / HTTP/1.1" 200 2294
0:0:0:0:0:0:0:1 - - [09/May/2020:18:57:05 +0800] "GET /verifyUtil.do HTTP/1.1" 200 674
0:0:0:0:0:0:0:1 - - [09/May/2020:18:57:05 +0800] "GET /favicon.ico HTTP/1.1" 200 946
0:0:0:0:0:0:0:1 - - [09/May/2020:18:57:32 +0800] "POST /login.do HTTP/1.1" 302 -
0:0:0:0:0:0:0:1 - - [09/May/2020:18:57:32 +0800] "GET /student/login.do?username=201210312216&password=123456 HTTP/1.1" 200 2198
0:0:0:0:0:0:0:1 - - [09/May/2020:18:58:12 +0800] "GET /department/course/elective/set.do HTTP/1.1" 200 1028
0:0:0:0:0:0:0:1 - - [09/May/2020:18:58:17 +0800] "POST /department/course/elective/size.do HTTP/1.1" 200 1008
0:0:0:0:0:0:0:1 - - [09/May/2020:18:58:20 +0800] "POST /department/course/elective/year.do HTTP/1.1" 200 1361
0:0:0:0:0:0:0:1 - - [09/May/2020:18:58:22 +0800] "POST /department/course/elective/semester.do HTTP/1.1" 200 1055
0:0:0:0:0:0:0:1 - - [09/May/2020:18:58:28 +0800] "POST /department/course/elective/name.do HTTP/1.1" 200 10743
0:0:0:0:0:0:0:1 - - [09/May/2020:18:58:32 +0800] "POST /department/course/elective/week.do HTTP/1.1" 200 2139
0:0:0:0:0:0:0:1 - - [09/May/2020:18:58:35 +0800] "POST /department/course/elective/day.do HTTP/1.1" 200 6949
0:0:0:0:0:0:0:1 - - [09/May/2020:18:58:39 +0800] "POST /department/course/elective/order.do HTTP/1.1" 200 20386
0:0:0:0:0:0:0:1 - - [09/May/2020:18:58:43 +0800] "POST /department/course/elective/classroom.do HTTP/1.1" 200 2425
0:0:0:0:0:0:0:1 - - [09/May/2020:18:58:54 +0800] "POST /department/course/elective/ensure.do HTTP/1.1" 200 631
0:0:0:0:0:0:0:1 - - [09/May/2020:18:58:55 +0800] "GET /department/return.do HTTP/1.1" 200 2466
0:0:0:0:0:0:0:1 - - [09/May/2020:18:59:01 +0800] "GET /teacher/course/elective/set.do HTTP/1.1" 200 10298
0:0:0:0:0:0:0:1 - - [09/May/2020:18:59:07 +0800] "POST /teacher/course/elective/select.do HTTP/1.1" 200 3355
0:0:0:0:0:0:0:1 - - [09/May/2020:18:59:08 +0800] "POST /teacher/course/elective/ensure.do HTTP/1.1" 200 638
0:0:0:0:0:0:0:1 - - [09/May/2020:18:59:09 +0800] "GET /teacher/return.do HTTP/1.1" 200 2523
0:0:0:0:0:0:0:1 - - [09/May/2020:18:59:13 +0800] "GET /student/course/elective/set.do HTTP/1.1" 200 10637
0:0:0:0:0:0:0:1 - - [09/May/2020:18:59:19 +0800] "POST /student/course/elective/select.do HTTP/1.1" 200 3463
0:0:0:0:0:0:0:1 - - [09/May/2020:18:59:21 +0800] "POST /student/course/elective/ensure.do HTTP/1.1" 200 631
0:0:0:0:0:0:0:1 - - [09/May/2020:18:59:22 +0800] "GET /student/return.do HTTP/1.1" 200 2171
0:0:0:0:0:0:0:1 - - [09/May/2020:18:59:25 +0800] "GET /student/course/timetable/get.do HTTP/1.1" 200 1410
0:0:0:0:0:0:0:1 - - [09/May/2020:18:59:28 +0800] "POST /student/course/timetable/select.do HTTP/1.1" 200 7669
0:0:0:0:0:0:0:1 - - [09/May/2020:18:59:34 +0800] "GET /teacher/course/timetable/get.do HTTP/1.1" 200 1410
0:0:0:0:0:0:0:1 - - [09/May/2020:18:59:38 +0800] "POST /teacher/course/timetable/select.do HTTP/1.1" 200 6741
0:0:0:0:0:0:0:1 - - [09/May/2020:18:59:45 +0800] "GET /teacher/score/enter/get.do HTTP/1.1" 200 2642
0:0:0:0:0:0:0:1 - - [09/May/2020:18:59:59 +0800] "GET /teacher/score/enter/get.do HTTP/1.1" 200 2642
0:0:0:0:0:0:0:1 - - [09/May/2020:19:01:35 +0800] "GET / HTTP/1.1" 200 2294
0:0:0:0:0:0:0:1 - - [09/May/2020:19:01:35 +0800] "GET /verifyUtil.do HTTP/1.1" 200 662
0:0:0:0:0:0:0:1 - - [09/May/2020:19:01:45 +0800] "GET /verifyUtil.do?74 HTTP/1.1" 200 727
0:0:0:0:0:0:0:1 - - [09/May/2020:19:01:52 +0800] "POST /login.do HTTP/1.1" 302 -
0:0:0:0:0:0:0:1 - - [09/May/2020:19:01:52 +0800] "GET /teacher/login.do?username=201610414415&password=123456 HTTP/1.1" 200 2523
0:0:0:0:0:0:0:1 - - [09/May/2020:19:01:54 +0800] "GET /teacher/score/enter/get.do HTTP/1.1" 200 3246
0:0:0:0:0:0:0:1 - - [09/May/2020:19:04:38 +0800] "GET /teacher/score/enter/get.do HTTP/1.1" 500 600
0:0:0:0:0:0:0:1 - - [09/May/2020:19:04:42 +0800] "GET /teacher/score/enter/get.do HTTP/1.1" 500 600
0:0:0:0:0:0:0:1 - - [09/May/2020:19:05:19 +0800] "GET /teacher/login.do?username=201610414415&password=123456 HTTP/1.1" 200 2523
0:0:0:0:0:0:0:1 - - [09/May/2020:19:05:20 +0800] "GET /favicon.ico HTTP/1.1" 200 946
0:0:0:0:0:0:0:1 - - [09/May/2020:19:05:21 +0800] "GET /teacher/score/enter/get.do HTTP/1.1" 200 6355
0:0:0:0:0:0:0:1 - - [09/May/2020:19:05:36 +0800] "POST /teacher/score/enter/select.do HTTP/1.1" 200 1138
0:0:0:0:0:0:0:1 - - [09/May/2020:19:05:44 +0800] "POST /teacher/score/enter/ratio.do HTTP/1.1" 200 1333
0:0:0:0:0:0:0:1 - - [09/May/2020:19:05:55 +0800] "POST /teacher/score/enter/input.do HTTP/1.1" 200 1446
0:0:0:0:0:0:0:1 - - [09/May/2020:19:06:02 +0800] "POST /teacher/score/enter/ensure.do HTTP/1.1" 200 632
0:0:0:0:0:0:0:1 - - [09/May/2020:19:06:03 +0800] "GET /teacher/return.do HTTP/1.1" 200 2523
0:0:0:0:0:0:0:1 - - [09/May/2020:19:07:30 +0800] "GET /teacher/return.do HTTP/1.1" 500 600
0:0:0:0:0:0:0:1 - - [09/May/2020:19:07:30 +0800] "GET /favicon.ico HTTP/1.1" 200 946
0:0:0:0:0:0:0:1 - - [09/May/2020:19:07:36 +0800] "GET /teacher/login.do?username=201610414415&password=123456 HTTP/1.1" 200 2523
0:0:0:0:0:0:0:1 - - [09/May/2020:19:07:36 +0800] "GET /favicon.ico HTTP/1.1" 200 946
0:0:0:0:0:0:0:1 - - [09/May/2020:19:07:37 +0800] "GET /teacher/score/show/get.do HTTP/1.1" 200 6355
0:0:0:0:0:0:0:1 - - [09/May/2020:19:07:40 +0800] "GET /teacher/score/enter/get.do HTTP/1.1" 200 6355
0:0:0:0:0:0:0:1 - - [09/May/2020:19:07:42 +0800] "POST /teacher/score/enter/select.do HTTP/1.1" 200 1138
0:0:0:0:0:0:0:1 - - [09/May/2020:19:07:45 +0800] "POST /teacher/score/enter/ratio.do HTTP/1.1" 200 1333
0:0:0:0:0:0:0:1 - - [09/May/2020:19:07:51 +0800] "POST /teacher/score/enter/input.do HTTP/1.1" 200 1986
0:0:0:0:0:0:0:1 - - [09/May/2020:19:08:09 +0800] "POST /teacher/score/enter/ensure.do HTTP/1.1" 200 632
0:0:0:0:0:0:0:1 - - [09/May/2020:19:08:10 +0800] "GET /teacher/return.do HTTP/1.1" 200 2523
0:0:0:0:0:0:0:1 - - [09/May/2020:19:08:18 +0800] "GET / HTTP/1.1" 200 2294
0:0:0:0:0:0:0:1 - - [09/May/2020:19:08:18 +0800] "GET /verifyUtil.do HTTP/1.1" 200 637
0:0:0:0:0:0:0:1 - - [09/May/2020:19:08:44 +0800] "POST /login.do HTTP/1.1" 302 -
0:0:0:0:0:0:0:1 - - [09/May/2020:19:08:44 +0800] "GET /student/login.do?username=201210312216&password=123456 HTTP/1.1" 200 2198
0:0:0:0:0:0:0:1 - - [09/May/2020:19:09:30 +0800] "GET /department/course/elective/set.do HTTP/1.1" 200 1028
0:0:0:0:0:0:0:1 - - [09/May/2020:19:09:33 +0800] "POST /department/course/elective/size.do HTTP/1.1" 200 1008
0:0:0:0:0:0:0:1 - - [09/May/2020:19:09:37 +0800] "POST /department/course/elective/year.do HTTP/1.1" 200 1361
0:0:0:0:0:0:0:1 - - [09/May/2020:19:09:39 +0800] "POST /department/course/elective/semester.do HTTP/1.1" 200 1055
0:0:0:0:0:0:0:1 - - [09/May/2020:19:09:47 +0800] "POST /department/course/elective/name.do HTTP/1.1" 200 10749
0:0:0:0:0:0:0:1 - - [09/May/2020:19:09:51 +0800] "POST /department/course/elective/week.do HTTP/1.1" 200 2139
0:0:0:0:0:0:0:1 - - [09/May/2020:19:09:53 +0800] "POST /department/course/elective/day.do HTTP/1.1" 200 6949
0:0:0:0:0:0:0:1 - - [09/May/2020:19:09:57 +0800] "POST /department/course/elective/order.do HTTP/1.1" 200 20386
0:0:0:0:0:0:0:1 - - [09/May/2020:19:10:02 +0800] "POST /department/course/elective/classroom.do HTTP/1.1" 500 600
0:0:0:0:0:0:0:1 - - [09/May/2020:19:10:27 +0800] "GET /department/return.do HTTP/1.1" 500 600
0:0:0:0:0:0:0:1 - - [09/May/2020:19:10:28 +0800] "GET /department/return.do HTTP/1.1" 500 600
0:0:0:0:0:0:0:1 - - [09/May/2020:19:10:28 +0800] "GET /department/return.do HTTP/1.1" 500 600
0:0:0:0:0:0:0:1 - - [09/May/2020:19:10:28 +0800] "GET /department/return.do HTTP/1.1" 500 600
0:0:0:0:0:0:0:1 - - [09/May/2020:19:10:28 +0800] "GET /department/return.do HTTP/1.1" 500 600
0:0:0:0:0:0:0:1 - - [09/May/2020:19:10:28 +0800] "GET /department/return.do HTTP/1.1" 500 600
0:0:0:0:0:0:0:1 - - [09/May/2020:19:10:28 +0800] "GET /department/return.do HTTP/1.1" 500 600
0:0:0:0:0:0:0:1 - - [09/May/2020:19:10:28 +0800] "GET /department/return.do HTTP/1.1" 500 600
0:0:0:0:0:0:0:1 - - [09/May/2020:19:10:29 +0800] "GET /department/return.do HTTP/1.1" 500 600
0:0:0:0:0:0:0:1 - - [09/May/2020:19:10:29 +0800] "GET /department/return.do HTTP/1.1" 500 600
0:0:0:0:0:0:0:1 - - [09/May/2020:19:10:33 +0800] "GET / HTTP/1.1" 200 2294
0:0:0:0:0:0:0:1 - - [09/May/2020:19:10:47 +0800] "POST /login.do HTTP/1.1" 200 2325
0:0:0:0:0:0:0:1 - - [09/May/2020:19:10:47 +0800] "GET /verifyUtil.do HTTP/1.1" 200 615
0:0:0:0:0:0:0:1 - - [09/May/2020:19:10:57 +0800] "POST /login.do HTTP/1.1" 302 -
0:0:0:0:0:0:0:1 - - [09/May/2020:19:10:57 +0800] "GET /department/login.do?username=000000000001&password=123456 HTTP/1.1" 200 2466
0:0:0:0:0:0:0:1 - - [09/May/2020:19:11:07 +0800] "GET / HTTP/1.1" 200 2294
0:0:0:0:0:0:0:1 - - [09/May/2020:19:11:07 +0800] "GET /verifyUtil.do HTTP/1.1" 200 710
0:0:0:0:0:0:0:1 - - [09/May/2020:19:11:07 +0800] "GET /favicon.ico HTTP/1.1" 200 946
0:0:0:0:0:0:0:1 - - [09/May/2020:19:11:12 +0800] "GET /teacher/return.do HTTP/1.1" 200 2523
0:0:0:0:0:0:0:1 - - [09/May/2020:19:11:12 +0800] "GET /favicon.ico HTTP/1.1" 200 946
0:0:0:0:0:0:0:1 - - [09/May/2020:19:11:13 +0800] "GET /teacher/return.do HTTP/1.1" 200 2523
0:0:0:0:0:0:0:1 - - [09/May/2020:19:11:13 +0800] "GET /favicon.ico HTTP/1.1" 200 946
0:0:0:0:0:0:0:1 - - [09/May/2020:19:11:13 +0800] "GET /teacher/return.do HTTP/1.1" 200 2523
0:0:0:0:0:0:0:1 - - [09/May/2020:19:11:13 +0800] "GET /favicon.ico HTTP/1.1" 200 946
0:0:0:0:0:0:0:1 - - [09/May/2020:19:11:18 +0800] "GET / HTTP/1.1" 200 2294
0:0:0:0:0:0:0:1 - - [09/May/2020:19:11:18 +0800] "GET /verifyUtil.do HTTP/1.1" 200 658
0:0:0:0:0:0:0:1 - - [09/May/2020:19:11:27 +0800] "POST /login.do HTTP/1.1" 302 -
0:0:0:0:0:0:0:1 - - [09/May/2020:19:11:27 +0800] "GET /student/login.do?username=201610414415&password=123456 HTTP/1.1" 200 2336
0:0:0:0:0:0:0:1 - - [09/May/2020:19:11:27 +0800] "GET /verifyUtil.do HTTP/1.1" 200 662
0:0:0:0:0:0:0:1 - - [09/May/2020:19:11:39 +0800] "POST /login.do HTTP/1.1" 302 -
0:0:0:0:0:0:0:1 - - [09/May/2020:19:11:39 +0800] "GET /teacher/login.do?username=201610414415&password=123456 HTTP/1.1" 200 2523
0:0:0:0:0:0:0:1 - - [09/May/2020:19:12:09 +0800] "GET / HTTP/1.1" 200 2294
0:0:0:0:0:0:0:1 - - [09/May/2020:19:12:09 +0800] "GET /verifyUtil.do HTTP/1.1" 200 683
0:0:0:0:0:0:0:1 - - [09/May/2020:19:12:09 +0800] "GET /favicon.ico HTTP/1.1" 200 946
0:0:0:0:0:0:0:1 - - [09/May/2020:19:12:33 +0800] "POST /login.do HTTP/1.1" 302 -
0:0:0:0:0:0:0:1 - - [09/May/2020:19:12:33 +0800] "GET /student/login.do?username=201210312216&password=123456 HTTP/1.1" 200 2198
0:0:0:0:0:0:0:1 - - [09/May/2020:19:13:17 +0800] "GET /department/course/elective/set.do HTTP/1.1" 200 1028
0:0:0:0:0:0:0:1 - - [09/May/2020:19:13:21 +0800] "POST /department/course/elective/size.do HTTP/1.1" 200 1008
0:0:0:0:0:0:0:1 - - [09/May/2020:19:13:24 +0800] "POST /department/course/elective/year.do HTTP/1.1" 200 1361
0:0:0:0:0:0:0:1 - - [09/May/2020:19:13:27 +0800] "POST /department/course/elective/semester.do HTTP/1.1" 200 1055
0:0:0:0:0:0:0:1 - - [09/May/2020:19:13:35 +0800] "POST /department/course/elective/name.do HTTP/1.1" 200 10749
0:0:0:0:0:0:0:1 - - [09/May/2020:19:13:39 +0800] "POST /department/course/elective/week.do HTTP/1.1" 200 2139
0:0:0:0:0:0:0:1 - - [09/May/2020:19:13:41 +0800] "POST /department/course/elective/day.do HTTP/1.1" 200 6949
0:0:0:0:0:0:0:1 - - [09/May/2020:19:13:46 +0800] "POST /department/course/elective/order.do HTTP/1.1" 200 20386
0:0:0:0:0:0:0:1 - - [09/May/2020:19:13:50 +0800] "POST /department/course/elective/classroom.do HTTP/1.1" 200 2431
0:0:0:0:0:0:0:1 - - [09/May/2020:19:14:03 +0800] "POST /department/course/elective/ensure.do HTTP/1.1" 200 631
0:0:0:0:0:0:0:1 - - [09/May/2020:19:14:04 +0800] "GET /department/return.do HTTP/1.1" 200 2466
0:0:0:0:0:0:0:1 - - [09/May/2020:19:14:08 +0800] "GET /teacher/course/elective/set.do HTTP/1.1" 200 11472
0:0:0:0:0:0:0:1 - - [09/May/2020:19:14:14 +0800] "POST /teacher/course/elective/select.do HTTP/1.1" 200 3361
0:0:0:0:0:0:0:1 - - [09/May/2020:19:14:15 +0800] "POST /teacher/course/elective/ensure.do HTTP/1.1" 200 638
0:0:0:0:0:0:0:1 - - [09/May/2020:19:14:16 +0800] "GET /teacher/return.do HTTP/1.1" 200 2523
0:0:0:0:0:0:0:1 - - [09/May/2020:19:14:19 +0800] "GET /student/course/elective/set.do HTTP/1.1" 200 11835
0:0:0:0:0:0:0:1 - - [09/May/2020:19:14:22 +0800] "POST /student/course/elective/select.do HTTP/1.1" 200 3469
0:0:0:0:0:0:0:1 - - [09/May/2020:19:14:23 +0800] "POST /student/course/elective/ensure.do HTTP/1.1" 200 631
0:0:0:0:0:0:0:1 - - [09/May/2020:19:14:25 +0800] "GET /student/return.do HTTP/1.1" 200 2171
0:0:0:0:0:0:0:1 - - [09/May/2020:19:14:28 +0800] "GET /teacher/score/enter/get.do HTTP/1.1" 200 7104
0:0:0:0:0:0:0:1 - - [09/May/2020:19:14:35 +0800] "POST /teacher/score/enter/select.do HTTP/1.1" 200 1138
0:0:0:0:0:0:0:1 - - [09/May/2020:19:14:45 +0800] "POST /teacher/score/enter/ratio.do HTTP/1.1" 200 1333
0:0:0:0:0:0:0:1 - - [09/May/2020:19:14:53 +0800] "POST /teacher/score/enter/input.do HTTP/1.1" 200 1992
0:0:0:0:0:0:0:1 - - [09/May/2020:19:14:57 +0800] "POST /teacher/score/enter/ensure.do HTTP/1.1" 200 632
0:0:0:0:0:0:0:1 - - [09/May/2020:19:14:58 +0800] "GET /teacher/return.do HTTP/1.1" 200 2523
0:0:0:0:0:0:0:1 - - [09/May/2020:19:15:02 +0800] "GET /student/score/show/get.do HTTP/1.1" 200 1410
0:0:0:0:0:0:0:1 - - [09/May/2020:19:15:05 +0800] "POST /student/score/show/select.do HTTP/1.1" 500 600
0:0:0:0:0:0:0:1 - - [09/May/2020:19:15:58 +0800] "POST /student/score/show/select.do HTTP/1.1" 500 600
0:0:0:0:0:0:0:1 - - [09/May/2020:19:16:01 +0800] "GET /student/score/show/get.do HTTP/1.1" 200 1410
0:0:0:0:0:0:0:1 - - [09/May/2020:19:16:01 +0800] "GET /favicon.ico HTTP/1.1" 200 946
0:0:0:0:0:0:0:1 - - [09/May/2020:19:16:01 +0800] "GET /student/score/show/get.do HTTP/1.1" 200 1410
0:0:0:0:0:0:0:1 - - [09/May/2020:19:16:01 +0800] "GET /favicon.ico HTTP/1.1" 200 946
0:0:0:0:0:0:0:1 - - [09/May/2020:19:16:05 +0800] "POST /student/score/show/select.do HTTP/1.1" 500 600
0:0:0:0:0:0:0:1 - - [09/May/2020:19:17:29 +0800] "GET /student/return.do HTTP/1.1" 200 2171
0:0:0:0:0:0:0:1 - - [09/May/2020:19:17:29 +0800] "GET /favicon.ico HTTP/1.1" 200 946
0:0:0:0:0:0:0:1 - - [09/May/2020:19:17:30 +0800] "GET /student/score/show/get.do HTTP/1.1" 200 1410
0:0:0:0:0:0:0:1 - - [09/May/2020:19:17:33 +0800] "POST /student/score/show/select.do HTTP/1.1" 500 600
0:0:0:0:0:0:0:1 - - [09/May/2020:19:17:37 +0800] "GET /student/course/timetable/get.do HTTP/1.1" 200 1410
0:0:0:0:0:0:0:1 - - [09/May/2020:19:17:42 +0800] "POST /student/course/timetable/select.do HTTP/1.1" 200 7675
0:0:0:0:0:0:0:1 - - [09/May/2020:19:17:55 +0800] "GET /student/score/show/get.do HTTP/1.1" 200 1410
0:0:0:0:0:0:0:1 - - [09/May/2020:19:17:58 +0800] "POST /student/score/show/select.do HTTP/1.1" 500 600
0:0:0:0:0:0:0:1 - - [09/May/2020:19:19:48 +0800] "GET /student/return.do HTTP/1.1" 500 600
0:0:0:0:0:0:0:1 - - [09/May/2020:19:19:49 +0800] "GET /favicon.ico HTTP/1.1" 200 946
0:0:0:0:0:0:0:1 - - [09/May/2020:19:19:53 +0800] "GET / HTTP/1.1" 200 2294
0:0:0:0:0:0:0:1 - - [09/May/2020:19:19:53 +0800] "GET /verifyUtil.do HTTP/1.1" 200 666
0:0:0:0:0:0:0:1 - - [09/May/2020:19:19:59 +0800] "GET /verifyUtil.do?15 HTTP/1.1" 200 655
0:0:0:0:0:0:0:1 - - [09/May/2020:19:20:07 +0800] "POST /login.do HTTP/1.1" 200 2325
0:0:0:0:0:0:0:1 - - [09/May/2020:19:20:07 +0800] "GET /verifyUtil.do HTTP/1.1" 200 613
0:0:0:0:0:0:0:1 - - [09/May/2020:19:20:15 +0800] "POST /login.do HTTP/1.1" 302 -
0:0:0:0:0:0:0:1 - - [09/May/2020:19:20:15 +0800] "GET /student/login.do?username=201210312216&password=123456 HTTP/1.1" 200 2198
0:0:0:0:0:0:0:1 - - [09/May/2020:19:20:16 +0800] "GET /student/score/show/get.do HTTP/1.1" 200 1410
0:0:0:0:0:0:0:1 - - [09/May/2020:19:20:19 +0800] "POST /student/score/show/select.do HTTP/1.1" 500 600
0:0:0:0:0:0:0:1 - - [09/May/2020:19:21:49 +0800] "GET /student/score/show/get.do HTTP/1.1" 200 1410
0:0:0:0:0:0:0:1 - - [09/May/2020:19:21:49 +0800] "GET /favicon.ico HTTP/1.1" 200 946
0:0:0:0:0:0:0:1 - - [09/May/2020:19:21:52 +0800] "POST /student/score/show/select.do HTTP/1.1" 500 600
0:0:0:0:0:0:0:1 - - [09/May/2020:19:23:03 +0800] "GET /student/login.do?username=201210312216&password=123456 HTTP/1.1" 200 2198
0:0:0:0:0:0:0:1 - - [09/May/2020:19:23:03 +0800] "GET /favicon.ico HTTP/1.1" 200 946
0:0:0:0:0:0:0:1 - - [09/May/2020:19:23:03 +0800] "GET /student/score/show/get.do HTTP/1.1" 200 1410
0:0:0:0:0:0:0:1 - - [09/May/2020:19:23:06 +0800] "POST /student/score/show/select.do HTTP/1.1" 500 600
0:0:0:0:0:0:0:1 - - [09/May/2020:19:23:36 +0800] "GET /student/login.do?username=201210312216&password=123456 HTTP/1.1" 200 2198
0:0:0:0:0:0:0:1 - - [09/May/2020:19:23:36 +0800] "GET /favicon.ico HTTP/1.1" 200 946
0:0:0:0:0:0:0:1 - - [09/May/2020:19:23:37 +0800] "GET /student/score/show/get.do HTTP/1.1" 200 1410
0:0:0:0:0:0:0:1 - - [09/May/2020:19:23:39 +0800] "POST /student/score/show/select.do HTTP/1.1" 500 600
0:0:0:0:0:0:0:1 - - [09/May/2020:19:24:33 +0800] "GET /student/login.do?username=201210312216&password=123456 HTTP/1.1" 200 2198
0:0:0:0:0:0:0:1 - - [09/May/2020:19:24:33 +0800] "GET /favicon.ico HTTP/1.1" 200 946
0:0:0:0:0:0:0:1 - - [09/May/2020:19:24:33 +0800] "GET /student/score/show/get.do HTTP/1.1" 200 1410
0:0:0:0:0:0:0:1 - - [09/May/2020:19:24:36 +0800] "POST /student/score/show/select.do HTTP/1.1" 500 600
0:0:0:0:0:0:0:1 - - [09/May/2020:19:26:00 +0800] "GET /student/login.do?username=201210312216&password=123456 HTTP/1.1" 200 2198
0:0:0:0:0:0:0:1 - - [09/May/2020:19:26:00 +0800] "GET /favicon.ico HTTP/1.1" 200 946
0:0:0:0:0:0:0:1 - - [09/May/2020:19:26:01 +0800] "GET /student/score/show/get.do HTTP/1.1" 200 1410
0:0:0:0:0:0:0:1 - - [09/May/2020:19:26:04 +0800] "POST /student/score/show/select.do HTTP/1.1" 500 600
0:0:0:0:0:0:0:1 - - [09/May/2020:19:32:10 +0800] "GET /student/login.do?username=201210312216&password=123456 HTTP/1.1" 200 2198
0:0:0:0:0:0:0:1 - - [09/May/2020:19:32:10 +0800] "GET /favicon.ico HTTP/1.1" 200 946
0:0:0:0:0:0:0:1 - - [09/May/2020:19:32:10 +0800] "GET /student/score/show/get.do HTTP/1.1" 200 1410
0:0:0:0:0:0:0:1 - - [09/May/2020:19:32:13 +0800] "POST /student/score/show/select.do HTTP/1.1" 200 1336
0:0:0:0:0:0:0:1 - - [09/May/2020:19:32:16 +0800] "GET / HTTP/1.1" 200 2294
0:0:0:0:0:0:0:1 - - [09/May/2020:19:32:16 +0800] "GET /verifyUtil.do HTTP/1.1" 200 600
0:0:0:0:0:0:0:1 - - [09/May/2020:19:32:25 +0800] "GET /teacher/return.do HTTP/1.1" 500 600
0:0:0:0:0:0:0:1 - - [09/May/2020:19:32:25 +0800] "GET /favicon.ico HTTP/1.1" 200 946
0:0:0:0:0:0:0:1 - - [09/May/2020:19:32:28 +0800] "GET /teacher/return.do HTTP/1.1" 500 600
0:0:0:0:0:0:0:1 - - [09/May/2020:19:32:36 +0800] "GET /teacher/login.do?username=201610414415&password=123456 HTTP/1.1" 200 2523
0:0:0:0:0:0:0:1 - - [09/May/2020:19:32:36 +0800] "GET /favicon.ico HTTP/1.1" 200 946
0:0:0:0:0:0:0:1 - - [09/May/2020:19:32:45 +0800] "GET /department/login.do?username=000000000001&password=123456 HTTP/1.1" 200 2466
0:0:0:0:0:0:0:1 - - [09/May/2020:19:32:45 +0800] "GET /department/login.do?username=000000000001&password=123456 HTTP/1.1" 200 2466
0:0:0:0:0:0:0:1 - - [09/May/2020:19:32:45 +0800] "GET /department/login.do?username=000000000001&password=123456 HTTP/1.1" 200 2466
0:0:0:0:0:0:0:1 - - [09/May/2020:19:32:45 +0800] "GET /department/login.do?username=000000000001&password=123456 HTTP/1.1" 200 2466
0:0:0:0:0:0:0:1 - - [09/May/2020:19:32:45 +0800] "GET /department/login.do?username=000000000001&password=123456 HTTP/1.1" 200 2466
0:0:0:0:0:0:0:1 - - [09/May/2020:19:33:03 +0800] "POST /login.do HTTP/1.1" 302 -
0:0:0:0:0:0:0:1 - - [09/May/2020:19:33:03 +0800] "GET /student/login.do?username=201210312216&password=123456 HTTP/1.1" 200 2198
0:0:0:0:0:0:0:1 - - [09/May/2020:19:33:12 +0800] "GET / HTTP/1.1" 200 2294
0:0:0:0:0:0:0:1 - - [09/May/2020:19:33:12 +0800] "GET /verifyUtil.do HTTP/1.1" 200 769
0:0:0:0:0:0:0:1 - - [09/May/2020:19:33:12 +0800] "GET /favicon.ico HTTP/1.1" 200 946
0:0:0:0:0:0:0:1 - - [09/May/2020:19:33:13 +0800] "GET / HTTP/1.1" 200 2294
0:0:0:0:0:0:0:1 - - [09/May/2020:19:33:13 +0800] "GET /verifyUtil.do HTTP/1.1" 200 666
0:0:0:0:0:0:0:1 - - [09/May/2020:19:33:13 +0800] "GET /favicon.ico HTTP/1.1" 200 946
0:0:0:0:0:0:0:1 - - [09/May/2020:19:33:34 +0800] "GET / HTTP/1.1" 200 2294
0:0:0:0:0:0:0:1 - - [09/May/2020:19:33:34 +0800] "GET /verifyUtil.do HTTP/1.1" 200 587
0:0:0:0:0:0:0:1 - - [09/May/2020:19:33:34 +0800] "GET /favicon.ico HTTP/1.1" 200 946
0:0:0:0:0:0:0:1 - - [09/May/2020:19:33:51 +0800] "GET /verifyUtil.do?98 HTTP/1.1" 200 671
0:0:0:0:0:0:0:1 - - [09/May/2020:19:33:55 +0800] "GET / HTTP/1.1" 200 2294
0:0:0:0:0:0:0:1 - - [09/May/2020:19:33:55 +0800] "GET /verifyUtil.do HTTP/1.1" 200 747
0:0:0:0:0:0:0:1 - - [09/May/2020:19:33:55 +0800] "GET /favicon.ico HTTP/1.1" 200 946
0:0:0:0:0:0:0:1 - - [09/May/2020:19:34:26 +0800] "POST /login.do HTTP/1.1" 302 -
0:0:0:0:0:0:0:1 - - [09/May/2020:19:34:26 +0800] "GET /student/login.do?username=201210312216&password=123456 HTTP/1.1" 200 2198
0:0:0:0:0:0:0:1 - - [09/May/2020:19:35:10 +0800] "GET /department/course/elective/set.do HTTP/1.1" 200 1028
0:0:0:0:0:0:0:1 - - [09/May/2020:19:35:14 +0800] "POST /department/course/elective/size.do HTTP/1.1" 200 1008
0:0:0:0:0:0:0:1 - - [09/May/2020:19:35:19 +0800] "POST /department/course/elective/year.do HTTP/1.1" 200 1361
0:0:0:0:0:0:0:1 - - [09/May/2020:19:35:21 +0800] "POST /department/course/elective/semester.do HTTP/1.1" 200 1055
0:0:0:0:0:0:0:1 - - [09/May/2020:19:35:26 +0800] "POST /department/course/elective/name.do HTTP/1.1" 200 10743
0:0:0:0:0:0:0:1 - - [09/May/2020:19:35:30 +0800] "POST /department/course/elective/week.do HTTP/1.1" 200 2139
0:0:0:0:0:0:0:1 - - [09/May/2020:19:35:32 +0800] "POST /department/course/elective/day.do HTTP/1.1" 200 6949
0:0:0:0:0:0:0:1 - - [09/May/2020:19:35:38 +0800] "POST /department/course/elective/order.do HTTP/1.1" 200 20386
0:0:0:0:0:0:0:1 - - [09/May/2020:19:35:44 +0800] "POST /department/course/elective/classroom.do HTTP/1.1" 200 2425
0:0:0:0:0:0:0:1 - - [09/May/2020:19:35:55 +0800] "POST /department/course/elective/ensure.do HTTP/1.1" 200 631
0:0:0:0:0:0:0:1 - - [09/May/2020:19:35:56 +0800] "GET /department/return.do HTTP/1.1" 200 2466
0:0:0:0:0:0:0:1 - - [09/May/2020:19:36:00 +0800] "GET /teacher/course/elective/set.do HTTP/1.1" 200 12640
0:0:0:0:0:0:0:1 - - [09/May/2020:19:36:06 +0800] "POST /teacher/course/elective/select.do HTTP/1.1" 200 3355
0:0:0:0:0:0:0:1 - - [09/May/2020:19:36:07 +0800] "POST /teacher/course/elective/ensure.do HTTP/1.1" 200 638
0:0:0:0:0:0:0:1 - - [09/May/2020:19:36:09 +0800] "GET /teacher/return.do HTTP/1.1" 200 2523
0:0:0:0:0:0:0:1 - - [09/May/2020:19:36:11 +0800] "GET /student/course/elective/set.do HTTP/1.1" 200 13027
0:0:0:0:0:0:0:1 - - [09/May/2020:19:36:15 +0800] "POST /student/course/elective/select.do HTTP/1.1" 200 3463
0:0:0:0:0:0:0:1 - - [09/May/2020:19:36:16 +0800] "POST /student/course/elective/ensure.do HTTP/1.1" 200 631
0:0:0:0:0:0:0:1 - - [09/May/2020:19:36:17 +0800] "GET /student/return.do HTTP/1.1" 200 2171
0:0:0:0:0:0:0:1 - - [09/May/2020:19:36:25 +0800] "GET /teacher/course/timetable/get.do HTTP/1.1" 200 1410
0:0:0:0:0:0:0:1 - - [09/May/2020:19:36:29 +0800] "POST /teacher/course/timetable/select.do HTTP/1.1" 200 6741
0:0:0:0:0:0:0:1 - - [09/May/2020:19:36:38 +0800] "GET /teacher/score/enter/get.do HTTP/1.1" 200 7847
0:0:0:0:0:0:0:1 - - [09/May/2020:19:36:42 +0800] "POST /teacher/score/enter/select.do HTTP/1.1" 200 1138
0:0:0:0:0:0:0:1 - - [09/May/2020:19:36:49 +0800] "POST /teacher/score/enter/ratio.do HTTP/1.1" 200 1333
0:0:0:0:0:0:0:1 - - [09/May/2020:19:36:58 +0800] "POST /teacher/score/enter/input.do HTTP/1.1" 200 1996
0:0:0:0:0:0:0:1 - - [09/May/2020:19:36:59 +0800] "POST /teacher/score/enter/ensure.do HTTP/1.1" 200 632
0:0:0:0:0:0:0:1 - - [09/May/2020:19:37:00 +0800] "GET /teacher/return.do HTTP/1.1" 200 2523
0:0:0:0:0:0:0:1 - - [09/May/2020:19:37:02 +0800] "GET /student/score/show/get.do HTTP/1.1" 200 1410
0:0:0:0:0:0:0:1 - - [09/May/2020:19:37:05 +0800] "POST /student/score/show/select.do HTTP/1.1" 200 1481
0:0:0:0:0:0:0:1 - - [09/May/2020:19:50:57 +0800] "GET /student/score/show/get.do HTTP/1.1" 200 1410
0:0:0:0:0:0:0:1 - - [09/May/2020:19:51:00 +0800] "GET /student/course/timetable/get.do HTTP/1.1" 200 1410
0:0:0:0:0:0:0:1 - - [09/May/2020:19:51:02 +0800] "POST /student/course/timetable/select.do HTTP/1.1" 200 7669
0:0:0:0:0:0:0:1 - - [09/May/2020:20:02:02 +0800] "POST /student/course/timetable/select.do HTTP/1.1" 200 7669
0:0:0:0:0:0:0:1 - - [09/May/2020:20:59:11 +0800] "GET / HTTP/1.1" 200 2294
0:0:0:0:0:0:0:1 - - [09/May/2020:20:59:11 +0800] "GET /verifyUtil.do HTTP/1.1" 200 562
0:0:0:0:0:0:0:1 - - [09/May/2020:21:01:06 +0800] "GET / HTTP/1.1" 200 2294
0:0:0:0:0:0:0:1 - - [09/May/2020:21:01:08 +0800] "GET /verifyUtil.do HTTP/1.1" 200 688
0:0:0:0:0:0:0:1 - - [09/May/2020:21:05:10 +0800] "POST /login.do HTTP/1.1" 302 -
0:0:0:0:0:0:0:1 - - [09/May/2020:21:05:11 +0800] "GET /teacher/login.do?username=201610414415&password=123456 HTTP/1.1" 200 2523
0:0:0:0:0:0:0:1 - - [09/May/2020:21:05:13 +0800] "GET /teacher/course/professional/set.do HTTP/1.1" 200 8636
0:0:0:0:0:0:0:1 - - [09/May/2020:21:05:19 +0800] "POST /teacher/course/professional/select.do HTTP/1.1" 200 3027
0:0:0:0:0:0:0:1 - - [09/May/2020:21:12:24 +0800] "GET /teacher/login.do?username=201610414415&password=123456 HTTP/1.1" 200 2523
0:0:0:0:0:0:0:1 - - [09/May/2020:21:12:24 +0800] "GET /favicon.ico HTTP/1.1" 200 946
0:0:0:0:0:0:0:1 - - [09/May/2020:21:12:24 +0800] "GET /teacher/course/professional/set.do HTTP/1.1" 200 8636
0:0:0:0:0:0:0:1 - - [09/May/2020:21:12:27 +0800] "POST /teacher/course/professional/select.do HTTP/1.1" 200 3497
0:0:0:0:0:0:0:1 - - [09/May/2020:21:12:43 +0800] "POST /teacher/course/professional/select.do HTTP/1.1" 200 3682
0:0:0:0:0:0:0:1 - - [09/May/2020:21:18:05 +0800] "GET /teacher/login.do?username=201610414415&password=123456 HTTP/1.1" 200 2523
0:0:0:0:0:0:0:1 - - [09/May/2020:21:18:06 +0800] "GET /favicon.ico HTTP/1.1" 200 946
0:0:0:0:0:0:0:1 - - [09/May/2020:21:18:06 +0800] "GET /teacher/course/professional/set.do HTTP/1.1" 200 8636
0:0:0:0:0:0:0:1 - - [09/May/2020:21:18:10 +0800] "POST /teacher/course/professional/select.do HTTP/1.1" 200 3682
0:0:0:0:0:0:0:1 - - [09/May/2020:22:02:46 +0800] "GET /teacher/login.do?username=201610414415&password=123456 HTTP/1.1" 200 2523
0:0:0:0:0:0:0:1 - - [09/May/2020:22:02:46 +0800] "GET /favicon.ico HTTP/1.1" 200 946
0:0:0:0:0:0:0:1 - - [09/May/2020:22:02:48 +0800] "GET /teacher/course/professional/set.do HTTP/1.1" 200 8636
0:0:0:0:0:0:0:1 - - [09/May/2020:22:02:51 +0800] "POST /teacher/course/professional/select.do HTTP/1.1" 200 3784
0:0:0:0:0:0:0:1 - - [09/May/2020:22:02:53 +0800] "POST /teacher/course/professional/ensure.do HTTP/1.1" 200 638
0:0:0:0:0:0:0:1 - - [09/May/2020:22:02:54 +0800] "GET /teacher/return.do HTTP/1.1" 200 2523
0:0:0:0:0:0:0:1 - - [09/May/2020:22:02:55 +0800] "GET /teacher/course/public/set.do HTTP/1.1" 200 3789
0:0:0:0:0:0:0:1 - - [09/May/2020:22:03:01 +0800] "POST /teacher/course/public/select.do HTTP/1.1" 200 3830
0:0:0:0:0:0:0:1 - - [09/May/2020:22:03:02 +0800] "POST /teacher/course/public/ensure.do HTTP/1.1" 200 638
0:0:0:0:0:0:0:1 - - [09/May/2020:22:03:03 +0800] "GET /teacher/return.do HTTP/1.1" 200 2523
0:0:0:0:0:0:0:1 - - [09/May/2020:22:03:04 +0800] "GET /teacher/course/elective/set.do HTTP/1.1" 200 12762
0:0:0:0:0:0:0:1 - - [09/May/2020:22:03:07 +0800] "POST /teacher/course/elective/select.do HTTP/1.1" 200 3355
0:0:0:0:0:0:0:1 - - [09/May/2020:22:03:08 +0800] "POST /teacher/course/elective/ensure.do HTTP/1.1" 200 638
0:0:0:0:0:0:0:1 - - [09/May/2020:22:03:09 +0800] "GET /teacher/return.do HTTP/1.1" 200 2523
0:0:0:0:0:0:0:1 - - [09/May/2020:22:03:11 +0800] "GET /teacher/course/timetable/get.do HTTP/1.1" 200 1410
0:0:0:0:0:0:0:1 - - [09/May/2020:22:03:13 +0800] "POST /teacher/course/timetable/select.do HTTP/1.1" 200 7211
0:0:0:0:0:0:0:1 - - [09/May/2020:22:03:19 +0800] "GET /teacher/score/enter/get.do HTTP/1.1" 200 9480
0:0:0:0:0:0:0:1 - - [09/May/2020:22:03:22 +0800] "POST /teacher/score/enter/select.do HTTP/1.1" 200 1272
0:0:0:0:0:0:0:1 - - [09/May/2020:22:03:26 +0800] "POST /teacher/score/enter/ratio.do HTTP/1.1" 200 1426
0:0:0:0:0:0:0:1 - - [09/May/2020:22:03:35 +0800] "POST /teacher/score/enter/input.do HTTP/1.1" 200 2098
0:0:0:0:0:0:0:1 - - [09/May/2020:22:03:38 +0800] "POST /teacher/score/enter/ensure.do HTTP/1.1" 200 632
0:0:0:0:0:0:0:1 - - [09/May/2020:22:03:39 +0800] "GET /teacher/return.do HTTP/1.1" 200 2523
0:0:0:0:0:0:0:1 - - [09/May/2020:22:03:50 +0800] "GET /teacher/score/show/get.do HTTP/1.1" 200 9480
0:0:0:0:0:0:0:1 - - [09/May/2020:22:03:52 +0800] "POST /teacher/score/show/select.do HTTP/1.1" 500 600
0:0:0:0:0:0:0:1 - - [09/May/2020:22:10:06 +0800] "GET / HTTP/1.1" 200 2294
0:0:0:0:0:0:0:1 - - [09/May/2020:22:10:07 +0800] "GET /verifyUtil.do HTTP/1.1" 200 703
0:0:0:0:0:0:0:1 - - [09/May/2020:22:10:07 +0800] "GET /favicon.ico HTTP/1.1" 200 946
0:0:0:0:0:0:0:1 - - [09/May/2020:22:10:17 +0800] "POST /login.do HTTP/1.1" 302 -
0:0:0:0:0:0:0:1 - - [09/May/2020:22:10:17 +0800] "GET /student/login.do?username=201210312216&password=123456 HTTP/1.1" 200 2198
0:0:0:0:0:0:0:1 - - [09/May/2020:22:12:56 +0800] "GET / HTTP/1.1" 200 2294
0:0:0:0:0:0:0:1 - - [09/May/2020:22:12:56 +0800] "GET /verifyUtil.do HTTP/1.1" 200 710
0:0:0:0:0:0:0:1 - - [09/May/2020:22:12:56 +0800] "GET /favicon.ico HTTP/1.1" 200 946
0:0:0:0:0:0:0:1 - - [09/May/2020:22:12:58 +0800] "GET / HTTP/1.1" 200 2294
0:0:0:0:0:0:0:1 - - [09/May/2020:22:12:58 +0800] "GET /verifyUtil.do HTTP/1.1" 200 619
0:0:0:0:0:0:0:1 - - [09/May/2020:22:12:58 +0800] "GET /favicon.ico HTTP/1.1" 200 946
0:0:0:0:0:0:0:1 - - [09/May/2020:22:13:07 +0800] "POST /login.do HTTP/1.1" 200 2325
0:0:0:0:0:0:0:1 - - [09/May/2020:22:13:07 +0800] "GET /verifyUtil.do HTTP/1.1" 200 671
0:0:0:0:0:0:0:1 - - [09/May/2020:22:13:10 +0800] "GET /verifyUtil.do?45 HTTP/1.1" 200 669
0:0:0:0:0:0:0:1 - - [09/May/2020:22:13:17 +0800] "POST /login.do HTTP/1.1" 302 -
0:0:0:0:0:0:0:1 - - [09/May/2020:22:13:17 +0800] "GET /student/login.do?username=201210312216&password=123456 HTTP/1.1" 200 2198
0:0:0:0:0:0:0:1 - - [09/May/2020:22:19:20 +0800] "POST /login.do HTTP/1.1" 200 2325
0:0:0:0:0:0:0:1 - - [09/May/2020:22:19:20 +0800] "GET /verifyUtil.do HTTP/1.1" 200 659
0:0:0:0:0:0:0:1 - - [09/May/2020:22:19:20 +0800] "GET /favicon.ico HTTP/1.1" 200 946
0:0:0:0:0:0:0:1 - - [09/May/2020:22:19:30 +0800] "POST /login.do HTTP/1.1" 302 -
0:0:0:0:0:0:0:1 - - [09/May/2020:22:19:30 +0800] "GET /student/login.do?username=201210312216&password=123456 HTTP/1.1" 200 2198
