0:0:0:0:0:0:0:1 - - [18/Oct/2018:20:20:53 +0800] "GET / HTTP/1.1" 200 1193
0:0:0:0:0:0:0:1 - - [18/Oct/2018:20:20:54 +0800] "GET /verifyUtil.do HTTP/1.1" 200 661
0:0:0:0:0:0:0:1 - - [18/Oct/2018:20:21:10 +0800] "POST /login.do HTTP/1.1" 302 -
0:0:0:0:0:0:0:1 - - [18/Oct/2018:20:21:11 +0800] "GET /department/login.do?username=000000000001&password=123456 HTTP/1.1" 500 518
0:0:0:0:0:0:0:1 - - [18/Oct/2018:20:23:07 +0800] "GET /department/login.do?username=000000000001&password=123456 HTTP/1.1" 200 423
0:0:0:0:0:0:0:1 - - [18/Oct/2018:20:23:07 +0800] "GET /favicon.ico HTTP/1.1" 200 946
0:0:0:0:0:0:0:1 - - [18/Oct/2018:20:23:11 +0800] "GET /department/login.do?username=000000000001&password=123456 HTTP/1.1" 200 423
0:0:0:0:0:0:0:1 - - [18/Oct/2018:20:23:11 +0800] "GET /favicon.ico HTTP/1.1" 200 946
0:0:0:0:0:0:0:1 - - [18/Oct/2018:20:23:15 +0800] "GET /verifyUtil.do?80 HTTP/1.1" 200 664
0:0:0:0:0:0:0:1 - - [18/Oct/2018:20:23:22 +0800] "POST /login.do HTTP/1.1" 302 -
0:0:0:0:0:0:0:1 - - [18/Oct/2018:20:23:22 +0800] "GET /department/login.do?username=000000000001&password=123456 HTTP/1.1" 200 423
0:0:0:0:0:0:0:1 - - [18/Oct/2018:20:24:01 +0800] "GET /department/login.do?username=000000000001&password=123456 HTTP/1.1" 200 423
0:0:0:0:0:0:0:1 - - [18/Oct/2018:20:24:01 +0800] "GET /favicon.ico HTTP/1.1" 200 946
0:0:0:0:0:0:0:1 - - [18/Oct/2018:20:24:02 +0800] "GET /department/login.do?username=000000000001&password=123456 HTTP/1.1" 200 423
0:0:0:0:0:0:0:1 - - [18/Oct/2018:20:24:02 +0800] "GET /favicon.ico HTTP/1.1" 200 946
0:0:0:0:0:0:0:1 - - [18/Oct/2018:20:24:14 +0800] "GET /department/login.do?username=000000000001&password=123456 HTTP/1.1" 200 426
0:0:0:0:0:0:0:1 - - [18/Oct/2018:20:24:14 +0800] "GET /favicon.ico HTTP/1.1" 200 946
0:0:0:0:0:0:0:1 - - [18/Oct/2018:20:24:41 +0800] "GET /department/login.do?username=000000000001&password=123456 HTTP/1.1" 200 426
0:0:0:0:0:0:0:1 - - [18/Oct/2018:20:24:41 +0800] "GET /favicon.ico HTTP/1.1" 200 946
0:0:0:0:0:0:0:1 - - [18/Oct/2018:20:24:41 +0800] "GET /department/login.do?username=000000000001&password=123456 HTTP/1.1" 200 426
0:0:0:0:0:0:0:1 - - [18/Oct/2018:20:24:41 +0800] "GET /favicon.ico HTTP/1.1" 200 946
0:0:0:0:0:0:0:1 - - [18/Oct/2018:20:24:42 +0800] "GET /department/login.do?username=000000000001&password=123456 HTTP/1.1" 200 426
0:0:0:0:0:0:0:1 - - [18/Oct/2018:20:24:42 +0800] "GET /favicon.ico HTTP/1.1" 200 946
0:0:0:0:0:0:0:1 - - [18/Oct/2018:20:24:42 +0800] "GET /department/login.do?username=000000000001&password=123456 HTTP/1.1" 200 426
0:0:0:0:0:0:0:1 - - [18/Oct/2018:20:24:42 +0800] "GET /favicon.ico HTTP/1.1" 200 946
0:0:0:0:0:0:0:1 - - [18/Oct/2018:20:24:42 +0800] "GET /department/login.do?username=000000000001&password=123456 HTTP/1.1" 200 426
0:0:0:0:0:0:0:1 - - [18/Oct/2018:20:24:42 +0800] "GET /favicon.ico HTTP/1.1" 200 946
0:0:0:0:0:0:0:1 - - [18/Oct/2018:20:24:42 +0800] "GET /department/login.do?username=000000000001&password=123456 HTTP/1.1" 200 426
0:0:0:0:0:0:0:1 - - [18/Oct/2018:20:24:42 +0800] "GET /favicon.ico HTTP/1.1" 200 946
0:0:0:0:0:0:0:1 - - [18/Oct/2018:20:24:42 +0800] "GET /department/login.do?username=000000000001&password=123456 HTTP/1.1" 200 426
0:0:0:0:0:0:0:1 - - [18/Oct/2018:20:24:42 +0800] "GET /favicon.ico HTTP/1.1" 200 946
0:0:0:0:0:0:0:1 - - [18/Oct/2018:20:25:13 +0800] "GET /department/login.do?username=000000000001&password=123456 HTTP/1.1" 200 426
0:0:0:0:0:0:0:1 - - [18/Oct/2018:20:25:13 +0800] "GET /favicon.ico HTTP/1.1" 200 946
0:0:0:0:0:0:0:1 - - [18/Oct/2018:20:25:14 +0800] "GET /department/login.do?username=000000000001&password=123456 HTTP/1.1" 200 426
0:0:0:0:0:0:0:1 - - [18/Oct/2018:20:25:14 +0800] "GET /favicon.ico HTTP/1.1" 200 946
0:0:0:0:0:0:0:1 - - [18/Oct/2018:20:25:14 +0800] "GET /department/login.do?username=000000000001&password=123456 HTTP/1.1" 200 426
0:0:0:0:0:0:0:1 - - [18/Oct/2018:20:25:14 +0800] "GET /favicon.ico HTTP/1.1" 200 946
0:0:0:0:0:0:0:1 - - [18/Oct/2018:20:25:23 +0800] "GET /department/login.do?username=000000000001&password=123456 HTTP/1.1" 200 426
0:0:0:0:0:0:0:1 - - [18/Oct/2018:20:25:23 +0800] "GET /favicon.ico HTTP/1.1" 200 946
0:0:0:0:0:0:0:1 - - [18/Oct/2018:20:25:23 +0800] "GET /department/login.do?username=000000000001&password=123456 HTTP/1.1" 200 426
0:0:0:0:0:0:0:1 - - [18/Oct/2018:20:25:23 +0800] "GET /favicon.ico HTTP/1.1" 200 946
0:0:0:0:0:0:0:1 - - [18/Oct/2018:20:25:24 +0800] "GET /department/login.do?username=000000000001&password=123456 HTTP/1.1" 200 426
0:0:0:0:0:0:0:1 - - [18/Oct/2018:20:25:24 +0800] "GET /favicon.ico HTTP/1.1" 200 946
0:0:0:0:0:0:0:1 - - [18/Oct/2018:20:25:24 +0800] "GET /department/login.do?username=000000000001&password=123456 HTTP/1.1" 200 426
0:0:0:0:0:0:0:1 - - [18/Oct/2018:20:25:24 +0800] "GET /favicon.ico HTTP/1.1" 200 946
0:0:0:0:0:0:0:1 - - [18/Oct/2018:20:25:36 +0800] "GET /department/login.do?username=000000000001&password=123456 HTTP/1.1" 200 390
0:0:0:0:0:0:0:1 - - [18/Oct/2018:20:25:36 +0800] "GET /favicon.ico HTTP/1.1" 200 946
0:0:0:0:0:0:0:1 - - [18/Oct/2018:20:25:42 +0800] "GET /department/login.do?username=000000000001&password=123456 HTTP/1.1" 200 390
0:0:0:0:0:0:0:1 - - [18/Oct/2018:20:25:42 +0800] "GET /favicon.ico HTTP/1.1" 200 946
0:0:0:0:0:0:0:1 - - [18/Oct/2018:20:25:43 +0800] "GET /department/login.do?username=000000000001&password=123456 HTTP/1.1" 200 390
0:0:0:0:0:0:0:1 - - [18/Oct/2018:20:25:43 +0800] "GET /favicon.ico HTTP/1.1" 200 946
0:0:0:0:0:0:0:1 - - [18/Oct/2018:20:25:46 +0800] "GET /department/login.do?username=000000000001&password=123456 HTTP/1.1" 200 390
0:0:0:0:0:0:0:1 - - [18/Oct/2018:20:25:46 +0800] "GET /favicon.ico HTTP/1.1" 200 946
0:0:0:0:0:0:0:1 - - [18/Oct/2018:20:25:47 +0800] "GET /department/login.do?username=000000000001&password=123456 HTTP/1.1" 200 390
0:0:0:0:0:0:0:1 - - [18/Oct/2018:20:25:47 +0800] "GET /favicon.ico HTTP/1.1" 200 946
0:0:0:0:0:0:0:1 - - [18/Oct/2018:20:25:48 +0800] "GET /department/login.do?username=000000000001&password=123456 HTTP/1.1" 200 390
0:0:0:0:0:0:0:1 - - [18/Oct/2018:20:25:48 +0800] "GET /favicon.ico HTTP/1.1" 200 946
0:0:0:0:0:0:0:1 - - [18/Oct/2018:20:26:04 +0800] "GET /department/login.do?username=000000000001&password=123456 HTTP/1.1" 200 390
0:0:0:0:0:0:0:1 - - [18/Oct/2018:20:26:04 +0800] "GET /favicon.ico HTTP/1.1" 200 946
0:0:0:0:0:0:0:1 - - [18/Oct/2018:20:26:05 +0800] "GET /department/login.do?username=000000000001&password=123456 HTTP/1.1" 200 390
0:0:0:0:0:0:0:1 - - [18/Oct/2018:20:26:05 +0800] "GET /favicon.ico HTTP/1.1" 200 946
0:0:0:0:0:0:0:1 - - [18/Oct/2018:20:26:05 +0800] "GET /department/login.do?username=000000000001&password=123456 HTTP/1.1" 200 390
0:0:0:0:0:0:0:1 - - [18/Oct/2018:20:26:05 +0800] "GET /favicon.ico HTTP/1.1" 200 946
0:0:0:0:0:0:0:1 - - [18/Oct/2018:20:26:05 +0800] "GET /department/login.do?username=000000000001&password=123456 HTTP/1.1" 200 390
0:0:0:0:0:0:0:1 - - [18/Oct/2018:20:26:05 +0800] "GET /favicon.ico HTTP/1.1" 200 946
0:0:0:0:0:0:0:1 - - [18/Oct/2018:20:26:05 +0800] "GET /department/login.do?username=000000000001&password=123456 HTTP/1.1" 200 390
0:0:0:0:0:0:0:1 - - [18/Oct/2018:20:26:05 +0800] "GET /favicon.ico HTTP/1.1" 200 946
0:0:0:0:0:0:0:1 - - [18/Oct/2018:20:26:09 +0800] "GET /department/login.do?username=000000000001&password=123456 HTTP/1.1" 200 390
0:0:0:0:0:0:0:1 - - [18/Oct/2018:20:26:09 +0800] "GET /favicon.ico HTTP/1.1" 200 946
0:0:0:0:0:0:0:1 - - [18/Oct/2018:20:26:09 +0800] "GET /department/login.do?username=000000000001&password=123456 HTTP/1.1" 200 390
0:0:0:0:0:0:0:1 - - [18/Oct/2018:20:26:09 +0800] "GET /favicon.ico HTTP/1.1" 200 946
0:0:0:0:0:0:0:1 - - [18/Oct/2018:20:26:09 +0800] "GET /department/login.do?username=000000000001&password=123456 HTTP/1.1" 200 390
0:0:0:0:0:0:0:1 - - [18/Oct/2018:20:26:10 +0800] "GET /favicon.ico HTTP/1.1" 200 946
0:0:0:0:0:0:0:1 - - [18/Oct/2018:20:26:10 +0800] "GET /department/login.do?username=000000000001&password=123456 HTTP/1.1" 200 390
0:0:0:0:0:0:0:1 - - [18/Oct/2018:20:26:10 +0800] "GET /favicon.ico HTTP/1.1" 200 946
0:0:0:0:0:0:0:1 - - [18/Oct/2018:20:26:10 +0800] "GET /department/login.do?username=000000000001&password=123456 HTTP/1.1" 200 390
0:0:0:0:0:0:0:1 - - [18/Oct/2018:20:26:10 +0800] "GET /favicon.ico HTTP/1.1" 200 946
0:0:0:0:0:0:0:1 - - [18/Oct/2018:20:26:10 +0800] "GET /department/login.do?username=000000000001&password=123456 HTTP/1.1" 200 390
0:0:0:0:0:0:0:1 - - [18/Oct/2018:20:26:10 +0800] "GET /favicon.ico HTTP/1.1" 200 946
0:0:0:0:0:0:0:1 - - [18/Oct/2018:20:26:21 +0800] "GET /department/login.do?username=000000000001&password=123456 HTTP/1.1" 200 398
0:0:0:0:0:0:0:1 - - [18/Oct/2018:20:26:21 +0800] "GET /favicon.ico HTTP/1.1" 200 946
0:0:0:0:0:0:0:1 - - [18/Oct/2018:20:29:12 +0800] "GET /department/login.do?username=000000000001&password=123456 HTTP/1.1" 500 535
0:0:0:0:0:0:0:1 - - [18/Oct/2018:20:29:12 +0800] "GET /favicon.ico HTTP/1.1" 200 946
0:0:0:0:0:0:0:1 - - [18/Oct/2018:20:29:13 +0800] "GET /department/login.do?username=000000000001&password=123456 HTTP/1.1" 500 535
0:0:0:0:0:0:0:1 - - [18/Oct/2018:20:29:13 +0800] "GET /favicon.ico HTTP/1.1" 200 946
0:0:0:0:0:0:0:1 - - [18/Oct/2018:20:30:01 +0800] "GET /department/login.do?username=000000000001&password=123456 HTTP/1.1" 500 535
0:0:0:0:0:0:0:1 - - [18/Oct/2018:20:30:01 +0800] "GET /favicon.ico HTTP/1.1" 200 946
