0:0:0:0:0:0:0:1 - - [14/Mar/2020:23:29:52 +0800] "GET / HTTP/1.1" 200 2267
0:0:0:0:0:0:0:1 - - [14/Mar/2020:23:29:53 +0800] "GET /verifyUtil.do HTTP/1.1" 200 602
0:0:0:0:0:0:0:1 - - [14/Mar/2020:23:30:07 +0800] "POST /login.do HTTP/1.1" 302 -
0:0:0:0:0:0:0:1 - - [14/Mar/2020:23:30:08 +0800] "GET /department/login.do?username=000000000001&password=123456 HTTP/1.1" 200 1825
0:0:0:0:0:0:0:1 - - [14/Mar/2020:23:31:27 +0800] "GET /department/course/professional/set.do HTTP/1.1" 200 12694
0:0:0:0:0:0:0:1 - - [14/Mar/2020:23:31:28 +0800] "POST /department/course/professional/class.do HTTP/1.1" 500 285
0:0:0:0:0:0:0:1 - - [14/Mar/2020:23:31:51 +0800] "POST /department/course/professional/class.do HTTP/1.1" 500 285
0:0:0:0:0:0:0:1 - - [14/Mar/2020:23:35:23 +0800] "GET /department/login.do?username=000000000001&password=123456 HTTP/1.1" 200 1825
0:0:0:0:0:0:0:1 - - [14/Mar/2020:23:35:23 +0800] "GET /favicon.ico HTTP/1.1" 200 946
0:0:0:0:0:0:0:1 - - [14/Mar/2020:23:35:23 +0800] "GET /department/course/professional/set.do HTTP/1.1" 200 12694
0:0:0:0:0:0:0:1 - - [14/Mar/2020:23:35:25 +0800] "POST /department/course/professional/class.do HTTP/1.1" 500 272
0:0:0:0:0:0:0:1 - - [14/Mar/2020:23:35:55 +0800] "GET /department/login.do?username=000000000001&password=123456 HTTP/1.1" 200 1825
0:0:0:0:0:0:0:1 - - [14/Mar/2020:23:35:55 +0800] "GET /favicon.ico HTTP/1.1" 200 946
0:0:0:0:0:0:0:1 - - [14/Mar/2020:23:35:55 +0800] "GET /department/course/professional/set.do HTTP/1.1" 200 12694
0:0:0:0:0:0:0:1 - - [14/Mar/2020:23:35:57 +0800] "POST /department/course/professional/class.do HTTP/1.1" 500 261
0:0:0:0:0:0:0:1 - - [14/Mar/2020:23:38:54 +0800] "GET /department/login.do?username=000000000001&password=123456 HTTP/1.1" 200 1825
0:0:0:0:0:0:0:1 - - [14/Mar/2020:23:38:54 +0800] "GET /department/course/professional/set.do HTTP/1.1" 200 12694
0:0:0:0:0:0:0:1 - - [14/Mar/2020:23:38:55 +0800] "POST /department/course/professional/class.do HTTP/1.1" 200 282
0:0:0:0:0:0:0:1 - - [14/Mar/2020:23:40:20 +0800] "GET /department/login.do?username=000000000001&password=123456 HTTP/1.1" 200 1825
0:0:0:0:0:0:0:1 - - [14/Mar/2020:23:40:20 +0800] "GET /favicon.ico HTTP/1.1" 200 946
0:0:0:0:0:0:0:1 - - [14/Mar/2020:23:40:21 +0800] "GET /department/login.do?username=000000000001&password=123456 HTTP/1.1" 200 1825
0:0:0:0:0:0:0:1 - - [14/Mar/2020:23:40:21 +0800] "GET /favicon.ico HTTP/1.1" 200 946
0:0:0:0:0:0:0:1 - - [14/Mar/2020:23:40:22 +0800] "GET /department/course/professional/set.do HTTP/1.1" 200 12694
0:0:0:0:0:0:0:1 - - [14/Mar/2020:23:40:23 +0800] "POST /department/course/professional/class.do HTTP/1.1" 200 621
0:0:0:0:0:0:0:1 - - [14/Mar/2020:23:42:55 +0800] "GET /department/login.do?username=000000000001&password=123456 HTTP/1.1" 200 1825
0:0:0:0:0:0:0:1 - - [14/Mar/2020:23:42:56 +0800] "GET /favicon.ico HTTP/1.1" 200 946
0:0:0:0:0:0:0:1 - - [14/Mar/2020:23:42:56 +0800] "GET /department/course/professional/set.do HTTP/1.1" 200 12826
0:0:0:0:0:0:0:1 - - [14/Mar/2020:23:42:58 +0800] "GET /department/course/professional/set.do HTTP/1.1" 200 12826
0:0:0:0:0:0:0:1 - - [14/Mar/2020:23:45:25 +0800] "POST /department/course/professional/class.do HTTP/1.1" 200 621
0:0:0:0:0:0:0:1 - - [14/Mar/2020:23:45:31 +0800] "POST /department/course/professional/class.do HTTP/1.1" 200 970
