0:0:0:0:0:0:0:1 - - [20/Feb/2020:21:52:41 +0800] "GET / HTTP/1.1" 200 2267
0:0:0:0:0:0:0:1 - - [20/Feb/2020:21:52:42 +0800] "GET /verifyUtil.do HTTP/1.1" 200 623
0:0:0:0:0:0:0:1 - - [20/Feb/2020:21:52:59 +0800] "POST /login.do HTTP/1.1" 302 -
0:0:0:0:0:0:0:1 - - [20/Feb/2020:21:52:59 +0800] "GET /teacher/login.do?username=201610414415&password=123456 HTTP/1.1" 200 2557
0:0:0:0:0:0:0:1 - - [20/Feb/2020:21:53:01 +0800] "GET /teacher/score/enter/get.do HTTP/1.1" 200 3380
0:0:0:0:0:0:0:1 - - [20/Feb/2020:21:53:03 +0800] "POST /teacher/score/enter/select.do HTTP/1.1" 200 1138
0:0:0:0:0:0:0:1 - - [20/Feb/2020:21:53:09 +0800] "POST /teacher/score/enter/ratio.do HTTP/1.1" 200 26273
0:0:0:0:0:0:0:1 - - [20/Feb/2020:21:53:34 +0800] "POST /teacher/score/enter/input.do HTTP/1.1" 500 7292
0:0:0:0:0:0:0:1 - - [20/Feb/2020:21:54:06 +0800] "POST /teacher/score/enter/select.do HTTP/1.1" 200 1138
0:0:0:0:0:0:0:1 - - [20/Feb/2020:21:54:10 +0800] "POST /teacher/score/enter/ratio.do HTTP/1.1" 200 903
0:0:0:0:0:0:0:1 - - [20/Feb/2020:21:54:14 +0800] "GET /teacher/score/enter/get.do HTTP/1.1" 200 3380
0:0:0:0:0:0:0:1 - - [20/Feb/2020:21:54:15 +0800] "POST /teacher/score/enter/select.do HTTP/1.1" 200 1138
0:0:0:0:0:0:0:1 - - [20/Feb/2020:21:54:18 +0800] "POST /teacher/score/enter/ratio.do HTTP/1.1" 200 1333
0:0:0:0:0:0:0:1 - - [20/Feb/2020:21:54:27 +0800] "POST /teacher/score/enter/input.do HTTP/1.1" 500 7292
0:0:0:0:0:0:0:1 - - [20/Feb/2020:21:56:39 +0800] "GET /teacher/login.do?username=201610414415&password=123456 HTTP/1.1" 200 2557
0:0:0:0:0:0:0:1 - - [20/Feb/2020:21:56:39 +0800] "GET /favicon.ico HTTP/1.1" 200 946
0:0:0:0:0:0:0:1 - - [20/Feb/2020:21:56:42 +0800] "GET /teacher/score/enter/get.do HTTP/1.1" 200 3380
0:0:0:0:0:0:0:1 - - [20/Feb/2020:21:56:46 +0800] "POST /teacher/score/enter/select.do HTTP/1.1" 200 1138
0:0:0:0:0:0:0:1 - - [20/Feb/2020:21:56:50 +0800] "POST /teacher/score/enter/ratio.do HTTP/1.1" 200 26273
0:0:0:0:0:0:0:1 - - [20/Feb/2020:21:56:55 +0800] "POST /teacher/score/enter/input.do HTTP/1.1" 500 7322
0:0:0:0:0:0:0:1 - - [20/Feb/2020:21:57:06 +0800] "POST /teacher/score/enter/select.do HTTP/1.1" 200 1138
0:0:0:0:0:0:0:1 - - [20/Feb/2020:21:57:21 +0800] "POST /teacher/score/enter/ratio.do HTTP/1.1" 200 1333
0:0:0:0:0:0:0:1 - - [20/Feb/2020:21:57:24 +0800] "POST /teacher/score/enter/input.do HTTP/1.1" 500 11378
0:0:0:0:0:0:0:1 - - [20/Feb/2020:21:59:40 +0800] "GET /teacher/score/enter/get.do HTTP/1.1" 500 7099
0:0:0:0:0:0:0:1 - - [20/Feb/2020:21:59:40 +0800] "GET /favicon.ico HTTP/1.1" 200 946
0:0:0:0:0:0:0:1 - - [20/Feb/2020:21:59:41 +0800] "GET /teacher/score/enter/get.do HTTP/1.1" 500 7099
0:0:0:0:0:0:0:1 - - [20/Feb/2020:21:59:41 +0800] "GET /favicon.ico HTTP/1.1" 200 946
0:0:0:0:0:0:0:1 - - [20/Feb/2020:21:59:43 +0800] "GET /teacher/login.do?username=201610414415&password=123456 HTTP/1.1" 200 2557
0:0:0:0:0:0:0:1 - - [20/Feb/2020:21:59:43 +0800] "GET /favicon.ico HTTP/1.1" 200 946
0:0:0:0:0:0:0:1 - - [20/Feb/2020:22:05:46 +0800] "GET /teacher/score/enter/get.do HTTP/1.1" 200 3380
0:0:0:0:0:0:0:1 - - [20/Feb/2020:22:05:47 +0800] "GET /teacher/login.do?username=201610414415&password=123456 HTTP/1.1" 200 2557
0:0:0:0:0:0:0:1 - - [20/Feb/2020:22:05:47 +0800] "GET /favicon.ico HTTP/1.1" 200 946
0:0:0:0:0:0:0:1 - - [20/Feb/2020:22:05:48 +0800] "GET /teacher/score/enter/get.do HTTP/1.1" 200 3380
0:0:0:0:0:0:0:1 - - [20/Feb/2020:22:05:51 +0800] "POST /teacher/score/enter/select.do HTTP/1.1" 200 1138
0:0:0:0:0:0:0:1 - - [20/Feb/2020:22:05:54 +0800] "POST /teacher/score/enter/ratio.do HTTP/1.1" 200 1333
0:0:0:0:0:0:0:1 - - [20/Feb/2020:22:05:59 +0800] "POST /teacher/score/enter/input.do HTTP/1.1" 200 1394
0:0:0:0:0:0:0:1 - - [20/Feb/2020:22:07:31 +0800] "GET /teacher/login.do?username=201610414415&password=123456 HTTP/1.1" 200 2557
0:0:0:0:0:0:0:1 - - [20/Feb/2020:22:07:31 +0800] "GET /favicon.ico HTTP/1.1" 200 946
0:0:0:0:0:0:0:1 - - [20/Feb/2020:22:07:31 +0800] "GET /teacher/score/enter/get.do HTTP/1.1" 200 3380
0:0:0:0:0:0:0:1 - - [20/Feb/2020:22:07:34 +0800] "POST /teacher/score/enter/select.do HTTP/1.1" 200 1138
0:0:0:0:0:0:0:1 - - [20/Feb/2020:22:07:37 +0800] "POST /teacher/score/enter/ratio.do HTTP/1.1" 200 1333
0:0:0:0:0:0:0:1 - - [20/Feb/2020:22:07:41 +0800] "POST /teacher/score/enter/input.do HTTP/1.1" 200 1428
0:0:0:0:0:0:0:1 - - [20/Feb/2020:22:11:19 +0800] "GET /teacher/login.do?username=201610414415&password=123456 HTTP/1.1" 200 2557
0:0:0:0:0:0:0:1 - - [20/Feb/2020:22:11:19 +0800] "GET /favicon.ico HTTP/1.1" 200 946
0:0:0:0:0:0:0:1 - - [20/Feb/2020:22:11:19 +0800] "GET /teacher/score/enter/get.do HTTP/1.1" 200 3380
0:0:0:0:0:0:0:1 - - [20/Feb/2020:22:11:21 +0800] "POST /teacher/score/enter/select.do HTTP/1.1" 200 1138
0:0:0:0:0:0:0:1 - - [20/Feb/2020:22:11:25 +0800] "POST /teacher/score/enter/ratio.do HTTP/1.1" 200 1333
0:0:0:0:0:0:0:1 - - [20/Feb/2020:22:11:29 +0800] "POST /teacher/score/enter/input.do HTTP/1.1" 200 1177
0:0:0:0:0:0:0:1 - - [20/Feb/2020:22:15:19 +0800] "GET /teacher/login.do?username=201610414415&password=123456 HTTP/1.1" 200 2557
0:0:0:0:0:0:0:1 - - [20/Feb/2020:22:15:19 +0800] "GET /favicon.ico HTTP/1.1" 200 946
0:0:0:0:0:0:0:1 - - [20/Feb/2020:22:15:19 +0800] "GET /teacher/score/enter/get.do HTTP/1.1" 200 3380
0:0:0:0:0:0:0:1 - - [20/Feb/2020:22:15:20 +0800] "POST /teacher/score/enter/select.do HTTP/1.1" 200 1138
0:0:0:0:0:0:0:1 - - [20/Feb/2020:22:15:24 +0800] "POST /teacher/score/enter/ratio.do HTTP/1.1" 200 1333
0:0:0:0:0:0:0:1 - - [20/Feb/2020:22:15:28 +0800] "POST /teacher/score/enter/input.do HTTP/1.1" 200 1177
0:0:0:0:0:0:0:1 - - [20/Feb/2020:22:18:08 +0800] "GET /teacher/login.do?username=201610414415&password=123456 HTTP/1.1" 200 2557
0:0:0:0:0:0:0:1 - - [20/Feb/2020:22:18:08 +0800] "GET /favicon.ico HTTP/1.1" 200 946
0:0:0:0:0:0:0:1 - - [20/Feb/2020:22:18:09 +0800] "GET /teacher/score/enter/get.do HTTP/1.1" 200 3380
0:0:0:0:0:0:0:1 - - [20/Feb/2020:22:18:11 +0800] "POST /teacher/score/enter/select.do HTTP/1.1" 200 1138
0:0:0:0:0:0:0:1 - - [20/Feb/2020:22:18:15 +0800] "POST /teacher/score/enter/ratio.do HTTP/1.1" 200 1333
0:0:0:0:0:0:0:1 - - [20/Feb/2020:22:18:18 +0800] "POST /teacher/score/enter/input.do HTTP/1.1" 200 1428
0:0:0:0:0:0:0:1 - - [20/Feb/2020:22:18:34 +0800] "POST /teacher/score/enter/ensure.do HTTP/1.1" 200 292
0:0:0:0:0:0:0:1 - - [20/Feb/2020:22:18:38 +0800] "GET /teacher/return.do HTTP/1.1" 200 2530
0:0:0:0:0:0:0:1 - - [20/Feb/2020:22:20:05 +0800] "GET /teacher/score/enter/get.do HTTP/1.1" 200 3380
0:0:0:0:0:0:0:1 - - [20/Feb/2020:22:21:25 +0800] "GET /teacher/return.do HTTP/1.1" 500 10822
0:0:0:0:0:0:0:1 - - [20/Feb/2020:22:21:25 +0800] "GET /favicon.ico HTTP/1.1" 200 946
0:0:0:0:0:0:0:1 - - [20/Feb/2020:22:21:26 +0800] "GET /teacher/return.do HTTP/1.1" 500 10822
0:0:0:0:0:0:0:1 - - [20/Feb/2020:22:21:26 +0800] "GET /favicon.ico HTTP/1.1" 200 946
0:0:0:0:0:0:0:1 - - [20/Feb/2020:22:21:30 +0800] "GET /teacher/return.do HTTP/1.1" 500 10822
0:0:0:0:0:0:0:1 - - [20/Feb/2020:22:21:34 +0800] "GET /teacher/ HTTP/1.1" 404 295
0:0:0:0:0:0:0:1 - - [20/Feb/2020:22:21:56 +0800] "GET / HTTP/1.1" 200 2267
0:0:0:0:0:0:0:1 - - [20/Feb/2020:22:21:56 +0800] "GET /verifyUtil.do HTTP/1.1" 200 715
0:0:0:0:0:0:0:1 - - [20/Feb/2020:22:22:05 +0800] "GET /verifyUtil.do?55 HTTP/1.1" 200 685
0:0:0:0:0:0:0:1 - - [20/Feb/2020:22:22:12 +0800] "POST /login.do HTTP/1.1" 302 -
0:0:0:0:0:0:0:1 - - [20/Feb/2020:22:22:12 +0800] "GET /teacher/login.do?username=201610414415&password=123456 HTTP/1.1" 200 2557
0:0:0:0:0:0:0:1 - - [20/Feb/2020:22:22:13 +0800] "GET /teacher/score/enter/get.do HTTP/1.1" 200 3380
0:0:0:0:0:0:0:1 - - [20/Feb/2020:22:22:15 +0800] "POST /teacher/score/enter/select.do HTTP/1.1" 200 1138
0:0:0:0:0:0:0:1 - - [20/Feb/2020:22:22:19 +0800] "POST /teacher/score/enter/ratio.do HTTP/1.1" 200 1333
0:0:0:0:0:0:0:1 - - [20/Feb/2020:22:22:22 +0800] "POST /teacher/score/enter/input.do HTTP/1.1" 200 1428
0:0:0:0:0:0:0:1 - - [20/Feb/2020:22:22:24 +0800] "POST /teacher/score/enter/ensure.do HTTP/1.1" 200 292
0:0:0:0:0:0:0:1 - - [20/Feb/2020:22:22:26 +0800] "GET /teacher/return.do HTTP/1.1" 200 2530
