0:0:0:0:0:0:0:1 - - [31/Oct/2018:14:06:00 +0800] "GET / HTTP/1.1" 200 1178
0:0:0:0:0:0:0:1 - - [31/Oct/2018:14:06:01 +0800] "GET /verifyUtil.do HTTP/1.1" 200 594
0:0:0:0:0:0:0:1 - - [31/Oct/2018:14:06:02 +0800] "GET /verifyUtil.do?38 HTTP/1.1" 200 670
0:0:0:0:0:0:0:1 - - [31/Oct/2018:14:06:17 +0800] "POST /login.do HTTP/1.1" 302 -
0:0:0:0:0:0:0:1 - - [31/Oct/2018:14:06:17 +0800] "GET /department/login.do?username=000000000001&password=123456 HTTP/1.1" 200 1147
0:0:0:0:0:0:0:1 - - [31/Oct/2018:14:06:21 +0800] "GET /department/course/professional HTTP/1.1" 200 31
0:0:0:0:0:0:0:1 - - [31/Oct/2018:14:07:51 +0800] "GET /department/course/professional HTTP/1.1" 200 736
0:0:0:0:0:0:0:1 - - [31/Oct/2018:14:07:51 +0800] "GET /favicon.ico HTTP/1.1" 200 946
0:0:0:0:0:0:0:1 - - [31/Oct/2018:14:13:32 +0800] "GET / HTTP/1.1" 200 1178
0:0:0:0:0:0:0:1 - - [31/Oct/2018:14:13:32 +0800] "GET /verifyUtil.do HTTP/1.1" 200 676
0:0:0:0:0:0:0:1 - - [31/Oct/2018:14:13:41 +0800] "POST /login.do HTTP/1.1" 302 -
0:0:0:0:0:0:0:1 - - [31/Oct/2018:14:13:41 +0800] "GET /student/login.do?username=000000000001&password=123456 HTTP/1.1" 200 1220
0:0:0:0:0:0:0:1 - - [31/Oct/2018:14:13:41 +0800] "GET /verifyUtil.do HTTP/1.1" 200 674
0:0:0:0:0:0:0:1 - - [31/Oct/2018:14:13:50 +0800] "POST /login.do HTTP/1.1" 302 -
0:0:0:0:0:0:0:1 - - [31/Oct/2018:14:13:50 +0800] "GET /department/login.do?username=000000000001&password=123456 HTTP/1.1" 200 1147
0:0:0:0:0:0:0:1 - - [31/Oct/2018:14:19:10 +0800] "GET /department/login.do?username=000000000001&password=123456 HTTP/1.1" 200 1145
0:0:0:0:0:0:0:1 - - [31/Oct/2018:14:19:10 +0800] "GET /favicon.ico HTTP/1.1" 200 946
0:0:0:0:0:0:0:1 - - [31/Oct/2018:14:19:11 +0800] "GET /department/course/professional HTTP/1.1" 200 1886
0:0:0:0:0:0:0:1 - - [31/Oct/2018:14:39:30 +0800] "GET /department/course/professional HTTP/1.1" 404 295
0:0:0:0:0:0:0:1 - - [31/Oct/2018:14:39:30 +0800] "GET /favicon.ico HTTP/1.1" 200 946
0:0:0:0:0:0:0:1 - - [31/Oct/2018:14:39:55 +0800] "GET /department/course/professional/class HTTP/1.1" 404 295
0:0:0:0:0:0:0:1 - - [31/Oct/2018:14:40:26 +0800] "GET /department/course/professional.get HTTP/1.1" 404 295
0:0:0:0:0:0:0:1 - - [31/Oct/2018:14:40:33 +0800] "GET /department/course/professional/class.get HTTP/1.1" 200 7553
0:0:0:0:0:0:0:1 - - [31/Oct/2018:14:41:00 +0800] "GET /department/course/professional/class.get HTTP/1.1" 200 7553
0:0:0:0:0:0:0:1 - - [31/Oct/2018:14:41:00 +0800] "GET /favicon.ico HTTP/1.1" 200 946
0:0:0:0:0:0:0:1 - - [31/Oct/2018:14:41:13 +0800] "GET /department/course/professional/class.get HTTP/1.1" 200 6098
0:0:0:0:0:0:0:1 - - [31/Oct/2018:14:41:13 +0800] "GET /favicon.ico HTTP/1.1" 200 946
0:0:0:0:0:0:0:1 - - [31/Oct/2018:15:08:42 +0800] "GET /department/course/professional/class.get HTTP/1.1" 404 295
0:0:0:0:0:0:0:1 - - [31/Oct/2018:15:08:42 +0800] "GET /favicon.ico HTTP/1.1" 200 946
0:0:0:0:0:0:0:1 - - [31/Oct/2018:15:08:42 +0800] "GET /department/course/professional/class.get HTTP/1.1" 404 295
0:0:0:0:0:0:0:1 - - [31/Oct/2018:15:08:42 +0800] "GET /favicon.ico HTTP/1.1" 200 946
0:0:0:0:0:0:0:1 - - [31/Oct/2018:15:08:43 +0800] "GET /department/course/professional/class.get HTTP/1.1" 404 295
0:0:0:0:0:0:0:1 - - [31/Oct/2018:15:08:43 +0800] "GET /favicon.ico HTTP/1.1" 200 946
0:0:0:0:0:0:0:1 - - [31/Oct/2018:15:08:43 +0800] "GET /department/course/professional/class.get HTTP/1.1" 404 295
0:0:0:0:0:0:0:1 - - [31/Oct/2018:15:08:43 +0800] "GET /favicon.ico HTTP/1.1" 200 946
0:0:0:0:0:0:0:1 - - [31/Oct/2018:15:08:43 +0800] "GET /department/course/professional/class.get HTTP/1.1" 404 295
0:0:0:0:0:0:0:1 - - [31/Oct/2018:15:08:43 +0800] "GET /favicon.ico HTTP/1.1" 200 946
0:0:0:0:0:0:0:1 - - [31/Oct/2018:15:08:43 +0800] "GET /department/course/professional/class.get HTTP/1.1" 404 295
0:0:0:0:0:0:0:1 - - [31/Oct/2018:15:08:43 +0800] "GET /favicon.ico HTTP/1.1" 200 946
0:0:0:0:0:0:0:1 - - [31/Oct/2018:15:08:48 +0800] "GET /department/course/professional/class HTTP/1.1" 200 7058
0:0:0:0:0:0:0:1 - - [31/Oct/2018:15:08:53 +0800] "POST /department/course/professional/class.set HTTP/1.1" 404 295
0:0:0:0:0:0:0:1 - - [31/Oct/2018:15:09:24 +0800] "POST /department/course/professional/class.set HTTP/1.1" 404 295
0:0:0:0:0:0:0:1 - - [31/Oct/2018:15:09:34 +0800] "GET /department/course/professional/class HTTP/1.1" 200 7057
0:0:0:0:0:0:0:1 - - [31/Oct/2018:15:09:34 +0800] "GET /favicon.ico HTTP/1.1" 200 946
0:0:0:0:0:0:0:1 - - [31/Oct/2018:15:09:34 +0800] "GET /department/course/professional/class HTTP/1.1" 200 7057
0:0:0:0:0:0:0:1 - - [31/Oct/2018:15:09:34 +0800] "GET /favicon.ico HTTP/1.1" 200 946
0:0:0:0:0:0:0:1 - - [31/Oct/2018:15:09:34 +0800] "GET /department/course/professional/class HTTP/1.1" 200 7057
0:0:0:0:0:0:0:1 - - [31/Oct/2018:15:09:34 +0800] "GET /favicon.ico HTTP/1.1" 200 946
0:0:0:0:0:0:0:1 - - [31/Oct/2018:15:09:34 +0800] "GET /department/course/professional/class HTTP/1.1" 200 7057
0:0:0:0:0:0:0:1 - - [31/Oct/2018:15:09:34 +0800] "GET /favicon.ico HTTP/1.1" 200 946
0:0:0:0:0:0:0:1 - - [31/Oct/2018:15:09:34 +0800] "GET /department/course/professional/class HTTP/1.1" 200 7057
0:0:0:0:0:0:0:1 - - [31/Oct/2018:15:09:34 +0800] "GET /favicon.ico HTTP/1.1" 200 946
0:0:0:0:0:0:0:1 - - [31/Oct/2018:15:09:38 +0800] "POST /department/course/professional/class.do HTTP/1.1" 404 295
0:0:0:0:0:0:0:1 - - [31/Oct/2018:15:11:03 +0800] "GET /department/course/professional/class HTTP/1.1" 200 7057
0:0:0:0:0:0:0:1 - - [31/Oct/2018:15:11:03 +0800] "GET /favicon.ico HTTP/1.1" 200 946
0:0:0:0:0:0:0:1 - - [31/Oct/2018:15:11:06 +0800] "POST /department/course/professional/class.do HTTP/1.1" 404 295
0:0:0:0:0:0:0:1 - - [31/Oct/2018:15:11:42 +0800] "GET /department/course/professional/class HTTP/1.1" 200 7057
0:0:0:0:0:0:0:1 - - [31/Oct/2018:15:11:42 +0800] "GET /favicon.ico HTTP/1.1" 200 946
0:0:0:0:0:0:0:1 - - [31/Oct/2018:15:11:43 +0800] "POST /department/course/professional/class.do HTTP/1.1" 200 37
0:0:0:0:0:0:0:1 - - [31/Oct/2018:15:18:15 +0800] "GET / HTTP/1.1" 200 1176
0:0:0:0:0:0:0:1 - - [31/Oct/2018:15:18:15 +0800] "GET /verifyUtil.do HTTP/1.1" 200 622
0:0:0:0:0:0:0:1 - - [31/Oct/2018:15:18:23 +0800] "POST /login.do HTTP/1.1" 302 -
0:0:0:0:0:0:0:1 - - [31/Oct/2018:15:18:24 +0800] "GET /department/login.do?username=000000000001&password=123 HTTP/1.1" 200 1218
0:0:0:0:0:0:0:1 - - [31/Oct/2018:15:18:24 +0800] "GET /verifyUtil.do HTTP/1.1" 200 633
0:0:0:0:0:0:0:1 - - [31/Oct/2018:15:18:40 +0800] "POST /login.do HTTP/1.1" 302 -
0:0:0:0:0:0:0:1 - - [31/Oct/2018:15:18:41 +0800] "GET /department/login.do?username=000000000001&password=123456 HTTP/1.1" 500 518
0:0:0:0:0:0:0:1 - - [31/Oct/2018:15:19:57 +0800] "GET /department/login.do?username=000000000001&password=123456 HTTP/1.1" 200 1151
0:0:0:0:0:0:0:1 - - [31/Oct/2018:15:19:57 +0800] "GET /favicon.ico HTTP/1.1" 200 946
0:0:0:0:0:0:0:1 - - [31/Oct/2018:15:20:01 +0800] "GET /department/course/professional/class HTTP/1.1" 200 7057
0:0:0:0:0:0:0:1 - - [31/Oct/2018:15:20:03 +0800] "POST /department/course/professional/class.do HTTP/1.1" 500 427
0:0:0:0:0:0:0:1 - - [31/Oct/2018:15:31:41 +0800] "GET /department/course/professional/class HTTP/1.1" 200 7066
0:0:0:0:0:0:0:1 - - [31/Oct/2018:15:31:41 +0800] "GET /favicon.ico HTTP/1.1" 200 946
0:0:0:0:0:0:0:1 - - [31/Oct/2018:15:31:43 +0800] "POST /department/course/professional/class.do HTTP/1.1" 500 533
0:0:0:0:0:0:0:1 - - [31/Oct/2018:15:33:21 +0800] "GET /department/course/professional/class HTTP/1.1" 200 7066
0:0:0:0:0:0:0:1 - - [31/Oct/2018:15:33:21 +0800] "GET /favicon.ico HTTP/1.1" 200 946
0:0:0:0:0:0:0:1 - - [31/Oct/2018:15:33:22 +0800] "GET /department/course/professional/class HTTP/1.1" 200 7066
0:0:0:0:0:0:0:1 - - [31/Oct/2018:15:33:22 +0800] "GET /favicon.ico HTTP/1.1" 200 946
0:0:0:0:0:0:0:1 - - [31/Oct/2018:15:33:25 +0800] "POST /department/course/professional/class.do HTTP/1.1" 500 532
0:0:0:0:0:0:0:1 - - [31/Oct/2018:15:51:49 +0800] "GET /department/course/professional/class HTTP/1.1" 200 7066
0:0:0:0:0:0:0:1 - - [31/Oct/2018:15:51:49 +0800] "GET /favicon.ico HTTP/1.1" 200 946
0:0:0:0:0:0:0:1 - - [31/Oct/2018:15:51:51 +0800] "POST /department/course/professional/class.do HTTP/1.1" 500 532
0:0:0:0:0:0:0:1 - - [31/Oct/2018:15:53:36 +0800] "GET /department/course/professional/class HTTP/1.1" 200 7066
0:0:0:0:0:0:0:1 - - [31/Oct/2018:15:53:36 +0800] "GET /favicon.ico HTTP/1.1" 200 946
0:0:0:0:0:0:0:1 - - [31/Oct/2018:15:53:39 +0800] "POST /department/course/professional/class.do HTTP/1.1" 200 420
0:0:0:0:0:0:0:1 - - [31/Oct/2018:15:56:10 +0800] "GET /department/course/professional/class HTTP/1.1" 200 7066
0:0:0:0:0:0:0:1 - - [31/Oct/2018:15:56:10 +0800] "GET /favicon.ico HTTP/1.1" 200 946
0:0:0:0:0:0:0:1 - - [31/Oct/2018:15:56:12 +0800] "POST /department/course/professional/class.do HTTP/1.1" 200 547
0:0:0:0:0:0:0:1 - - [31/Oct/2018:15:57:57 +0800] "POST /department/course/professional/class.do HTTP/1.1" 200 547
0:0:0:0:0:0:0:1 - - [31/Oct/2018:15:57:57 +0800] "GET /favicon.ico HTTP/1.1" 200 946
0:0:0:0:0:0:0:1 - - [31/Oct/2018:16:02:32 +0800] "GET / HTTP/1.1" 200 1176
0:0:0:0:0:0:0:1 - - [31/Oct/2018:16:02:32 +0800] "GET /verifyUtil.do HTTP/1.1" 200 723
0:0:0:0:0:0:0:1 - - [31/Oct/2018:16:02:50 +0800] "POST /login.do HTTP/1.1" 302 -
0:0:0:0:0:0:0:1 - - [31/Oct/2018:16:02:51 +0800] "GET /department/login.do?username=000000000001&password=123456 HTTP/1.1" 200 1151
0:0:0:0:0:0:0:1 - - [31/Oct/2018:16:02:52 +0800] "GET /department/course/professional/class HTTP/1.1" 200 7066
0:0:0:0:0:0:0:1 - - [31/Oct/2018:16:02:55 +0800] "POST /department/course/professional/class.do HTTP/1.1" 200 551
0:0:0:0:0:0:0:1 - - [31/Oct/2018:16:06:25 +0800] "GET / HTTP/1.1" 200 1175
0:0:0:0:0:0:0:1 - - [31/Oct/2018:16:06:25 +0800] "GET /verifyUtil.do HTTP/1.1" 200 611
0:0:0:0:0:0:0:1 - - [31/Oct/2018:16:06:32 +0800] "GET /verifyUtil.do?9 HTTP/1.1" 200 589
0:0:0:0:0:0:0:1 - - [31/Oct/2018:16:06:35 +0800] "POST /login.do HTTP/1.1" 200 1203
0:0:0:0:0:0:0:1 - - [31/Oct/2018:16:06:35 +0800] "GET /verifyUtil.do HTTP/1.1" 200 672
0:0:0:0:0:0:0:1 - - [31/Oct/2018:16:06:45 +0800] "POST /login.do HTTP/1.1" 302 -
0:0:0:0:0:0:0:1 - - [31/Oct/2018:16:06:45 +0800] "GET /department/login.do?username=000000000001&password=123456 HTTP/1.1" 200 1141
0:0:0:0:0:0:0:1 - - [31/Oct/2018:16:06:49 +0800] "GET /department/department/course/professional HTTP/1.1" 404 295
0:0:0:0:0:0:0:1 - - [31/Oct/2018:16:09:42 +0800] "GET / HTTP/1.1" 200 1175
0:0:0:0:0:0:0:1 - - [31/Oct/2018:16:09:42 +0800] "GET /verifyUtil.do HTTP/1.1" 200 605
0:0:0:0:0:0:0:1 - - [31/Oct/2018:16:09:42 +0800] "GET /favicon.ico HTTP/1.1" 200 946
0:0:0:0:0:0:0:1 - - [31/Oct/2018:16:09:42 +0800] "GET / HTTP/1.1" 200 1175
0:0:0:0:0:0:0:1 - - [31/Oct/2018:16:09:42 +0800] "GET /verifyUtil.do HTTP/1.1" 200 550
0:0:0:0:0:0:0:1 - - [31/Oct/2018:16:09:42 +0800] "GET /favicon.ico HTTP/1.1" 200 946
0:0:0:0:0:0:0:1 - - [31/Oct/2018:16:09:52 +0800] "POST /login.do HTTP/1.1" 200 1206
0:0:0:0:0:0:0:1 - - [31/Oct/2018:16:09:52 +0800] "GET /verifyUtil.do HTTP/1.1" 200 719
0:0:0:0:0:0:0:1 - - [31/Oct/2018:16:10:00 +0800] "POST /login.do HTTP/1.1" 200 1206
0:0:0:0:0:0:0:1 - - [31/Oct/2018:16:10:00 +0800] "GET /verifyUtil.do HTTP/1.1" 200 689
0:0:0:0:0:0:0:1 - - [31/Oct/2018:16:10:10 +0800] "POST /login.do HTTP/1.1" 302 -
0:0:0:0:0:0:0:1 - - [31/Oct/2018:16:10:10 +0800] "GET /department/login.do?username=000000000001&password=123456 HTTP/1.1" 200 1141
0:0:0:0:0:0:0:1 - - [31/Oct/2018:16:11:02 +0800] "GET /department/login.do?username=000000000001&password=123456 HTTP/1.1" 500 538
0:0:0:0:0:0:0:1 - - [31/Oct/2018:16:11:02 +0800] "GET /favicon.ico HTTP/1.1" 200 946
0:0:0:0:0:0:0:1 - - [31/Oct/2018:16:11:03 +0800] "GET /department/login.do?username=000000000001&password=123456 HTTP/1.1" 500 538
0:0:0:0:0:0:0:1 - - [31/Oct/2018:16:11:03 +0800] "GET /favicon.ico HTTP/1.1" 200 946
0:0:0:0:0:0:0:1 - - [31/Oct/2018:16:11:48 +0800] "POST /login.do HTTP/1.1" 200 1206
0:0:0:0:0:0:0:1 - - [31/Oct/2018:16:11:48 +0800] "GET /verifyUtil.do HTTP/1.1" 200 682
0:0:0:0:0:0:0:1 - - [31/Oct/2018:16:11:48 +0800] "GET /favicon.ico HTTP/1.1" 200 946
0:0:0:0:0:0:0:1 - - [31/Oct/2018:16:11:57 +0800] "POST /login.do HTTP/1.1" 302 -
0:0:0:0:0:0:0:1 - - [31/Oct/2018:16:11:57 +0800] "GET /department/login.do?username=000000000001&password=123456 HTTP/1.1" 200 1141
0:0:0:0:0:0:0:1 - - [31/Oct/2018:16:12:44 +0800] "GET /department/login.do?username=000000000001&password=123456 HTTP/1.1" 200 1141
0:0:0:0:0:0:0:1 - - [31/Oct/2018:16:12:44 +0800] "GET /favicon.ico HTTP/1.1" 200 946
0:0:0:0:0:0:0:1 - - [31/Oct/2018:16:12:45 +0800] "GET /department/department/course/professional HTTP/1.1" 404 295
0:0:0:0:0:0:0:1 - - [31/Oct/2018:16:12:52 +0800] "GET /department/login.do?username=000000000001&password=123456 HTTP/1.1" 200 1141
0:0:0:0:0:0:0:1 - - [31/Oct/2018:16:12:52 +0800] "GET /favicon.ico HTTP/1.1" 200 946
0:0:0:0:0:0:0:1 - - [31/Oct/2018:16:12:53 +0800] "GET /department/login.do?username=000000000001&password=123456 HTTP/1.1" 200 1141
0:0:0:0:0:0:0:1 - - [31/Oct/2018:16:12:53 +0800] "GET /favicon.ico HTTP/1.1" 200 946
0:0:0:0:0:0:0:1 - - [31/Oct/2018:16:12:53 +0800] "GET /department/department/course/professional HTTP/1.1" 404 295
0:0:0:0:0:0:0:1 - - [31/Oct/2018:16:12:56 +0800] "GET /department/login.do?username=000000000001&password=123456 HTTP/1.1" 200 1141
0:0:0:0:0:0:0:1 - - [31/Oct/2018:16:12:56 +0800] "GET /favicon.ico HTTP/1.1" 200 946
0:0:0:0:0:0:0:1 - - [31/Oct/2018:16:12:56 +0800] "GET /department/login.do?username=000000000001&password=123456 HTTP/1.1" 200 1141
0:0:0:0:0:0:0:1 - - [31/Oct/2018:16:12:56 +0800] "GET /favicon.ico HTTP/1.1" 200 946
0:0:0:0:0:0:0:1 - - [31/Oct/2018:16:12:57 +0800] "GET /department/login.do?username=000000000001&password=123456 HTTP/1.1" 200 1141
0:0:0:0:0:0:0:1 - - [31/Oct/2018:16:12:57 +0800] "GET /favicon.ico HTTP/1.1" 200 946
0:0:0:0:0:0:0:1 - - [31/Oct/2018:16:12:57 +0800] "GET /department/login.do?username=000000000001&password=123456 HTTP/1.1" 200 1141
0:0:0:0:0:0:0:1 - - [31/Oct/2018:16:12:57 +0800] "GET /favicon.ico HTTP/1.1" 200 946
0:0:0:0:0:0:0:1 - - [31/Oct/2018:16:12:57 +0800] "GET /department/login.do?username=000000000001&password=123456 HTTP/1.1" 200 1141
0:0:0:0:0:0:0:1 - - [31/Oct/2018:16:12:57 +0800] "GET /favicon.ico HTTP/1.1" 200 946
0:0:0:0:0:0:0:1 - - [31/Oct/2018:16:12:57 +0800] "GET /department/login.do?username=000000000001&password=123456 HTTP/1.1" 200 1141
0:0:0:0:0:0:0:1 - - [31/Oct/2018:16:12:57 +0800] "GET /favicon.ico HTTP/1.1" 200 946
0:0:0:0:0:0:0:1 - - [31/Oct/2018:16:12:57 +0800] "GET /department/login.do?username=000000000001&password=123456 HTTP/1.1" 200 1141
0:0:0:0:0:0:0:1 - - [31/Oct/2018:16:12:57 +0800] "GET /favicon.ico HTTP/1.1" 200 946
0:0:0:0:0:0:0:1 - - [31/Oct/2018:16:12:57 +0800] "GET /department/login.do?username=000000000001&password=123456 HTTP/1.1" 200 1141
0:0:0:0:0:0:0:1 - - [31/Oct/2018:16:12:57 +0800] "GET /favicon.ico HTTP/1.1" 200 946
0:0:0:0:0:0:0:1 - - [31/Oct/2018:16:12:57 +0800] "GET /department/login.do?username=000000000001&password=123456 HTTP/1.1" 200 1141
0:0:0:0:0:0:0:1 - - [31/Oct/2018:16:12:57 +0800] "GET /favicon.ico HTTP/1.1" 200 946
0:0:0:0:0:0:0:1 - - [31/Oct/2018:16:13:11 +0800] "GET /department/department/course/professional HTTP/1.1" 404 295
0:0:0:0:0:0:0:1 - - [31/Oct/2018:16:13:16 +0800] "GET /department/department/course/professional HTTP/1.1" 404 295
0:0:0:0:0:0:0:1 - - [31/Oct/2018:16:13:52 +0800] "GET /department/login.do?username=000000000001&password=123456 HTTP/1.1" 200 1097
0:0:0:0:0:0:0:1 - - [31/Oct/2018:16:13:52 +0800] "GET /favicon.ico HTTP/1.1" 200 946
0:0:0:0:0:0:0:1 - - [31/Oct/2018:16:13:53 +0800] "GET /department/course/professional HTTP/1.1" 500 553
0:0:0:0:0:0:0:1 - - [31/Oct/2018:16:15:15 +0800] "GET /department/login.do?username=000000000001&password=123456 HTTP/1.1" 200 1097
0:0:0:0:0:0:0:1 - - [31/Oct/2018:16:15:15 +0800] "GET /favicon.ico HTTP/1.1" 200 946
0:0:0:0:0:0:0:1 - - [31/Oct/2018:16:15:16 +0800] "GET /department/course/professional HTTP/1.1" 200 7065
0:0:0:0:0:0:0:1 - - [31/Oct/2018:16:15:19 +0800] "POST /department/course/department/course/professional/class.do HTTP/1.1" 404 295
0:0:0:0:0:0:0:1 - - [31/Oct/2018:16:18:10 +0800] "GET /department/course/professional HTTP/1.1" 200 7047
0:0:0:0:0:0:0:1 - - [31/Oct/2018:16:18:10 +0800] "GET /favicon.ico HTTP/1.1" 200 946
0:0:0:0:0:0:0:1 - - [31/Oct/2018:16:18:12 +0800] "GET /department/login.do?username=000000000001&password=123456 HTTP/1.1" 200 1097
0:0:0:0:0:0:0:1 - - [31/Oct/2018:16:18:12 +0800] "GET /favicon.ico HTTP/1.1" 200 946
0:0:0:0:0:0:0:1 - - [31/Oct/2018:16:18:12 +0800] "GET /department/course/professional HTTP/1.1" 200 7047
0:0:0:0:0:0:0:1 - - [31/Oct/2018:16:18:23 +0800] "POST /department/course/professional/class.do HTTP/1.1" 200 532
0:0:0:0:0:0:0:1 - - [31/Oct/2018:16:21:14 +0800] "POST /department/course/professional/professional/name.do HTTP/1.1" 404 295
0:0:0:0:0:0:0:1 - - [31/Oct/2018:16:25:40 +0800] "POST /department/course/professional/class.do HTTP/1.1" 200 532
0:0:0:0:0:0:0:1 - - [31/Oct/2018:16:25:40 +0800] "GET /favicon.ico HTTP/1.1" 200 946
0:0:0:0:0:0:0:1 - - [31/Oct/2018:16:25:41 +0800] "POST /department/course/professional/professional/name.do HTTP/1.1" 404 295
0:0:0:0:0:0:0:1 - - [31/Oct/2018:16:32:14 +0800] "GET / HTTP/1.1" 200 1175
0:0:0:0:0:0:0:1 - - [31/Oct/2018:16:32:14 +0800] "GET /verifyUtil.do HTTP/1.1" 200 685
0:0:0:0:0:0:0:1 - - [31/Oct/2018:16:32:26 +0800] "POST /login.do HTTP/1.1" 200 1206
0:0:0:0:0:0:0:1 - - [31/Oct/2018:16:32:26 +0800] "GET /verifyUtil.do HTTP/1.1" 200 628
0:0:0:0:0:0:0:1 - - [31/Oct/2018:16:32:35 +0800] "POST /login.do HTTP/1.1" 302 -
0:0:0:0:0:0:0:1 - - [31/Oct/2018:16:32:36 +0800] "GET /department/login.do?username=000000000001&password=123456 HTTP/1.1" 200 1113
0:0:0:0:0:0:0:1 - - [31/Oct/2018:16:32:37 +0800] "GET /department/course/professional/.do HTTP/1.1" 200 7034
0:0:0:0:0:0:0:1 - - [31/Oct/2018:16:32:42 +0800] "POST /department/course/professional/class.do HTTP/1.1" 200 519
0:0:0:0:0:0:0:1 - - [31/Oct/2018:17:04:19 +0800] "POST /department/course/professional/class.do HTTP/1.1" 200 534
0:0:0:0:0:0:0:1 - - [31/Oct/2018:17:04:19 +0800] "GET /favicon.ico HTTP/1.1" 200 946
0:0:0:0:0:0:0:1 - - [31/Oct/2018:17:04:21 +0800] "POST /department/course/professional/class.do HTTP/1.1" 200 534
0:0:0:0:0:0:0:1 - - [31/Oct/2018:17:04:21 +0800] "GET /favicon.ico HTTP/1.1" 200 946
0:0:0:0:0:0:0:1 - - [31/Oct/2018:17:05:05 +0800] "POST /department/course/professional/name.do HTTP/1.1" 200 35
0:0:0:0:0:0:0:1 - - [31/Oct/2018:17:05:31 +0800] "POST /department/course/professional/class.do HTTP/1.1" 200 519
0:0:0:0:0:0:0:1 - - [31/Oct/2018:17:05:31 +0800] "GET /favicon.ico HTTP/1.1" 200 946
0:0:0:0:0:0:0:1 - - [31/Oct/2018:17:05:35 +0800] "POST /department/course/professional/name.do HTTP/1.1" 200 1763
0:0:0:0:0:0:0:1 - - [31/Oct/2018:17:06:44 +0800] "POST /department/course/professional/name.do HTTP/1.1" 200 1828
0:0:0:0:0:0:0:1 - - [31/Oct/2018:17:06:44 +0800] "GET /favicon.ico HTTP/1.1" 200 946
0:0:0:0:0:0:0:1 - - [31/Oct/2018:17:07:26 +0800] "POST /department/course/professional/class.do HTTP/1.1" 200 519
0:0:0:0:0:0:0:1 - - [31/Oct/2018:17:07:26 +0800] "GET /favicon.ico HTTP/1.1" 200 946
0:0:0:0:0:0:0:1 - - [31/Oct/2018:17:07:28 +0800] "POST /department/course/professional/name.do HTTP/1.1" 200 1828
0:0:0:0:0:0:0:1 - - [31/Oct/2018:17:07:53 +0800] "POST /department/course/professional/name.do HTTP/1.1" 200 1836
0:0:0:0:0:0:0:1 - - [31/Oct/2018:17:07:53 +0800] "GET /favicon.ico HTTP/1.1" 200 946
0:0:0:0:0:0:0:1 - - [31/Oct/2018:17:07:56 +0800] "POST /department/course/professional/name.do HTTP/1.1" 200 1836
0:0:0:0:0:0:0:1 - - [31/Oct/2018:17:07:56 +0800] "GET /favicon.ico HTTP/1.1" 200 946
0:0:0:0:0:0:0:1 - - [31/Oct/2018:17:08:17 +0800] "POST /department/course/professional/name.do HTTP/1.1" 200 1836
0:0:0:0:0:0:0:1 - - [31/Oct/2018:17:08:17 +0800] "GET /favicon.ico HTTP/1.1" 200 946
0:0:0:0:0:0:0:1 - - [31/Oct/2018:17:08:19 +0800] "POST /department/course/professional/class.do HTTP/1.1" 200 527
0:0:0:0:0:0:0:1 - - [31/Oct/2018:17:08:19 +0800] "GET /favicon.ico HTTP/1.1" 200 946
0:0:0:0:0:0:0:1 - - [31/Oct/2018:17:08:24 +0800] "POST /department/course/professional/name.do HTTP/1.1" 200 1836
0:0:0:0:0:0:0:1 - - [31/Oct/2018:17:08:24 +0800] "GET /favicon.ico HTTP/1.1" 200 946
0:0:0:0:0:0:0:1 - - [31/Oct/2018:17:08:34 +0800] "POST /department/course/professional/name.do HTTP/1.1" 200 1836
0:0:0:0:0:0:0:1 - - [31/Oct/2018:17:08:34 +0800] "GET /favicon.ico HTTP/1.1" 200 946
0:0:0:0:0:0:0:1 - - [31/Oct/2018:17:08:50 +0800] "POST /department/course/professional/name.do HTTP/1.1" 200 1840
0:0:0:0:0:0:0:1 - - [31/Oct/2018:17:08:50 +0800] "GET /favicon.ico HTTP/1.1" 200 946
0:0:0:0:0:0:0:1 - - [31/Oct/2018:17:08:58 +0800] "POST /department/course/professional/class.do HTTP/1.1" 200 527
0:0:0:0:0:0:0:1 - - [31/Oct/2018:17:08:58 +0800] "GET /favicon.ico HTTP/1.1" 200 946
0:0:0:0:0:0:0:1 - - [31/Oct/2018:17:09:53 +0800] "POST /department/course/professional/name.do HTTP/1.1" 200 3317
0:0:0:0:0:0:0:1 - - [31/Oct/2018:17:09:53 +0800] "GET /favicon.ico HTTP/1.1" 200 946
0:0:0:0:0:0:0:1 - - [31/Oct/2018:17:11:30 +0800] "POST /department/course/professional/name.do HTTP/1.1" 200 3477
0:0:0:0:0:0:0:1 - - [31/Oct/2018:17:11:30 +0800] "GET /favicon.ico HTTP/1.1" 200 946
0:0:0:0:0:0:0:1 - - [31/Oct/2018:19:10:36 +0800] "GET / HTTP/1.1" 200 1331
0:0:0:0:0:0:0:1 - - [31/Oct/2018:19:10:38 +0800] "GET /verifyUtil.do HTTP/1.1" 200 664
0:0:0:0:0:0:0:1 - - [31/Oct/2018:19:10:44 +0800] "POST /login.do HTTP/1.1" 200 1361
0:0:0:0:0:0:0:1 - - [31/Oct/2018:19:10:44 +0800] "GET /verifyUtil.do HTTP/1.1" 200 767
0:0:0:0:0:0:0:1 - - [31/Oct/2018:19:10:54 +0800] "POST /login.do HTTP/1.1" 200 1362
0:0:0:0:0:0:0:1 - - [31/Oct/2018:19:10:54 +0800] "GET /verifyUtil.do HTTP/1.1" 200 731
0:0:0:0:0:0:0:1 - - [31/Oct/2018:19:11:07 +0800] "POST /login.do HTTP/1.1" 302 -
0:0:0:0:0:0:0:1 - - [31/Oct/2018:19:11:07 +0800] "GET /department/login.do?username=000000000001&password=123456 HTTP/1.1" 200 1116
0:0:0:0:0:0:0:1 - - [31/Oct/2018:19:11:08 +0800] "GET /department/course/professional/set.do HTTP/1.1" 200 7034
0:0:0:0:0:0:0:1 - - [31/Oct/2018:19:11:12 +0800] "POST /department/course/professional/class.do HTTP/1.1" 200 527
0:0:0:0:0:0:0:1 - - [31/Oct/2018:19:11:15 +0800] "POST /department/course/professional/name.do HTTP/1.1" 200 3483
0:0:0:0:0:0:0:1 - - [31/Oct/2018:19:11:23 +0800] "POST /department/course/professional/week.do HTTP/1.1" 200 1464
0:0:0:0:0:0:0:1 - - [31/Oct/2018:19:12:17 +0800] "POST /department/course/professional/week.do HTTP/1.1" 200 1463
0:0:0:0:0:0:0:1 - - [31/Oct/2018:19:16:28 +0800] "POST /department/course/professional/week.do HTTP/1.1" 200 1463
0:0:0:0:0:0:0:1 - - [31/Oct/2018:19:16:28 +0800] "GET /favicon.ico HTTP/1.1" 200 946
0:0:0:0:0:0:0:1 - - [31/Oct/2018:19:17:25 +0800] "POST /department/course/professional/week.do HTTP/1.1" 200 1467
0:0:0:0:0:0:0:1 - - [31/Oct/2018:19:17:25 +0800] "GET /favicon.ico HTTP/1.1" 200 946
0:0:0:0:0:0:0:1 - - [31/Oct/2018:19:18:02 +0800] "POST /department/course/professional/week.do HTTP/1.1" 200 1466
0:0:0:0:0:0:0:1 - - [31/Oct/2018:19:18:02 +0800] "GET /favicon.ico HTTP/1.1" 200 946
0:0:0:0:0:0:0:1 - - [31/Oct/2018:19:18:58 +0800] "POST /department/course/professional/name.do HTTP/1.1" 200 3480
0:0:0:0:0:0:0:1 - - [31/Oct/2018:19:18:58 +0800] "GET /favicon.ico HTTP/1.1" 200 946
0:0:0:0:0:0:0:1 - - [31/Oct/2018:19:20:47 +0800] "POST /department/course/professional/class.do HTTP/1.1" 200 525
0:0:0:0:0:0:0:1 - - [31/Oct/2018:19:20:47 +0800] "GET /favicon.ico HTTP/1.1" 200 946
0:0:0:0:0:0:0:1 - - [31/Oct/2018:19:20:49 +0800] "POST /department/course/professional/name.do HTTP/1.1" 200 3486
0:0:0:0:0:0:0:1 - - [31/Oct/2018:19:21:00 +0800] "POST /department/course/professional/week.do HTTP/1.1" 200 1465
0:0:0:0:0:0:0:1 - - [31/Oct/2018:19:21:04 +0800] "POST /department/course/professional/week.do HTTP/1.1" 500 595
0:0:0:0:0:0:0:1 - - [31/Oct/2018:19:24:46 +0800] "POST /department/course/professional/week.do HTTP/1.1" 500 595
0:0:0:0:0:0:0:1 - - [31/Oct/2018:19:26:03 +0800] "POST /department/course/professional/week.do HTTP/1.1" 200 1465
0:0:0:0:0:0:0:1 - - [31/Oct/2018:19:26:03 +0800] "GET /favicon.ico HTTP/1.1" 200 946
0:0:0:0:0:0:0:1 - - [31/Oct/2018:19:26:04 +0800] "POST /department/course/professional/week.do HTTP/1.1" 200 1462
0:0:0:0:0:0:0:1 - - [31/Oct/2018:19:26:09 +0800] "POST /department/course/professional/week.do HTTP/1.1" 200 1465
0:0:0:0:0:0:0:1 - - [31/Oct/2018:19:26:09 +0800] "GET /favicon.ico HTTP/1.1" 200 946
0:0:0:0:0:0:0:1 - - [31/Oct/2018:19:26:11 +0800] "POST /department/course/professional/week.do HTTP/1.1" 200 1462
0:0:0:0:0:0:0:1 - - [31/Oct/2018:19:26:38 +0800] "POST /department/course/professional/week.do HTTP/1.1" 200 1463
0:0:0:0:0:0:0:1 - - [31/Oct/2018:19:26:38 +0800] "GET /favicon.ico HTTP/1.1" 200 946
0:0:0:0:0:0:0:1 - - [31/Oct/2018:19:26:40 +0800] "POST /department/course/professional/order.do HTTP/1.1" 200 14
0:0:0:0:0:0:0:1 - - [31/Oct/2018:19:28:31 +0800] "POST /department/course/professional/order.do HTTP/1.1" 200 14
0:0:0:0:0:0:0:1 - - [31/Oct/2018:19:28:39 +0800] "POST /department/course/professional/week.do HTTP/1.1" 200 1466
0:0:0:0:0:0:0:1 - - [31/Oct/2018:20:04:50 +0800] "POST /department/course/professional/week.do HTTP/1.1" 200 1466
0:0:0:0:0:0:0:1 - - [31/Oct/2018:20:04:50 +0800] "GET /favicon.ico HTTP/1.1" 200 946
0:0:0:0:0:0:0:1 - - [31/Oct/2018:20:04:52 +0800] "POST /department/course/professional/order.do HTTP/1.1" 200 615
0:0:0:0:0:0:0:1 - - [31/Oct/2018:20:05:26 +0800] "POST /department/course/professional/week.do HTTP/1.1" 200 1466
0:0:0:0:0:0:0:1 - - [31/Oct/2018:20:05:26 +0800] "GET /favicon.ico HTTP/1.1" 200 946
0:0:0:0:0:0:0:1 - - [31/Oct/2018:20:05:28 +0800] "POST /department/course/professional/order.do HTTP/1.1" 200 615
0:0:0:0:0:0:0:1 - - [31/Oct/2018:20:07:39 +0800] "POST /department/course/professional/order.do HTTP/1.1" 200 615
0:0:0:0:0:0:0:1 - - [31/Oct/2018:20:07:39 +0800] "GET /favicon.ico HTTP/1.1" 200 946
0:0:0:0:0:0:0:1 - - [31/Oct/2018:20:07:43 +0800] "POST /department/course/professional/week.do HTTP/1.1" 200 1466
0:0:0:0:0:0:0:1 - - [31/Oct/2018:20:07:43 +0800] "GET /favicon.ico HTTP/1.1" 200 946
0:0:0:0:0:0:0:1 - - [31/Oct/2018:20:07:45 +0800] "POST /department/course/professional/order.do HTTP/1.1" 200 615
0:0:0:0:0:0:0:1 - - [31/Oct/2018:20:08:27 +0800] "POST /department/course/professional/order.do HTTP/1.1" 200 636
0:0:0:0:0:0:0:1 - - [31/Oct/2018:20:08:27 +0800] "GET /favicon.ico HTTP/1.1" 200 946
0:0:0:0:0:0:0:1 - - [31/Oct/2018:20:09:15 +0800] "POST /department/course/professional/order.do HTTP/1.1" 200 636
0:0:0:0:0:0:0:1 - - [31/Oct/2018:20:09:15 +0800] "GET /favicon.ico HTTP/1.1" 200 946
0:0:0:0:0:0:0:1 - - [31/Oct/2018:20:09:18 +0800] "POST /department/course/professional/order.do HTTP/1.1" 200 636
0:0:0:0:0:0:0:1 - - [31/Oct/2018:20:13:25 +0800] "POST /department/course/professional/week.do HTTP/1.1" 200 1466
0:0:0:0:0:0:0:1 - - [31/Oct/2018:20:13:25 +0800] "GET /favicon.ico HTTP/1.1" 200 946
0:0:0:0:0:0:0:1 - - [31/Oct/2018:20:13:27 +0800] "POST /department/course/professional/order.do HTTP/1.1" 200 636
0:0:0:0:0:0:0:1 - - [31/Oct/2018:20:13:36 +0800] "POST /department/course/professional/order.do HTTP/1.1" 200 636
0:0:0:0:0:0:0:1 - - [31/Oct/2018:20:14:29 +0800] "POST /department/course/professional/order.do HTTP/1.1" 200 659
0:0:0:0:0:0:0:1 - - [31/Oct/2018:20:14:29 +0800] "GET /favicon.ico HTTP/1.1" 200 946
0:0:0:0:0:0:0:1 - - [31/Oct/2018:20:15:18 +0800] "POST /department/course/professional/order.do HTTP/1.1" 200 652
0:0:0:0:0:0:0:1 - - [31/Oct/2018:20:15:18 +0800] "GET /favicon.ico HTTP/1.1" 200 946
0:0:0:0:0:0:0:1 - - [31/Oct/2018:20:16:04 +0800] "POST /department/course/professional/order.do HTTP/1.1" 200 673
0:0:0:0:0:0:0:1 - - [31/Oct/2018:20:16:04 +0800] "GET /favicon.ico HTTP/1.1" 200 946
0:0:0:0:0:0:0:1 - - [31/Oct/2018:20:16:09 +0800] "POST /department/course/professional/order.do HTTP/1.1" 200 673
0:0:0:0:0:0:0:1 - - [31/Oct/2018:20:17:26 +0800] "POST /department/course/professional/order.do HTTP/1.1" 200 695
0:0:0:0:0:0:0:1 - - [31/Oct/2018:20:17:27 +0800] "GET /favicon.ico HTTP/1.1" 200 946
0:0:0:0:0:0:0:1 - - [31/Oct/2018:20:18:08 +0800] "POST /department/course/professional/order.do HTTP/1.1" 200 638
0:0:0:0:0:0:0:1 - - [31/Oct/2018:20:18:08 +0800] "GET /favicon.ico HTTP/1.1" 200 946
0:0:0:0:0:0:0:1 - - [31/Oct/2018:20:22:23 +0800] "POST /department/course/professional/order.do HTTP/1.1" 200 638
0:0:0:0:0:0:0:1 - - [31/Oct/2018:20:22:23 +0800] "GET /favicon.ico HTTP/1.1" 200 946
0:0:0:0:0:0:0:1 - - [31/Oct/2018:20:29:51 +0800] "GET / HTTP/1.1" 200 1331
0:0:0:0:0:0:0:1 - - [31/Oct/2018:20:29:51 +0800] "GET /verifyUtil.do HTTP/1.1" 200 721
0:0:0:0:0:0:0:1 - - [31/Oct/2018:20:30:06 +0800] "POST /login.do HTTP/1.1" 400 352
0:0:0:0:0:0:0:1 - - [31/Oct/2018:20:33:24 +0800] "POST /login.do HTTP/1.1" 400 352
0:0:0:0:0:0:0:1 - - [31/Oct/2018:20:33:24 +0800] "GET /favicon.ico HTTP/1.1" 200 946
0:0:0:0:0:0:0:1 - - [31/Oct/2018:20:33:34 +0800] "GET /verifyUtil.do?23 HTTP/1.1" 200 638
0:0:0:0:0:0:0:1 - - [31/Oct/2018:20:33:39 +0800] "POST /login.do HTTP/1.1" 400 352
0:0:0:0:0:0:0:1 - - [31/Oct/2018:20:33:56 +0800] "GET / HTTP/1.1" 200 1331
0:0:0:0:0:0:0:1 - - [31/Oct/2018:20:33:56 +0800] "GET /verifyUtil.do HTTP/1.1" 200 638
0:0:0:0:0:0:0:1 - - [31/Oct/2018:20:33:56 +0800] "GET /favicon.ico HTTP/1.1" 200 946
0:0:0:0:0:0:0:1 - - [31/Oct/2018:20:33:57 +0800] "GET / HTTP/1.1" 200 1331
0:0:0:0:0:0:0:1 - - [31/Oct/2018:20:33:57 +0800] "GET /verifyUtil.do HTTP/1.1" 200 705
0:0:0:0:0:0:0:1 - - [31/Oct/2018:20:33:57 +0800] "GET /favicon.ico HTTP/1.1" 200 946
0:0:0:0:0:0:0:1 - - [31/Oct/2018:20:33:57 +0800] "GET / HTTP/1.1" 200 1331
0:0:0:0:0:0:0:1 - - [31/Oct/2018:20:33:57 +0800] "GET /verifyUtil.do HTTP/1.1" 200 607
0:0:0:0:0:0:0:1 - - [31/Oct/2018:20:33:58 +0800] "GET /favicon.ico HTTP/1.1" 200 946
0:0:0:0:0:0:0:1 - - [31/Oct/2018:20:34:10 +0800] "POST /login.do HTTP/1.1" 302 -
0:0:0:0:0:0:0:1 - - [31/Oct/2018:20:34:10 +0800] "GET /department/login.do?username=000000000001&password=123456 HTTP/1.1" 200 1116
0:0:0:0:0:0:0:1 - - [31/Oct/2018:20:34:15 +0800] "GET /department/course/professional/set.do HTTP/1.1" 200 7034
0:0:0:0:0:0:0:1 - - [31/Oct/2018:20:34:19 +0800] "POST /department/course/professional/class.do HTTP/1.1" 200 525
0:0:0:0:0:0:0:1 - - [31/Oct/2018:20:34:34 +0800] "POST /department/course/professional/name.do HTTP/1.1" 200 3504
0:0:0:0:0:0:0:1 - - [31/Oct/2018:20:34:36 +0800] "POST /department/course/professional/week.do HTTP/1.1" 200 1465
0:0:0:0:0:0:0:1 - - [31/Oct/2018:20:34:42 +0800] "POST /department/course/professional/order.do HTTP/1.1" 200 638
0:0:0:0:0:0:0:1 - - [31/Oct/2018:21:26:48 +0800] "POST /department/course/professional/order.do HTTP/1.1" 200 1025
0:0:0:0:0:0:0:1 - - [31/Oct/2018:21:26:48 +0800] "GET /favicon.ico HTTP/1.1" 200 946
0:0:0:0:0:0:0:1 - - [31/Oct/2018:21:27:39 +0800] "POST /department/course/professional/order.do HTTP/1.1" 200 33379
0:0:0:0:0:0:0:1 - - [31/Oct/2018:21:27:39 +0800] "GET /favicon.ico HTTP/1.1" 200 946
0:0:0:0:0:0:0:1 - - [31/Oct/2018:21:28:50 +0800] "POST /department/course/professional/order.do HTTP/1.1" 200 27179
0:0:0:0:0:0:0:1 - - [31/Oct/2018:21:28:50 +0800] "GET /favicon.ico HTTP/1.1" 200 946
0:0:0:0:0:0:0:1 - - [31/Oct/2018:21:30:48 +0800] "POST /department/course/professional/name.do HTTP/1.1" 200 3504
0:0:0:0:0:0:0:1 - - [31/Oct/2018:21:30:48 +0800] "GET /favicon.ico HTTP/1.1" 200 946
0:0:0:0:0:0:0:1 - - [31/Oct/2018:21:31:17 +0800] "POST /department/course/professional/week.do HTTP/1.1" 500 533
0:0:0:0:0:0:0:1 - - [31/Oct/2018:21:31:17 +0800] "GET /favicon.ico HTTP/1.1" 200 946
0:0:0:0:0:0:0:1 - - [31/Oct/2018:21:34:40 +0800] "POST /department/course/professional/name.do HTTP/1.1" 200 3784
0:0:0:0:0:0:0:1 - - [31/Oct/2018:21:34:40 +0800] "GET /favicon.ico HTTP/1.1" 200 946
0:0:0:0:0:0:0:1 - - [31/Oct/2018:21:36:51 +0800] "POST /department/course/professional/name.do HTTP/1.1" 200 3784
0:0:0:0:0:0:0:1 - - [31/Oct/2018:21:36:54 +0800] "POST /department/course/professional/week.do HTTP/1.1" 200 1456
0:0:0:0:0:0:0:1 - - [31/Oct/2018:21:36:56 +0800] "POST /department/course/professional/order.do HTTP/1.1" 200 47454
0:0:0:0:0:0:0:1 - - [31/Oct/2018:21:39:31 +0800] "POST /department/course/professional/order.do HTTP/1.1" 200 25180
0:0:0:0:0:0:0:1 - - [31/Oct/2018:21:39:49 +0800] "POST /department/course/professional/order.do HTTP/1.1" 200 25180
0:0:0:0:0:0:0:1 - - [31/Oct/2018:21:41:05 +0800] "POST /department/course/professional/order.do HTTP/1.1" 200 25179
0:0:0:0:0:0:0:1 - - [31/Oct/2018:21:44:26 +0800] "POST /department/course/professional/order.do HTTP/1.1" 200 31379
0:0:0:0:0:0:0:1 - - [31/Oct/2018:21:57:47 +0800] "POST /department/course/professional/order.do HTTP/1.1" 200 31384
0:0:0:0:0:0:0:1 - - [31/Oct/2018:21:57:58 +0800] "POST /department/course/professional/week.do HTTP/1.1" 200 1457
0:0:0:0:0:0:0:1 - - [31/Oct/2018:22:53:15 +0800] "POST /department/course/professional/name.do HTTP/1.1" 500 563
0:0:0:0:0:0:0:1 - - [31/Oct/2018:22:54:53 +0800] "POST /department/course/professional/name.do HTTP/1.1" 200 3790
0:0:0:0:0:0:0:1 - - [31/Oct/2018:22:54:56 +0800] "POST /department/course/professional/name.do HTTP/1.1" 200 3790
0:0:0:0:0:0:0:1 - - [31/Oct/2018:22:55:20 +0800] "POST /department/course/professional/name.do HTTP/1.1" 200 6266
0:0:0:0:0:0:0:1 - - [31/Oct/2018:22:58:36 +0800] "POST /department/course/professional/name.do HTTP/1.1" 200 6866
0:0:0:0:0:0:0:1 - - [31/Oct/2018:22:59:01 +0800] "POST /department/course/professional/name.do HTTP/1.1" 200 6746
0:0:0:0:0:0:0:1 - - [31/Oct/2018:22:59:01 +0800] "GET /favicon.ico HTTP/1.1" 200 946
0:0:0:0:0:0:0:1 - - [31/Oct/2018:22:59:24 +0800] "POST /department/course/professional/name.do HTTP/1.1" 200 6866
0:0:0:0:0:0:0:1 - - [31/Oct/2018:22:59:24 +0800] "GET /favicon.ico HTTP/1.1" 200 946
0:0:0:0:0:0:0:1 - - [31/Oct/2018:23:00:21 +0800] "POST /department/course/professional/name.do HTTP/1.1" 200 6766
0:0:0:0:0:0:0:1 - - [31/Oct/2018:23:00:21 +0800] "GET /favicon.ico HTTP/1.1" 200 946
0:0:0:0:0:0:0:1 - - [31/Oct/2018:23:19:55 +0800] "GET /department/course/professional/set.do HTTP/1.1" 200 7036
0:0:0:0:0:0:0:1 - - [31/Oct/2018:23:20:27 +0800] "GET /department/course/professional/set.do HTTP/1.1" 200 8236
0:0:0:0:0:0:0:1 - - [31/Oct/2018:23:20:27 +0800] "GET /favicon.ico HTTP/1.1" 200 946
0:0:0:0:0:0:0:1 - - [31/Oct/2018:23:21:00 +0800] "GET /department/course/professional/set.do HTTP/1.1" 200 8474
0:0:0:0:0:0:0:1 - - [31/Oct/2018:23:21:00 +0800] "GET /favicon.ico HTTP/1.1" 200 946
127.0.0.1 - - [31/Oct/2018:23:21:27 +0800] "GET /department/course/professional/set.do HTTP/1.1" 200 8484
127.0.0.1 - - [31/Oct/2018:23:21:27 +0800] "GET /favicon.ico HTTP/1.1" 200 946
0:0:0:0:0:0:0:1 - - [31/Oct/2018:23:22:17 +0800] "GET /department/course/professional/set.do HTTP/1.1" 200 8924
0:0:0:0:0:0:0:1 - - [31/Oct/2018:23:22:17 +0800] "GET /favicon.ico HTTP/1.1" 200 946
0:0:0:0:0:0:0:1 - - [31/Oct/2018:23:22:34 +0800] "GET /department/course/professional/set.do HTTP/1.1" 200 9004
0:0:0:0:0:0:0:1 - - [31/Oct/2018:23:22:34 +0800] "GET /favicon.ico HTTP/1.1" 200 946
0:0:0:0:0:0:0:1 - - [31/Oct/2018:23:22:35 +0800] "GET /department/course/professional/set.do HTTP/1.1" 200 9004
0:0:0:0:0:0:0:1 - - [31/Oct/2018:23:22:35 +0800] "GET /favicon.ico HTTP/1.1" 200 946
0:0:0:0:0:0:0:1 - - [31/Oct/2018:23:22:35 +0800] "GET /department/course/professional/set.do HTTP/1.1" 200 9004
0:0:0:0:0:0:0:1 - - [31/Oct/2018:23:22:35 +0800] "GET /favicon.ico HTTP/1.1" 200 946
0:0:0:0:0:0:0:1 - - [31/Oct/2018:23:22:36 +0800] "GET /department/course/professional/set.do HTTP/1.1" 200 9004
0:0:0:0:0:0:0:1 - - [31/Oct/2018:23:22:36 +0800] "GET /favicon.ico HTTP/1.1" 200 946
0:0:0:0:0:0:0:1 - - [31/Oct/2018:23:22:36 +0800] "GET /department/course/professional/set.do HTTP/1.1" 200 9004
0:0:0:0:0:0:0:1 - - [31/Oct/2018:23:22:36 +0800] "GET /favicon.ico HTTP/1.1" 200 946
0:0:0:0:0:0:0:1 - - [31/Oct/2018:23:22:36 +0800] "GET /department/course/professional/set.do HTTP/1.1" 200 9004
0:0:0:0:0:0:0:1 - - [31/Oct/2018:23:22:36 +0800] "GET /favicon.ico HTTP/1.1" 200 946
0:0:0:0:0:0:0:1 - - [31/Oct/2018:23:22:36 +0800] "GET /department/course/professional/set.do HTTP/1.1" 200 9004
0:0:0:0:0:0:0:1 - - [31/Oct/2018:23:22:36 +0800] "GET /favicon.ico HTTP/1.1" 200 946
0:0:0:0:0:0:0:1 - - [31/Oct/2018:23:22:36 +0800] "GET /department/course/professional/set.do HTTP/1.1" 200 9004
0:0:0:0:0:0:0:1 - - [31/Oct/2018:23:22:36 +0800] "GET /favicon.ico HTTP/1.1" 200 946
0:0:0:0:0:0:0:1 - - [31/Oct/2018:23:22:36 +0800] "GET /department/course/professional/set.do HTTP/1.1" 200 9004
0:0:0:0:0:0:0:1 - - [31/Oct/2018:23:22:36 +0800] "GET /favicon.ico HTTP/1.1" 200 946
0:0:0:0:0:0:0:1 - - [31/Oct/2018:23:23:10 +0800] "GET /department/course/professional/set.do HTTP/1.1" 200 9004
0:0:0:0:0:0:0:1 - - [31/Oct/2018:23:23:10 +0800] "GET /favicon.ico HTTP/1.1" 200 946
0:0:0:0:0:0:0:1 - - [31/Oct/2018:23:23:11 +0800] "GET /department/course/professional/set.do HTTP/1.1" 200 9004
0:0:0:0:0:0:0:1 - - [31/Oct/2018:23:23:11 +0800] "GET /favicon.ico HTTP/1.1" 200 946
0:0:0:0:0:0:0:1 - - [31/Oct/2018:23:23:12 +0800] "GET /department/course/professional/set.do HTTP/1.1" 200 9004
0:0:0:0:0:0:0:1 - - [31/Oct/2018:23:23:12 +0800] "GET /favicon.ico HTTP/1.1" 200 946
0:0:0:0:0:0:0:1 - - [31/Oct/2018:23:23:12 +0800] "GET /department/course/professional/set.do HTTP/1.1" 200 9004
0:0:0:0:0:0:0:1 - - [31/Oct/2018:23:23:12 +0800] "GET /favicon.ico HTTP/1.1" 200 946
0:0:0:0:0:0:0:1 - - [31/Oct/2018:23:23:12 +0800] "GET /department/course/professional/set.do HTTP/1.1" 200 9004
0:0:0:0:0:0:0:1 - - [31/Oct/2018:23:23:12 +0800] "GET /favicon.ico HTTP/1.1" 200 946
0:0:0:0:0:0:0:1 - - [31/Oct/2018:23:23:12 +0800] "GET /department/course/professional/set.do HTTP/1.1" 200 9004
0:0:0:0:0:0:0:1 - - [31/Oct/2018:23:23:12 +0800] "GET /favicon.ico HTTP/1.1" 200 946
0:0:0:0:0:0:0:1 - - [31/Oct/2018:23:23:13 +0800] "GET /department/course/professional/set.do HTTP/1.1" 200 9004
0:0:0:0:0:0:0:1 - - [31/Oct/2018:23:23:13 +0800] "GET /favicon.ico HTTP/1.1" 200 946
0:0:0:0:0:0:0:1 - - [31/Oct/2018:23:23:13 +0800] "GET /department/course/professional/set.do HTTP/1.1" 200 9004
0:0:0:0:0:0:0:1 - - [31/Oct/2018:23:23:13 +0800] "GET /favicon.ico HTTP/1.1" 200 946
0:0:0:0:0:0:0:1 - - [31/Oct/2018:23:23:13 +0800] "GET /department/course/professional/set.do HTTP/1.1" 200 9004
0:0:0:0:0:0:0:1 - - [31/Oct/2018:23:23:13 +0800] "GET /favicon.ico HTTP/1.1" 200 946
0:0:0:0:0:0:0:1 - - [31/Oct/2018:23:23:13 +0800] "GET /department/course/professional/set.do HTTP/1.1" 200 9004
0:0:0:0:0:0:0:1 - - [31/Oct/2018:23:23:13 +0800] "GET /favicon.ico HTTP/1.1" 200 946
0:0:0:0:0:0:0:1 - - [31/Oct/2018:23:23:13 +0800] "GET /department/course/professional/set.do HTTP/1.1" 200 9004
0:0:0:0:0:0:0:1 - - [31/Oct/2018:23:23:13 +0800] "GET /favicon.ico HTTP/1.1" 200 946
0:0:0:0:0:0:0:1 - - [31/Oct/2018:23:23:14 +0800] "GET /department/course/professional/set.do HTTP/1.1" 200 9004
0:0:0:0:0:0:0:1 - - [31/Oct/2018:23:23:14 +0800] "GET /favicon.ico HTTP/1.1" 200 946
0:0:0:0:0:0:0:1 - - [31/Oct/2018:23:23:14 +0800] "GET /department/course/professional/set.do HTTP/1.1" 200 9004
0:0:0:0:0:0:0:1 - - [31/Oct/2018:23:23:14 +0800] "GET /favicon.ico HTTP/1.1" 200 946
0:0:0:0:0:0:0:1 - - [31/Oct/2018:23:23:14 +0800] "GET /department/course/professional/set.do HTTP/1.1" 200 9004
0:0:0:0:0:0:0:1 - - [31/Oct/2018:23:23:14 +0800] "GET /favicon.ico HTTP/1.1" 200 946
0:0:0:0:0:0:0:1 - - [31/Oct/2018:23:23:14 +0800] "GET /department/course/professional/set.do HTTP/1.1" 200 9004
0:0:0:0:0:0:0:1 - - [31/Oct/2018:23:23:14 +0800] "GET /favicon.ico HTTP/1.1" 200 946
0:0:0:0:0:0:0:1 - - [31/Oct/2018:23:23:14 +0800] "GET /department/course/professional/set.do HTTP/1.1" 200 9004
0:0:0:0:0:0:0:1 - - [31/Oct/2018:23:23:14 +0800] "GET /favicon.ico HTTP/1.1" 200 946
0:0:0:0:0:0:0:1 - - [31/Oct/2018:23:23:14 +0800] "GET /department/course/professional/set.do HTTP/1.1" 200 9004
0:0:0:0:0:0:0:1 - - [31/Oct/2018:23:23:14 +0800] "GET /favicon.ico HTTP/1.1" 200 946
0:0:0:0:0:0:0:1 - - [31/Oct/2018:23:23:14 +0800] "GET /department/course/professional/set.do HTTP/1.1" 200 9004
0:0:0:0:0:0:0:1 - - [31/Oct/2018:23:23:14 +0800] "GET /favicon.ico HTTP/1.1" 200 946
0:0:0:0:0:0:0:1 - - [31/Oct/2018:23:23:14 +0800] "GET /department/course/professional/set.do HTTP/1.1" 200 9004
0:0:0:0:0:0:0:1 - - [31/Oct/2018:23:23:14 +0800] "GET /favicon.ico HTTP/1.1" 200 946
0:0:0:0:0:0:0:1 - - [31/Oct/2018:23:23:15 +0800] "GET /department/course/professional/set.do HTTP/1.1" 200 9004
0:0:0:0:0:0:0:1 - - [31/Oct/2018:23:23:15 +0800] "GET /favicon.ico HTTP/1.1" 200 946
0:0:0:0:0:0:0:1 - - [31/Oct/2018:23:23:15 +0800] "GET /department/course/professional/set.do HTTP/1.1" 200 9004
0:0:0:0:0:0:0:1 - - [31/Oct/2018:23:23:15 +0800] "GET /favicon.ico HTTP/1.1" 200 946
0:0:0:0:0:0:0:1 - - [31/Oct/2018:23:23:15 +0800] "GET /department/course/professional/set.do HTTP/1.1" 200 9004
0:0:0:0:0:0:0:1 - - [31/Oct/2018:23:23:15 +0800] "GET /favicon.ico HTTP/1.1" 200 946
0:0:0:0:0:0:0:1 - - [31/Oct/2018:23:23:15 +0800] "GET /department/course/professional/set.do HTTP/1.1" 200 9004
0:0:0:0:0:0:0:1 - - [31/Oct/2018:23:23:15 +0800] "GET /favicon.ico HTTP/1.1" 200 946
0:0:0:0:0:0:0:1 - - [31/Oct/2018:23:23:15 +0800] "GET /department/course/professional/set.do HTTP/1.1" 200 9004
0:0:0:0:0:0:0:1 - - [31/Oct/2018:23:23:15 +0800] "GET /favicon.ico HTTP/1.1" 200 946
0:0:0:0:0:0:0:1 - - [31/Oct/2018:23:23:15 +0800] "GET /department/course/professional/set.do HTTP/1.1" 200 9004
0:0:0:0:0:0:0:1 - - [31/Oct/2018:23:23:15 +0800] "GET /favicon.ico HTTP/1.1" 200 946
0:0:0:0:0:0:0:1 - - [31/Oct/2018:23:23:15 +0800] "GET /department/course/professional/set.do HTTP/1.1" 200 9004
0:0:0:0:0:0:0:1 - - [31/Oct/2018:23:23:15 +0800] "GET /favicon.ico HTTP/1.1" 200 946
0:0:0:0:0:0:0:1 - - [31/Oct/2018:23:23:16 +0800] "GET /department/course/professional/set.do HTTP/1.1" 200 9004
0:0:0:0:0:0:0:1 - - [31/Oct/2018:23:23:16 +0800] "GET /favicon.ico HTTP/1.1" 200 946
0:0:0:0:0:0:0:1 - - [31/Oct/2018:23:23:16 +0800] "GET /department/course/professional/set.do HTTP/1.1" 200 9004
0:0:0:0:0:0:0:1 - - [31/Oct/2018:23:23:16 +0800] "GET /favicon.ico HTTP/1.1" 200 946
0:0:0:0:0:0:0:1 - - [31/Oct/2018:23:23:16 +0800] "GET /department/course/professional/set.do HTTP/1.1" 200 9004
0:0:0:0:0:0:0:1 - - [31/Oct/2018:23:23:16 +0800] "GET /favicon.ico HTTP/1.1" 200 946
0:0:0:0:0:0:0:1 - - [31/Oct/2018:23:23:16 +0800] "GET /department/course/professional/set.do HTTP/1.1" 200 9004
0:0:0:0:0:0:0:1 - - [31/Oct/2018:23:23:16 +0800] "GET /favicon.ico HTTP/1.1" 200 946
0:0:0:0:0:0:0:1 - - [31/Oct/2018:23:23:16 +0800] "GET /department/course/professional/set.do HTTP/1.1" 200 9004
0:0:0:0:0:0:0:1 - - [31/Oct/2018:23:23:16 +0800] "GET /favicon.ico HTTP/1.1" 200 946
0:0:0:0:0:0:0:1 - - [31/Oct/2018:23:23:16 +0800] "GET /department/course/professional/set.do HTTP/1.1" 200 9004
0:0:0:0:0:0:0:1 - - [31/Oct/2018:23:23:16 +0800] "GET /favicon.ico HTTP/1.1" 200 946
0:0:0:0:0:0:0:1 - - [31/Oct/2018:23:23:16 +0800] "GET /department/course/professional/set.do HTTP/1.1" 200 9004
0:0:0:0:0:0:0:1 - - [31/Oct/2018:23:23:16 +0800] "GET /favicon.ico HTTP/1.1" 200 946
0:0:0:0:0:0:0:1 - - [31/Oct/2018:23:23:17 +0800] "GET /department/course/professional/set.do HTTP/1.1" 200 9004
0:0:0:0:0:0:0:1 - - [31/Oct/2018:23:23:17 +0800] "GET /favicon.ico HTTP/1.1" 200 946
0:0:0:0:0:0:0:1 - - [31/Oct/2018:23:23:17 +0800] "GET /department/course/professional/set.do HTTP/1.1" 200 9004
0:0:0:0:0:0:0:1 - - [31/Oct/2018:23:23:17 +0800] "GET /favicon.ico HTTP/1.1" 200 946
0:0:0:0:0:0:0:1 - - [31/Oct/2018:23:23:17 +0800] "GET /department/course/professional/set.do HTTP/1.1" 200 9004
0:0:0:0:0:0:0:1 - - [31/Oct/2018:23:23:17 +0800] "GET /favicon.ico HTTP/1.1" 200 946
0:0:0:0:0:0:0:1 - - [31/Oct/2018:23:23:17 +0800] "GET /department/course/professional/set.do HTTP/1.1" 200 9004
0:0:0:0:0:0:0:1 - - [31/Oct/2018:23:23:17 +0800] "GET /favicon.ico HTTP/1.1" 200 946
0:0:0:0:0:0:0:1 - - [31/Oct/2018:23:23:17 +0800] "GET /department/course/professional/set.do HTTP/1.1" 200 9004
0:0:0:0:0:0:0:1 - - [31/Oct/2018:23:23:17 +0800] "GET /favicon.ico HTTP/1.1" 200 946
0:0:0:0:0:0:0:1 - - [31/Oct/2018:23:23:17 +0800] "GET /department/course/professional/set.do HTTP/1.1" 200 9004
0:0:0:0:0:0:0:1 - - [31/Oct/2018:23:23:17 +0800] "GET /favicon.ico HTTP/1.1" 200 946
0:0:0:0:0:0:0:1 - - [31/Oct/2018:23:23:17 +0800] "GET /department/course/professional/set.do HTTP/1.1" 200 9004
0:0:0:0:0:0:0:1 - - [31/Oct/2018:23:23:17 +0800] "GET /favicon.ico HTTP/1.1" 200 946
0:0:0:0:0:0:0:1 - - [31/Oct/2018:23:23:18 +0800] "GET /department/course/professional/set.do HTTP/1.1" 200 9004
0:0:0:0:0:0:0:1 - - [31/Oct/2018:23:23:18 +0800] "GET /favicon.ico HTTP/1.1" 200 946
0:0:0:0:0:0:0:1 - - [31/Oct/2018:23:23:18 +0800] "GET /department/course/professional/set.do HTTP/1.1" 200 9004
0:0:0:0:0:0:0:1 - - [31/Oct/2018:23:23:18 +0800] "GET /favicon.ico HTTP/1.1" 200 946
0:0:0:0:0:0:0:1 - - [31/Oct/2018:23:23:18 +0800] "GET /department/course/professional/set.do HTTP/1.1" 200 9004
0:0:0:0:0:0:0:1 - - [31/Oct/2018:23:23:18 +0800] "GET /favicon.ico HTTP/1.1" 200 946
0:0:0:0:0:0:0:1 - - [31/Oct/2018:23:23:18 +0800] "GET /department/course/professional/set.do HTTP/1.1" 200 9004
0:0:0:0:0:0:0:1 - - [31/Oct/2018:23:23:18 +0800] "GET /favicon.ico HTTP/1.1" 200 946
0:0:0:0:0:0:0:1 - - [31/Oct/2018:23:23:18 +0800] "GET /department/course/professional/set.do HTTP/1.1" 200 9004
0:0:0:0:0:0:0:1 - - [31/Oct/2018:23:23:18 +0800] "GET /favicon.ico HTTP/1.1" 200 946
0:0:0:0:0:0:0:1 - - [31/Oct/2018:23:23:18 +0800] "GET /department/course/professional/set.do HTTP/1.1" 200 9004
0:0:0:0:0:0:0:1 - - [31/Oct/2018:23:23:18 +0800] "GET /favicon.ico HTTP/1.1" 200 946
0:0:0:0:0:0:0:1 - - [31/Oct/2018:23:24:00 +0800] "GET /department/course/professional/set.do HTTP/1.1" 200 9284
0:0:0:0:0:0:0:1 - - [31/Oct/2018:23:24:00 +0800] "GET /favicon.ico HTTP/1.1" 200 946
0:0:0:0:0:0:0:1 - - [31/Oct/2018:23:24:38 +0800] "GET /department/course/professional/set.do HTTP/1.1" 200 9324
0:0:0:0:0:0:0:1 - - [31/Oct/2018:23:24:38 +0800] "GET /favicon.ico HTTP/1.1" 200 946
0:0:0:0:0:0:0:1 - - [31/Oct/2018:23:25:07 +0800] "GET /department/course/professional/set.do HTTP/1.1" 200 9284
0:0:0:0:0:0:0:1 - - [31/Oct/2018:23:25:07 +0800] "GET /favicon.ico HTTP/1.1" 200 946
0:0:0:0:0:0:0:1 - - [31/Oct/2018:23:25:27 +0800] "GET /department/course/professional/set.do HTTP/1.1" 200 9324
0:0:0:0:0:0:0:1 - - [31/Oct/2018:23:25:27 +0800] "GET /favicon.ico HTTP/1.1" 200 946
127.0.0.1 - - [31/Oct/2018:23:25:53 +0800] "GET /department/course/professional/set.do HTTP/1.1" 200 9324
127.0.0.1 - - [31/Oct/2018:23:25:53 +0800] "GET /favicon.ico HTTP/1.1" 200 946
127.0.0.1 - - [31/Oct/2018:23:26:19 +0800] "POST /department/course/professional/class.do HTTP/1.1" 200 530
127.0.0.1 - - [31/Oct/2018:23:26:33 +0800] "POST /department/course/professional/name.do HTTP/1.1" 200 806
127.0.0.1 - - [31/Oct/2018:23:26:41 +0800] "POST /department/course/professional/rank.do HTTP/1.1" 200 6399
0:0:0:0:0:0:0:1 - - [31/Oct/2018:23:31:04 +0800] "POST /department/course/professional/rank.do HTTP/1.1" 200 6436
0:0:0:0:0:0:0:1 - - [31/Oct/2018:23:31:04 +0800] "GET /favicon.ico HTTP/1.1" 200 946
0:0:0:0:0:0:0:1 - - [31/Oct/2018:23:35:24 +0800] "GET /department/course/professional/rank.do HTTP/1.1" 500 532
0:0:0:0:0:0:0:1 - - [31/Oct/2018:23:35:24 +0800] "GET /favicon.ico HTTP/1.1" 200 946
0:0:0:0:0:0:0:1 - - [31/Oct/2018:23:38:14 +0800] "POST /department/course/professional/rank.do HTTP/1.1" 200 6460
0:0:0:0:0:0:0:1 - - [31/Oct/2018:23:38:18 +0800] "POST /department/course/professional/rank.do HTTP/1.1" 200 6460
0:0:0:0:0:0:0:1 - - [31/Oct/2018:23:38:18 +0800] "GET /favicon.ico HTTP/1.1" 200 946
0:0:0:0:0:0:0:1 - - [31/Oct/2018:23:44:49 +0800] "POST /department/course/professional/rank.do HTTP/1.1" 200 6460
0:0:0:0:0:0:0:1 - - [31/Oct/2018:23:44:49 +0800] "GET /favicon.ico HTTP/1.1" 200 946
0:0:0:0:0:0:0:1 - - [31/Oct/2018:23:44:51 +0800] "POST /department/course/professional/rank.do HTTP/1.1" 200 6460
0:0:0:0:0:0:0:1 - - [31/Oct/2018:23:44:51 +0800] "GET /favicon.ico HTTP/1.1" 200 946
0:0:0:0:0:0:0:1 - - [31/Oct/2018:23:45:13 +0800] "POST /department/course/professional/rank.do HTTP/1.1" 200 6425
0:0:0:0:0:0:0:1 - - [31/Oct/2018:23:45:13 +0800] "GET /favicon.ico HTTP/1.1" 200 946
0:0:0:0:0:0:0:1 - - [31/Oct/2018:23:46:37 +0800] "POST /department/course/professional/rank.do HTTP/1.1" 200 6425
0:0:0:0:0:0:0:1 - - [31/Oct/2018:23:46:37 +0800] "GET /favicon.ico HTTP/1.1" 200 946
0:0:0:0:0:0:0:1 - - [31/Oct/2018:23:47:49 +0800] "POST /department/course/professional/rank.do HTTP/1.1" 200 6431
0:0:0:0:0:0:0:1 - - [31/Oct/2018:23:47:49 +0800] "GET /favicon.ico HTTP/1.1" 200 946
0:0:0:0:0:0:0:1 - - [31/Oct/2018:23:48:44 +0800] "POST /department/course/professional/rank.do HTTP/1.1" 200 6416
0:0:0:0:0:0:0:1 - - [31/Oct/2018:23:48:44 +0800] "GET /favicon.ico HTTP/1.1" 200 946
0:0:0:0:0:0:0:1 - - [31/Oct/2018:23:49:33 +0800] "POST /department/course/professional/rank.do HTTP/1.1" 200 6416
0:0:0:0:0:0:0:1 - - [31/Oct/2018:23:49:33 +0800] "GET /favicon.ico HTTP/1.1" 200 946
0:0:0:0:0:0:0:1 - - [31/Oct/2018:23:49:53 +0800] "POST /department/course/professional/rank.do HTTP/1.1" 200 6426
0:0:0:0:0:0:0:1 - - [31/Oct/2018:23:49:53 +0800] "GET /favicon.ico HTTP/1.1" 200 946
0:0:0:0:0:0:0:1 - - [31/Oct/2018:23:50:19 +0800] "POST /department/course/professional/rank.do HTTP/1.1" 200 6430
0:0:0:0:0:0:0:1 - - [31/Oct/2018:23:50:19 +0800] "GET /favicon.ico HTTP/1.1" 200 946
0:0:0:0:0:0:0:1 - - [31/Oct/2018:23:51:12 +0800] "GET /department/login.do?username=000000000001&password=123456 HTTP/1.1" 200 1116
0:0:0:0:0:0:0:1 - - [31/Oct/2018:23:51:12 +0800] "GET /favicon.ico HTTP/1.1" 200 946
0:0:0:0:0:0:0:1 - - [31/Oct/2018:23:51:12 +0800] "GET /department/course/professional/set.do HTTP/1.1" 200 9327
0:0:0:0:0:0:0:1 - - [31/Oct/2018:23:51:44 +0800] "GET /department/course/professional/set.do HTTP/1.1" 200 9331
0:0:0:0:0:0:0:1 - - [31/Oct/2018:23:51:44 +0800] "GET /favicon.ico HTTP/1.1" 200 946
0:0:0:0:0:0:0:1 - - [31/Oct/2018:23:51:53 +0800] "POST /department/course/professional/class.do HTTP/1.1" 200 527
0:0:0:0:0:0:0:1 - - [31/Oct/2018:23:53:00 +0800] "POST /department/course/professional/class.do HTTP/1.1" 200 540
0:0:0:0:0:0:0:1 - - [31/Oct/2018:23:53:01 +0800] "GET /favicon.ico HTTP/1.1" 200 946
0:0:0:0:0:0:0:1 - - [31/Oct/2018:23:53:07 +0800] "POST /department/course/professional/name.do HTTP/1.1" 200 806
0:0:0:0:0:0:0:1 - - [31/Oct/2018:23:54:04 +0800] "POST /department/course/professional/name.do HTTP/1.1" 200 806
0:0:0:0:0:0:0:1 - - [31/Oct/2018:23:54:04 +0800] "GET /favicon.ico HTTP/1.1" 200 946
0:0:0:0:0:0:0:1 - - [31/Oct/2018:23:54:07 +0800] "POST /department/course/professional/name.do HTTP/1.1" 200 806
0:0:0:0:0:0:0:1 - - [31/Oct/2018:23:54:07 +0800] "GET /favicon.ico HTTP/1.1" 200 946
0:0:0:0:0:0:0:1 - - [31/Oct/2018:23:55:13 +0800] "POST /department/course/professional/name.do HTTP/1.1" 200 823
0:0:0:0:0:0:0:1 - - [31/Oct/2018:23:55:13 +0800] "GET /favicon.ico HTTP/1.1" 200 946
0:0:0:0:0:0:0:1 - - [31/Oct/2018:23:55:20 +0800] "POST /department/course/professional/rank.do HTTP/1.1" 200 6430
0:0:0:0:0:0:0:1 - - [31/Oct/2018:23:56:51 +0800] "POST /department/course/professional/class.do HTTP/1.1" 200 540
0:0:0:0:0:0:0:1 - - [31/Oct/2018:23:56:51 +0800] "GET /favicon.ico HTTP/1.1" 200 946
0:0:0:0:0:0:0:1 - - [31/Oct/2018:23:56:54 +0800] "GET /department/course/professional/set.do HTTP/1.1" 200 9331
0:0:0:0:0:0:0:1 - - [31/Oct/2018:23:56:55 +0800] "GET /favicon.ico HTTP/1.1" 200 946
0:0:0:0:0:0:0:1 - - [31/Oct/2018:23:57:22 +0800] "POST /department/course/professional/class.do HTTP/1.1" 200 534
0:0:0:0:0:0:0:1 - - [31/Oct/2018:23:57:22 +0800] "GET /favicon.ico HTTP/1.1" 200 946
0:0:0:0:0:0:0:1 - - [31/Oct/2018:23:57:30 +0800] "POST /department/course/professional/name.do HTTP/1.1" 200 817
0:0:0:0:0:0:0:1 - - [31/Oct/2018:23:58:01 +0800] "POST /department/course/professional/rank.do HTTP/1.1" 200 6424
0:0:0:0:0:0:0:1 - - [31/Oct/2018:23:58:27 +0800] "POST /department/course/professional/week.do HTTP/1.1" 200 1671
