0:0:0:0:0:0:0:1 - - [09/Nov/2018:11:47:39 +0800] "GET / HTTP/1.1" 200 1339
0:0:0:0:0:0:0:1 - - [09/Nov/2018:11:47:41 +0800] "GET /verifyUtil.do HTTP/1.1" 200 708
0:0:0:0:0:0:0:1 - - [09/Nov/2018:11:47:49 +0800] "POST /login.do HTTP/1.1" 302 -
0:0:0:0:0:0:0:1 - - [09/Nov/2018:11:47:49 +0800] "GET /department/login.do?username=000000000001&password=123456 HTTP/1.1" 200 1503
0:0:0:0:0:0:0:1 - - [09/Nov/2018:11:47:51 +0800] "GET /department/course/professional/set.do HTTP/1.1" 200 9199
0:0:0:0:0:0:0:1 - - [09/Nov/2018:11:47:53 +0800] "POST /department/course/professional/class.do HTTP/1.1" 200 512
0:0:0:0:0:0:0:1 - - [09/Nov/2018:11:47:55 +0800] "POST /department/course/professional/year.do HTTP/1.1" 200 743
0:0:0:0:0:0:0:1 - - [09/Nov/2018:11:47:57 +0800] "POST /department/course/professional/semester.do HTTP/1.1" 200 499
0:0:0:0:0:0:0:1 - - [09/Nov/2018:11:47:59 +0800] "POST /department/course/professional/name.do HTTP/1.1" 200 963
0:0:0:0:0:0:0:1 - - [09/Nov/2018:11:48:01 +0800] "POST /department/course/professional/rank.do HTTP/1.1" 200 8091
0:0:0:0:0:0:0:1 - - [09/Nov/2018:11:48:04 +0800] "POST /department/course/professional/week.do HTTP/1.1" 200 2116
0:0:0:0:0:0:0:1 - - [09/Nov/2018:11:48:06 +0800] "POST /department/course/professional/order.do HTTP/1.1" 200 16701
0:0:0:0:0:0:0:1 - - [09/Nov/2018:11:48:07 +0800] "POST /department/course/professional/classroom.do HTTP/1.1" 200 1673
0:0:0:0:0:0:0:1 - - [09/Nov/2018:11:52:07 +0800] "GET /department/login.do?username=000000000001&password=123456 HTTP/1.1" 200 1503
0:0:0:0:0:0:0:1 - - [09/Nov/2018:11:52:08 +0800] "GET /favicon.ico HTTP/1.1" 200 946
0:0:0:0:0:0:0:1 - - [09/Nov/2018:11:52:08 +0800] "GET /department/course/professional/set.do HTTP/1.1" 200 9319
0:0:0:0:0:0:0:1 - - [09/Nov/2018:11:52:10 +0800] "POST /department/course/professional/class.do HTTP/1.1" 200 596
0:0:0:0:0:0:0:1 - - [09/Nov/2018:11:52:12 +0800] "POST /department/course/professional/year.do HTTP/1.1" 200 743
0:0:0:0:0:0:0:1 - - [09/Nov/2018:11:52:14 +0800] "POST /department/course/professional/semester.do HTTP/1.1" 200 499
0:0:0:0:0:0:0:1 - - [09/Nov/2018:11:52:16 +0800] "POST /department/course/professional/name.do HTTP/1.1" 200 963
0:0:0:0:0:0:0:1 - - [09/Nov/2018:11:52:17 +0800] "POST /department/course/professional/rank.do HTTP/1.1" 200 8091
0:0:0:0:0:0:0:1 - - [09/Nov/2018:11:52:20 +0800] "POST /department/course/professional/week.do HTTP/1.1" 200 2116
0:0:0:0:0:0:0:1 - - [09/Nov/2018:11:52:24 +0800] "POST /department/course/professional/order.do HTTP/1.1" 200 16701
0:0:0:0:0:0:0:1 - - [09/Nov/2018:11:52:26 +0800] "POST /department/course/professional/classroom.do HTTP/1.1" 200 1817
0:0:0:0:0:0:0:1 - - [09/Nov/2018:11:52:28 +0800] "POST /department/course/professional/ensure.do HTTP/1.1" 200 340
