0:0:0:0:0:0:0:1 - - [16/Nov/2018:22:58:59 +0800] "GET / HTTP/1.1" 200 1339
0:0:0:0:0:0:0:1 - - [16/Nov/2018:22:59:01 +0800] "GET /verifyUtil.do HTTP/1.1" 200 608
0:0:0:0:0:0:0:1 - - [16/Nov/2018:22:59:13 +0800] "POST /login.do HTTP/1.1" 302 -
0:0:0:0:0:0:0:1 - - [16/Nov/2018:22:59:13 +0800] "GET /teacher/login.do?username=201610414415&password=123456 HTTP/1.1" 200 1803
0:0:0:0:0:0:0:1 - - [16/Nov/2018:22:59:15 +0800] "GET /teacher/course/professional/set.do HTTP/1.1" 200 2529
0:0:0:0:0:0:0:1 - - [16/Nov/2018:22:59:20 +0800] "GET /teacher/course/professional/set.do HTTP/1.1" 200 2529
0:0:0:0:0:0:0:1 - - [16/Nov/2018:22:59:22 +0800] "POST /teacher/course/professional/selected.do HTTP/1.1" 200 2899
0:0:0:0:0:0:0:1 - - [16/Nov/2018:22:59:28 +0800] "GET /teacher/course/elective/school/set.do HTTP/1.1" 200 2382
0:0:0:0:0:0:0:1 - - [16/Nov/2018:23:05:08 +0800] "GET /teacher/course/elective/school/set.do HTTP/1.1" 200 2382
0:0:0:0:0:0:0:1 - - [16/Nov/2018:23:05:08 +0800] "GET /favicon.ico HTTP/1.1" 200 946
0:0:0:0:0:0:0:1 - - [16/Nov/2018:23:05:10 +0800] "GET /teacher/login.do?username=201610414415&password=123456 HTTP/1.1" 200 1803
0:0:0:0:0:0:0:1 - - [16/Nov/2018:23:05:10 +0800] "GET /favicon.ico HTTP/1.1" 200 946
0:0:0:0:0:0:0:1 - - [16/Nov/2018:23:05:11 +0800] "GET /teacher/course/professional/set.do HTTP/1.1" 200 2529
0:0:0:0:0:0:0:1 - - [16/Nov/2018:23:05:15 +0800] "GET /teacher/course/elective/school/set.do HTTP/1.1" 200 2382
0:0:0:0:0:0:0:1 - - [16/Nov/2018:23:05:17 +0800] "POST /teacher/course/elective/school/selected.do HTTP/1.1" 404 295
0:0:0:0:0:0:0:1 - - [16/Nov/2018:23:09:40 +0800] "GET /teacher/login.do?username=201610414415&password=123456 HTTP/1.1" 200 1803
0:0:0:0:0:0:0:1 - - [16/Nov/2018:23:09:40 +0800] "GET /favicon.ico HTTP/1.1" 200 946
0:0:0:0:0:0:0:1 - - [16/Nov/2018:23:09:40 +0800] "GET /teacher/course/elective/school/set.do HTTP/1.1" 200 2380
0:0:0:0:0:0:0:1 - - [16/Nov/2018:23:09:41 +0800] "POST /teacher/course/elective/school/select.do HTTP/1.1" 500 565
0:0:0:0:0:0:0:1 - - [16/Nov/2018:23:13:39 +0800] "GET /teacher/login.do?username=201610414415&password=123456 HTTP/1.1" 200 1803
0:0:0:0:0:0:0:1 - - [16/Nov/2018:23:13:39 +0800] "GET /favicon.ico HTTP/1.1" 200 946
0:0:0:0:0:0:0:1 - - [16/Nov/2018:23:13:40 +0800] "GET /teacher/course/elective/school/set.do HTTP/1.1" 200 2379
0:0:0:0:0:0:0:1 - - [16/Nov/2018:23:13:41 +0800] "POST /teacher/course/elective/school/select.do HTTP/1.1" 200 2533
0:0:0:0:0:0:0:1 - - [16/Nov/2018:23:14:56 +0800] "POST /teacher/course/elective/school/select.do HTTP/1.1" 200 2534
0:0:0:0:0:0:0:1 - - [16/Nov/2018:23:15:01 +0800] "POST /teacher/course/elective/school/select.do HTTP/1.1" 200 2534
0:0:0:0:0:0:0:1 - - [16/Nov/2018:23:15:02 +0800] "POST /teacher/course/elective/school/ensure.do HTTP/1.1" 200 298
0:0:0:0:0:0:0:1 - - [16/Nov/2018:23:15:02 +0800] "GET /teacher/return.do HTTP/1.1" 200 1776
0:0:0:0:0:0:0:1 - - [16/Nov/2018:23:53:07 +0800] "GET / HTTP/1.1" 200 1339
0:0:0:0:0:0:0:1 - - [16/Nov/2018:23:53:08 +0800] "GET /verifyUtil.do HTTP/1.1" 200 668
0:0:0:0:0:0:0:1 - - [16/Nov/2018:23:53:19 +0800] "POST /login.do HTTP/1.1" 302 -
0:0:0:0:0:0:0:1 - - [16/Nov/2018:23:53:20 +0800] "GET /student/login.do?username=201210312216&password=123456 HTTP/1.1" 200 1798
0:0:0:0:0:0:0:1 - - [16/Nov/2018:23:53:22 +0800] "GET /student/course/elective/school/select.do HTTP/1.1" 500 375
0:0:0:0:0:0:0:1 - - [16/Nov/2018:23:53:42 +0800] "GET /student/login.do?username=201210312216&password=123456 HTTP/1.1" 200 1792
0:0:0:0:0:0:0:1 - - [16/Nov/2018:23:53:42 +0800] "GET /favicon.ico HTTP/1.1" 200 946
0:0:0:0:0:0:0:1 - - [16/Nov/2018:23:53:43 +0800] "GET /student/course/elective/school/set.do HTTP/1.1" 500 534
0:0:0:0:0:0:0:1 - - [16/Nov/2018:23:54:25 +0800] "GET /student/login.do?username=201210312216&password=123456 HTTP/1.1" 200 1792
0:0:0:0:0:0:0:1 - - [16/Nov/2018:23:54:25 +0800] "GET /favicon.ico HTTP/1.1" 200 946
0:0:0:0:0:0:0:1 - - [16/Nov/2018:23:54:25 +0800] "GET /student/course/elective/school/set.do HTTP/1.1" 500 534
0:0:0:0:0:0:0:1 - - [16/Nov/2018:23:56:23 +0800] "GET /student/login.do?username=201210312216&password=123456 HTTP/1.1" 200 1792
0:0:0:0:0:0:0:1 - - [16/Nov/2018:23:56:23 +0800] "GET /favicon.ico HTTP/1.1" 200 946
0:0:0:0:0:0:0:1 - - [16/Nov/2018:23:56:23 +0800] "GET /student/course/elective/school/set.do HTTP/1.1" 200 2617
0:0:0:0:0:0:0:1 - - [16/Nov/2018:23:56:48 +0800] "GET /student/course/elective/school/set.do HTTP/1.1" 200 2605
0:0:0:0:0:0:0:1 - - [16/Nov/2018:23:56:48 +0800] "GET /favicon.ico HTTP/1.1" 200 946
0:0:0:0:0:0:0:1 - - [16/Nov/2018:23:58:30 +0800] "GET /student/course/elective/school/set.do HTTP/1.1" 200 2552
0:0:0:0:0:0:0:1 - - [16/Nov/2018:23:58:30 +0800] "GET /favicon.ico HTTP/1.1" 200 946
0:0:0:0:0:0:0:1 - - [16/Nov/2018:23:58:47 +0800] "GET /student/course/elective/school/set.do HTTP/1.1" 200 2546
0:0:0:0:0:0:0:1 - - [16/Nov/2018:23:58:47 +0800] "GET /favicon.ico HTTP/1.1" 200 946
