0:0:0:0:0:0:0:1 - - [20/May/2019:00:20:16 +0800] "GET / HTTP/1.1" 200 1339
0:0:0:0:0:0:0:1 - - [20/May/2019:00:20:16 +0800] "GET /verifyUtil.do HTTP/1.1" 302 -
0:0:0:0:0:0:0:1 - - [20/May/2019:00:20:17 +0800] "GET /index HTTP/1.1" 404 115
0:0:0:0:0:0:0:1 - - [20/May/2019:00:20:20 +0800] "GET /verifyUtil.do?99 HTTP/1.1" 302 -
0:0:0:0:0:0:0:1 - - [20/May/2019:00:20:20 +0800] "GET /index HTTP/1.1" 404 115
0:0:0:0:0:0:0:1 - - [20/May/2019:00:20:21 +0800] "GET /verifyUtil.do?75 HTTP/1.1" 302 -
0:0:0:0:0:0:0:1 - - [20/May/2019:00:20:21 +0800] "GET /index HTTP/1.1" 404 115
0:0:0:0:0:0:0:1 - - [20/May/2019:00:20:22 +0800] "GET /verifyUtil.do?31 HTTP/1.1" 302 -
0:0:0:0:0:0:0:1 - - [20/May/2019:00:20:22 +0800] "GET /index HTTP/1.1" 404 115
0:0:0:0:0:0:0:1 - - [20/May/2019:00:20:22 +0800] "GET /verifyUtil.do?60 HTTP/1.1" 302 -
0:0:0:0:0:0:0:1 - - [20/May/2019:00:20:22 +0800] "GET /index HTTP/1.1" 404 115
0:0:0:0:0:0:0:1 - - [20/May/2019:00:20:22 +0800] "GET /verifyUtil.do?75 HTTP/1.1" 302 -
0:0:0:0:0:0:0:1 - - [20/May/2019:00:20:22 +0800] "GET /index HTTP/1.1" 404 115
0:0:0:0:0:0:0:1 - - [20/May/2019:00:20:23 +0800] "GET /verifyUtil.do?75 HTTP/1.1" 302 -
0:0:0:0:0:0:0:1 - - [20/May/2019:00:20:23 +0800] "GET /index HTTP/1.1" 404 115
0:0:0:0:0:0:0:1 - - [20/May/2019:00:20:23 +0800] "GET /verifyUtil.do?79 HTTP/1.1" 302 -
0:0:0:0:0:0:0:1 - - [20/May/2019:00:20:23 +0800] "GET /index HTTP/1.1" 404 115
0:0:0:0:0:0:0:1 - - [20/May/2019:00:20:23 +0800] "GET /verifyUtil.do?21 HTTP/1.1" 302 -
0:0:0:0:0:0:0:1 - - [20/May/2019:00:20:23 +0800] "GET /index HTTP/1.1" 404 115
0:0:0:0:0:0:0:1 - - [20/May/2019:00:20:23 +0800] "GET /verifyUtil.do?3 HTTP/1.1" 302 -
0:0:0:0:0:0:0:1 - - [20/May/2019:00:20:23 +0800] "GET /index HTTP/1.1" 404 115
0:0:0:0:0:0:0:1 - - [20/May/2019:00:20:24 +0800] "GET /verifyUtil.do?50 HTTP/1.1" 302 -
0:0:0:0:0:0:0:1 - - [20/May/2019:00:20:24 +0800] "GET /index HTTP/1.1" 404 115
0:0:0:0:0:0:0:1 - - [20/May/2019:00:20:24 +0800] "GET /verifyUtil.do?54 HTTP/1.1" 302 -
0:0:0:0:0:0:0:1 - - [20/May/2019:00:20:24 +0800] "GET /index HTTP/1.1" 404 115
0:0:0:0:0:0:0:1 - - [20/May/2019:00:20:24 +0800] "GET /verifyUtil.do?28 HTTP/1.1" 302 -
0:0:0:0:0:0:0:1 - - [20/May/2019:00:20:24 +0800] "GET /index HTTP/1.1" 404 115
0:0:0:0:0:0:0:1 - - [20/May/2019:00:20:24 +0800] "GET /verifyUtil.do?22 HTTP/1.1" 302 -
0:0:0:0:0:0:0:1 - - [20/May/2019:00:20:24 +0800] "GET /index HTTP/1.1" 404 115
0:0:0:0:0:0:0:1 - - [20/May/2019:00:20:24 +0800] "GET /verifyUtil.do?73 HTTP/1.1" 302 -
0:0:0:0:0:0:0:1 - - [20/May/2019:00:20:24 +0800] "GET /index HTTP/1.1" 404 115
0:0:0:0:0:0:0:1 - - [20/May/2019:00:20:25 +0800] "GET /verifyUtil.do?23 HTTP/1.1" 302 -
0:0:0:0:0:0:0:1 - - [20/May/2019:00:20:25 +0800] "GET /index HTTP/1.1" 404 115
0:0:0:0:0:0:0:1 - - [20/May/2019:00:20:25 +0800] "GET /verifyUtil.do?26 HTTP/1.1" 302 -
0:0:0:0:0:0:0:1 - - [20/May/2019:00:20:25 +0800] "GET /index HTTP/1.1" 404 115
0:0:0:0:0:0:0:1 - - [20/May/2019:00:20:25 +0800] "GET /verifyUtil.do?62 HTTP/1.1" 302 -
0:0:0:0:0:0:0:1 - - [20/May/2019:00:20:25 +0800] "GET /index HTTP/1.1" 404 115
0:0:0:0:0:0:0:1 - - [20/May/2019:00:20:25 +0800] "GET /verifyUtil.do?41 HTTP/1.1" 302 -
0:0:0:0:0:0:0:1 - - [20/May/2019:00:20:25 +0800] "GET /index HTTP/1.1" 404 115
0:0:0:0:0:0:0:1 - - [20/May/2019:00:20:25 +0800] "GET /verifyUtil.do?30 HTTP/1.1" 302 -
0:0:0:0:0:0:0:1 - - [20/May/2019:00:20:25 +0800] "GET /index HTTP/1.1" 404 115
0:0:0:0:0:0:0:1 - - [20/May/2019:00:20:26 +0800] "GET /verifyUtil.do?83 HTTP/1.1" 302 -
0:0:0:0:0:0:0:1 - - [20/May/2019:00:20:26 +0800] "GET /index HTTP/1.1" 404 115
0:0:0:0:0:0:0:1 - - [20/May/2019:00:20:26 +0800] "GET /verifyUtil.do?85 HTTP/1.1" 302 -
0:0:0:0:0:0:0:1 - - [20/May/2019:00:20:26 +0800] "GET /index HTTP/1.1" 404 115
0:0:0:0:0:0:0:1 - - [20/May/2019:00:20:26 +0800] "GET /verifyUtil.do?97 HTTP/1.1" 302 -
0:0:0:0:0:0:0:1 - - [20/May/2019:00:20:26 +0800] "GET /index HTTP/1.1" 404 115
0:0:0:0:0:0:0:1 - - [20/May/2019:00:20:26 +0800] "GET /verifyUtil.do?39 HTTP/1.1" 302 -
0:0:0:0:0:0:0:1 - - [20/May/2019:00:20:26 +0800] "GET /index HTTP/1.1" 404 115
0:0:0:0:0:0:0:1 - - [20/May/2019:00:20:26 +0800] "GET /verifyUtil.do?83 HTTP/1.1" 302 -
0:0:0:0:0:0:0:1 - - [20/May/2019:00:20:26 +0800] "GET /index HTTP/1.1" 404 115
0:0:0:0:0:0:0:1 - - [20/May/2019:00:20:26 +0800] "GET /verifyUtil.do?33 HTTP/1.1" 302 -
0:0:0:0:0:0:0:1 - - [20/May/2019:00:20:26 +0800] "GET /index HTTP/1.1" 404 115
0:0:0:0:0:0:0:1 - - [20/May/2019:00:20:26 +0800] "GET /verifyUtil.do?93 HTTP/1.1" 302 -
0:0:0:0:0:0:0:1 - - [20/May/2019:00:20:26 +0800] "GET /index HTTP/1.1" 404 115
0:0:0:0:0:0:0:1 - - [20/May/2019:00:20:27 +0800] "GET /verifyUtil.do?31 HTTP/1.1" 302 -
0:0:0:0:0:0:0:1 - - [20/May/2019:00:20:27 +0800] "GET /index HTTP/1.1" 404 115
0:0:0:0:0:0:0:1 - - [20/May/2019:00:20:27 +0800] "GET /verifyUtil.do?3 HTTP/1.1" 302 -
0:0:0:0:0:0:0:1 - - [20/May/2019:00:20:27 +0800] "GET /index HTTP/1.1" 404 115
0:0:0:0:0:0:0:1 - - [20/May/2019:00:20:27 +0800] "GET /verifyUtil.do?92 HTTP/1.1" 302 -
0:0:0:0:0:0:0:1 - - [20/May/2019:00:20:27 +0800] "GET /index HTTP/1.1" 404 115
0:0:0:0:0:0:0:1 - - [20/May/2019:00:20:27 +0800] "GET /verifyUtil.do?26 HTTP/1.1" 302 -
0:0:0:0:0:0:0:1 - - [20/May/2019:00:20:27 +0800] "GET /index HTTP/1.1" 404 115
0:0:0:0:0:0:0:1 - - [20/May/2019:00:20:27 +0800] "GET /verifyUtil.do?35 HTTP/1.1" 302 -
0:0:0:0:0:0:0:1 - - [20/May/2019:00:20:27 +0800] "GET /index HTTP/1.1" 404 115
0:0:0:0:0:0:0:1 - - [20/May/2019:00:20:27 +0800] "GET /verifyUtil.do?34 HTTP/1.1" 302 -
0:0:0:0:0:0:0:1 - - [20/May/2019:00:20:27 +0800] "GET /index HTTP/1.1" 404 115
0:0:0:0:0:0:0:1 - - [20/May/2019:00:20:27 +0800] "GET /verifyUtil.do?51 HTTP/1.1" 302 -
0:0:0:0:0:0:0:1 - - [20/May/2019:00:20:27 +0800] "GET /index HTTP/1.1" 404 115
0:0:0:0:0:0:0:1 - - [20/May/2019:00:20:28 +0800] "GET /verifyUtil.do?14 HTTP/1.1" 302 -
0:0:0:0:0:0:0:1 - - [20/May/2019:00:20:28 +0800] "GET /index HTTP/1.1" 404 115
0:0:0:0:0:0:0:1 - - [20/May/2019:00:20:28 +0800] "GET /verifyUtil.do?52 HTTP/1.1" 302 -
0:0:0:0:0:0:0:1 - - [20/May/2019:00:20:28 +0800] "GET /index HTTP/1.1" 404 115
0:0:0:0:0:0:0:1 - - [20/May/2019:00:20:28 +0800] "GET /verifyUtil.do?9 HTTP/1.1" 302 -
0:0:0:0:0:0:0:1 - - [20/May/2019:00:20:28 +0800] "GET /index HTTP/1.1" 404 115
0:0:0:0:0:0:0:1 - - [20/May/2019:00:20:28 +0800] "GET /verifyUtil.do?60 HTTP/1.1" 302 -
0:0:0:0:0:0:0:1 - - [20/May/2019:00:20:28 +0800] "GET /index HTTP/1.1" 404 115
0:0:0:0:0:0:0:1 - - [20/May/2019:00:20:28 +0800] "GET /verifyUtil.do?27 HTTP/1.1" 302 -
0:0:0:0:0:0:0:1 - - [20/May/2019:00:20:28 +0800] "GET /index HTTP/1.1" 404 115
0:0:0:0:0:0:0:1 - - [20/May/2019:00:20:28 +0800] "GET /verifyUtil.do?94 HTTP/1.1" 302 -
0:0:0:0:0:0:0:1 - - [20/May/2019:00:20:28 +0800] "GET /index HTTP/1.1" 404 115
0:0:0:0:0:0:0:1 - - [20/May/2019:00:20:29 +0800] "GET /verifyUtil.do?92 HTTP/1.1" 302 -
0:0:0:0:0:0:0:1 - - [20/May/2019:00:20:29 +0800] "GET /index HTTP/1.1" 404 115
0:0:0:0:0:0:0:1 - - [20/May/2019:00:20:29 +0800] "GET /verifyUtil.do?78 HTTP/1.1" 302 -
0:0:0:0:0:0:0:1 - - [20/May/2019:00:20:29 +0800] "GET /index HTTP/1.1" 404 115
0:0:0:0:0:0:0:1 - - [20/May/2019:00:20:29 +0800] "GET /verifyUtil.do?60 HTTP/1.1" 302 -
0:0:0:0:0:0:0:1 - - [20/May/2019:00:20:29 +0800] "GET /index HTTP/1.1" 404 115
0:0:0:0:0:0:0:1 - - [20/May/2019:00:20:29 +0800] "GET /verifyUtil.do?32 HTTP/1.1" 302 -
0:0:0:0:0:0:0:1 - - [20/May/2019:00:20:29 +0800] "GET /index HTTP/1.1" 404 115
0:0:0:0:0:0:0:1 - - [20/May/2019:00:20:29 +0800] "GET /verifyUtil.do?80 HTTP/1.1" 302 -
0:0:0:0:0:0:0:1 - - [20/May/2019:00:20:29 +0800] "GET /index HTTP/1.1" 404 115
0:0:0:0:0:0:0:1 - - [20/May/2019:00:20:29 +0800] "GET /verifyUtil.do?53 HTTP/1.1" 302 -
0:0:0:0:0:0:0:1 - - [20/May/2019:00:20:29 +0800] "GET /index HTTP/1.1" 404 115
0:0:0:0:0:0:0:1 - - [20/May/2019:00:20:29 +0800] "GET /verifyUtil.do?16 HTTP/1.1" 302 -
0:0:0:0:0:0:0:1 - - [20/May/2019:00:20:29 +0800] "GET /index HTTP/1.1" 404 115
0:0:0:0:0:0:0:1 - - [20/May/2019:00:20:30 +0800] "GET /verifyUtil.do?89 HTTP/1.1" 302 -
0:0:0:0:0:0:0:1 - - [20/May/2019:00:20:30 +0800] "GET /index HTTP/1.1" 404 115
0:0:0:0:0:0:0:1 - - [20/May/2019:00:20:30 +0800] "GET /verifyUtil.do?26 HTTP/1.1" 302 -
0:0:0:0:0:0:0:1 - - [20/May/2019:00:20:30 +0800] "GET /index HTTP/1.1" 404 115
0:0:0:0:0:0:0:1 - - [20/May/2019:00:20:30 +0800] "GET /verifyUtil.do?92 HTTP/1.1" 302 -
0:0:0:0:0:0:0:1 - - [20/May/2019:00:20:30 +0800] "GET /index HTTP/1.1" 404 115
0:0:0:0:0:0:0:1 - - [20/May/2019:00:20:30 +0800] "GET /verifyUtil.do?9 HTTP/1.1" 302 -
0:0:0:0:0:0:0:1 - - [20/May/2019:00:20:30 +0800] "GET /index HTTP/1.1" 404 115
0:0:0:0:0:0:0:1 - - [20/May/2019:00:20:30 +0800] "GET /verifyUtil.do?81 HTTP/1.1" 302 -
0:0:0:0:0:0:0:1 - - [20/May/2019:00:20:30 +0800] "GET /index HTTP/1.1" 404 115
0:0:0:0:0:0:0:1 - - [20/May/2019:00:20:31 +0800] "GET /verifyUtil.do?0 HTTP/1.1" 302 -
0:0:0:0:0:0:0:1 - - [20/May/2019:00:20:31 +0800] "GET /index HTTP/1.1" 404 115
0:0:0:0:0:0:0:1 - - [20/May/2019:00:20:31 +0800] "GET /verifyUtil.do?51 HTTP/1.1" 302 -
0:0:0:0:0:0:0:1 - - [20/May/2019:00:20:31 +0800] "GET /index HTTP/1.1" 404 115
0:0:0:0:0:0:0:1 - - [20/May/2019:00:20:31 +0800] "GET /verifyUtil.do?46 HTTP/1.1" 302 -
0:0:0:0:0:0:0:1 - - [20/May/2019:00:20:31 +0800] "GET /index HTTP/1.1" 404 115
0:0:0:0:0:0:0:1 - - [20/May/2019:00:20:31 +0800] "GET /verifyUtil.do?59 HTTP/1.1" 302 -
0:0:0:0:0:0:0:1 - - [20/May/2019:00:20:31 +0800] "GET /index HTTP/1.1" 404 115
0:0:0:0:0:0:0:1 - - [20/May/2019:00:20:31 +0800] "GET /verifyUtil.do?50 HTTP/1.1" 302 -
0:0:0:0:0:0:0:1 - - [20/May/2019:00:20:31 +0800] "GET /index HTTP/1.1" 404 115
0:0:0:0:0:0:0:1 - - [20/May/2019:00:20:31 +0800] "GET /verifyUtil.do?41 HTTP/1.1" 302 -
0:0:0:0:0:0:0:1 - - [20/May/2019:00:20:31 +0800] "GET /index HTTP/1.1" 404 115
0:0:0:0:0:0:0:1 - - [20/May/2019:00:20:31 +0800] "GET /verifyUtil.do?85 HTTP/1.1" 302 -
0:0:0:0:0:0:0:1 - - [20/May/2019:00:20:31 +0800] "GET /index HTTP/1.1" 404 115
0:0:0:0:0:0:0:1 - - [20/May/2019:00:22:16 +0800] "GET / HTTP/1.1" 200 1339
0:0:0:0:0:0:0:1 - - [20/May/2019:00:22:16 +0800] "GET /verifyUtil.do HTTP/1.1" 302 -
0:0:0:0:0:0:0:1 - - [20/May/2019:00:22:16 +0800] "GET /index HTTP/1.1" 404 115
0:0:0:0:0:0:0:1 - - [20/May/2019:00:22:16 +0800] "GET /favicon.ico HTTP/1.1" 302 -
0:0:0:0:0:0:0:1 - - [20/May/2019:00:22:16 +0800] "GET /index HTTP/1.1" 404 115
0:0:0:0:0:0:0:1 - - [20/May/2019:00:22:18 +0800] "GET / HTTP/1.1" 200 1339
0:0:0:0:0:0:0:1 - - [20/May/2019:00:22:18 +0800] "GET /verifyUtil.do HTTP/1.1" 302 -
0:0:0:0:0:0:0:1 - - [20/May/2019:00:22:18 +0800] "GET /index HTTP/1.1" 404 115
0:0:0:0:0:0:0:1 - - [20/May/2019:00:22:19 +0800] "GET / HTTP/1.1" 200 1339
0:0:0:0:0:0:0:1 - - [20/May/2019:00:22:19 +0800] "GET /verifyUtil.do HTTP/1.1" 302 -
0:0:0:0:0:0:0:1 - - [20/May/2019:00:22:19 +0800] "GET /index HTTP/1.1" 404 115
0:0:0:0:0:0:0:1 - - [20/May/2019:00:22:20 +0800] "GET / HTTP/1.1" 200 1339
0:0:0:0:0:0:0:1 - - [20/May/2019:00:22:20 +0800] "GET /verifyUtil.do HTTP/1.1" 302 -
0:0:0:0:0:0:0:1 - - [20/May/2019:00:22:20 +0800] "GET /index HTTP/1.1" 404 115
0:0:0:0:0:0:0:1 - - [20/May/2019:00:22:20 +0800] "GET / HTTP/1.1" 200 1339
0:0:0:0:0:0:0:1 - - [20/May/2019:00:22:20 +0800] "GET /verifyUtil.do HTTP/1.1" 302 -
0:0:0:0:0:0:0:1 - - [20/May/2019:00:22:20 +0800] "GET /index HTTP/1.1" 404 115
0:0:0:0:0:0:0:1 - - [20/May/2019:00:22:20 +0800] "GET / HTTP/1.1" 200 1339
0:0:0:0:0:0:0:1 - - [20/May/2019:00:22:20 +0800] "GET /verifyUtil.do HTTP/1.1" 302 -
0:0:0:0:0:0:0:1 - - [20/May/2019:00:22:21 +0800] "GET /index HTTP/1.1" 404 115
0:0:0:0:0:0:0:1 - - [20/May/2019:00:22:21 +0800] "GET / HTTP/1.1" 200 1339
0:0:0:0:0:0:0:1 - - [20/May/2019:00:22:21 +0800] "GET /verifyUtil.do HTTP/1.1" 302 -
0:0:0:0:0:0:0:1 - - [20/May/2019:00:22:21 +0800] "GET /index HTTP/1.1" 404 115
0:0:0:0:0:0:0:1 - - [20/May/2019:00:22:21 +0800] "GET / HTTP/1.1" 200 1339
0:0:0:0:0:0:0:1 - - [20/May/2019:00:22:21 +0800] "GET /verifyUtil.do HTTP/1.1" 302 -
0:0:0:0:0:0:0:1 - - [20/May/2019:00:22:21 +0800] "GET /index HTTP/1.1" 404 115
0:0:0:0:0:0:0:1 - - [20/May/2019:00:22:21 +0800] "GET / HTTP/1.1" 200 1339
0:0:0:0:0:0:0:1 - - [20/May/2019:00:22:21 +0800] "GET /verifyUtil.do HTTP/1.1" 302 -
0:0:0:0:0:0:0:1 - - [20/May/2019:00:22:21 +0800] "GET /index HTTP/1.1" 404 115
0:0:0:0:0:0:0:1 - - [20/May/2019:00:22:21 +0800] "GET / HTTP/1.1" 200 1339
0:0:0:0:0:0:0:1 - - [20/May/2019:00:22:21 +0800] "GET /verifyUtil.do HTTP/1.1" 302 -
0:0:0:0:0:0:0:1 - - [20/May/2019:00:22:21 +0800] "GET /index HTTP/1.1" 404 115
0:0:0:0:0:0:0:1 - - [20/May/2019:00:22:21 +0800] "GET / HTTP/1.1" 200 1339
0:0:0:0:0:0:0:1 - - [20/May/2019:00:22:21 +0800] "GET /verifyUtil.do HTTP/1.1" 302 -
0:0:0:0:0:0:0:1 - - [20/May/2019:00:22:22 +0800] "GET /index HTTP/1.1" 404 115
0:0:0:0:0:0:0:1 - - [20/May/2019:00:22:22 +0800] "GET / HTTP/1.1" 200 1339
0:0:0:0:0:0:0:1 - - [20/May/2019:00:22:22 +0800] "GET /verifyUtil.do HTTP/1.1" 302 -
0:0:0:0:0:0:0:1 - - [20/May/2019:00:22:22 +0800] "GET /index HTTP/1.1" 404 115
0:0:0:0:0:0:0:1 - - [20/May/2019:00:22:22 +0800] "GET / HTTP/1.1" 200 1339
0:0:0:0:0:0:0:1 - - [20/May/2019:00:22:22 +0800] "GET /verifyUtil.do HTTP/1.1" 302 -
0:0:0:0:0:0:0:1 - - [20/May/2019:00:22:22 +0800] "GET /index HTTP/1.1" 404 115
0:0:0:0:0:0:0:1 - - [20/May/2019:00:22:22 +0800] "GET / HTTP/1.1" 200 1339
0:0:0:0:0:0:0:1 - - [20/May/2019:00:22:22 +0800] "GET /verifyUtil.do HTTP/1.1" 302 -
0:0:0:0:0:0:0:1 - - [20/May/2019:00:22:22 +0800] "GET /index HTTP/1.1" 404 115
0:0:0:0:0:0:0:1 - - [20/May/2019:00:22:22 +0800] "GET / HTTP/1.1" 200 1339
0:0:0:0:0:0:0:1 - - [20/May/2019:00:22:22 +0800] "GET /verifyUtil.do HTTP/1.1" 302 -
0:0:0:0:0:0:0:1 - - [20/May/2019:00:22:22 +0800] "GET /index HTTP/1.1" 404 115
0:0:0:0:0:0:0:1 - - [20/May/2019:00:22:22 +0800] "GET / HTTP/1.1" 200 1339
0:0:0:0:0:0:0:1 - - [20/May/2019:00:22:22 +0800] "GET /verifyUtil.do HTTP/1.1" 302 -
0:0:0:0:0:0:0:1 - - [20/May/2019:00:22:22 +0800] "GET /index HTTP/1.1" 404 115
0:0:0:0:0:0:0:1 - - [20/May/2019:00:22:22 +0800] "GET / HTTP/1.1" 200 1339
0:0:0:0:0:0:0:1 - - [20/May/2019:00:22:22 +0800] "GET /verifyUtil.do HTTP/1.1" 302 -
0:0:0:0:0:0:0:1 - - [20/May/2019:00:22:22 +0800] "GET /index HTTP/1.1" 404 115
0:0:0:0:0:0:0:1 - - [20/May/2019:00:22:23 +0800] "GET / HTTP/1.1" 200 1339
0:0:0:0:0:0:0:1 - - [20/May/2019:00:22:23 +0800] "GET /verifyUtil.do HTTP/1.1" 302 -
0:0:0:0:0:0:0:1 - - [20/May/2019:00:22:23 +0800] "GET /index HTTP/1.1" 404 115
0:0:0:0:0:0:0:1 - - [20/May/2019:00:22:23 +0800] "GET / HTTP/1.1" 200 1339
0:0:0:0:0:0:0:1 - - [20/May/2019:00:22:23 +0800] "GET /verifyUtil.do HTTP/1.1" 302 -
0:0:0:0:0:0:0:1 - - [20/May/2019:00:22:23 +0800] "GET /index HTTP/1.1" 404 115
0:0:0:0:0:0:0:1 - - [20/May/2019:00:22:25 +0800] "GET /verifyUtil.do?85 HTTP/1.1" 302 -
0:0:0:0:0:0:0:1 - - [20/May/2019:00:22:25 +0800] "GET /index HTTP/1.1" 404 115
0:0:0:0:0:0:0:1 - - [20/May/2019:00:22:25 +0800] "GET /verifyUtil.do?78 HTTP/1.1" 302 -
0:0:0:0:0:0:0:1 - - [20/May/2019:00:22:25 +0800] "GET /index HTTP/1.1" 404 115
0:0:0:0:0:0:0:1 - - [20/May/2019:00:22:25 +0800] "GET /verifyUtil.do?88 HTTP/1.1" 302 -
0:0:0:0:0:0:0:1 - - [20/May/2019:00:22:25 +0800] "GET /index HTTP/1.1" 404 115
0:0:0:0:0:0:0:1 - - [20/May/2019:00:22:25 +0800] "GET /verifyUtil.do?74 HTTP/1.1" 302 -
0:0:0:0:0:0:0:1 - - [20/May/2019:00:22:25 +0800] "GET /index HTTP/1.1" 404 115
0:0:0:0:0:0:0:1 - - [20/May/2019:00:22:26 +0800] "GET /verifyUtil.do?77 HTTP/1.1" 302 -
0:0:0:0:0:0:0:1 - - [20/May/2019:00:22:26 +0800] "GET /index HTTP/1.1" 404 115
0:0:0:0:0:0:0:1 - - [20/May/2019:00:22:26 +0800] "GET /verifyUtil.do?3 HTTP/1.1" 302 -
0:0:0:0:0:0:0:1 - - [20/May/2019:00:22:26 +0800] "GET /index HTTP/1.1" 404 115
0:0:0:0:0:0:0:1 - - [20/May/2019:00:22:26 +0800] "GET /verifyUtil.do?48 HTTP/1.1" 302 -
0:0:0:0:0:0:0:1 - - [20/May/2019:00:22:26 +0800] "GET /index HTTP/1.1" 404 115
0:0:0:0:0:0:0:1 - - [20/May/2019:00:22:26 +0800] "GET /verifyUtil.do?1 HTTP/1.1" 302 -
0:0:0:0:0:0:0:1 - - [20/May/2019:00:22:26 +0800] "GET /index HTTP/1.1" 404 115
0:0:0:0:0:0:0:1 - - [20/May/2019:00:22:26 +0800] "GET /verifyUtil.do?59 HTTP/1.1" 302 -
0:0:0:0:0:0:0:1 - - [20/May/2019:00:22:26 +0800] "GET /index HTTP/1.1" 404 115
0:0:0:0:0:0:0:1 - - [20/May/2019:00:22:26 +0800] "GET /verifyUtil.do?60 HTTP/1.1" 302 -
0:0:0:0:0:0:0:1 - - [20/May/2019:00:22:26 +0800] "GET /index HTTP/1.1" 404 115
0:0:0:0:0:0:0:1 - - [20/May/2019:00:22:26 +0800] "GET /verifyUtil.do?94 HTTP/1.1" 302 -
0:0:0:0:0:0:0:1 - - [20/May/2019:00:22:27 +0800] "GET /index HTTP/1.1" 404 115
0:0:0:0:0:0:0:1 - - [20/May/2019:00:22:27 +0800] "GET /verifyUtil.do?73 HTTP/1.1" 302 -
0:0:0:0:0:0:0:1 - - [20/May/2019:00:22:27 +0800] "GET /index HTTP/1.1" 404 115
0:0:0:0:0:0:0:1 - - [20/May/2019:00:22:27 +0800] "GET /verifyUtil.do?87 HTTP/1.1" 302 -
0:0:0:0:0:0:0:1 - - [20/May/2019:00:22:27 +0800] "GET /index HTTP/1.1" 404 115
0:0:0:0:0:0:0:1 - - [20/May/2019:00:22:27 +0800] "GET /verifyUtil.do?9 HTTP/1.1" 302 -
0:0:0:0:0:0:0:1 - - [20/May/2019:00:22:27 +0800] "GET /index HTTP/1.1" 404 115
0:0:0:0:0:0:0:1 - - [20/May/2019:00:22:27 +0800] "GET /verifyUtil.do?48 HTTP/1.1" 302 -
0:0:0:0:0:0:0:1 - - [20/May/2019:00:22:27 +0800] "GET /index HTTP/1.1" 404 115
0:0:0:0:0:0:0:1 - - [20/May/2019:00:22:27 +0800] "GET /verifyUtil.do?8 HTTP/1.1" 302 -
0:0:0:0:0:0:0:1 - - [20/May/2019:00:22:27 +0800] "GET /index HTTP/1.1" 404 115
0:0:0:0:0:0:0:1 - - [20/May/2019:00:22:28 +0800] "GET /verifyUtil.do?81 HTTP/1.1" 302 -
0:0:0:0:0:0:0:1 - - [20/May/2019:00:22:28 +0800] "GET /index HTTP/1.1" 404 115
0:0:0:0:0:0:0:1 - - [20/May/2019:00:22:28 +0800] "GET /verifyUtil.do?88 HTTP/1.1" 302 -
0:0:0:0:0:0:0:1 - - [20/May/2019:00:22:28 +0800] "GET /index HTTP/1.1" 404 115
0:0:0:0:0:0:0:1 - - [20/May/2019:00:22:28 +0800] "GET /verifyUtil.do?61 HTTP/1.1" 302 -
0:0:0:0:0:0:0:1 - - [20/May/2019:00:22:28 +0800] "GET /index HTTP/1.1" 404 115
0:0:0:0:0:0:0:1 - - [20/May/2019:00:22:28 +0800] "GET /verifyUtil.do?55 HTTP/1.1" 302 -
0:0:0:0:0:0:0:1 - - [20/May/2019:00:22:28 +0800] "GET /index HTTP/1.1" 404 115
0:0:0:0:0:0:0:1 - - [20/May/2019:00:22:28 +0800] "GET /verifyUtil.do?63 HTTP/1.1" 302 -
0:0:0:0:0:0:0:1 - - [20/May/2019:00:22:28 +0800] "GET /index HTTP/1.1" 404 115
0:0:0:0:0:0:0:1 - - [20/May/2019:00:22:28 +0800] "GET /verifyUtil.do?12 HTTP/1.1" 302 -
0:0:0:0:0:0:0:1 - - [20/May/2019:00:22:28 +0800] "GET /index HTTP/1.1" 404 115
0:0:0:0:0:0:0:1 - - [20/May/2019:00:22:28 +0800] "GET /verifyUtil.do?93 HTTP/1.1" 302 -
0:0:0:0:0:0:0:1 - - [20/May/2019:00:22:28 +0800] "GET /index HTTP/1.1" 404 115
0:0:0:0:0:0:0:1 - - [20/May/2019:00:22:29 +0800] "GET /verifyUtil.do?28 HTTP/1.1" 302 -
0:0:0:0:0:0:0:1 - - [20/May/2019:00:22:29 +0800] "GET /index HTTP/1.1" 404 115
0:0:0:0:0:0:0:1 - - [20/May/2019:00:22:29 +0800] "GET /verifyUtil.do?74 HTTP/1.1" 302 -
0:0:0:0:0:0:0:1 - - [20/May/2019:00:22:29 +0800] "GET /index HTTP/1.1" 404 115
0:0:0:0:0:0:0:1 - - [20/May/2019:00:22:30 +0800] "GET /verifyUtil.do?21 HTTP/1.1" 302 -
0:0:0:0:0:0:0:1 - - [20/May/2019:00:22:30 +0800] "GET /index HTTP/1.1" 404 115
0:0:0:0:0:0:0:1 - - [20/May/2019:00:22:48 +0800] "POST /login.do HTTP/1.1" 302 -
0:0:0:0:0:0:0:1 - - [20/May/2019:00:22:48 +0800] "GET /index HTTP/1.1" 404 295
0:0:0:0:0:0:0:1 - - [20/May/2019:00:22:52 +0800] "GET /verifyUtil.do HTTP/1.1" 302 -
0:0:0:0:0:0:0:1 - - [20/May/2019:00:22:52 +0800] "GET /index HTTP/1.1" 404 115
0:0:0:0:0:0:0:1 - - [20/May/2019:00:22:53 +0800] "POST /login.do HTTP/1.1" 302 -
0:0:0:0:0:0:0:1 - - [20/May/2019:00:22:53 +0800] "GET /index HTTP/1.1" 404 295
0:0:0:0:0:0:0:1 - - [20/May/2019:00:22:56 +0800] "GET /verifyUtil.do HTTP/1.1" 302 -
0:0:0:0:0:0:0:1 - - [20/May/2019:00:22:56 +0800] "GET /index HTTP/1.1" 404 115
0:0:0:0:0:0:0:1 - - [20/May/2019:00:22:58 +0800] "POST /login.do HTTP/1.1" 302 -
0:0:0:0:0:0:0:1 - - [20/May/2019:00:22:58 +0800] "GET /index HTTP/1.1" 404 295
0:0:0:0:0:0:0:1 - - [20/May/2019:00:22:59 +0800] "GET /verifyUtil.do HTTP/1.1" 302 -
0:0:0:0:0:0:0:1 - - [20/May/2019:00:22:59 +0800] "GET /index HTTP/1.1" 404 115
0:0:0:0:0:0:0:1 - - [20/May/2019:00:23:00 +0800] "POST /login.do HTTP/1.1" 302 -
0:0:0:0:0:0:0:1 - - [20/May/2019:00:23:00 +0800] "GET /index HTTP/1.1" 404 295
0:0:0:0:0:0:0:1 - - [20/May/2019:00:23:01 +0800] "GET /verifyUtil.do HTTP/1.1" 302 -
0:0:0:0:0:0:0:1 - - [20/May/2019:00:23:01 +0800] "GET /index HTTP/1.1" 404 115
0:0:0:0:0:0:0:1 - - [20/May/2019:00:23:02 +0800] "POST /login.do HTTP/1.1" 302 -
0:0:0:0:0:0:0:1 - - [20/May/2019:00:23:02 +0800] "GET /index HTTP/1.1" 404 295
0:0:0:0:0:0:0:1 - - [20/May/2019:00:23:04 +0800] "GET /verifyUtil.do HTTP/1.1" 302 -
0:0:0:0:0:0:0:1 - - [20/May/2019:00:23:04 +0800] "GET /index HTTP/1.1" 404 115
0:0:0:0:0:0:0:1 - - [20/May/2019:00:23:06 +0800] "POST /login.do HTTP/1.1" 302 -
0:0:0:0:0:0:0:1 - - [20/May/2019:00:23:06 +0800] "GET /index HTTP/1.1" 404 295
0:0:0:0:0:0:0:1 - - [20/May/2019:00:23:09 +0800] "GET /verifyUtil.do HTTP/1.1" 302 -
0:0:0:0:0:0:0:1 - - [20/May/2019:00:23:09 +0800] "GET /index HTTP/1.1" 404 115
0:0:0:0:0:0:0:1 - - [20/May/2019:00:23:16 +0800] "GET /login.do HTTP/1.1" 302 -
0:0:0:0:0:0:0:1 - - [20/May/2019:00:23:16 +0800] "GET /index HTTP/1.1" 404 295
0:0:0:0:0:0:0:1 - - [20/May/2019:00:23:19 +0800] "GET /verifyUtil.do HTTP/1.1" 302 -
0:0:0:0:0:0:0:1 - - [20/May/2019:00:23:19 +0800] "GET /index HTTP/1.1" 404 115
0:0:0:0:0:0:0:1 - - [20/May/2019:00:23:20 +0800] "POST /login.do HTTP/1.1" 302 -
0:0:0:0:0:0:0:1 - - [20/May/2019:00:23:20 +0800] "GET /index HTTP/1.1" 404 295
0:0:0:0:0:0:0:1 - - [20/May/2019:00:23:22 +0800] "GET /verifyUtil.do HTTP/1.1" 302 -
0:0:0:0:0:0:0:1 - - [20/May/2019:00:23:22 +0800] "GET /index HTTP/1.1" 404 115
0:0:0:0:0:0:0:1 - - [20/May/2019:00:23:22 +0800] "POST /login.do HTTP/1.1" 302 -
0:0:0:0:0:0:0:1 - - [20/May/2019:00:23:22 +0800] "GET /index HTTP/1.1" 404 295
0:0:0:0:0:0:0:1 - - [20/May/2019:00:23:23 +0800] "GET /verifyUtil.do HTTP/1.1" 302 -
0:0:0:0:0:0:0:1 - - [20/May/2019:00:23:23 +0800] "GET /index HTTP/1.1" 404 115
0:0:0:0:0:0:0:1 - - [20/May/2019:00:23:24 +0800] "POST /login.do HTTP/1.1" 302 -
0:0:0:0:0:0:0:1 - - [20/May/2019:00:23:24 +0800] "GET /index HTTP/1.1" 404 295
0:0:0:0:0:0:0:1 - - [20/May/2019:00:23:25 +0800] "GET /verifyUtil.do HTTP/1.1" 302 -
0:0:0:0:0:0:0:1 - - [20/May/2019:00:23:26 +0800] "GET /index HTTP/1.1" 404 115
0:0:0:0:0:0:0:1 - - [20/May/2019:00:24:31 +0800] "GET / HTTP/1.1" 200 1339
0:0:0:0:0:0:0:1 - - [20/May/2019:00:24:32 +0800] "GET /verifyUtil.do HTTP/1.1" 200 726
0:0:0:0:0:0:0:1 - - [20/May/2019:00:24:36 +0800] "POST /login.do HTTP/1.1" 200 1360
0:0:0:0:0:0:0:1 - - [20/May/2019:00:24:36 +0800] "GET /verifyUtil.do HTTP/1.1" 200 694
0:0:0:0:0:0:0:1 - - [20/May/2019:00:24:47 +0800] "POST /login.do HTTP/1.1" 200 1367
0:0:0:0:0:0:0:1 - - [20/May/2019:00:24:47 +0800] "GET /verifyUtil.do HTTP/1.1" 200 680
0:0:0:0:0:0:0:1 - - [20/May/2019:00:24:58 +0800] "POST /login.do HTTP/1.1" 302 -
0:0:0:0:0:0:0:1 - - [20/May/2019:00:24:58 +0800] "GET /department/login.do?username=000000000001&password=12345678 HTTP/1.1" 302 -
0:0:0:0:0:0:0:1 - - [20/May/2019:00:24:58 +0800] "GET /index HTTP/1.1" 404 295
0:0:0:0:0:0:0:1 - - [20/May/2019:00:25:39 +0800] "GET /index HTTP/1.1" 404 295
0:0:0:0:0:0:0:1 - - [20/May/2019:00:25:41 +0800] "GET /index HTTP/1.1" 404 295
0:0:0:0:0:0:0:1 - - [20/May/2019:00:28:27 +0800] "POST /login.do HTTP/1.1" 200 1367
0:0:0:0:0:0:0:1 - - [20/May/2019:00:28:28 +0800] "GET /verifyUtil.do HTTP/1.1" 200 590
0:0:0:0:0:0:0:1 - - [20/May/2019:00:28:46 +0800] "POST /login.do HTTP/1.1" 302 -
0:0:0:0:0:0:0:1 - - [20/May/2019:00:28:47 +0800] "GET /department/login.do?username=000000000001&password=12345678 HTTP/1.1" 200 1381
0:0:0:0:0:0:0:1 - - [20/May/2019:00:28:47 +0800] "GET /verifyUtil.do HTTP/1.1" 200 627
0:0:0:0:0:0:0:1 - - [20/May/2019:00:29:25 +0800] "POST /department/login.do HTTP/1.1" 200 1512
0:0:0:0:0:0:0:1 - - [20/May/2019:00:33:02 +0800] "GET /department/course/professional/set.do HTTP/1.1" 302 -
0:0:0:0:0:0:0:1 - - [20/May/2019:00:33:02 +0800] "GET / HTTP/1.1" 200 1339
0:0:0:0:0:0:0:1 - - [20/May/2019:00:33:02 +0800] "GET /verifyUtil.do HTTP/1.1" 200 574
0:0:0:0:0:0:0:1 - - [20/May/2019:00:33:10 +0800] "GET /department/course/public/set.do HTTP/1.1" 302 -
0:0:0:0:0:0:0:1 - - [20/May/2019:00:33:10 +0800] "GET / HTTP/1.1" 200 1339
0:0:0:0:0:0:0:1 - - [20/May/2019:00:33:10 +0800] "GET /verifyUtil.do HTTP/1.1" 200 695
0:0:0:0:0:0:0:1 - - [20/May/2019:00:33:14 +0800] "GET /department/course/elective/school/set.do HTTP/1.1" 302 -
0:0:0:0:0:0:0:1 - - [20/May/2019:00:33:14 +0800] "GET / HTTP/1.1" 200 1339
0:0:0:0:0:0:0:1 - - [20/May/2019:00:33:14 +0800] "GET /verifyUtil.do HTTP/1.1" 200 594
0:0:0:0:0:0:0:1 - - [20/May/2019:00:42:05 +0800] "GET /d HTTP/1.1" 302 -
0:0:0:0:0:0:0:1 - - [20/May/2019:00:42:06 +0800] "GET / HTTP/1.1" 200 1339
0:0:0:0:0:0:0:1 - - [20/May/2019:00:42:06 +0800] "GET /verifyUtil.do HTTP/1.1" 200 701
0:0:0:0:0:0:0:1 - - [20/May/2019:00:43:08 +0800] "POST /login.do HTTP/1.1" 302 -
0:0:0:0:0:0:0:1 - - [20/May/2019:00:43:08 +0800] "GET /department/login.do?username=000000000001&password=123456 HTTP/1.1" 200 1512
0:0:0:0:0:0:0:1 - - [20/May/2019:00:43:09 +0800] "GET /department/course/professional/set.do HTTP/1.1" 302 -
0:0:0:0:0:0:0:1 - - [20/May/2019:00:43:09 +0800] "GET / HTTP/1.1" 200 1339
0:0:0:0:0:0:0:1 - - [20/May/2019:00:43:09 +0800] "GET /verifyUtil.do HTTP/1.1" 200 592
