0:0:0:0:0:0:0:1 - - [09/Dec/2018:19:34:24 +0800] "GET / HTTP/1.1" 200 1339
0:0:0:0:0:0:0:1 - - [09/Dec/2018:19:34:25 +0800] "GET /verifyUtil.do HTTP/1.1" 200 668
0:0:0:0:0:0:0:1 - - [09/Dec/2018:19:34:25 +0800] "GET /favicon.ico HTTP/1.1" 304 -
0:0:0:0:0:0:0:1 - - [09/Dec/2018:19:34:42 +0800] "POST /login.do HTTP/1.1" 200 1372
0:0:0:0:0:0:0:1 - - [09/Dec/2018:19:34:42 +0800] "GET /verifyUtil.do HTTP/1.1" 200 651
0:0:0:0:0:0:0:1 - - [09/Dec/2018:19:34:52 +0800] "POST /login.do HTTP/1.1" 302 -
0:0:0:0:0:0:0:1 - - [09/Dec/2018:19:34:52 +0800] "GET /department/login.do?username=000000000001&password=123456 HTTP/1.1" 200 1512
0:0:0:0:0:0:0:1 - - [09/Dec/2018:19:35:30 +0800] "POST /login.do HTTP/1.1" 302 -
0:0:0:0:0:0:0:1 - - [09/Dec/2018:19:35:30 +0800] "GET /department/login.do?username=000000000001&password= HTTP/1.1" 200 1381
0:0:0:0:0:0:0:1 - - [09/Dec/2018:19:35:31 +0800] "GET /verifyUtil.do HTTP/1.1" 200 565
0:0:0:0:0:0:0:1 - - [09/Dec/2018:19:35:40 +0800] "POST /department/login.do HTTP/1.1" 200 1512
0:0:0:0:0:0:0:1 - - [09/Dec/2018:19:35:55 +0800] "GET /department/course/professional/set.do HTTP/1.1" 200 9325
0:0:0:0:0:0:0:1 - - [09/Dec/2018:19:36:07 +0800] "GET /verifyUtil.do?19 HTTP/1.1" 200 645
0:0:0:0:0:0:0:1 - - [09/Dec/2018:19:36:20 +0800] "POST /department/login.do HTTP/1.1" 200 1381
0:0:0:0:0:0:0:1 - - [09/Dec/2018:19:36:20 +0800] "GET /verifyUtil.do HTTP/1.1" 200 622
0:0:0:0:0:0:0:1 - - [09/Dec/2018:19:36:31 +0800] "POST /department/login.do HTTP/1.1" 200 1381
0:0:0:0:0:0:0:1 - - [09/Dec/2018:19:36:31 +0800] "GET /verifyUtil.do HTTP/1.1" 200 701
0:0:0:0:0:0:0:1 - - [09/Dec/2018:19:36:45 +0800] "POST /department/login.do HTTP/1.1" 200 1381
0:0:0:0:0:0:0:1 - - [09/Dec/2018:19:36:45 +0800] "GET /verifyUtil.do HTTP/1.1" 200 619
0:0:0:0:0:0:0:1 - - [09/Dec/2018:19:37:50 +0800] "POST /department/login.do HTTP/1.1" 200 1381
0:0:0:0:0:0:0:1 - - [09/Dec/2018:19:37:50 +0800] "GET /verifyUtil.do HTTP/1.1" 200 653
0:0:0:0:0:0:0:1 - - [09/Dec/2018:19:37:50 +0800] "GET /favicon.ico HTTP/1.1" 200 946
0:0:0:0:0:0:0:1 - - [09/Dec/2018:19:37:52 +0800] "POST /department/login.do HTTP/1.1" 200 1381
0:0:0:0:0:0:0:1 - - [09/Dec/2018:19:37:52 +0800] "GET /verifyUtil.do HTTP/1.1" 200 645
0:0:0:0:0:0:0:1 - - [09/Dec/2018:19:37:52 +0800] "GET /favicon.ico HTTP/1.1" 200 946
0:0:0:0:0:0:0:1 - - [09/Dec/2018:19:38:02 +0800] "POST /department/login.do HTTP/1.1" 200 1381
0:0:0:0:0:0:0:1 - - [09/Dec/2018:19:38:02 +0800] "GET /verifyUtil.do HTTP/1.1" 200 689
0:0:0:0:0:0:0:1 - - [09/Dec/2018:19:38:06 +0800] "GET / HTTP/1.1" 200 1339
0:0:0:0:0:0:0:1 - - [09/Dec/2018:19:38:06 +0800] "GET /verifyUtil.do HTTP/1.1" 200 728
0:0:0:0:0:0:0:1 - - [09/Dec/2018:19:38:17 +0800] "POST /login.do HTTP/1.1" 302 -
0:0:0:0:0:0:0:1 - - [09/Dec/2018:19:38:17 +0800] "GET /teacher/login.do?username=201610414415&password=123456 HTTP/1.1" 200 1803
0:0:0:0:0:0:0:1 - - [09/Dec/2018:19:38:33 +0800] "GET /teacher/course/professional/set.do HTTP/1.1" 200 2527
0:0:0:0:0:0:0:1 - - [09/Dec/2018:19:39:04 +0800] "GET /verifyUtil.do?7 HTTP/1.1" 200 627
0:0:0:0:0:0:0:1 - - [09/Dec/2018:19:39:09 +0800] "POST /login.do HTTP/1.1" 302 -
0:0:0:0:0:0:0:1 - - [09/Dec/2018:19:39:09 +0800] "GET /student/login.do?username=201610414423&password=123456 HTTP/1.1" 200 1381
0:0:0:0:0:0:0:1 - - [09/Dec/2018:19:39:09 +0800] "GET /verifyUtil.do HTTP/1.1" 200 697
0:0:0:0:0:0:0:1 - - [09/Dec/2018:19:39:14 +0800] "GET / HTTP/1.1" 200 1339
0:0:0:0:0:0:0:1 - - [09/Dec/2018:19:39:14 +0800] "GET /verifyUtil.do HTTP/1.1" 200 667
0:0:0:0:0:0:0:1 - - [09/Dec/2018:19:39:23 +0800] "POST /login.do HTTP/1.1" 302 -
0:0:0:0:0:0:0:1 - - [09/Dec/2018:19:39:23 +0800] "GET /student/login.do?username=201610414423&password=123456 HTTP/1.1" 200 1381
0:0:0:0:0:0:0:1 - - [09/Dec/2018:19:39:23 +0800] "GET /verifyUtil.do HTTP/1.1" 200 678
0:0:0:0:0:0:0:1 - - [09/Dec/2018:19:39:37 +0800] "POST /student/login.do HTTP/1.1" 200 1792
0:0:0:0:0:0:0:1 - - [09/Dec/2018:19:39:42 +0800] "GET /student/course/look.do HTTP/1.1" 200 7617
