0:0:0:0:0:0:0:1 - - [31/Jan/2020:15:59:44 +0800] "GET / HTTP/1.1" 200 2267
0:0:0:0:0:0:0:1 - - [31/Jan/2020:15:59:46 +0800] "GET /verifyUtil.do HTTP/1.1" 200 691
0:0:0:0:0:0:0:1 - - [31/Jan/2020:16:00:02 +0800] "POST /login.do HTTP/1.1" 302 -
0:0:0:0:0:0:0:1 - - [31/Jan/2020:16:00:02 +0800] "GET /department/login.do?username=000000000001&password=123456 HTTP/1.1" 200 1825
0:0:0:0:0:0:0:1 - - [31/Jan/2020:16:00:05 +0800] "GET /department/course/public/set.do HTTP/1.1" 200 9325
0:0:0:0:0:0:0:1 - - [31/Jan/2020:16:00:07 +0800] "GET /department/course/professional/set.do HTTP/1.1" 200 9325
0:0:0:0:0:0:0:1 - - [31/Jan/2020:16:00:10 +0800] "GET /department/course/public/set.do HTTP/1.1" 200 9325
0:0:0:0:0:0:0:1 - - [31/Jan/2020:16:00:13 +0800] "POST /department/course/public/class.do HTTP/1.1" 200 512
0:0:0:0:0:0:0:1 - - [31/Jan/2020:16:00:15 +0800] "GET /department/course/professional/set.do HTTP/1.1" 200 9325
0:0:0:0:0:0:0:1 - - [31/Jan/2020:16:00:17 +0800] "POST /department/course/professional/class.do HTTP/1.1" 200 512
0:0:0:0:0:0:0:1 - - [31/Jan/2020:16:00:23 +0800] "GET /department/course/professional/set.do HTTP/1.1" 200 9325
0:0:0:0:0:0:0:1 - - [31/Jan/2020:16:00:33 +0800] "POST /department/course/professional/class.do HTTP/1.1" 200 512
0:0:0:0:0:0:0:1 - - [31/Jan/2020:16:00:45 +0800] "POST /department/course/professional/class.do HTTP/1.1" 200 512
0:0:0:0:0:0:0:1 - - [31/Jan/2020:16:01:37 +0800] "GET /department/course/professional/set.do HTTP/1.1" 200 9616
0:0:0:0:0:0:0:1 - - [31/Jan/2020:16:01:37 +0800] "GET /favicon.ico HTTP/1.1" 200 946
0:0:0:0:0:0:0:1 - - [31/Jan/2020:16:01:42 +0800] "GET /department/login.do?username=000000000001&password=123456 HTTP/1.1" 200 1825
0:0:0:0:0:0:0:1 - - [31/Jan/2020:16:01:42 +0800] "GET /favicon.ico HTTP/1.1" 200 946
0:0:0:0:0:0:0:1 - - [31/Jan/2020:16:01:42 +0800] "GET /department/course/professional/set.do HTTP/1.1" 200 9616
0:0:0:0:0:0:0:1 - - [31/Jan/2020:16:02:23 +0800] "GET /department/course/professional/set.do HTTP/1.1" 200 9638
0:0:0:0:0:0:0:1 - - [31/Jan/2020:16:02:23 +0800] "GET /favicon.ico HTTP/1.1" 200 946
0:0:0:0:0:0:0:1 - - [31/Jan/2020:16:03:23 +0800] "GET /department/course/professional/set.do HTTP/1.1" 200 9656
0:0:0:0:0:0:0:1 - - [31/Jan/2020:16:03:24 +0800] "GET /favicon.ico HTTP/1.1" 200 946
0:0:0:0:0:0:0:1 - - [31/Jan/2020:16:03:26 +0800] "GET /department/course/professional/set.do HTTP/1.1" 200 9656
0:0:0:0:0:0:0:1 - - [31/Jan/2020:16:03:26 +0800] "GET /favicon.ico HTTP/1.1" 200 946
0:0:0:0:0:0:0:1 - - [31/Jan/2020:16:05:05 +0800] "GET /department/course/professional/set.do HTTP/1.1" 200 9692
0:0:0:0:0:0:0:1 - - [31/Jan/2020:16:05:05 +0800] "GET /favicon.ico HTTP/1.1" 200 946
0:0:0:0:0:0:0:1 - - [31/Jan/2020:16:05:32 +0800] "GET /department/course/professional/set.do HTTP/1.1" 200 9690
0:0:0:0:0:0:0:1 - - [31/Jan/2020:16:05:32 +0800] "GET /favicon.ico HTTP/1.1" 200 946
0:0:0:0:0:0:0:1 - - [31/Jan/2020:16:05:36 +0800] "POST /department/course/professional/class.do HTTP/1.1" 200 512
0:0:0:0:0:0:0:1 - - [31/Jan/2020:16:06:09 +0800] "POST /department/course/professional/class.do HTTP/1.1" 200 803
0:0:0:0:0:0:0:1 - - [31/Jan/2020:16:06:09 +0800] "GET /favicon.ico HTTP/1.1" 200 946
0:0:0:0:0:0:0:1 - - [31/Jan/2020:16:06:15 +0800] "POST /department/course/professional/class.do HTTP/1.1" 200 803
0:0:0:0:0:0:0:1 - - [31/Jan/2020:16:06:29 +0800] "POST /department/course/professional/class.do HTTP/1.1" 200 844
0:0:0:0:0:0:0:1 - - [31/Jan/2020:16:06:43 +0800] "POST /department/course/professional/year.do HTTP/1.1" 200 739
0:0:0:0:0:0:0:1 - - [31/Jan/2020:16:07:48 +0800] "POST /department/course/professional/class.do HTTP/1.1" 200 921
0:0:0:0:0:0:0:1 - - [31/Jan/2020:16:07:48 +0800] "GET /favicon.ico HTTP/1.1" 200 946
0:0:0:0:0:0:0:1 - - [31/Jan/2020:16:11:41 +0800] "POST /department/course/professional/year.do HTTP/1.1" 200 739
0:0:0:0:0:0:0:1 - - [31/Jan/2020:16:17:37 +0800] "GET /department/login.do?username=000000000001&password=123456 HTTP/1.1" 200 1825
0:0:0:0:0:0:0:1 - - [31/Jan/2020:16:17:37 +0800] "GET /favicon.ico HTTP/1.1" 200 946
0:0:0:0:0:0:0:1 - - [31/Jan/2020:16:17:39 +0800] "GET /department/course/professional/set.do HTTP/1.1" 200 10525
0:0:0:0:0:0:0:1 - - [31/Jan/2020:16:17:40 +0800] "POST /department/course/professional/class.do HTTP/1.1" 200 872
0:0:0:0:0:0:0:1 - - [31/Jan/2020:16:17:41 +0800] "POST /department/course/professional/year.do HTTP/1.1" 200 1127
0:0:0:0:0:0:0:1 - - [31/Jan/2020:16:17:43 +0800] "POST /department/course/professional/semester.do HTTP/1.1" 200 838
0:0:0:0:0:0:0:1 - - [31/Jan/2020:16:17:44 +0800] "POST /department/course/professional/name.do HTTP/1.1" 200 903
0:0:0:0:0:0:0:1 - - [31/Jan/2020:16:18:02 +0800] "POST /department/course/professional/name.do HTTP/1.1" 200 903
0:0:0:0:0:0:0:1 - - [31/Jan/2020:16:23:14 +0800] "GET /department/login.do?username=000000000001&password=123456 HTTP/1.1" 200 1825
0:0:0:0:0:0:0:1 - - [31/Jan/2020:16:23:15 +0800] "GET /favicon.ico HTTP/1.1" 200 946
0:0:0:0:0:0:0:1 - - [31/Jan/2020:16:23:16 +0800] "GET /department/course/professional/set.do HTTP/1.1" 200 10525
0:0:0:0:0:0:0:1 - - [31/Jan/2020:16:23:17 +0800] "POST /department/course/professional/class.do HTTP/1.1" 200 872
0:0:0:0:0:0:0:1 - - [31/Jan/2020:16:23:25 +0800] "POST /department/course/professional/year.do HTTP/1.1" 200 1127
0:0:0:0:0:0:0:1 - - [31/Jan/2020:16:23:26 +0800] "POST /department/course/professional/semester.do HTTP/1.1" 200 838
0:0:0:0:0:0:0:1 - - [31/Jan/2020:16:23:27 +0800] "POST /department/course/professional/name.do HTTP/1.1" 200 9302
0:0:0:0:0:0:0:1 - - [31/Jan/2020:16:25:12 +0800] "POST /department/course/professional/semester.do HTTP/1.1" 200 876
0:0:0:0:0:0:0:1 - - [31/Jan/2020:16:25:12 +0800] "GET /favicon.ico HTTP/1.1" 200 946
0:0:0:0:0:0:0:1 - - [31/Jan/2020:16:25:18 +0800] "POST /department/course/professional/name.do HTTP/1.1" 200 9649
0:0:0:0:0:0:0:1 - - [31/Jan/2020:16:26:43 +0800] "GET /department/course/professional/set.do HTTP/1.1" 200 10493
0:0:0:0:0:0:0:1 - - [31/Jan/2020:16:26:43 +0800] "GET /favicon.ico HTTP/1.1" 200 946
0:0:0:0:0:0:0:1 - - [31/Jan/2020:16:27:06 +0800] "GET /department/course/professional/set.do HTTP/1.1" 200 10494
0:0:0:0:0:0:0:1 - - [31/Jan/2020:16:27:06 +0800] "GET /favicon.ico HTTP/1.1" 200 946
0:0:0:0:0:0:0:1 - - [31/Jan/2020:17:11:03 +0800] "GET /department/login.do?username=000000000001&password=123456 HTTP/1.1" 200 1825
0:0:0:0:0:0:0:1 - - [31/Jan/2020:17:11:03 +0800] "GET /favicon.ico HTTP/1.1" 200 946
0:0:0:0:0:0:0:1 - - [31/Jan/2020:17:11:04 +0800] "GET /department/course/professional/set.do HTTP/1.1" 200 10494
0:0:0:0:0:0:0:1 - - [31/Jan/2020:17:11:09 +0800] "POST /department/course/professional/class.do HTTP/1.1" 200 976
0:0:0:0:0:0:0:1 - - [31/Jan/2020:17:11:16 +0800] "POST /department/course/professional/year.do HTTP/1.1" 200 1131
0:0:0:0:0:0:0:1 - - [31/Jan/2020:17:11:17 +0800] "POST /department/course/professional/semester.do HTTP/1.1" 200 857
0:0:0:0:0:0:0:1 - - [31/Jan/2020:17:11:22 +0800] "POST /department/course/professional/name.do HTTP/1.1" 200 9649
0:0:0:0:0:0:0:1 - - [31/Jan/2020:17:11:29 +0800] "POST /department/course/professional/week.do HTTP/1.1" 200 1745
0:0:0:0:0:0:0:1 - - [31/Jan/2020:17:11:32 +0800] "POST /department/course/professional/day.do HTTP/1.1" 200 6559
0:0:0:0:0:0:0:1 - - [31/Jan/2020:17:11:37 +0800] "POST /department/course/professional/order.do HTTP/1.1" 200 18971
0:0:0:0:0:0:0:1 - - [31/Jan/2020:17:11:43 +0800] "POST /department/course/professional/classroom.do HTTP/1.1" 200 3156
0:0:0:0:0:0:0:1 - - [31/Jan/2020:17:31:46 +0800] "GET /department/login.do?username=000000000001&password=123456 HTTP/1.1" 200 1825
0:0:0:0:0:0:0:1 - - [31/Jan/2020:17:31:46 +0800] "GET /favicon.ico HTTP/1.1" 200 946
0:0:0:0:0:0:0:1 - - [31/Jan/2020:17:31:48 +0800] "GET /department/course/professional/set.do HTTP/1.1" 200 10494
0:0:0:0:0:0:0:1 - - [31/Jan/2020:17:31:52 +0800] "POST /department/course/professional/class.do HTTP/1.1" 200 976
0:0:0:0:0:0:0:1 - - [31/Jan/2020:17:31:54 +0800] "POST /department/course/professional/year.do HTTP/1.1" 200 1131
0:0:0:0:0:0:0:1 - - [31/Jan/2020:17:31:56 +0800] "POST /department/course/professional/semester.do HTTP/1.1" 200 857
0:0:0:0:0:0:0:1 - - [31/Jan/2020:17:31:58 +0800] "POST /department/course/professional/name.do HTTP/1.1" 200 9670
0:0:0:0:0:0:0:1 - - [31/Jan/2020:17:32:01 +0800] "POST /department/course/professional/week.do HTTP/1.1" 200 1745
0:0:0:0:0:0:0:1 - - [31/Jan/2020:17:32:06 +0800] "POST /department/course/professional/day.do HTTP/1.1" 200 6559
0:0:0:0:0:0:0:1 - - [31/Jan/2020:17:32:09 +0800] "POST /department/course/professional/order.do HTTP/1.1" 200 18971
0:0:0:0:0:0:0:1 - - [31/Jan/2020:17:32:11 +0800] "POST /department/course/professional/classroom.do HTTP/1.1" 200 3177
0:0:0:0:0:0:0:1 - - [31/Jan/2020:17:32:20 +0800] "GET / HTTP/1.1" 200 2267
0:0:0:0:0:0:0:1 - - [31/Jan/2020:17:32:22 +0800] "GET /verifyUtil.do HTTP/1.1" 200 768
0:0:0:0:0:0:0:1 - - [31/Jan/2020:17:32:23 +0800] "POST /login.do HTTP/1.1" 200 2288
0:0:0:0:0:0:0:1 - - [31/Jan/2020:17:32:23 +0800] "GET /verifyUtil.do HTTP/1.1" 200 741
0:0:0:0:0:0:0:1 - - [31/Jan/2020:17:37:57 +0800] "POST /login.do HTTP/1.1" 302 -
0:0:0:0:0:0:0:1 - - [31/Jan/2020:17:37:57 +0800] "GET /department/login.do?username=000000000001&password=123456 HTTP/1.1" 200 1825
0:0:0:0:0:0:0:1 - - [31/Jan/2020:17:37:59 +0800] "GET /department/course/public/set.do HTTP/1.1" 200 9325
0:0:0:0:0:0:0:1 - - [31/Jan/2020:17:48:38 +0800] "GET /department/login.do?username=000000000001&password=123456 HTTP/1.1" 200 1825
0:0:0:0:0:0:0:1 - - [31/Jan/2020:17:48:38 +0800] "GET /favicon.ico HTTP/1.1" 200 946
0:0:0:0:0:0:0:1 - - [31/Jan/2020:17:48:42 +0800] "GET /department/course/professional/set.do HTTP/1.1" 200 10494
0:0:0:0:0:0:0:1 - - [31/Jan/2020:17:48:46 +0800] "POST /department/course/professional/class.do HTTP/1.1" 200 976
0:0:0:0:0:0:0:1 - - [31/Jan/2020:17:48:50 +0800] "POST /department/course/professional/year.do HTTP/1.1" 200 1131
0:0:0:0:0:0:0:1 - - [31/Jan/2020:17:48:52 +0800] "POST /department/course/professional/semester.do HTTP/1.1" 200 857
0:0:0:0:0:0:0:1 - - [31/Jan/2020:17:48:54 +0800] "POST /department/course/professional/name.do HTTP/1.1" 200 11870
0:0:0:0:0:0:0:1 - - [31/Jan/2020:17:48:57 +0800] "POST /department/course/professional/week.do HTTP/1.1" 200 1745
0:0:0:0:0:0:0:1 - - [31/Jan/2020:17:48:59 +0800] "POST /department/course/professional/day.do HTTP/1.1" 200 6559
0:0:0:0:0:0:0:1 - - [31/Jan/2020:17:50:02 +0800] "POST /department/course/professional/order.do HTTP/1.1" 200 18971
0:0:0:0:0:0:0:1 - - [31/Jan/2020:17:50:09 +0800] "POST /department/course/professional/classroom.do HTTP/1.1" 200 3177
0:0:0:0:0:0:0:1 - - [31/Jan/2020:17:50:41 +0800] "GET /department/course/public/set.do HTTP/1.1" 200 9325
0:0:0:0:0:0:0:1 - - [31/Jan/2020:17:51:04 +0800] "GET /department/course/public/set.do HTTP/1.1" 200 11205
0:0:0:0:0:0:0:1 - - [31/Jan/2020:17:51:04 +0800] "GET /favicon.ico HTTP/1.1" 200 946
0:0:0:0:0:0:0:1 - - [31/Jan/2020:17:51:05 +0800] "GET /department/course/public/set.do HTTP/1.1" 200 11205
0:0:0:0:0:0:0:1 - - [31/Jan/2020:17:51:05 +0800] "GET /favicon.ico HTTP/1.1" 200 946
0:0:0:0:0:0:0:1 - - [31/Jan/2020:18:02:44 +0800] "GET /department/course/public/set.do HTTP/1.1" 200 12694
0:0:0:0:0:0:0:1 - - [31/Jan/2020:18:02:44 +0800] "GET /favicon.ico HTTP/1.1" 200 946
0:0:0:0:0:0:0:1 - - [31/Jan/2020:18:04:24 +0800] "POST /department/course/public/class.do HTTP/1.1" 200 1025
0:0:0:0:0:0:0:1 - - [31/Jan/2020:18:04:28 +0800] "POST /department/course/public/year.do HTTP/1.1" 200 1131
0:0:0:0:0:0:0:1 - - [31/Jan/2020:18:04:30 +0800] "POST /department/course/public/semester.do HTTP/1.1" 200 905
0:0:0:0:0:0:0:1 - - [31/Jan/2020:18:04:32 +0800] "POST /department/course/public/name.do HTTP/1.1" 200 12993
0:0:0:0:0:0:0:1 - - [31/Jan/2020:18:04:36 +0800] "POST /department/course/public/week.do HTTP/1.1" 200 1745
0:0:0:0:0:0:0:1 - - [31/Jan/2020:18:04:38 +0800] "POST /department/course/public/day.do HTTP/1.1" 200 7975
0:0:0:0:0:0:0:1 - - [31/Jan/2020:18:37:11 +0800] "POST /department/course/public/order.do HTTP/1.1" 500 11237
0:0:0:0:0:0:0:1 - - [31/Jan/2020:18:37:17 +0800] "GET /department/login.do?username=000000000001&password=123456 HTTP/1.1" 200 1825
0:0:0:0:0:0:0:1 - - [31/Jan/2020:18:37:17 +0800] "GET /favicon.ico HTTP/1.1" 200 946
0:0:0:0:0:0:0:1 - - [31/Jan/2020:18:37:20 +0800] "GET /department/course/public/set.do HTTP/1.1" 200 12694
0:0:0:0:0:0:0:1 - - [31/Jan/2020:18:37:23 +0800] "POST /department/course/public/class.do HTTP/1.1" 200 1025
0:0:0:0:0:0:0:1 - - [31/Jan/2020:18:37:25 +0800] "POST /department/course/public/year.do HTTP/1.1" 200 1131
0:0:0:0:0:0:0:1 - - [31/Jan/2020:18:37:28 +0800] "POST /department/course/public/semester.do HTTP/1.1" 200 905
0:0:0:0:0:0:0:1 - - [31/Jan/2020:18:37:53 +0800] "POST /department/course/public/name.do HTTP/1.1" 200 12987
0:0:0:0:0:0:0:1 - - [31/Jan/2020:18:37:56 +0800] "POST /department/course/public/week.do HTTP/1.1" 200 1745
0:0:0:0:0:0:0:1 - - [31/Jan/2020:18:37:58 +0800] "POST /department/course/public/day.do HTTP/1.1" 200 7975
0:0:0:0:0:0:0:1 - - [31/Jan/2020:18:38:00 +0800] "POST /department/course/public/order.do HTTP/1.1" 200 18971
0:0:0:0:0:0:0:1 - - [31/Jan/2020:18:38:04 +0800] "POST /department/course/public/classroom.do HTTP/1.1" 200 3171
0:0:0:0:0:0:0:1 - - [31/Jan/2020:18:40:07 +0800] "GET /department/course/elective/school/set.do HTTP/1.1" 200 474
0:0:0:0:0:0:0:1 - - [31/Jan/2020:18:55:11 +0800] "GET /department/login.do?username=000000000001&password=123456 HTTP/1.1" 200 1825
0:0:0:0:0:0:0:1 - - [31/Jan/2020:18:55:11 +0800] "GET /favicon.ico HTTP/1.1" 200 946
0:0:0:0:0:0:0:1 - - [31/Jan/2020:18:55:11 +0800] "GET /department/course/elective/school/set.do HTTP/1.1" 200 896
0:0:0:0:0:0:0:1 - - [31/Jan/2020:18:55:30 +0800] "GET /favicon.ico HTTP/1.1" 200 946
0:0:0:0:0:0:0:1 - - [31/Jan/2020:18:55:37 +0800] "POST /department/course/elective/school/size.do HTTP/1.1" 200 966
0:0:0:0:0:0:0:1 - - [31/Jan/2020:18:55:38 +0800] "POST /department/course/elective/school/year.do HTTP/1.1" 200 1149
0:0:0:0:0:0:0:1 - - [31/Jan/2020:18:55:42 +0800] "POST /department/course/elective/school/semester.do HTTP/1.1" 200 923
0:0:0:0:0:0:0:1 - - [31/Jan/2020:18:55:43 +0800] "POST /department/course/elective/school/name.do HTTP/1.1" 200 12640
0:0:0:0:0:0:0:1 - - [31/Jan/2020:19:07:22 +0800] "POST /department/course/elective/school/week.do HTTP/1.1" 200 1763
0:0:0:0:0:0:0:1 - - [31/Jan/2020:19:07:24 +0800] "POST /department/course/elective/school/day.do HTTP/1.1" 200 6577
0:0:0:0:0:0:0:1 - - [31/Jan/2020:19:07:27 +0800] "POST /department/course/elective/school/order.do HTTP/1.1" 200 18989
0:0:0:0:0:0:0:1 - - [31/Jan/2020:19:07:30 +0800] "POST /department/course/elective/school/classroom.do HTTP/1.1" 500 10911
0:0:0:0:0:0:0:1 - - [31/Jan/2020:21:17:30 +0800] "POST /department/course/elective/school/classroom.do HTTP/1.1" 500 10911
0:0:0:0:0:0:0:1 - - [31/Jan/2020:21:18:04 +0800] "GET /department/login.do?username=000000000001&password=123456 HTTP/1.1" 200 1825
0:0:0:0:0:0:0:1 - - [31/Jan/2020:21:18:04 +0800] "GET /favicon.ico HTTP/1.1" 200 946
0:0:0:0:0:0:0:1 - - [31/Jan/2020:21:18:05 +0800] "GET /department/course/elective/school/set.do HTTP/1.1" 200 896
0:0:0:0:0:0:0:1 - - [31/Jan/2020:21:18:07 +0800] "POST /department/course/elective/school/size.do HTTP/1.1" 200 966
0:0:0:0:0:0:0:1 - - [31/Jan/2020:21:18:08 +0800] "POST /department/course/elective/school/year.do HTTP/1.1" 200 1149
0:0:0:0:0:0:0:1 - - [31/Jan/2020:21:18:10 +0800] "POST /department/course/elective/school/semester.do HTTP/1.1" 200 923
0:0:0:0:0:0:0:1 - - [31/Jan/2020:21:18:12 +0800] "POST /department/course/elective/school/name.do HTTP/1.1" 200 13062
0:0:0:0:0:0:0:1 - - [31/Jan/2020:21:18:15 +0800] "POST /department/course/elective/school/week.do HTTP/1.1" 200 1763
0:0:0:0:0:0:0:1 - - [31/Jan/2020:21:18:16 +0800] "POST /department/course/elective/school/day.do HTTP/1.1" 200 6577
0:0:0:0:0:0:0:1 - - [31/Jan/2020:21:18:20 +0800] "POST /department/course/elective/school/order.do HTTP/1.1" 200 18989
0:0:0:0:0:0:0:1 - - [31/Jan/2020:21:18:23 +0800] "POST /department/course/elective/school/classroom.do HTTP/1.1" 200 2860
0:0:0:0:0:0:0:1 - - [31/Jan/2020:22:12:20 +0800] "POST /login.do HTTP/1.1" 200 2298
0:0:0:0:0:0:0:1 - - [31/Jan/2020:22:12:21 +0800] "GET /verifyUtil.do HTTP/1.1" 200 677
0:0:0:0:0:0:0:1 - - [31/Jan/2020:22:12:30 +0800] "POST /login.do HTTP/1.1" 302 -
0:0:0:0:0:0:0:1 - - [31/Jan/2020:22:12:31 +0800] "GET /student/login.do?username=201210312216&password=123456 HTTP/1.1" 200 2226
0:0:0:0:0:0:0:1 - - [31/Jan/2020:22:12:32 +0800] "GET /student/course/look.do HTTP/1.1" 200 7617
0:0:0:0:0:0:0:1 - - [31/Jan/2020:22:26:27 +0800] "GET / HTTP/1.1" 200 2267
0:0:0:0:0:0:0:1 - - [31/Jan/2020:22:26:27 +0800] "GET /verifyUtil.do HTTP/1.1" 200 676
0:0:0:0:0:0:0:1 - - [31/Jan/2020:22:28:27 +0800] "GET /student/course/look.do HTTP/1.1" 200 7617
0:0:0:0:0:0:0:1 - - [31/Jan/2020:23:09:48 +0800] "GET /verifyUtil.do?44 HTTP/1.1" 200 598
0:0:0:0:0:0:0:1 - - [31/Jan/2020:23:09:56 +0800] "POST /login.do HTTP/1.1" 302 -
0:0:0:0:0:0:0:1 - - [31/Jan/2020:23:09:56 +0800] "GET /teacher/login.do?username=201610414415&password=123456 HTTP/1.1" 200 2237
0:0:0:0:0:0:0:1 - - [31/Jan/2020:23:10:04 +0800] "GET /teacher/course/public/set.do HTTP/1.1" 200 3667
0:0:0:0:0:0:0:1 - - [31/Jan/2020:23:10:27 +0800] "GET / HTTP/1.1" 200 2267
0:0:0:0:0:0:0:1 - - [31/Jan/2020:23:10:27 +0800] "GET /verifyUtil.do HTTP/1.1" 200 669
0:0:0:0:0:0:0:1 - - [31/Jan/2020:23:10:41 +0800] "POST /login.do HTTP/1.1" 302 -
0:0:0:0:0:0:0:1 - - [31/Jan/2020:23:10:41 +0800] "GET /student/login.do?username=201210312216&password=123456 HTTP/1.1" 200 2226
0:0:0:0:0:0:0:1 - - [31/Jan/2020:23:10:42 +0800] "GET /student/course/look.do HTTP/1.1" 200 7617
