0:0:0:0:0:0:0:1 - - [07/Nov/2018:14:08:30 +0800] "GET / HTTP/1.1" 200 1339
0:0:0:0:0:0:0:1 - - [07/Nov/2018:14:08:32 +0800] "GET /verifyUtil.do HTTP/1.1" 200 746
0:0:0:0:0:0:0:1 - - [07/Nov/2018:14:08:44 +0800] "POST /login.do HTTP/1.1" 302 -
0:0:0:0:0:0:0:1 - - [07/Nov/2018:14:08:44 +0800] "GET /department/login.do?username=000000000001&password=123456 HTTP/1.1" 200 1227
0:0:0:0:0:0:0:1 - - [07/Nov/2018:14:08:53 +0800] "GET /department/course/professional/set.do HTTP/1.1" 200 9199
0:0:0:0:0:0:0:1 - - [07/Nov/2018:14:08:56 +0800] "POST /department/course/professional/class.do HTTP/1.1" 200 596
0:0:0:0:0:0:0:1 - - [07/Nov/2018:14:08:59 +0800] "POST /department/course/professional/year.do HTTP/1.1" 200 743
0:0:0:0:0:0:0:1 - - [07/Nov/2018:14:09:01 +0800] "POST /department/course/professional/semester.do HTTP/1.1" 200 499
0:0:0:0:0:0:0:1 - - [07/Nov/2018:14:09:03 +0800] "POST /department/course/professional/name.do HTTP/1.1" 200 963
0:0:0:0:0:0:0:1 - - [07/Nov/2018:14:09:05 +0800] "POST /department/course/professional/rank.do HTTP/1.1" 200 8091
0:0:0:0:0:0:0:1 - - [07/Nov/2018:14:09:07 +0800] "POST /department/course/professional/week.do HTTP/1.1" 200 2116
0:0:0:0:0:0:0:1 - - [07/Nov/2018:14:09:09 +0800] "POST /department/course/professional/order.do HTTP/1.1" 200 16701
0:0:0:0:0:0:0:1 - - [07/Nov/2018:14:09:12 +0800] "POST /department/course/professional/classroom.do HTTP/1.1" 200 1700
0:0:0:0:0:0:0:1 - - [07/Nov/2018:14:09:19 +0800] "POST /department/course/professional/achieve.do HTTP/1.1" 500 677
0:0:0:0:0:0:0:1 - - [07/Nov/2018:14:10:55 +0800] "POST /department/course/professional/achieve.do HTTP/1.1" 500 375
0:0:0:0:0:0:0:1 - - [07/Nov/2018:14:10:55 +0800] "GET /favicon.ico HTTP/1.1" 200 946
0:0:0:0:0:0:0:1 - - [07/Nov/2018:14:10:58 +0800] "POST /department/course/professional/classroom.do HTTP/1.1" 500 534
0:0:0:0:0:0:0:1 - - [07/Nov/2018:14:10:58 +0800] "GET /favicon.ico HTTP/1.1" 200 946
0:0:0:0:0:0:0:1 - - [07/Nov/2018:14:11:04 +0800] "GET /department/login.do?username=000000000001&password=123456 HTTP/1.1" 200 1227
0:0:0:0:0:0:0:1 - - [07/Nov/2018:14:11:04 +0800] "GET /favicon.ico HTTP/1.1" 200 946
0:0:0:0:0:0:0:1 - - [07/Nov/2018:14:11:05 +0800] "GET /department/login.do?username=000000000001&password=123456 HTTP/1.1" 200 1227
0:0:0:0:0:0:0:1 - - [07/Nov/2018:14:11:05 +0800] "GET /favicon.ico HTTP/1.1" 200 946
0:0:0:0:0:0:0:1 - - [07/Nov/2018:14:11:06 +0800] "GET /department/course/professional/set.do HTTP/1.1" 200 9199
0:0:0:0:0:0:0:1 - - [07/Nov/2018:14:11:09 +0800] "POST /department/course/professional/class.do HTTP/1.1" 200 596
0:0:0:0:0:0:0:1 - - [07/Nov/2018:14:11:10 +0800] "POST /department/course/professional/year.do HTTP/1.1" 200 743
0:0:0:0:0:0:0:1 - - [07/Nov/2018:14:11:12 +0800] "POST /department/course/professional/semester.do HTTP/1.1" 200 499
0:0:0:0:0:0:0:1 - - [07/Nov/2018:14:11:13 +0800] "POST /department/course/professional/name.do HTTP/1.1" 200 963
0:0:0:0:0:0:0:1 - - [07/Nov/2018:14:11:14 +0800] "POST /department/course/professional/rank.do HTTP/1.1" 200 8091
0:0:0:0:0:0:0:1 - - [07/Nov/2018:14:11:17 +0800] "POST /department/course/professional/week.do HTTP/1.1" 200 2116
0:0:0:0:0:0:0:1 - - [07/Nov/2018:14:11:19 +0800] "POST /department/course/professional/order.do HTTP/1.1" 200 16701
0:0:0:0:0:0:0:1 - - [07/Nov/2018:14:11:21 +0800] "POST /department/course/professional/classroom.do HTTP/1.1" 200 1700
0:0:0:0:0:0:0:1 - - [07/Nov/2018:14:11:22 +0800] "POST /department/course/professional/achieve.do HTTP/1.1" 500 375
0:0:0:0:0:0:0:1 - - [07/Nov/2018:14:13:40 +0800] "POST /department/course/professional/classroom.do HTTP/1.1" 500 534
0:0:0:0:0:0:0:1 - - [07/Nov/2018:14:13:40 +0800] "GET /favicon.ico HTTP/1.1" 200 946
0:0:0:0:0:0:0:1 - - [07/Nov/2018:14:13:43 +0800] "GET /department/login.do?username=000000000001&password=123456 HTTP/1.1" 200 1227
0:0:0:0:0:0:0:1 - - [07/Nov/2018:14:13:44 +0800] "GET /favicon.ico HTTP/1.1" 200 946
0:0:0:0:0:0:0:1 - - [07/Nov/2018:14:13:44 +0800] "GET /department/login.do?username=000000000001&password=123456 HTTP/1.1" 200 1227
0:0:0:0:0:0:0:1 - - [07/Nov/2018:14:13:44 +0800] "GET /favicon.ico HTTP/1.1" 200 946
0:0:0:0:0:0:0:1 - - [07/Nov/2018:14:13:45 +0800] "GET /department/course/professional/set.do HTTP/1.1" 200 9199
0:0:0:0:0:0:0:1 - - [07/Nov/2018:14:13:47 +0800] "POST /department/course/professional/class.do HTTP/1.1" 200 596
0:0:0:0:0:0:0:1 - - [07/Nov/2018:14:13:49 +0800] "POST /department/course/professional/year.do HTTP/1.1" 200 743
0:0:0:0:0:0:0:1 - - [07/Nov/2018:14:13:50 +0800] "POST /department/course/professional/semester.do HTTP/1.1" 200 499
0:0:0:0:0:0:0:1 - - [07/Nov/2018:14:13:51 +0800] "POST /department/course/professional/name.do HTTP/1.1" 200 963
0:0:0:0:0:0:0:1 - - [07/Nov/2018:14:13:53 +0800] "POST /department/course/professional/rank.do HTTP/1.1" 200 8094
0:0:0:0:0:0:0:1 - - [07/Nov/2018:14:13:55 +0800] "POST /department/course/professional/week.do HTTP/1.1" 200 2116
0:0:0:0:0:0:0:1 - - [07/Nov/2018:14:13:57 +0800] "POST /department/course/professional/order.do HTTP/1.1" 200 16701
0:0:0:0:0:0:0:1 - - [07/Nov/2018:14:13:59 +0800] "POST /department/course/professional/classroom.do HTTP/1.1" 200 1703
0:0:0:0:0:0:0:1 - - [07/Nov/2018:14:14:01 +0800] "POST /department/course/professional/achieve.do HTTP/1.1" 500 562
0:0:0:0:0:0:0:1 - - [07/Nov/2018:14:15:40 +0800] "GET /department/insert HTTP/1.1" 404 295
0:0:0:0:0:0:0:1 - - [07/Nov/2018:14:15:59 +0800] "GET /department/insert.do HTTP/1.1" 200 108
0:0:0:0:0:0:0:1 - - [07/Nov/2018:14:16:04 +0800] "GET /teacher/insert.do HTTP/1.1" 200 189
0:0:0:0:0:0:0:1 - - [07/Nov/2018:14:27:28 +0800] "GET / HTTP/1.1" 200 1339
0:0:0:0:0:0:0:1 - - [07/Nov/2018:14:27:28 +0800] "GET /verifyUtil.do HTTP/1.1" 200 689
0:0:0:0:0:0:0:1 - - [07/Nov/2018:14:27:37 +0800] "POST /login.do HTTP/1.1" 302 -
0:0:0:0:0:0:0:1 - - [07/Nov/2018:14:27:37 +0800] "GET /department/login.do?username=000000000001&password=123456 HTTP/1.1" 200 1227
0:0:0:0:0:0:0:1 - - [07/Nov/2018:14:27:38 +0800] "GET /department/course/professional/set.do HTTP/1.1" 200 9199
0:0:0:0:0:0:0:1 - - [07/Nov/2018:14:27:40 +0800] "POST /department/course/professional/class.do HTTP/1.1" 200 596
0:0:0:0:0:0:0:1 - - [07/Nov/2018:14:27:42 +0800] "POST /department/course/professional/year.do HTTP/1.1" 200 743
0:0:0:0:0:0:0:1 - - [07/Nov/2018:14:28:05 +0800] "POST /department/course/professional/semester.do HTTP/1.1" 200 499
0:0:0:0:0:0:0:1 - - [07/Nov/2018:14:28:07 +0800] "POST /department/course/professional/name.do HTTP/1.1" 200 963
0:0:0:0:0:0:0:1 - - [07/Nov/2018:14:28:09 +0800] "POST /department/course/professional/rank.do HTTP/1.1" 200 8094
0:0:0:0:0:0:0:1 - - [07/Nov/2018:14:28:11 +0800] "POST /department/course/professional/week.do HTTP/1.1" 200 2116
0:0:0:0:0:0:0:1 - - [07/Nov/2018:14:28:13 +0800] "POST /department/course/professional/order.do HTTP/1.1" 200 16701
0:0:0:0:0:0:0:1 - - [07/Nov/2018:14:28:15 +0800] "POST /department/course/professional/classroom.do HTTP/1.1" 200 1703
0:0:0:0:0:0:0:1 - - [07/Nov/2018:14:28:16 +0800] "POST /department/course/professional/achieve.do HTTP/1.1" 200 343
0:0:0:0:0:0:0:1 - - [07/Nov/2018:14:28:24 +0800] "GET /department/return.do HTTP/1.1" 200 1227
0:0:0:0:0:0:0:1 - - [07/Nov/2018:14:30:45 +0800] "GET / HTTP/1.1" 200 1339
0:0:0:0:0:0:0:1 - - [07/Nov/2018:14:30:45 +0800] "GET /verifyUtil.do HTTP/1.1" 200 609
0:0:0:0:0:0:0:1 - - [07/Nov/2018:14:30:57 +0800] "POST /login.do HTTP/1.1" 200 1370
0:0:0:0:0:0:0:1 - - [07/Nov/2018:14:30:57 +0800] "GET /verifyUtil.do HTTP/1.1" 200 668
0:0:0:0:0:0:0:1 - - [07/Nov/2018:14:31:07 +0800] "POST /login.do HTTP/1.1" 200 1370
0:0:0:0:0:0:0:1 - - [07/Nov/2018:14:31:07 +0800] "GET /verifyUtil.do HTTP/1.1" 200 610
0:0:0:0:0:0:0:1 - - [07/Nov/2018:14:31:18 +0800] "POST /login.do HTTP/1.1" 200 1374
0:0:0:0:0:0:0:1 - - [07/Nov/2018:14:31:18 +0800] "GET /verifyUtil.do HTTP/1.1" 200 712
0:0:0:0:0:0:0:1 - - [07/Nov/2018:14:31:26 +0800] "POST /login.do HTTP/1.1" 200 1370
0:0:0:0:0:0:0:1 - - [07/Nov/2018:14:31:26 +0800] "GET /verifyUtil.do HTTP/1.1" 200 546
0:0:0:0:0:0:0:1 - - [07/Nov/2018:14:31:35 +0800] "POST /login.do HTTP/1.1" 302 -
0:0:0:0:0:0:0:1 - - [07/Nov/2018:14:31:35 +0800] "GET /teacher/login.do?username=201610414415&password=123456 HTTP/1.1" 500 531
0:0:0:0:0:0:0:1 - - [07/Nov/2018:14:33:41 +0800] "GET /verifyUtil.do?34 HTTP/1.1" 200 567
0:0:0:0:0:0:0:1 - - [07/Nov/2018:14:33:51 +0800] "POST /login.do HTTP/1.1" 302 -
0:0:0:0:0:0:0:1 - - [07/Nov/2018:14:33:51 +0800] "GET /department/login.do?username=201610414415&password=123456 HTTP/1.1" 200 1381
0:0:0:0:0:0:0:1 - - [07/Nov/2018:14:33:51 +0800] "GET /verifyUtil.do HTTP/1.1" 200 590
0:0:0:0:0:0:0:1 - - [07/Nov/2018:14:34:02 +0800] "POST /department/login.do HTTP/1.1" 200 1381
0:0:0:0:0:0:0:1 - - [07/Nov/2018:14:34:02 +0800] "GET /verifyUtil.do HTTP/1.1" 200 655
0:0:0:0:0:0:0:1 - - [07/Nov/2018:14:34:12 +0800] "POST /department/login.do HTTP/1.1" 200 1459
0:0:0:0:0:0:0:1 - - [07/Nov/2018:14:35:12 +0800] "POST /department/login.do HTTP/1.1" 200 1459
0:0:0:0:0:0:0:1 - - [07/Nov/2018:14:35:12 +0800] "GET /favicon.ico HTTP/1.1" 200 946
0:0:0:0:0:0:0:1 - - [07/Nov/2018:14:35:46 +0800] "POST /department/login.do HTTP/1.1" 200 1509
0:0:0:0:0:0:0:1 - - [07/Nov/2018:14:35:46 +0800] "GET /favicon.ico HTTP/1.1" 200 946
0:0:0:0:0:0:0:1 - - [07/Nov/2018:14:36:11 +0800] "POST /department/login.do HTTP/1.1" 200 1497
0:0:0:0:0:0:0:1 - - [07/Nov/2018:14:36:11 +0800] "GET /favicon.ico HTTP/1.1" 200 946
0:0:0:0:0:0:0:1 - - [07/Nov/2018:14:36:39 +0800] "POST /department/login.do HTTP/1.1" 200 1516
0:0:0:0:0:0:0:1 - - [07/Nov/2018:14:36:39 +0800] "GET /favicon.ico HTTP/1.1" 200 946
127.0.0.1 - - [07/Nov/2018:14:38:21 +0800] "POST /department/login.do HTTP/1.1" 200 1507
127.0.0.1 - - [07/Nov/2018:14:38:21 +0800] "GET /favicon.ico HTTP/1.1" 200 946
127.0.0.1 - - [07/Nov/2018:14:38:24 +0800] "POST /department/login.do HTTP/1.1" 200 1507
127.0.0.1 - - [07/Nov/2018:14:38:24 +0800] "GET /favicon.ico HTTP/1.1" 200 946
0:0:0:0:0:0:0:1 - - [07/Nov/2018:14:38:53 +0800] "POST /department/login.do HTTP/1.1" 200 1500
0:0:0:0:0:0:0:1 - - [07/Nov/2018:14:38:53 +0800] "GET /favicon.ico HTTP/1.1" 200 946
0:0:0:0:0:0:0:1 - - [07/Nov/2018:14:41:40 +0800] "POST /department/login.do HTTP/1.1" 200 1500
0:0:0:0:0:0:0:1 - - [07/Nov/2018:14:41:40 +0800] "GET /favicon.ico HTTP/1.1" 200 946
0:0:0:0:0:0:0:1 - - [07/Nov/2018:14:55:04 +0800] "GET /verifyUtil.do?13 HTTP/1.1" 200 667
0:0:0:0:0:0:0:1 - - [07/Nov/2018:14:55:10 +0800] "POST /department/login.do HTTP/1.1" 200 1381
0:0:0:0:0:0:0:1 - - [07/Nov/2018:14:55:10 +0800] "GET /verifyUtil.do HTTP/1.1" 200 695
0:0:0:0:0:0:0:1 - - [07/Nov/2018:14:55:20 +0800] "POST /department/login.do HTTP/1.1" 200 1381
0:0:0:0:0:0:0:1 - - [07/Nov/2018:14:55:20 +0800] "GET /verifyUtil.do HTTP/1.1" 200 611
0:0:0:0:0:0:0:1 - - [07/Nov/2018:14:55:24 +0800] "POST /department/login.do HTTP/1.1" 200 1381
0:0:0:0:0:0:0:1 - - [07/Nov/2018:14:55:25 +0800] "GET /verifyUtil.do HTTP/1.1" 200 678
0:0:0:0:0:0:0:1 - - [07/Nov/2018:14:55:25 +0800] "GET /favicon.ico HTTP/1.1" 200 946
0:0:0:0:0:0:0:1 - - [07/Nov/2018:14:55:35 +0800] "POST /department/login.do HTTP/1.1" 200 1381
0:0:0:0:0:0:0:1 - - [07/Nov/2018:14:55:35 +0800] "GET /verifyUtil.do HTTP/1.1" 200 698
0:0:0:0:0:0:0:1 - - [07/Nov/2018:14:55:35 +0800] "POST /department/login.do HTTP/1.1" 200 1381
0:0:0:0:0:0:0:1 - - [07/Nov/2018:14:55:35 +0800] "GET /verifyUtil.do HTTP/1.1" 200 669
0:0:0:0:0:0:0:1 - - [07/Nov/2018:14:55:36 +0800] "POST /department/login.do HTTP/1.1" 200 1381
0:0:0:0:0:0:0:1 - - [07/Nov/2018:14:55:36 +0800] "GET /verifyUtil.do HTTP/1.1" 200 634
0:0:0:0:0:0:0:1 - - [07/Nov/2018:14:55:36 +0800] "POST /department/login.do HTTP/1.1" 200 1381
0:0:0:0:0:0:0:1 - - [07/Nov/2018:14:55:36 +0800] "GET /verifyUtil.do HTTP/1.1" 200 585
0:0:0:0:0:0:0:1 - - [07/Nov/2018:14:55:36 +0800] "POST /department/login.do HTTP/1.1" 200 1381
0:0:0:0:0:0:0:1 - - [07/Nov/2018:14:55:36 +0800] "GET /verifyUtil.do HTTP/1.1" 200 631
0:0:0:0:0:0:0:1 - - [07/Nov/2018:14:55:36 +0800] "POST /department/login.do HTTP/1.1" 200 1381
0:0:0:0:0:0:0:1 - - [07/Nov/2018:14:55:36 +0800] "GET /verifyUtil.do HTTP/1.1" 200 603
0:0:0:0:0:0:0:1 - - [07/Nov/2018:14:55:36 +0800] "POST /department/login.do HTTP/1.1" 200 1381
0:0:0:0:0:0:0:1 - - [07/Nov/2018:14:55:36 +0800] "GET /verifyUtil.do HTTP/1.1" 200 624
0:0:0:0:0:0:0:1 - - [07/Nov/2018:14:55:39 +0800] "GET / HTTP/1.1" 200 1339
0:0:0:0:0:0:0:1 - - [07/Nov/2018:14:55:39 +0800] "GET /verifyUtil.do HTTP/1.1" 200 593
0:0:0:0:0:0:0:1 - - [07/Nov/2018:14:55:50 +0800] "POST /login.do HTTP/1.1" 302 -
0:0:0:0:0:0:0:1 - - [07/Nov/2018:14:55:50 +0800] "GET /teacher/login.do?username=201610414415&password=123456 HTTP/1.1" 200 1914
0:0:0:0:0:0:0:1 - - [07/Nov/2018:15:01:59 +0800] "GET /teacher/login.do?username=201610414415&password=123456 HTTP/1.1" 200 1707
0:0:0:0:0:0:0:1 - - [07/Nov/2018:15:01:59 +0800] "GET /favicon.ico HTTP/1.1" 200 946
