0:0:0:0:0:0:0:1 - - [17/Mar/2020:11:49:39 +0800] "GET / HTTP/1.1" 200 2267
0:0:0:0:0:0:0:1 - - [17/Mar/2020:11:49:40 +0800] "GET /verifyUtil.do HTTP/1.1" 200 680
0:0:0:0:0:0:0:1 - - [17/Mar/2020:11:49:49 +0800] "GET /verifyUtil.do?8 HTTP/1.1" 200 655
0:0:0:0:0:0:0:1 - - [17/Mar/2020:11:49:57 +0800] "POST /login.do HTTP/1.1" 302 -
0:0:0:0:0:0:0:1 - - [17/Mar/2020:11:49:57 +0800] "GET /department/login.do?username=000000000001&password=123456 HTTP/1.1" 200 2013
0:0:0:0:0:0:0:1 - - [17/Mar/2020:11:49:59 +0800] "GET /department/teacher/select.do HTTP/1.1" 200 2762
0:0:0:0:0:0:0:1 - - [17/Mar/2020:13:43:01 +0800] "GET /department/login.do?username=000000000001&password=123456 HTTP/1.1" 200 2013
0:0:0:0:0:0:0:1 - - [17/Mar/2020:13:43:01 +0800] "GET /favicon.ico HTTP/1.1" 200 946
0:0:0:0:0:0:0:1 - - [17/Mar/2020:13:43:02 +0800] "GET /department/teacher/select.do HTTP/1.1" 200 3113
0:0:0:0:0:0:0:1 - - [17/Mar/2020:13:58:39 +0800] "GET /department/teacher/select.do HTTP/1.1" 200 2847
0:0:0:0:0:0:0:1 - - [17/Mar/2020:13:58:55 +0800] "GET /department/login.do?username=000000000001&password=123456 HTTP/1.1" 200 2013
0:0:0:0:0:0:0:1 - - [17/Mar/2020:13:58:56 +0800] "GET /department/login.do?username=000000000001&password=123456 HTTP/1.1" 200 2013
0:0:0:0:0:0:0:1 - - [17/Mar/2020:13:58:58 +0800] "GET /department/teacher/select.do HTTP/1.1" 200 2847
0:0:0:0:0:0:0:1 - - [17/Mar/2020:13:59:24 +0800] "GET /department/login.do?username=000000000001&password=123456 HTTP/1.1" 200 2013
0:0:0:0:0:0:0:1 - - [17/Mar/2020:13:59:25 +0800] "GET /department/login.do?username=000000000001&password=123456 HTTP/1.1" 200 2013
0:0:0:0:0:0:0:1 - - [17/Mar/2020:13:59:27 +0800] "GET /department/teacher/select.do HTTP/1.1" 200 2847
0:0:0:0:0:0:0:1 - - [17/Mar/2020:14:00:15 +0800] "GET /department/login.do?username=000000000001&password=123456 HTTP/1.1" 200 2013
0:0:0:0:0:0:0:1 - - [17/Mar/2020:14:00:17 +0800] "GET /department/teacher/select.do HTTP/1.1" 200 3113
0:0:0:0:0:0:0:1 - - [17/Mar/2020:14:00:56 +0800] "GET /department/login.do?username=000000000001&password=123456 HTTP/1.1" 200 2013
0:0:0:0:0:0:0:1 - - [17/Mar/2020:14:00:57 +0800] "GET /department/teacher/select.do HTTP/1.1" 200 3113
0:0:0:0:0:0:0:1 - - [17/Mar/2020:14:00:59 +0800] "POST /department/teacher/select.do HTTP/1.1" 200 3113
0:0:0:0:0:0:0:1 - - [17/Mar/2020:14:01:03 +0800] "POST /department/teacher/select.do HTTP/1.1" 200 3113
0:0:0:0:0:0:0:1 - - [17/Mar/2020:14:01:04 +0800] "POST /department/teacher/select.do HTTP/1.1" 200 3113
0:0:0:0:0:0:0:1 - - [17/Mar/2020:14:01:04 +0800] "POST /department/teacher/select.do HTTP/1.1" 200 3113
0:0:0:0:0:0:0:1 - - [17/Mar/2020:14:01:05 +0800] "POST /department/teacher/select.do HTTP/1.1" 200 3113
0:0:0:0:0:0:0:1 - - [17/Mar/2020:14:01:08 +0800] "POST /department/teacher/select.do HTTP/1.1" 200 3113
0:0:0:0:0:0:0:1 - - [17/Mar/2020:14:01:10 +0800] "POST /department/teacher/select.do HTTP/1.1" 200 3113
0:0:0:0:0:0:0:1 - - [17/Mar/2020:14:01:11 +0800] "POST /department/teacher/select.do HTTP/1.1" 200 3113
0:0:0:0:0:0:0:1 - - [17/Mar/2020:14:01:11 +0800] "POST /department/teacher/select.do HTTP/1.1" 200 3113
0:0:0:0:0:0:0:1 - - [17/Mar/2020:14:01:12 +0800] "POST /department/teacher/select.do HTTP/1.1" 200 3113
0:0:0:0:0:0:0:1 - - [17/Mar/2020:14:01:12 +0800] "POST /department/teacher/select.do HTTP/1.1" 200 3113
0:0:0:0:0:0:0:1 - - [17/Mar/2020:14:01:13 +0800] "POST /department/teacher/select.do HTTP/1.1" 200 3113
0:0:0:0:0:0:0:1 - - [17/Mar/2020:14:01:13 +0800] "POST /department/teacher/select.do HTTP/1.1" 200 3113
0:0:0:0:0:0:0:1 - - [17/Mar/2020:14:04:38 +0800] "GET /department/login.do?username=000000000001&password=123456 HTTP/1.1" 200 2010
0:0:0:0:0:0:0:1 - - [17/Mar/2020:14:04:39 +0800] "GET /department/teacher/get.do HTTP/1.1" 404 600
0:0:0:0:0:0:0:1 - - [17/Mar/2020:14:05:35 +0800] "GET /department/login.do?username=000000000001&password=123456 HTTP/1.1" 200 2010
0:0:0:0:0:0:0:1 - - [17/Mar/2020:14:05:36 +0800] "GET /department/teacher/get.do HTTP/1.1" 200 3112
0:0:0:0:0:0:0:1 - - [17/Mar/2020:14:05:37 +0800] "POST /department/teacher/select.do HTTP/1.1" 404 600
0:0:0:0:0:0:0:1 - - [17/Mar/2020:14:11:24 +0800] "GET /department/login.do?username=000000000001&password=123456 HTTP/1.1" 200 2010
0:0:0:0:0:0:0:1 - - [17/Mar/2020:14:11:26 +0800] "GET /department/teacher/get.do HTTP/1.1" 200 3245
0:0:0:0:0:0:0:1 - - [17/Mar/2020:14:11:27 +0800] "POST /department/teacher/update/http://localhost:8080/department/teacher/select.do HTTP/1.1" 404 600
0:0:0:0:0:0:0:1 - - [17/Mar/2020:14:25:30 +0800] "GET /department/login.do?username=000000000001&password=123456 HTTP/1.1" 200 2010
0:0:0:0:0:0:0:1 - - [17/Mar/2020:14:25:31 +0800] "GET /department/teacher/get.do HTTP/1.1" 200 3448
0:0:0:0:0:0:0:1 - - [17/Mar/2020:14:25:33 +0800] "POST /department/teacher/select.do HTTP/1.1" 404 600
0:0:0:0:0:0:0:1 - - [17/Mar/2020:14:25:42 +0800] "POST /department/teacher/select.do HTTP/1.1" 404 600
0:0:0:0:0:0:0:1 - - [17/Mar/2020:14:25:46 +0800] "POST /department/teacher/select.do HTTP/1.1" 404 600
0:0:0:0:0:0:0:1 - - [17/Mar/2020:14:28:56 +0800] "GET /department/login.do?username=000000000001&password=123456 HTTP/1.1" 200 2010
0:0:0:0:0:0:0:1 - - [17/Mar/2020:14:28:57 +0800] "GET /department/teacher/get.do HTTP/1.1" 500 600
0:0:0:0:0:0:0:1 - - [17/Mar/2020:14:29:00 +0800] "GET /department/login.do?username=000000000001&password=123456 HTTP/1.1" 200 2010
0:0:0:0:0:0:0:1 - - [17/Mar/2020:14:29:03 +0800] "GET /department/teacher/get.do HTTP/1.1" 500 600
0:0:0:0:0:0:0:1 - - [17/Mar/2020:14:30:22 +0800] "GET /department/login.do?username=000000000001&password=123456 HTTP/1.1" 200 2010
0:0:0:0:0:0:0:1 - - [17/Mar/2020:14:30:22 +0800] "GET /department/teacher/get.do HTTP/1.1" 200 3260
0:0:0:0:0:0:0:1 - - [17/Mar/2020:14:30:32 +0800] "POST //update/select.do HTTP/1.1" 404 600
0:0:0:0:0:0:0:1 - - [17/Mar/2020:14:30:38 +0800] "POST //update/select.do HTTP/1.1" 404 600
0:0:0:0:0:0:0:1 - - [17/Mar/2020:14:31:16 +0800] "GET /department/login.do?username=000000000001&password=123456 HTTP/1.1" 200 2010
0:0:0:0:0:0:0:1 - - [17/Mar/2020:14:31:16 +0800] "GET /department/teacher/get.do HTTP/1.1" 500 600
0:0:0:0:0:0:0:1 - - [17/Mar/2020:14:32:43 +0800] "GET /department/login.do?username=000000000001&password=123456 HTTP/1.1" 200 2010
0:0:0:0:0:0:0:1 - - [17/Mar/2020:14:32:44 +0800] "GET /department/teacher/get.do HTTP/1.1" 200 3453
0:0:0:0:0:0:0:1 - - [17/Mar/2020:14:32:45 +0800] "POST /department/teacher/update/select.do HTTP/1.1" 404 600
0:0:0:0:0:0:0:1 - - [17/Mar/2020:14:35:53 +0800] "POST /department/teacher/update/select.do HTTP/1.1" 404 600
0:0:0:0:0:0:0:1 - - [17/Mar/2020:14:38:09 +0800] "GET /department/login.do?username=000000000001&password=123456 HTTP/1.1" 200 2010
0:0:0:0:0:0:0:1 - - [17/Mar/2020:14:38:10 +0800] "GET /department/teacher/get.do HTTP/1.1" 200 3453
0:0:0:0:0:0:0:1 - - [17/Mar/2020:14:38:10 +0800] "POST /department/teacher/update/select.do HTTP/1.1" 404 600
0:0:0:0:0:0:0:1 - - [17/Mar/2020:14:38:16 +0800] "POST /department/teacher/delete/select.do HTTP/1.1" 404 600
0:0:0:0:0:0:0:1 - - [17/Mar/2020:14:38:18 +0800] "POST /department/teacher/update/select.do HTTP/1.1" 404 600
0:0:0:0:0:0:0:1 - - [17/Mar/2020:14:38:20 +0800] "POST /department/teacher/delete/select.do HTTP/1.1" 404 600
0:0:0:0:0:0:0:1 - - [17/Mar/2020:14:38:22 +0800] "POST /department/teacher/update/select.do HTTP/1.1" 404 600
0:0:0:0:0:0:0:1 - - [17/Mar/2020:14:38:23 +0800] "POST /department/teacher/delete/select.do HTTP/1.1" 404 600
0:0:0:0:0:0:0:1 - - [17/Mar/2020:14:38:26 +0800] "POST /department/teacher/update/select.do HTTP/1.1" 404 600
0:0:0:0:0:0:0:1 - - [17/Mar/2020:14:38:28 +0800] "POST /department/teacher/delete/select.do HTTP/1.1" 404 600
0:0:0:0:0:0:0:1 - - [17/Mar/2020:14:44:31 +0800] "GET /department/login.do?username=000000000001&password=123456 HTTP/1.1" 200 2010
0:0:0:0:0:0:0:1 - - [17/Mar/2020:14:44:32 +0800] "GET /department/teacher/get.do HTTP/1.1" 200 3481
0:0:0:0:0:0:0:1 - - [17/Mar/2020:14:44:33 +0800] "POST /department/teacher/update/select.dohttp://localhost:8080/department/teacher/select.do HTTP/1.1" 404 600
0:0:0:0:0:0:0:1 - - [17/Mar/2020:14:44:56 +0800] "GET /department/teacher/get.do HTTP/1.1" 200 3481
0:0:0:0:0:0:0:1 - - [17/Mar/2020:14:44:56 +0800] "GET /department/teacher/get.do HTTP/1.1" 200 3481
0:0:0:0:0:0:0:1 - - [17/Mar/2020:14:44:56 +0800] "GET /department/teacher/get.do HTTP/1.1" 200 3481
0:0:0:0:0:0:0:1 - - [17/Mar/2020:14:44:56 +0800] "GET /department/teacher/get.do HTTP/1.1" 200 3481
0:0:0:0:0:0:0:1 - - [17/Mar/2020:14:44:57 +0800] "GET /department/teacher/get.do HTTP/1.1" 200 3481
0:0:0:0:0:0:0:1 - - [17/Mar/2020:14:44:57 +0800] "GET /department/teacher/get.do HTTP/1.1" 200 3481
0:0:0:0:0:0:0:1 - - [17/Mar/2020:14:44:57 +0800] "GET /department/teacher/get.do HTTP/1.1" 200 3481
0:0:0:0:0:0:0:1 - - [17/Mar/2020:14:44:57 +0800] "GET /department/teacher/get.do HTTP/1.1" 200 3481
0:0:0:0:0:0:0:1 - - [17/Mar/2020:14:44:57 +0800] "GET /department/teacher/get.do HTTP/1.1" 200 3481
0:0:0:0:0:0:0:1 - - [17/Mar/2020:14:44:59 +0800] "POST /department/teacher/delete/select.dohttp://localhost:8080/department/teacher/select.do HTTP/1.1" 404 600
0:0:0:0:0:0:0:1 - - [17/Mar/2020:14:45:49 +0800] "GET /department/teacher/get.do HTTP/1.1" 200 3481
0:0:0:0:0:0:0:1 - - [17/Mar/2020:14:45:50 +0800] "POST /department/teacher/update/select.dohttp://localhost:8080/department/teacher/select.do HTTP/1.1" 404 600
0:0:0:0:0:0:0:1 - - [17/Mar/2020:14:45:52 +0800] "POST /department/teacher/delete/select.dohttp://localhost:8080/department/teacher/select.do HTTP/1.1" 404 600
0:0:0:0:0:0:0:1 - - [17/Mar/2020:14:45:54 +0800] "POST /department/teacher/update/select.dohttp://localhost:8080/department/teacher/select.do HTTP/1.1" 404 600
0:0:0:0:0:0:0:1 - - [17/Mar/2020:15:18:40 +0800] "GET /department/login.do?username=000000000001&password=123456 HTTP/1.1" 200 2010
0:0:0:0:0:0:0:1 - - [17/Mar/2020:15:18:41 +0800] "GET /department/teacher/get.do HTTP/1.1" 200 4229
0:0:0:0:0:0:0:1 - - [17/Mar/2020:15:18:43 +0800] "POST /department/teacher/update/select.do HTTP/1.1" 200 621
0:0:0:0:0:0:0:1 - - [17/Mar/2020:15:18:46 +0800] "POST /department/teacher/update/select.do HTTP/1.1" 200 600
0:0:0:0:0:0:0:1 - - [17/Mar/2020:15:18:53 +0800] "POST /department/teacher/delete/select.do HTTP/1.1" 200 600
0:0:0:0:0:0:0:1 - - [17/Mar/2020:15:19:09 +0800] "POST /department/teacher/update/select.do HTTP/1.1" 200 621
0:0:0:0:0:0:0:1 - - [17/Mar/2020:15:19:12 +0800] "POST /department/teacher/update/select.do HTTP/1.1" 200 600
0:0:0:0:0:0:0:1 - - [17/Mar/2020:15:20:17 +0800] "GET /department/login.do?username=000000000001&password=123456 HTTP/1.1" 200 2010
0:0:0:0:0:0:0:1 - - [17/Mar/2020:15:20:18 +0800] "GET /department/teacher/get.do HTTP/1.1" 200 4229
0:0:0:0:0:0:0:1 - - [17/Mar/2020:15:20:19 +0800] "POST /department/teacher/update/select.do HTTP/1.1" 200 600
0:0:0:0:0:0:0:1 - - [17/Mar/2020:15:20:48 +0800] "GET /department/teacher/get.do HTTP/1.1" 200 4229
0:0:0:0:0:0:0:1 - - [17/Mar/2020:15:20:49 +0800] "POST /department/teacher/update/select.do HTTP/1.1" 200 145
0:0:0:0:0:0:0:1 - - [17/Mar/2020:15:20:56 +0800] "POST /department/teacher/delete/select.do HTTP/1.1" 200 151
0:0:0:0:0:0:0:1 - - [17/Mar/2020:15:36:50 +0800] "GET /department/login.do?username=000000000001&password=123456 HTTP/1.1" 200 2010
0:0:0:0:0:0:0:1 - - [17/Mar/2020:15:36:52 +0800] "GET /department/teacher/get.do HTTP/1.1" 200 4229
0:0:0:0:0:0:0:1 - - [17/Mar/2020:15:36:53 +0800] "POST /department/teacher/update/select.do HTTP/1.1" 200 1044
0:0:0:0:0:0:0:1 - - [17/Mar/2020:16:15:02 +0800] "GET /department/login.do?username=000000000001&password=123456 HTTP/1.1" 200 2010
0:0:0:0:0:0:0:1 - - [17/Mar/2020:16:15:02 +0800] "GET /favicon.ico HTTP/1.1" 200 946
0:0:0:0:0:0:0:1 - - [17/Mar/2020:16:15:02 +0800] "GET /department/teacher/get.do HTTP/1.1" 200 4229
0:0:0:0:0:0:0:1 - - [17/Mar/2020:16:15:05 +0800] "POST /department/teacher/update/select.do HTTP/1.1" 200 1861
0:0:0:0:0:0:0:1 - - [17/Mar/2020:16:15:07 +0800] "POST /department/teacher/update/essential.do HTTP/1.1" 200 1356
0:0:0:0:0:0:0:1 - - [17/Mar/2020:16:15:08 +0800] "POST /department/teacher/update/department.do HTTP/1.1" 200 1668
0:0:0:0:0:0:0:1 - - [17/Mar/2020:16:15:09 +0800] "POST /department/teacher/update/ensure.do HTTP/1.1" 200 637
0:0:0:0:0:0:0:1 - - [17/Mar/2020:16:15:10 +0800] "GET /department/return.do HTTP/1.1" 200 2010
0:0:0:0:0:0:0:1 - - [17/Mar/2020:16:28:47 +0800] "GET /department/return.do HTTP/1.1" 500 600
0:0:0:0:0:0:0:1 - - [17/Mar/2020:16:28:47 +0800] "GET /favicon.ico HTTP/1.1" 200 946
0:0:0:0:0:0:0:1 - - [17/Mar/2020:16:28:49 +0800] "GET /department/return.do HTTP/1.1" 500 600
0:0:0:0:0:0:0:1 - - [17/Mar/2020:16:28:49 +0800] "GET /favicon.ico HTTP/1.1" 200 946
0:0:0:0:0:0:0:1 - - [17/Mar/2020:16:28:50 +0800] "GET /department/return.do HTTP/1.1" 500 600
0:0:0:0:0:0:0:1 - - [17/Mar/2020:16:28:50 +0800] "GET /favicon.ico HTTP/1.1" 200 946
0:0:0:0:0:0:0:1 - - [17/Mar/2020:16:28:55 +0800] "GET /department/login.do?username=000000000001&password=123456 HTTP/1.1" 200 2010
0:0:0:0:0:0:0:1 - - [17/Mar/2020:16:28:55 +0800] "GET /favicon.ico HTTP/1.1" 200 946
0:0:0:0:0:0:0:1 - - [17/Mar/2020:16:28:55 +0800] "GET /department/login.do?username=000000000001&password=123456 HTTP/1.1" 200 2010
0:0:0:0:0:0:0:1 - - [17/Mar/2020:16:28:55 +0800] "GET /favicon.ico HTTP/1.1" 200 946
0:0:0:0:0:0:0:1 - - [17/Mar/2020:16:28:56 +0800] "GET /department/login.do?username=000000000001&password=123456 HTTP/1.1" 200 2010
0:0:0:0:0:0:0:1 - - [17/Mar/2020:16:28:56 +0800] "GET /favicon.ico HTTP/1.1" 200 946
0:0:0:0:0:0:0:1 - - [17/Mar/2020:16:28:56 +0800] "GET /department/login.do?username=000000000001&password=123456 HTTP/1.1" 200 2010
0:0:0:0:0:0:0:1 - - [17/Mar/2020:16:28:56 +0800] "GET /favicon.ico HTTP/1.1" 200 946
0:0:0:0:0:0:0:1 - - [17/Mar/2020:16:28:56 +0800] "GET /department/login.do?username=000000000001&password=123456 HTTP/1.1" 200 2010
0:0:0:0:0:0:0:1 - - [17/Mar/2020:16:28:56 +0800] "GET /favicon.ico HTTP/1.1" 200 946
0:0:0:0:0:0:0:1 - - [17/Mar/2020:16:28:56 +0800] "GET /department/login.do?username=000000000001&password=123456 HTTP/1.1" 200 2010
0:0:0:0:0:0:0:1 - - [17/Mar/2020:16:28:56 +0800] "GET /favicon.ico HTTP/1.1" 200 946
0:0:0:0:0:0:0:1 - - [17/Mar/2020:16:28:57 +0800] "GET /department/login.do?username=000000000001&password=123456 HTTP/1.1" 200 2010
0:0:0:0:0:0:0:1 - - [17/Mar/2020:16:28:57 +0800] "GET /favicon.ico HTTP/1.1" 200 946
0:0:0:0:0:0:0:1 - - [17/Mar/2020:16:28:57 +0800] "GET /department/login.do?username=000000000001&password=123456 HTTP/1.1" 200 2010
0:0:0:0:0:0:0:1 - - [17/Mar/2020:16:28:57 +0800] "GET /favicon.ico HTTP/1.1" 200 946
0:0:0:0:0:0:0:1 - - [17/Mar/2020:16:28:57 +0800] "GET /department/login.do?username=000000000001&password=123456 HTTP/1.1" 200 2010
0:0:0:0:0:0:0:1 - - [17/Mar/2020:16:28:57 +0800] "GET /favicon.ico HTTP/1.1" 200 946
0:0:0:0:0:0:0:1 - - [17/Mar/2020:16:28:57 +0800] "GET /department/login.do?username=000000000001&password=123456 HTTP/1.1" 200 2010
0:0:0:0:0:0:0:1 - - [17/Mar/2020:16:28:57 +0800] "GET /favicon.ico HTTP/1.1" 200 946
0:0:0:0:0:0:0:1 - - [17/Mar/2020:16:28:57 +0800] "GET /department/login.do?username=000000000001&password=123456 HTTP/1.1" 200 2010
0:0:0:0:0:0:0:1 - - [17/Mar/2020:16:28:57 +0800] "GET /favicon.ico HTTP/1.1" 200 946
0:0:0:0:0:0:0:1 - - [17/Mar/2020:16:28:57 +0800] "GET /department/login.do?username=000000000001&password=123456 HTTP/1.1" 200 2010
0:0:0:0:0:0:0:1 - - [17/Mar/2020:16:28:57 +0800] "GET /favicon.ico HTTP/1.1" 200 946
0:0:0:0:0:0:0:1 - - [17/Mar/2020:16:28:58 +0800] "GET /department/login.do?username=000000000001&password=123456 HTTP/1.1" 200 2010
0:0:0:0:0:0:0:1 - - [17/Mar/2020:16:28:58 +0800] "GET /favicon.ico HTTP/1.1" 200 946
0:0:0:0:0:0:0:1 - - [17/Mar/2020:16:28:58 +0800] "GET /department/login.do?username=000000000001&password=123456 HTTP/1.1" 200 2010
0:0:0:0:0:0:0:1 - - [17/Mar/2020:16:28:58 +0800] "GET /favicon.ico HTTP/1.1" 200 946
0:0:0:0:0:0:0:1 - - [17/Mar/2020:16:28:58 +0800] "GET /department/login.do?username=000000000001&password=123456 HTTP/1.1" 200 2010
0:0:0:0:0:0:0:1 - - [17/Mar/2020:16:28:58 +0800] "GET /favicon.ico HTTP/1.1" 200 946
0:0:0:0:0:0:0:1 - - [17/Mar/2020:16:28:58 +0800] "GET /department/login.do?username=000000000001&password=123456 HTTP/1.1" 200 2010
0:0:0:0:0:0:0:1 - - [17/Mar/2020:16:28:58 +0800] "GET /favicon.ico HTTP/1.1" 200 946
0:0:0:0:0:0:0:1 - - [17/Mar/2020:16:28:58 +0800] "GET /department/login.do?username=000000000001&password=123456 HTTP/1.1" 200 2010
0:0:0:0:0:0:0:1 - - [17/Mar/2020:16:28:58 +0800] "GET /favicon.ico HTTP/1.1" 200 946
0:0:0:0:0:0:0:1 - - [17/Mar/2020:16:28:59 +0800] "GET /department/login.do?username=000000000001&password=123456 HTTP/1.1" 200 2010
0:0:0:0:0:0:0:1 - - [17/Mar/2020:16:28:59 +0800] "GET /favicon.ico HTTP/1.1" 200 946
0:0:0:0:0:0:0:1 - - [17/Mar/2020:16:28:59 +0800] "GET /department/login.do?username=000000000001&password=123456 HTTP/1.1" 200 2010
0:0:0:0:0:0:0:1 - - [17/Mar/2020:16:28:59 +0800] "GET /favicon.ico HTTP/1.1" 200 946
0:0:0:0:0:0:0:1 - - [17/Mar/2020:16:28:59 +0800] "GET /department/login.do?username=000000000001&password=123456 HTTP/1.1" 200 2010
0:0:0:0:0:0:0:1 - - [17/Mar/2020:16:28:59 +0800] "GET /favicon.ico HTTP/1.1" 200 946
0:0:0:0:0:0:0:1 - - [17/Mar/2020:16:28:59 +0800] "GET /department/login.do?username=000000000001&password=123456 HTTP/1.1" 200 2010
0:0:0:0:0:0:0:1 - - [17/Mar/2020:16:29:00 +0800] "GET /favicon.ico HTTP/1.1" 200 946
0:0:0:0:0:0:0:1 - - [17/Mar/2020:16:29:00 +0800] "GET /department/login.do?username=000000000001&password=123456 HTTP/1.1" 200 2010
0:0:0:0:0:0:0:1 - - [17/Mar/2020:16:29:00 +0800] "GET /favicon.ico HTTP/1.1" 200 946
0:0:0:0:0:0:0:1 - - [17/Mar/2020:16:29:00 +0800] "GET /department/login.do?username=000000000001&password=123456 HTTP/1.1" 200 2010
0:0:0:0:0:0:0:1 - - [17/Mar/2020:16:29:00 +0800] "GET /favicon.ico HTTP/1.1" 200 946
0:0:0:0:0:0:0:1 - - [17/Mar/2020:16:29:09 +0800] "GET /department/teacher/get.do HTTP/1.1" 200 4229
0:0:0:0:0:0:0:1 - - [17/Mar/2020:16:29:12 +0800] "POST /department/teacher/delete/select.do HTTP/1.1" 200 151
0:0:0:0:0:0:0:1 - - [17/Mar/2020:16:31:04 +0800] "GET /department/login.do?username=000000000001&password=123456 HTTP/1.1" 200 2010
0:0:0:0:0:0:0:1 - - [17/Mar/2020:16:31:04 +0800] "GET /favicon.ico HTTP/1.1" 200 946
0:0:0:0:0:0:0:1 - - [17/Mar/2020:16:31:05 +0800] "GET /department/teacher/get.do HTTP/1.1" 200 4229
0:0:0:0:0:0:0:1 - - [17/Mar/2020:16:31:07 +0800] "POST /department/teacher/delete/select.do HTTP/1.1" 200 1647
0:0:0:0:0:0:0:1 - - [17/Mar/2020:16:32:28 +0800] "GET /department/login.do?username=000000000001&password=123456 HTTP/1.1" 200 2010
0:0:0:0:0:0:0:1 - - [17/Mar/2020:16:32:28 +0800] "GET /favicon.ico HTTP/1.1" 200 946
0:0:0:0:0:0:0:1 - - [17/Mar/2020:16:32:29 +0800] "GET /department/teacher/get.do HTTP/1.1" 200 4229
0:0:0:0:0:0:0:1 - - [17/Mar/2020:16:32:31 +0800] "POST /department/teacher/delete/select.do HTTP/1.1" 200 1647
0:0:0:0:0:0:0:1 - - [17/Mar/2020:16:33:32 +0800] "GET /department/login.do?username=000000000001&password=123456 HTTP/1.1" 200 2010
0:0:0:0:0:0:0:1 - - [17/Mar/2020:16:33:32 +0800] "GET /favicon.ico HTTP/1.1" 200 946
0:0:0:0:0:0:0:1 - - [17/Mar/2020:16:33:33 +0800] "GET /department/teacher/get.do HTTP/1.1" 200 4229
0:0:0:0:0:0:0:1 - - [17/Mar/2020:16:33:35 +0800] "POST /department/teacher/update/select.do HTTP/1.1" 200 1858
0:0:0:0:0:0:0:1 - - [17/Mar/2020:16:33:36 +0800] "POST /department/teacher/update/essential.do HTTP/1.1" 200 1356
0:0:0:0:0:0:0:1 - - [17/Mar/2020:16:33:37 +0800] "POST /department/teacher/update/department.do HTTP/1.1" 200 1674
0:0:0:0:0:0:0:1 - - [17/Mar/2020:16:33:45 +0800] "POST /department/teacher/update/select.do HTTP/1.1" 200 1858
0:0:0:0:0:0:0:1 - - [17/Mar/2020:16:33:47 +0800] "POST /department/teacher/update/select.do HTTP/1.1" 200 1858
0:0:0:0:0:0:0:1 - - [17/Mar/2020:16:33:50 +0800] "POST /department/teacher/update/essential.do HTTP/1.1" 200 1356
0:0:0:0:0:0:0:1 - - [17/Mar/2020:16:33:51 +0800] "POST /department/teacher/update/department.do HTTP/1.1" 200 1674
0:0:0:0:0:0:0:1 - - [17/Mar/2020:16:33:51 +0800] "POST /department/teacher/update/ensure.do HTTP/1.1" 200 637
0:0:0:0:0:0:0:1 - - [17/Mar/2020:16:33:52 +0800] "GET /department/return.do HTTP/1.1" 200 2010
0:0:0:0:0:0:0:1 - - [17/Mar/2020:16:33:53 +0800] "GET /department/teacher/get.do HTTP/1.1" 200 4229
0:0:0:0:0:0:0:1 - - [17/Mar/2020:16:33:55 +0800] "POST /department/teacher/delete/select.do HTTP/1.1" 200 1674
0:0:0:0:0:0:0:1 - - [17/Mar/2020:16:33:57 +0800] "POST /department/teacher/delete/ensure.do HTTP/1.1" 200 634
0:0:0:0:0:0:0:1 - - [17/Mar/2020:16:33:58 +0800] "GET /department/return.do HTTP/1.1" 200 2010
0:0:0:0:0:0:0:1 - - [17/Mar/2020:16:34:03 +0800] "GET /department/teacher/get.do HTTP/1.1" 200 3557
0:0:0:0:0:0:0:1 - - [17/Mar/2020:19:46:35 +0800] "GET / HTTP/1.1" 200 2267
0:0:0:0:0:0:0:1 - - [17/Mar/2020:19:46:36 +0800] "GET /verifyUtil.do HTTP/1.1" 200 601
0:0:0:0:0:0:0:1 - - [17/Mar/2020:19:46:46 +0800] "GET /verifyUtil.do?91 HTTP/1.1" 200 642
0:0:0:0:0:0:0:1 - - [17/Mar/2020:19:46:51 +0800] "POST /login.do HTTP/1.1" 302 -
0:0:0:0:0:0:0:1 - - [17/Mar/2020:19:46:51 +0800] "GET /department/login.do?username=000000000001&password=123456 HTTP/1.1" 200 2010
0:0:0:0:0:0:0:1 - - [17/Mar/2020:19:47:48 +0800] "GET /department/login.do?username=000000000001&password=123456 HTTP/1.1" 200 2345
0:0:0:0:0:0:0:1 - - [17/Mar/2020:19:47:48 +0800] "GET /favicon.ico HTTP/1.1" 200 946
0:0:0:0:0:0:0:1 - - [17/Mar/2020:19:47:49 +0800] "GET /department/student/insert/set.do HTTP/1.1" 200 1483
0:0:0:0:0:0:0:1 - - [17/Mar/2020:19:48:05 +0800] "POST /department/student/insert/essential.do HTTP/1.1" 200 1553
0:0:0:0:0:0:0:1 - - [17/Mar/2020:19:48:44 +0800] "POST /department/student/insert/organization.do HTTP/1.1" 500 600
0:0:0:0:0:0:0:1 - - [17/Mar/2020:19:52:01 +0800] "GET /department/login.do?username=000000000001&password=123456 HTTP/1.1" 200 2345
0:0:0:0:0:0:0:1 - - [17/Mar/2020:19:52:01 +0800] "GET /favicon.ico HTTP/1.1" 200 946
0:0:0:0:0:0:0:1 - - [17/Mar/2020:19:52:02 +0800] "GET /department/student/insert/set.do HTTP/1.1" 200 1483
0:0:0:0:0:0:0:1 - - [17/Mar/2020:19:52:08 +0800] "POST /department/student/insert/essential.do HTTP/1.1" 200 1553
0:0:0:0:0:0:0:1 - - [17/Mar/2020:19:52:34 +0800] "GET /department/login.do?username=000000000001&password=123456 HTTP/1.1" 200 2345
0:0:0:0:0:0:0:1 - - [17/Mar/2020:19:52:34 +0800] "GET /favicon.ico HTTP/1.1" 200 946
0:0:0:0:0:0:0:1 - - [17/Mar/2020:19:52:34 +0800] "GET /department/student/insert/set.do HTTP/1.1" 200 1483
0:0:0:0:0:0:0:1 - - [17/Mar/2020:19:52:38 +0800] "POST /department/student/insert/essential.do HTTP/1.1" 200 1571
0:0:0:0:0:0:0:1 - - [17/Mar/2020:19:52:41 +0800] "POST /department/student/insert/organization.do HTTP/1.1" 500 600
0:0:0:0:0:0:0:1 - - [17/Mar/2020:19:53:38 +0800] "GET /department/login.do?username=000000000001&password=123456 HTTP/1.1" 200 2345
0:0:0:0:0:0:0:1 - - [17/Mar/2020:19:53:38 +0800] "GET /favicon.ico HTTP/1.1" 200 946
0:0:0:0:0:0:0:1 - - [17/Mar/2020:19:53:38 +0800] "GET /department/student/insert/set.do HTTP/1.1" 200 1483
0:0:0:0:0:0:0:1 - - [17/Mar/2020:19:53:44 +0800] "POST /department/student/insert/essential.do HTTP/1.1" 200 1571
0:0:0:0:0:0:0:1 - - [17/Mar/2020:19:53:46 +0800] "POST /department/student/insert/organization.do HTTP/1.1" 200 1810
0:0:0:0:0:0:0:1 - - [17/Mar/2020:19:53:51 +0800] "POST /department/student/insert/organization.do HTTP/1.1" 200 1810
0:0:0:0:0:0:0:1 - - [17/Mar/2020:19:54:34 +0800] "GET / HTTP/1.1" 200 2267
0:0:0:0:0:0:0:1 - - [17/Mar/2020:19:54:34 +0800] "GET /verifyUtil.do HTTP/1.1" 200 648
0:0:0:0:0:0:0:1 - - [17/Mar/2020:19:54:35 +0800] "GET /favicon.ico HTTP/1.1" 200 946
0:0:0:0:0:0:0:1 - - [17/Mar/2020:19:54:49 +0800] "POST /login.do HTTP/1.1" 302 -
0:0:0:0:0:0:0:1 - - [17/Mar/2020:19:54:49 +0800] "GET /department/login.do?username=000000000001&password=123456 HTTP/1.1" 200 2345
0:0:0:0:0:0:0:1 - - [17/Mar/2020:19:54:51 +0800] "GET /department/student/insert/set.do HTTP/1.1" 200 1483
0:0:0:0:0:0:0:1 - - [17/Mar/2020:19:54:55 +0800] "POST /department/student/insert/essential.do HTTP/1.1" 200 1571
0:0:0:0:0:0:0:1 - - [17/Mar/2020:19:54:58 +0800] "POST /department/student/insert/organization.do HTTP/1.1" 200 1814
0:0:0:0:0:0:0:1 - - [17/Mar/2020:19:55:00 +0800] "POST /department/student/insert/ensure.do HTTP/1.1" 200 637
0:0:0:0:0:0:0:1 - - [17/Mar/2020:19:55:02 +0800] "GET /department/return.do HTTP/1.1" 200 2345
0:0:0:0:0:0:0:1 - - [17/Mar/2020:19:55:03 +0800] "GET /department/student/get.do HTTP/1.1" 500 600
0:0:0:0:0:0:0:1 - - [17/Mar/2020:19:57:19 +0800] "GET /department/return.do HTTP/1.1" 500 600
0:0:0:0:0:0:0:1 - - [17/Mar/2020:19:57:19 +0800] "GET /favicon.ico HTTP/1.1" 200 946
0:0:0:0:0:0:0:1 - - [17/Mar/2020:19:57:23 +0800] "GET /department/return.do HTTP/1.1" 500 600
0:0:0:0:0:0:0:1 - - [17/Mar/2020:19:57:28 +0800] "GET /department/ HTTP/1.1" 404 600
0:0:0:0:0:0:0:1 - - [17/Mar/2020:19:57:31 +0800] "GET /department/index HTTP/1.1" 404 600
0:0:0:0:0:0:0:1 - - [17/Mar/2020:19:57:33 +0800] "GET /department/index HTTP/1.1" 404 600
0:0:0:0:0:0:0:1 - - [17/Mar/2020:19:57:39 +0800] "GET /department/login.do?username=000000000001&password=123456 HTTP/1.1" 200 2345
0:0:0:0:0:0:0:1 - - [17/Mar/2020:19:57:39 +0800] "GET /favicon.ico HTTP/1.1" 200 946
0:0:0:0:0:0:0:1 - - [17/Mar/2020:19:57:40 +0800] "GET /department/login.do?username=000000000001&password=123456 HTTP/1.1" 200 2345
0:0:0:0:0:0:0:1 - - [17/Mar/2020:19:57:40 +0800] "GET /favicon.ico HTTP/1.1" 200 946
0:0:0:0:0:0:0:1 - - [17/Mar/2020:19:57:40 +0800] "GET /department/login.do?username=000000000001&password=123456 HTTP/1.1" 200 2345
0:0:0:0:0:0:0:1 - - [17/Mar/2020:19:57:40 +0800] "GET /favicon.ico HTTP/1.1" 200 946
0:0:0:0:0:0:0:1 - - [17/Mar/2020:19:57:40 +0800] "GET /department/login.do?username=000000000001&password=123456 HTTP/1.1" 200 2345
0:0:0:0:0:0:0:1 - - [17/Mar/2020:19:57:40 +0800] "GET /favicon.ico HTTP/1.1" 200 946
0:0:0:0:0:0:0:1 - - [17/Mar/2020:19:57:45 +0800] "GET /department/student/get.do HTTP/1.1" 200 2229
0:0:0:0:0:0:0:1 - - [17/Mar/2020:19:57:54 +0800] "GET /department/student/get.do HTTP/1.1" 200 2229
0:0:0:0:0:0:0:1 - - [17/Mar/2020:19:57:57 +0800] "GET /department/teacher/get.do HTTP/1.1" 200 3557
0:0:0:0:0:0:0:1 - - [17/Mar/2020:19:57:59 +0800] "GET /department/student/get.do HTTP/1.1" 200 2229
0:0:0:0:0:0:0:1 - - [17/Mar/2020:20:03:29 +0800] "GET /department/login.do?username=000000000001&password=123456 HTTP/1.1" 200 2345
0:0:0:0:0:0:0:1 - - [17/Mar/2020:20:03:29 +0800] "GET /favicon.ico HTTP/1.1" 200 946
0:0:0:0:0:0:0:1 - - [17/Mar/2020:20:03:33 +0800] "GET /department/student/get.do HTTP/1.1" 200 585752
0:0:0:0:0:0:0:1 - - [17/Mar/2020:20:03:46 +0800] "POST /department/student/update/select.do HTTP/1.1" 200 621
0:0:0:0:0:0:0:1 - - [17/Mar/2020:20:04:40 +0800] "GET /department/login.do?username=000000000001&password=123456 HTTP/1.1" 200 2345
0:0:0:0:0:0:0:1 - - [17/Mar/2020:20:04:40 +0800] "GET /favicon.ico HTTP/1.1" 200 946
0:0:0:0:0:0:0:1 - - [17/Mar/2020:20:04:43 +0800] "GET /department/student/get.do HTTP/1.1" 200 585752
0:0:0:0:0:0:0:1 - - [17/Mar/2020:20:04:51 +0800] "POST /department/student/update/select.do HTTP/1.1" 200 1568
0:0:0:0:0:0:0:1 - - [17/Mar/2020:20:04:53 +0800] "POST /department/student/update/essential.do HTTP/1.1" 200 1673
0:0:0:0:0:0:0:1 - - [17/Mar/2020:20:06:15 +0800] "GET /department/login.do?username=000000000001&password=123456 HTTP/1.1" 200 2345
0:0:0:0:0:0:0:1 - - [17/Mar/2020:20:06:15 +0800] "GET /favicon.ico HTTP/1.1" 200 946
0:0:0:0:0:0:0:1 - - [17/Mar/2020:20:06:17 +0800] "GET /department/student/get.do HTTP/1.1" 200 585752
0:0:0:0:0:0:0:1 - - [17/Mar/2020:20:06:29 +0800] "POST /department/student/update/select.do HTTP/1.1" 200 1568
0:0:0:0:0:0:0:1 - - [17/Mar/2020:20:06:30 +0800] "POST /department/student/update/essential.do HTTP/1.1" 200 1656
0:0:0:0:0:0:0:1 - - [17/Mar/2020:20:06:31 +0800] "POST /department/student/update/organization.do HTTP/1.1" 500 600
0:0:0:0:0:0:0:1 - - [17/Mar/2020:20:08:13 +0800] "GET /department/login.do?username=000000000001&password=123456 HTTP/1.1" 200 2345
0:0:0:0:0:0:0:1 - - [17/Mar/2020:20:08:13 +0800] "GET /favicon.ico HTTP/1.1" 200 946
0:0:0:0:0:0:0:1 - - [17/Mar/2020:20:08:17 +0800] "GET /department/student/get.do HTTP/1.1" 200 585752
0:0:0:0:0:0:0:1 - - [17/Mar/2020:20:08:23 +0800] "POST /department/student/update/select.do HTTP/1.1" 200 1568
0:0:0:0:0:0:0:1 - - [17/Mar/2020:20:08:24 +0800] "POST /department/student/update/essential.do HTTP/1.1" 200 1656
0:0:0:0:0:0:0:1 - - [17/Mar/2020:20:08:25 +0800] "POST /department/student/update/organization.do HTTP/1.1" 200 1810
0:0:0:0:0:0:0:1 - - [17/Mar/2020:20:08:26 +0800] "POST /department/student/update/ensure.do HTTP/1.1" 200 637
0:0:0:0:0:0:0:1 - - [17/Mar/2020:20:08:28 +0800] "GET /department/return.do HTTP/1.1" 200 2345
0:0:0:0:0:0:0:1 - - [17/Mar/2020:20:08:31 +0800] "GET /department/student/get.do HTTP/1.1" 200 585752
0:0:0:0:0:0:0:1 - - [17/Mar/2020:20:08:35 +0800] "POST /department/student/delete/select.do HTTP/1.1" 500 600
0:0:0:0:0:0:0:1 - - [17/Mar/2020:20:10:32 +0800] "GET /department/return.do HTTP/1.1" 500 600
0:0:0:0:0:0:0:1 - - [17/Mar/2020:20:10:32 +0800] "GET /favicon.ico HTTP/1.1" 200 946
0:0:0:0:0:0:0:1 - - [17/Mar/2020:20:10:37 +0800] "GET /department/login.do?username=000000000001&password=123456 HTTP/1.1" 200 2345
0:0:0:0:0:0:0:1 - - [17/Mar/2020:20:10:37 +0800] "GET /favicon.ico HTTP/1.1" 200 946
0:0:0:0:0:0:0:1 - - [17/Mar/2020:20:10:40 +0800] "GET /department/student/get.do HTTP/1.1" 200 585752
0:0:0:0:0:0:0:1 - - [17/Mar/2020:20:10:47 +0800] "POST /department/student/delete/select.do HTTP/1.1" 200 1810
0:0:0:0:0:0:0:1 - - [17/Mar/2020:20:10:49 +0800] "POST /department/student/delete/ensure.do HTTP/1.1" 200 634
0:0:0:0:0:0:0:1 - - [17/Mar/2020:20:10:50 +0800] "GET /department/return.do HTTP/1.1" 200 2345
0:0:0:0:0:0:0:1 - - [17/Mar/2020:20:10:52 +0800] "GET /department/student/get.do HTTP/1.1" 200 585184
