0:0:0:0:0:0:0:1 - - [21/Jan/2020:16:09:34 +0800] "GET / HTTP/1.1" 200 1439
0:0:0:0:0:0:0:1 - - [21/Jan/2020:16:09:34 +0800] "GET /verifyUtil.do HTTP/1.1" 200 621
0:0:0:0:0:0:0:1 - - [21/Jan/2020:16:09:38 +0800] "GET / HTTP/1.1" 200 1439
0:0:0:0:0:0:0:1 - - [21/Jan/2020:16:09:38 +0800] "GET /verifyUtil.do HTTP/1.1" 200 621
0:0:0:0:0:0:0:1 - - [21/Jan/2020:16:09:38 +0800] "GET /favicon.ico HTTP/1.1" 200 946
0:0:0:0:0:0:0:1 - - [21/Jan/2020:16:09:38 +0800] "GET / HTTP/1.1" 200 1439
0:0:0:0:0:0:0:1 - - [21/Jan/2020:16:09:38 +0800] "GET /verifyUtil.do HTTP/1.1" 200 658
0:0:0:0:0:0:0:1 - - [21/Jan/2020:16:09:38 +0800] "GET /favicon.ico HTTP/1.1" 200 946
0:0:0:0:0:0:0:1 - - [21/Jan/2020:16:09:38 +0800] "GET / HTTP/1.1" 200 1439
0:0:0:0:0:0:0:1 - - [21/Jan/2020:16:09:38 +0800] "GET /verifyUtil.do HTTP/1.1" 200 649
0:0:0:0:0:0:0:1 - - [21/Jan/2020:16:09:38 +0800] "GET /favicon.ico HTTP/1.1" 200 946
0:0:0:0:0:0:0:1 - - [21/Jan/2020:16:09:38 +0800] "GET / HTTP/1.1" 200 1439
0:0:0:0:0:0:0:1 - - [21/Jan/2020:16:09:38 +0800] "GET /verifyUtil.do HTTP/1.1" 200 582
0:0:0:0:0:0:0:1 - - [21/Jan/2020:16:09:38 +0800] "GET /favicon.ico HTTP/1.1" 200 946
0:0:0:0:0:0:0:1 - - [21/Jan/2020:16:09:39 +0800] "GET / HTTP/1.1" 200 1439
0:0:0:0:0:0:0:1 - - [21/Jan/2020:16:09:39 +0800] "GET /verifyUtil.do HTTP/1.1" 200 693
0:0:0:0:0:0:0:1 - - [21/Jan/2020:16:09:39 +0800] "GET /favicon.ico HTTP/1.1" 200 946
0:0:0:0:0:0:0:1 - - [21/Jan/2020:16:09:39 +0800] "GET / HTTP/1.1" 200 1439
0:0:0:0:0:0:0:1 - - [21/Jan/2020:16:09:39 +0800] "GET /verifyUtil.do HTTP/1.1" 200 627
0:0:0:0:0:0:0:1 - - [21/Jan/2020:16:09:39 +0800] "GET /favicon.ico HTTP/1.1" 200 946
0:0:0:0:0:0:0:1 - - [21/Jan/2020:16:09:39 +0800] "GET / HTTP/1.1" 200 1439
0:0:0:0:0:0:0:1 - - [21/Jan/2020:16:09:39 +0800] "GET /verifyUtil.do HTTP/1.1" 200 612
0:0:0:0:0:0:0:1 - - [21/Jan/2020:16:09:39 +0800] "GET /favicon.ico HTTP/1.1" 200 946
0:0:0:0:0:0:0:1 - - [21/Jan/2020:16:09:39 +0800] "GET / HTTP/1.1" 200 1439
0:0:0:0:0:0:0:1 - - [21/Jan/2020:16:09:39 +0800] "GET /verifyUtil.do HTTP/1.1" 200 684
0:0:0:0:0:0:0:1 - - [21/Jan/2020:16:09:39 +0800] "GET /favicon.ico HTTP/1.1" 200 946
0:0:0:0:0:0:0:1 - - [21/Jan/2020:16:09:39 +0800] "GET / HTTP/1.1" 200 1439
0:0:0:0:0:0:0:1 - - [21/Jan/2020:16:09:39 +0800] "GET /verifyUtil.do HTTP/1.1" 200 740
0:0:0:0:0:0:0:1 - - [21/Jan/2020:16:09:39 +0800] "GET /favicon.ico HTTP/1.1" 200 946
0:0:0:0:0:0:0:1 - - [21/Jan/2020:16:09:39 +0800] "GET / HTTP/1.1" 200 1439
0:0:0:0:0:0:0:1 - - [21/Jan/2020:16:09:39 +0800] "GET /verifyUtil.do HTTP/1.1" 200 664
0:0:0:0:0:0:0:1 - - [21/Jan/2020:16:09:39 +0800] "GET /favicon.ico HTTP/1.1" 200 946
0:0:0:0:0:0:0:1 - - [21/Jan/2020:16:09:40 +0800] "GET / HTTP/1.1" 200 1439
0:0:0:0:0:0:0:1 - - [21/Jan/2020:16:09:40 +0800] "GET /verifyUtil.do HTTP/1.1" 200 603
0:0:0:0:0:0:0:1 - - [21/Jan/2020:16:09:40 +0800] "GET /favicon.ico HTTP/1.1" 200 946
0:0:0:0:0:0:0:1 - - [21/Jan/2020:16:09:40 +0800] "GET / HTTP/1.1" 200 1439
0:0:0:0:0:0:0:1 - - [21/Jan/2020:16:09:40 +0800] "GET /verifyUtil.do HTTP/1.1" 200 599
0:0:0:0:0:0:0:1 - - [21/Jan/2020:16:09:40 +0800] "GET /favicon.ico HTTP/1.1" 200 946
0:0:0:0:0:0:0:1 - - [21/Jan/2020:16:09:40 +0800] "GET / HTTP/1.1" 200 1439
0:0:0:0:0:0:0:1 - - [21/Jan/2020:16:09:40 +0800] "GET /verifyUtil.do HTTP/1.1" 200 754
0:0:0:0:0:0:0:1 - - [21/Jan/2020:16:09:40 +0800] "GET /favicon.ico HTTP/1.1" 200 946
0:0:0:0:0:0:0:1 - - [21/Jan/2020:16:09:40 +0800] "GET / HTTP/1.1" 200 1439
0:0:0:0:0:0:0:1 - - [21/Jan/2020:16:09:40 +0800] "GET /verifyUtil.do HTTP/1.1" 200 648
0:0:0:0:0:0:0:1 - - [21/Jan/2020:16:09:40 +0800] "GET /favicon.ico HTTP/1.1" 200 946
0:0:0:0:0:0:0:1 - - [21/Jan/2020:16:09:40 +0800] "GET / HTTP/1.1" 200 1439
0:0:0:0:0:0:0:1 - - [21/Jan/2020:16:09:40 +0800] "GET /verifyUtil.do HTTP/1.1" 200 636
0:0:0:0:0:0:0:1 - - [21/Jan/2020:16:09:40 +0800] "GET /favicon.ico HTTP/1.1" 200 946
0:0:0:0:0:0:0:1 - - [21/Jan/2020:16:09:41 +0800] "GET / HTTP/1.1" 200 1439
0:0:0:0:0:0:0:1 - - [21/Jan/2020:16:09:41 +0800] "GET /verifyUtil.do HTTP/1.1" 200 738
0:0:0:0:0:0:0:1 - - [21/Jan/2020:16:09:41 +0800] "GET /favicon.ico HTTP/1.1" 200 946
0:0:0:0:0:0:0:1 - - [21/Jan/2020:16:09:41 +0800] "GET / HTTP/1.1" 200 1439
0:0:0:0:0:0:0:1 - - [21/Jan/2020:16:09:41 +0800] "GET /verifyUtil.do HTTP/1.1" 200 633
0:0:0:0:0:0:0:1 - - [21/Jan/2020:16:09:41 +0800] "GET /favicon.ico HTTP/1.1" 200 946
0:0:0:0:0:0:0:1 - - [21/Jan/2020:16:09:41 +0800] "GET / HTTP/1.1" 200 1439
0:0:0:0:0:0:0:1 - - [21/Jan/2020:16:09:41 +0800] "GET /verifyUtil.do HTTP/1.1" 200 679
0:0:0:0:0:0:0:1 - - [21/Jan/2020:16:09:41 +0800] "GET /favicon.ico HTTP/1.1" 200 946
0:0:0:0:0:0:0:1 - - [21/Jan/2020:16:09:41 +0800] "GET / HTTP/1.1" 200 1439
0:0:0:0:0:0:0:1 - - [21/Jan/2020:16:09:41 +0800] "GET /verifyUtil.do HTTP/1.1" 200 612
0:0:0:0:0:0:0:1 - - [21/Jan/2020:16:09:41 +0800] "GET /favicon.ico HTTP/1.1" 200 946
0:0:0:0:0:0:0:1 - - [21/Jan/2020:16:09:41 +0800] "GET / HTTP/1.1" 200 1439
0:0:0:0:0:0:0:1 - - [21/Jan/2020:16:09:41 +0800] "GET /verifyUtil.do HTTP/1.1" 200 695
0:0:0:0:0:0:0:1 - - [21/Jan/2020:16:09:41 +0800] "GET /favicon.ico HTTP/1.1" 200 946
0:0:0:0:0:0:0:1 - - [21/Jan/2020:16:09:42 +0800] "GET / HTTP/1.1" 200 1439
0:0:0:0:0:0:0:1 - - [21/Jan/2020:16:09:42 +0800] "GET /verifyUtil.do HTTP/1.1" 200 621
0:0:0:0:0:0:0:1 - - [21/Jan/2020:16:09:42 +0800] "GET /favicon.ico HTTP/1.1" 200 946
0:0:0:0:0:0:0:1 - - [21/Jan/2020:16:09:42 +0800] "GET / HTTP/1.1" 200 1439
0:0:0:0:0:0:0:1 - - [21/Jan/2020:16:09:42 +0800] "GET /verifyUtil.do HTTP/1.1" 200 722
0:0:0:0:0:0:0:1 - - [21/Jan/2020:16:09:42 +0800] "GET /favicon.ico HTTP/1.1" 200 946
0:0:0:0:0:0:0:1 - - [21/Jan/2020:16:09:42 +0800] "GET / HTTP/1.1" 200 1439
0:0:0:0:0:0:0:1 - - [21/Jan/2020:16:09:42 +0800] "GET /verifyUtil.do HTTP/1.1" 200 728
0:0:0:0:0:0:0:1 - - [21/Jan/2020:16:09:42 +0800] "GET /favicon.ico HTTP/1.1" 200 946
0:0:0:0:0:0:0:1 - - [21/Jan/2020:16:09:43 +0800] "GET / HTTP/1.1" 200 1439
0:0:0:0:0:0:0:1 - - [21/Jan/2020:16:09:43 +0800] "GET /verifyUtil.do HTTP/1.1" 200 726
0:0:0:0:0:0:0:1 - - [21/Jan/2020:16:09:43 +0800] "GET /favicon.ico HTTP/1.1" 200 946
0:0:0:0:0:0:0:1 - - [21/Jan/2020:16:09:44 +0800] "GET / HTTP/1.1" 200 1439
0:0:0:0:0:0:0:1 - - [21/Jan/2020:16:09:44 +0800] "GET /verifyUtil.do HTTP/1.1" 200 688
0:0:0:0:0:0:0:1 - - [21/Jan/2020:16:09:44 +0800] "GET /favicon.ico HTTP/1.1" 200 946
0:0:0:0:0:0:0:1 - - [21/Jan/2020:16:09:44 +0800] "GET / HTTP/1.1" 200 1439
0:0:0:0:0:0:0:1 - - [21/Jan/2020:16:09:44 +0800] "GET /verifyUtil.do HTTP/1.1" 200 623
0:0:0:0:0:0:0:1 - - [21/Jan/2020:16:09:44 +0800] "GET /favicon.ico HTTP/1.1" 200 946
0:0:0:0:0:0:0:1 - - [21/Jan/2020:16:09:44 +0800] "GET / HTTP/1.1" 200 1439
0:0:0:0:0:0:0:1 - - [21/Jan/2020:16:09:44 +0800] "GET /verifyUtil.do HTTP/1.1" 200 774
0:0:0:0:0:0:0:1 - - [21/Jan/2020:16:09:44 +0800] "GET /favicon.ico HTTP/1.1" 200 946
0:0:0:0:0:0:0:1 - - [21/Jan/2020:16:09:44 +0800] "GET / HTTP/1.1" 200 1439
0:0:0:0:0:0:0:1 - - [21/Jan/2020:16:09:44 +0800] "GET /verifyUtil.do HTTP/1.1" 200 764
0:0:0:0:0:0:0:1 - - [21/Jan/2020:16:09:44 +0800] "GET /favicon.ico HTTP/1.1" 200 946
0:0:0:0:0:0:0:1 - - [21/Jan/2020:16:09:44 +0800] "GET / HTTP/1.1" 200 1439
0:0:0:0:0:0:0:1 - - [21/Jan/2020:16:09:44 +0800] "GET /verifyUtil.do HTTP/1.1" 200 624
0:0:0:0:0:0:0:1 - - [21/Jan/2020:16:09:44 +0800] "GET /favicon.ico HTTP/1.1" 200 946
0:0:0:0:0:0:0:1 - - [21/Jan/2020:16:09:45 +0800] "GET / HTTP/1.1" 200 1439
0:0:0:0:0:0:0:1 - - [21/Jan/2020:16:09:45 +0800] "GET /verifyUtil.do HTTP/1.1" 200 658
0:0:0:0:0:0:0:1 - - [21/Jan/2020:16:09:45 +0800] "GET /favicon.ico HTTP/1.1" 200 946
0:0:0:0:0:0:0:1 - - [21/Jan/2020:16:11:20 +0800] "GET / HTTP/1.1" 200 1467
0:0:0:0:0:0:0:1 - - [21/Jan/2020:16:11:20 +0800] "GET /verifyUtil.do HTTP/1.1" 200 597
0:0:0:0:0:0:0:1 - - [21/Jan/2020:16:11:56 +0800] "GET / HTTP/1.1" 200 1467
0:0:0:0:0:0:0:1 - - [21/Jan/2020:16:11:56 +0800] "GET /verifyUtil.do HTTP/1.1" 200 615
0:0:0:0:0:0:0:1 - - [21/Jan/2020:16:11:56 +0800] "GET /favicon.ico HTTP/1.1" 200 946
0:0:0:0:0:0:0:1 - - [21/Jan/2020:22:19:41 +0800] "GET / HTTP/1.1" 200 1745
0:0:0:0:0:0:0:1 - - [21/Jan/2020:22:19:41 +0800] "GET /verifyUtil.do HTTP/1.1" 200 665
0:0:0:0:0:0:0:1 - - [21/Jan/2020:22:25:34 +0800] "GET / HTTP/1.1" 200 2045
127.0.0.1 - - [21/Jan/2020:22:25:34 +0800] "GET /verifyUtil.do HTTP/1.1" 200 634
127.0.0.1 - - [21/Jan/2020:22:25:34 +0800] "GET /favicon.ico HTTP/1.1" 200 946
0:0:0:0:0:0:0:1 - - [21/Jan/2020:22:28:39 +0800] "GET / HTTP/1.1" 200 2097
0:0:0:0:0:0:0:1 - - [21/Jan/2020:22:28:39 +0800] "GET /verifyUtil.do HTTP/1.1" 200 710
0:0:0:0:0:0:0:1 - - [21/Jan/2020:22:28:39 +0800] "GET /favicon.ico HTTP/1.1" 200 946
0:0:0:0:0:0:0:1 - - [21/Jan/2020:22:28:49 +0800] "GET / HTTP/1.1" 200 2097
0:0:0:0:0:0:0:1 - - [21/Jan/2020:22:28:49 +0800] "GET /verifyUtil.do HTTP/1.1" 200 760
0:0:0:0:0:0:0:1 - - [21/Jan/2020:22:28:49 +0800] "GET /favicon.ico HTTP/1.1" 200 946
0:0:0:0:0:0:0:1 - - [21/Jan/2020:22:28:50 +0800] "GET / HTTP/1.1" 200 2097
0:0:0:0:0:0:0:1 - - [21/Jan/2020:22:28:50 +0800] "GET /verifyUtil.do HTTP/1.1" 200 555
0:0:0:0:0:0:0:1 - - [21/Jan/2020:22:28:50 +0800] "GET /favicon.ico HTTP/1.1" 200 946
0:0:0:0:0:0:0:1 - - [21/Jan/2020:22:28:51 +0800] "GET / HTTP/1.1" 200 2097
0:0:0:0:0:0:0:1 - - [21/Jan/2020:22:28:51 +0800] "GET /verifyUtil.do HTTP/1.1" 200 704
0:0:0:0:0:0:0:1 - - [21/Jan/2020:22:28:51 +0800] "GET /favicon.ico HTTP/1.1" 200 946
0:0:0:0:0:0:0:1 - - [21/Jan/2020:22:28:51 +0800] "GET / HTTP/1.1" 200 2097
0:0:0:0:0:0:0:1 - - [21/Jan/2020:22:28:51 +0800] "GET /verifyUtil.do HTTP/1.1" 200 632
0:0:0:0:0:0:0:1 - - [21/Jan/2020:22:28:51 +0800] "GET /favicon.ico HTTP/1.1" 200 946
0:0:0:0:0:0:0:1 - - [21/Jan/2020:22:29:22 +0800] "GET / HTTP/1.1" 200 2097
0:0:0:0:0:0:0:1 - - [21/Jan/2020:22:29:22 +0800] "GET /verifyUtil.do HTTP/1.1" 200 699
0:0:0:0:0:0:0:1 - - [21/Jan/2020:22:29:22 +0800] "GET /favicon.ico HTTP/1.1" 200 946
0:0:0:0:0:0:0:1 - - [21/Jan/2020:22:29:25 +0800] "GET / HTTP/1.1" 200 2097
0:0:0:0:0:0:0:1 - - [21/Jan/2020:22:29:25 +0800] "GET /verifyUtil.do HTTP/1.1" 200 676
0:0:0:0:0:0:0:1 - - [21/Jan/2020:22:29:25 +0800] "GET /favicon.ico HTTP/1.1" 200 946
0:0:0:0:0:0:0:1 - - [21/Jan/2020:22:29:55 +0800] "GET / HTTP/1.1" 200 2098
0:0:0:0:0:0:0:1 - - [21/Jan/2020:22:29:55 +0800] "GET /verifyUtil.do HTTP/1.1" 200 650
0:0:0:0:0:0:0:1 - - [21/Jan/2020:22:29:55 +0800] "GET /favicon.ico HTTP/1.1" 200 946
0:0:0:0:0:0:0:1 - - [21/Jan/2020:22:29:58 +0800] "GET / HTTP/1.1" 200 2098
0:0:0:0:0:0:0:1 - - [21/Jan/2020:22:29:58 +0800] "GET /verifyUtil.do HTTP/1.1" 200 587
0:0:0:0:0:0:0:1 - - [21/Jan/2020:22:29:58 +0800] "GET /favicon.ico HTTP/1.1" 200 946
0:0:0:0:0:0:0:1 - - [21/Jan/2020:22:29:59 +0800] "GET / HTTP/1.1" 200 2098
0:0:0:0:0:0:0:1 - - [21/Jan/2020:22:29:59 +0800] "GET /verifyUtil.do HTTP/1.1" 200 700
0:0:0:0:0:0:0:1 - - [21/Jan/2020:22:29:59 +0800] "GET /favicon.ico HTTP/1.1" 200 946
0:0:0:0:0:0:0:1 - - [21/Jan/2020:22:29:59 +0800] "GET / HTTP/1.1" 200 2098
0:0:0:0:0:0:0:1 - - [21/Jan/2020:22:29:59 +0800] "GET /verifyUtil.do HTTP/1.1" 200 615
0:0:0:0:0:0:0:1 - - [21/Jan/2020:22:29:59 +0800] "GET /favicon.ico HTTP/1.1" 200 946
0:0:0:0:0:0:0:1 - - [21/Jan/2020:22:30:00 +0800] "GET / HTTP/1.1" 200 2098
0:0:0:0:0:0:0:1 - - [21/Jan/2020:22:30:00 +0800] "GET /verifyUtil.do HTTP/1.1" 200 594
0:0:0:0:0:0:0:1 - - [21/Jan/2020:22:30:00 +0800] "GET /favicon.ico HTTP/1.1" 200 946
0:0:0:0:0:0:0:1 - - [21/Jan/2020:22:30:00 +0800] "GET / HTTP/1.1" 200 2098
0:0:0:0:0:0:0:1 - - [21/Jan/2020:22:30:00 +0800] "GET /verifyUtil.do HTTP/1.1" 200 710
0:0:0:0:0:0:0:1 - - [21/Jan/2020:22:30:00 +0800] "GET /favicon.ico HTTP/1.1" 200 946
0:0:0:0:0:0:0:1 - - [21/Jan/2020:22:30:00 +0800] "GET / HTTP/1.1" 200 2098
0:0:0:0:0:0:0:1 - - [21/Jan/2020:22:30:00 +0800] "GET /verifyUtil.do HTTP/1.1" 200 618
0:0:0:0:0:0:0:1 - - [21/Jan/2020:22:30:00 +0800] "GET /favicon.ico HTTP/1.1" 200 946
0:0:0:0:0:0:0:1 - - [21/Jan/2020:22:31:46 +0800] "GET / HTTP/1.1" 200 2097
0:0:0:0:0:0:0:1 - - [21/Jan/2020:22:31:46 +0800] "GET /verifyUtil.do HTTP/1.1" 200 735
0:0:0:0:0:0:0:1 - - [21/Jan/2020:22:31:46 +0800] "GET /favicon.ico HTTP/1.1" 200 946
0:0:0:0:0:0:0:1 - - [21/Jan/2020:22:31:49 +0800] "GET /verifyUtil.do?55 HTTP/1.1" 200 623
0:0:0:0:0:0:0:1 - - [21/Jan/2020:22:31:49 +0800] "GET /verifyUtil.do?49 HTTP/1.1" 200 670
0:0:0:0:0:0:0:1 - - [21/Jan/2020:22:31:49 +0800] "GET /verifyUtil.do?32 HTTP/1.1" 200 633
0:0:0:0:0:0:0:1 - - [21/Jan/2020:22:31:50 +0800] "GET /verifyUtil.do?98 HTTP/1.1" 200 672
0:0:0:0:0:0:0:1 - - [21/Jan/2020:22:31:50 +0800] "GET /verifyUtil.do?69 HTTP/1.1" 200 601
0:0:0:0:0:0:0:1 - - [21/Jan/2020:22:31:50 +0800] "GET /verifyUtil.do?29 HTTP/1.1" 200 529
0:0:0:0:0:0:0:1 - - [21/Jan/2020:22:31:50 +0800] "GET /verifyUtil.do?66 HTTP/1.1" 200 650
0:0:0:0:0:0:0:1 - - [21/Jan/2020:22:31:50 +0800] "GET /verifyUtil.do?90 HTTP/1.1" 200 615
0:0:0:0:0:0:0:1 - - [21/Jan/2020:22:31:51 +0800] "GET /verifyUtil.do?80 HTTP/1.1" 200 676
0:0:0:0:0:0:0:1 - - [21/Jan/2020:22:31:51 +0800] "GET /verifyUtil.do?10 HTTP/1.1" 200 718
0:0:0:0:0:0:0:1 - - [21/Jan/2020:22:31:51 +0800] "GET /verifyUtil.do?72 HTTP/1.1" 200 676
0:0:0:0:0:0:0:1 - - [21/Jan/2020:22:31:51 +0800] "GET /verifyUtil.do?59 HTTP/1.1" 200 667
0:0:0:0:0:0:0:1 - - [21/Jan/2020:22:31:51 +0800] "GET /verifyUtil.do?73 HTTP/1.1" 200 704
0:0:0:0:0:0:0:1 - - [21/Jan/2020:22:31:51 +0800] "GET /verifyUtil.do?22 HTTP/1.1" 200 672
0:0:0:0:0:0:0:1 - - [21/Jan/2020:22:31:52 +0800] "GET /verifyUtil.do?33 HTTP/1.1" 200 730
0:0:0:0:0:0:0:1 - - [21/Jan/2020:22:31:52 +0800] "GET /verifyUtil.do?50 HTTP/1.1" 200 620
0:0:0:0:0:0:0:1 - - [21/Jan/2020:22:31:52 +0800] "GET /verifyUtil.do?11 HTTP/1.1" 200 623
0:0:0:0:0:0:0:1 - - [21/Jan/2020:22:31:52 +0800] "GET /verifyUtil.do?64 HTTP/1.1" 200 658
0:0:0:0:0:0:0:1 - - [21/Jan/2020:22:31:53 +0800] "GET /verifyUtil.do?3 HTTP/1.1" 200 675
0:0:0:0:0:0:0:1 - - [21/Jan/2020:22:31:53 +0800] "GET /verifyUtil.do?44 HTTP/1.1" 200 630
0:0:0:0:0:0:0:1 - - [21/Jan/2020:22:31:53 +0800] "GET /verifyUtil.do?60 HTTP/1.1" 200 630
0:0:0:0:0:0:0:1 - - [21/Jan/2020:22:31:53 +0800] "GET /verifyUtil.do?53 HTTP/1.1" 200 675
0:0:0:0:0:0:0:1 - - [21/Jan/2020:22:34:10 +0800] "GET / HTTP/1.1" 200 2116
0:0:0:0:0:0:0:1 - - [21/Jan/2020:22:34:11 +0800] "GET /verifyUtil.do HTTP/1.1" 200 658
0:0:0:0:0:0:0:1 - - [21/Jan/2020:22:34:11 +0800] "GET /favicon.ico HTTP/1.1" 200 946
0:0:0:0:0:0:0:1 - - [21/Jan/2020:22:34:11 +0800] "GET / HTTP/1.1" 200 2116
0:0:0:0:0:0:0:1 - - [21/Jan/2020:22:34:11 +0800] "GET /verifyUtil.do HTTP/1.1" 200 667
0:0:0:0:0:0:0:1 - - [21/Jan/2020:22:34:11 +0800] "GET /favicon.ico HTTP/1.1" 200 946
0:0:0:0:0:0:0:1 - - [21/Jan/2020:22:34:12 +0800] "GET / HTTP/1.1" 200 2116
0:0:0:0:0:0:0:1 - - [21/Jan/2020:22:34:12 +0800] "GET /verifyUtil.do HTTP/1.1" 200 662
0:0:0:0:0:0:0:1 - - [21/Jan/2020:22:34:12 +0800] "GET /favicon.ico HTTP/1.1" 200 946
0:0:0:0:0:0:0:1 - - [21/Jan/2020:22:34:12 +0800] "GET / HTTP/1.1" 200 2116
0:0:0:0:0:0:0:1 - - [21/Jan/2020:22:34:12 +0800] "GET /verifyUtil.do HTTP/1.1" 200 636
0:0:0:0:0:0:0:1 - - [21/Jan/2020:22:34:12 +0800] "GET /favicon.ico HTTP/1.1" 200 946
0:0:0:0:0:0:0:1 - - [21/Jan/2020:22:34:12 +0800] "GET / HTTP/1.1" 200 2116
0:0:0:0:0:0:0:1 - - [21/Jan/2020:22:34:12 +0800] "GET /verifyUtil.do HTTP/1.1" 200 575
0:0:0:0:0:0:0:1 - - [21/Jan/2020:22:34:12 +0800] "GET /favicon.ico HTTP/1.1" 200 946
0:0:0:0:0:0:0:1 - - [21/Jan/2020:22:34:12 +0800] "GET / HTTP/1.1" 200 2116
0:0:0:0:0:0:0:1 - - [21/Jan/2020:22:34:12 +0800] "GET /verifyUtil.do HTTP/1.1" 200 613
0:0:0:0:0:0:0:1 - - [21/Jan/2020:22:34:12 +0800] "GET /favicon.ico HTTP/1.1" 200 946
0:0:0:0:0:0:0:1 - - [21/Jan/2020:22:34:12 +0800] "GET / HTTP/1.1" 200 2116
0:0:0:0:0:0:0:1 - - [21/Jan/2020:22:34:12 +0800] "GET /verifyUtil.do HTTP/1.1" 200 682
0:0:0:0:0:0:0:1 - - [21/Jan/2020:22:34:12 +0800] "GET /favicon.ico HTTP/1.1" 200 946
0:0:0:0:0:0:0:1 - - [21/Jan/2020:22:34:13 +0800] "GET / HTTP/1.1" 200 2116
0:0:0:0:0:0:0:1 - - [21/Jan/2020:22:34:13 +0800] "GET /verifyUtil.do HTTP/1.1" 200 639
0:0:0:0:0:0:0:1 - - [21/Jan/2020:22:34:13 +0800] "GET /favicon.ico HTTP/1.1" 200 946
0:0:0:0:0:0:0:1 - - [21/Jan/2020:22:34:13 +0800] "GET / HTTP/1.1" 200 2116
0:0:0:0:0:0:0:1 - - [21/Jan/2020:22:34:13 +0800] "GET /verifyUtil.do HTTP/1.1" 200 649
0:0:0:0:0:0:0:1 - - [21/Jan/2020:22:34:13 +0800] "GET /favicon.ico HTTP/1.1" 200 946
0:0:0:0:0:0:0:1 - - [21/Jan/2020:22:34:21 +0800] "GET /verifyUtil.do?84 HTTP/1.1" 200 638
0:0:0:0:0:0:0:1 - - [21/Jan/2020:22:35:21 +0800] "GET / HTTP/1.1" 200 2108
0:0:0:0:0:0:0:1 - - [21/Jan/2020:22:35:21 +0800] "GET /verifyUtil.do HTTP/1.1" 200 637
0:0:0:0:0:0:0:1 - - [21/Jan/2020:22:35:21 +0800] "GET /favicon.ico HTTP/1.1" 200 946
0:0:0:0:0:0:0:1 - - [21/Jan/2020:22:35:24 +0800] "GET / HTTP/1.1" 200 2108
0:0:0:0:0:0:0:1 - - [21/Jan/2020:22:35:24 +0800] "GET /verifyUtil.do HTTP/1.1" 200 699
0:0:0:0:0:0:0:1 - - [21/Jan/2020:22:35:24 +0800] "GET /favicon.ico HTTP/1.1" 200 946
0:0:0:0:0:0:0:1 - - [21/Jan/2020:22:35:24 +0800] "GET / HTTP/1.1" 200 2108
0:0:0:0:0:0:0:1 - - [21/Jan/2020:22:35:24 +0800] "GET /verifyUtil.do HTTP/1.1" 200 603
0:0:0:0:0:0:0:1 - - [21/Jan/2020:22:35:24 +0800] "GET /favicon.ico HTTP/1.1" 200 946
0:0:0:0:0:0:0:1 - - [21/Jan/2020:22:35:25 +0800] "GET / HTTP/1.1" 200 2108
0:0:0:0:0:0:0:1 - - [21/Jan/2020:22:35:25 +0800] "GET /verifyUtil.do HTTP/1.1" 200 688
0:0:0:0:0:0:0:1 - - [21/Jan/2020:22:35:25 +0800] "GET /favicon.ico HTTP/1.1" 200 946
0:0:0:0:0:0:0:1 - - [21/Jan/2020:22:36:50 +0800] "GET / HTTP/1.1" 200 2133
0:0:0:0:0:0:0:1 - - [21/Jan/2020:22:36:50 +0800] "GET /verifyUtil.do HTTP/1.1" 200 646
0:0:0:0:0:0:0:1 - - [21/Jan/2020:22:36:50 +0800] "GET /favicon.ico HTTP/1.1" 200 946
0:0:0:0:0:0:0:1 - - [21/Jan/2020:22:36:52 +0800] "GET / HTTP/1.1" 200 2133
0:0:0:0:0:0:0:1 - - [21/Jan/2020:22:36:52 +0800] "GET /verifyUtil.do HTTP/1.1" 200 711
0:0:0:0:0:0:0:1 - - [21/Jan/2020:22:36:52 +0800] "GET /favicon.ico HTTP/1.1" 200 946
0:0:0:0:0:0:0:1 - - [21/Jan/2020:22:37:39 +0800] "GET / HTTP/1.1" 200 2153
0:0:0:0:0:0:0:1 - - [21/Jan/2020:22:37:40 +0800] "GET /verifyUtil.do HTTP/1.1" 200 704
0:0:0:0:0:0:0:1 - - [21/Jan/2020:22:37:40 +0800] "GET /favicon.ico HTTP/1.1" 200 946
0:0:0:0:0:0:0:1 - - [21/Jan/2020:22:37:40 +0800] "GET / HTTP/1.1" 200 2153
0:0:0:0:0:0:0:1 - - [21/Jan/2020:22:37:40 +0800] "GET /verifyUtil.do HTTP/1.1" 200 714
0:0:0:0:0:0:0:1 - - [21/Jan/2020:22:37:40 +0800] "GET /favicon.ico HTTP/1.1" 200 946
0:0:0:0:0:0:0:1 - - [21/Jan/2020:22:37:40 +0800] "GET / HTTP/1.1" 200 2153
0:0:0:0:0:0:0:1 - - [21/Jan/2020:22:37:40 +0800] "GET /verifyUtil.do HTTP/1.1" 200 658
0:0:0:0:0:0:0:1 - - [21/Jan/2020:22:37:40 +0800] "GET /favicon.ico HTTP/1.1" 200 946
0:0:0:0:0:0:0:1 - - [21/Jan/2020:22:37:40 +0800] "GET / HTTP/1.1" 200 2153
0:0:0:0:0:0:0:1 - - [21/Jan/2020:22:37:40 +0800] "GET /verifyUtil.do HTTP/1.1" 200 700
0:0:0:0:0:0:0:1 - - [21/Jan/2020:22:37:40 +0800] "GET /favicon.ico HTTP/1.1" 200 946
0:0:0:0:0:0:0:1 - - [21/Jan/2020:22:37:40 +0800] "GET / HTTP/1.1" 200 2153
0:0:0:0:0:0:0:1 - - [21/Jan/2020:22:37:41 +0800] "GET /verifyUtil.do HTTP/1.1" 200 642
0:0:0:0:0:0:0:1 - - [21/Jan/2020:22:37:41 +0800] "GET /favicon.ico HTTP/1.1" 200 946
0:0:0:0:0:0:0:1 - - [21/Jan/2020:22:37:41 +0800] "GET / HTTP/1.1" 200 2153
0:0:0:0:0:0:0:1 - - [21/Jan/2020:22:37:41 +0800] "GET /verifyUtil.do HTTP/1.1" 200 643
0:0:0:0:0:0:0:1 - - [21/Jan/2020:22:37:41 +0800] "GET /favicon.ico HTTP/1.1" 200 946
0:0:0:0:0:0:0:1 - - [21/Jan/2020:22:37:41 +0800] "GET / HTTP/1.1" 200 2153
0:0:0:0:0:0:0:1 - - [21/Jan/2020:22:37:41 +0800] "GET /verifyUtil.do HTTP/1.1" 200 687
0:0:0:0:0:0:0:1 - - [21/Jan/2020:22:37:41 +0800] "GET /favicon.ico HTTP/1.1" 200 946
0:0:0:0:0:0:0:1 - - [21/Jan/2020:22:37:41 +0800] "GET / HTTP/1.1" 200 2153
0:0:0:0:0:0:0:1 - - [21/Jan/2020:22:37:41 +0800] "GET /verifyUtil.do HTTP/1.1" 200 603
0:0:0:0:0:0:0:1 - - [21/Jan/2020:22:37:41 +0800] "GET /favicon.ico HTTP/1.1" 200 946
0:0:0:0:0:0:0:1 - - [21/Jan/2020:22:38:03 +0800] "GET /verifyUtil.do?80 HTTP/1.1" 200 617
0:0:0:0:0:0:0:1 - - [21/Jan/2020:22:38:04 +0800] "GET /verifyUtil.do?92 HTTP/1.1" 200 627
0:0:0:0:0:0:0:1 - - [21/Jan/2020:22:38:59 +0800] "GET / HTTP/1.1" 200 2174
0:0:0:0:0:0:0:1 - - [21/Jan/2020:22:38:59 +0800] "GET /verifyUtil.do HTTP/1.1" 200 650
0:0:0:0:0:0:0:1 - - [21/Jan/2020:22:39:47 +0800] "GET / HTTP/1.1" 200 2173
0:0:0:0:0:0:0:1 - - [21/Jan/2020:22:39:48 +0800] "GET /verifyUtil.do HTTP/1.1" 200 633
0:0:0:0:0:0:0:1 - - [21/Jan/2020:22:40:25 +0800] "GET /verifyUtil.do?61 HTTP/1.1" 200 698
0:0:0:0:0:0:0:1 - - [21/Jan/2020:22:40:25 +0800] "GET /verifyUtil.do?89 HTTP/1.1" 200 644
0:0:0:0:0:0:0:1 - - [21/Jan/2020:22:40:26 +0800] "GET /verifyUtil.do?74 HTTP/1.1" 200 575
0:0:0:0:0:0:0:1 - - [21/Jan/2020:22:40:26 +0800] "GET /verifyUtil.do?47 HTTP/1.1" 200 635
0:0:0:0:0:0:0:1 - - [21/Jan/2020:22:40:26 +0800] "GET /verifyUtil.do?58 HTTP/1.1" 200 629
0:0:0:0:0:0:0:1 - - [21/Jan/2020:22:40:26 +0800] "GET /verifyUtil.do?51 HTTP/1.1" 200 611
0:0:0:0:0:0:0:1 - - [21/Jan/2020:22:40:26 +0800] "GET /verifyUtil.do?20 HTTP/1.1" 200 644
0:0:0:0:0:0:0:1 - - [21/Jan/2020:22:41:31 +0800] "GET /verifyUtil.do?60 HTTP/1.1" 200 597
0:0:0:0:0:0:0:1 - - [21/Jan/2020:22:41:31 +0800] "GET /verifyUtil.do?79 HTTP/1.1" 200 685
0:0:0:0:0:0:0:1 - - [21/Jan/2020:22:41:32 +0800] "GET /verifyUtil.do?40 HTTP/1.1" 200 604
0:0:0:0:0:0:0:1 - - [21/Jan/2020:22:41:32 +0800] "GET /verifyUtil.do?11 HTTP/1.1" 200 657
0:0:0:0:0:0:0:1 - - [21/Jan/2020:22:41:32 +0800] "GET /verifyUtil.do?8 HTTP/1.1" 200 622
0:0:0:0:0:0:0:1 - - [21/Jan/2020:22:41:32 +0800] "GET /verifyUtil.do?86 HTTP/1.1" 200 676
0:0:0:0:0:0:0:1 - - [21/Jan/2020:22:41:33 +0800] "GET /verifyUtil.do?61 HTTP/1.1" 200 682
0:0:0:0:0:0:0:1 - - [21/Jan/2020:22:41:33 +0800] "GET /verifyUtil.do?4 HTTP/1.1" 200 580
0:0:0:0:0:0:0:1 - - [21/Jan/2020:22:41:33 +0800] "GET /verifyUtil.do?21 HTTP/1.1" 200 540
0:0:0:0:0:0:0:1 - - [21/Jan/2020:22:41:33 +0800] "GET /verifyUtil.do?16 HTTP/1.1" 200 529
0:0:0:0:0:0:0:1 - - [21/Jan/2020:22:41:33 +0800] "GET /verifyUtil.do?59 HTTP/1.1" 200 672
0:0:0:0:0:0:0:1 - - [21/Jan/2020:22:41:33 +0800] "GET /verifyUtil.do?73 HTTP/1.1" 200 634
0:0:0:0:0:0:0:1 - - [21/Jan/2020:22:41:34 +0800] "GET /verifyUtil.do?1 HTTP/1.1" 200 738
0:0:0:0:0:0:0:1 - - [21/Jan/2020:22:41:34 +0800] "GET /verifyUtil.do?90 HTTP/1.1" 200 738
0:0:0:0:0:0:0:1 - - [21/Jan/2020:22:41:34 +0800] "GET /verifyUtil.do?45 HTTP/1.1" 200 670
0:0:0:0:0:0:0:1 - - [21/Jan/2020:22:41:34 +0800] "GET /verifyUtil.do?13 HTTP/1.1" 200 596
0:0:0:0:0:0:0:1 - - [21/Jan/2020:22:41:35 +0800] "GET /verifyUtil.do?81 HTTP/1.1" 200 564
0:0:0:0:0:0:0:1 - - [21/Jan/2020:22:41:35 +0800] "GET /verifyUtil.do?44 HTTP/1.1" 200 656
0:0:0:0:0:0:0:1 - - [21/Jan/2020:22:41:35 +0800] "GET /verifyUtil.do?84 HTTP/1.1" 200 629
0:0:0:0:0:0:0:1 - - [21/Jan/2020:22:42:41 +0800] "GET / HTTP/1.1" 200 2172
0:0:0:0:0:0:0:1 - - [21/Jan/2020:22:42:41 +0800] "GET /verifyUtil.do HTTP/1.1" 200 596
0:0:0:0:0:0:0:1 - - [21/Jan/2020:22:43:16 +0800] "GET / HTTP/1.1" 200 2161
0:0:0:0:0:0:0:1 - - [21/Jan/2020:22:43:16 +0800] "GET /verifyUtil.do HTTP/1.1" 200 720
0:0:0:0:0:0:0:1 - - [21/Jan/2020:22:43:42 +0800] "GET / HTTP/1.1" 200 2161
0:0:0:0:0:0:0:1 - - [21/Jan/2020:22:43:42 +0800] "GET /verifyUtil.do HTTP/1.1" 200 614
0:0:0:0:0:0:0:1 - - [21/Jan/2020:22:44:13 +0800] "GET / HTTP/1.1" 200 2161
0:0:0:0:0:0:0:1 - - [21/Jan/2020:22:44:13 +0800] "GET /verifyUtil.do HTTP/1.1" 200 758
0:0:0:0:0:0:0:1 - - [21/Jan/2020:22:44:13 +0800] "GET / HTTP/1.1" 200 2161
0:0:0:0:0:0:0:1 - - [21/Jan/2020:22:44:13 +0800] "GET /verifyUtil.do HTTP/1.1" 200 645
0:0:0:0:0:0:0:1 - - [21/Jan/2020:22:44:14 +0800] "GET / HTTP/1.1" 200 2161
0:0:0:0:0:0:0:1 - - [21/Jan/2020:22:44:14 +0800] "GET /verifyUtil.do HTTP/1.1" 200 659
0:0:0:0:0:0:0:1 - - [21/Jan/2020:22:44:14 +0800] "GET / HTTP/1.1" 200 2161
0:0:0:0:0:0:0:1 - - [21/Jan/2020:22:44:14 +0800] "GET /verifyUtil.do HTTP/1.1" 200 701
0:0:0:0:0:0:0:1 - - [21/Jan/2020:22:44:14 +0800] "GET / HTTP/1.1" 200 2161
0:0:0:0:0:0:0:1 - - [21/Jan/2020:22:44:14 +0800] "GET /verifyUtil.do HTTP/1.1" 200 684
0:0:0:0:0:0:0:1 - - [21/Jan/2020:22:44:14 +0800] "GET / HTTP/1.1" 200 2161
0:0:0:0:0:0:0:1 - - [21/Jan/2020:22:44:14 +0800] "GET /verifyUtil.do HTTP/1.1" 200 641
0:0:0:0:0:0:0:1 - - [21/Jan/2020:22:44:14 +0800] "GET / HTTP/1.1" 200 2161
0:0:0:0:0:0:0:1 - - [21/Jan/2020:22:44:14 +0800] "GET /verifyUtil.do HTTP/1.1" 200 650
0:0:0:0:0:0:0:1 - - [21/Jan/2020:22:44:15 +0800] "GET / HTTP/1.1" 200 2161
0:0:0:0:0:0:0:1 - - [21/Jan/2020:22:44:15 +0800] "GET /verifyUtil.do HTTP/1.1" 200 739
0:0:0:0:0:0:0:1 - - [21/Jan/2020:22:44:15 +0800] "GET / HTTP/1.1" 200 2161
0:0:0:0:0:0:0:1 - - [21/Jan/2020:22:44:15 +0800] "GET /verifyUtil.do HTTP/1.1" 200 578
0:0:0:0:0:0:0:1 - - [21/Jan/2020:22:44:16 +0800] "GET / HTTP/1.1" 200 2161
0:0:0:0:0:0:0:1 - - [21/Jan/2020:22:44:16 +0800] "GET /verifyUtil.do HTTP/1.1" 200 641
0:0:0:0:0:0:0:1 - - [21/Jan/2020:22:44:17 +0800] "GET / HTTP/1.1" 200 2161
0:0:0:0:0:0:0:1 - - [21/Jan/2020:22:44:17 +0800] "GET /verifyUtil.do HTTP/1.1" 200 573
0:0:0:0:0:0:0:1 - - [21/Jan/2020:22:44:17 +0800] "GET / HTTP/1.1" 200 2161
0:0:0:0:0:0:0:1 - - [21/Jan/2020:22:44:17 +0800] "GET /verifyUtil.do HTTP/1.1" 200 630
0:0:0:0:0:0:0:1 - - [21/Jan/2020:22:44:17 +0800] "GET / HTTP/1.1" 200 2161
0:0:0:0:0:0:0:1 - - [21/Jan/2020:22:44:17 +0800] "GET /verifyUtil.do HTTP/1.1" 200 676
0:0:0:0:0:0:0:1 - - [21/Jan/2020:22:44:18 +0800] "GET / HTTP/1.1" 200 2161
0:0:0:0:0:0:0:1 - - [21/Jan/2020:22:44:18 +0800] "GET /verifyUtil.do HTTP/1.1" 200 698
0:0:0:0:0:0:0:1 - - [21/Jan/2020:22:44:18 +0800] "GET / HTTP/1.1" 200 2161
0:0:0:0:0:0:0:1 - - [21/Jan/2020:22:44:18 +0800] "GET /verifyUtil.do HTTP/1.1" 200 611
0:0:0:0:0:0:0:1 - - [21/Jan/2020:22:44:18 +0800] "GET / HTTP/1.1" 200 2161
0:0:0:0:0:0:0:1 - - [21/Jan/2020:22:44:18 +0800] "GET /verifyUtil.do HTTP/1.1" 200 569
0:0:0:0:0:0:0:1 - - [21/Jan/2020:22:44:18 +0800] "GET / HTTP/1.1" 200 2161
0:0:0:0:0:0:0:1 - - [21/Jan/2020:22:44:18 +0800] "GET /verifyUtil.do HTTP/1.1" 200 637
0:0:0:0:0:0:0:1 - - [21/Jan/2020:22:44:19 +0800] "GET / HTTP/1.1" 200 2161
0:0:0:0:0:0:0:1 - - [21/Jan/2020:22:44:19 +0800] "GET /verifyUtil.do HTTP/1.1" 200 592
0:0:0:0:0:0:0:1 - - [21/Jan/2020:22:44:19 +0800] "GET / HTTP/1.1" 200 2161
0:0:0:0:0:0:0:1 - - [21/Jan/2020:22:44:19 +0800] "GET /verifyUtil.do HTTP/1.1" 200 665
0:0:0:0:0:0:0:1 - - [21/Jan/2020:22:44:19 +0800] "GET / HTTP/1.1" 200 2161
0:0:0:0:0:0:0:1 - - [21/Jan/2020:22:44:20 +0800] "GET /verifyUtil.do HTTP/1.1" 200 729
0:0:0:0:0:0:0:1 - - [21/Jan/2020:22:44:20 +0800] "GET / HTTP/1.1" 200 2161
0:0:0:0:0:0:0:1 - - [21/Jan/2020:22:44:20 +0800] "GET /verifyUtil.do HTTP/1.1" 200 602
0:0:0:0:0:0:0:1 - - [21/Jan/2020:22:44:20 +0800] "GET / HTTP/1.1" 200 2161
0:0:0:0:0:0:0:1 - - [21/Jan/2020:22:44:20 +0800] "GET /verifyUtil.do HTTP/1.1" 200 707
0:0:0:0:0:0:0:1 - - [21/Jan/2020:22:44:21 +0800] "GET / HTTP/1.1" 200 2161
0:0:0:0:0:0:0:1 - - [21/Jan/2020:22:44:21 +0800] "GET /verifyUtil.do HTTP/1.1" 200 612
0:0:0:0:0:0:0:1 - - [21/Jan/2020:22:44:21 +0800] "GET / HTTP/1.1" 200 2161
0:0:0:0:0:0:0:1 - - [21/Jan/2020:22:44:21 +0800] "GET /verifyUtil.do HTTP/1.1" 200 652
0:0:0:0:0:0:0:1 - - [21/Jan/2020:22:44:21 +0800] "GET / HTTP/1.1" 200 2161
0:0:0:0:0:0:0:1 - - [21/Jan/2020:22:44:21 +0800] "GET /verifyUtil.do HTTP/1.1" 200 637
0:0:0:0:0:0:0:1 - - [21/Jan/2020:22:44:21 +0800] "GET / HTTP/1.1" 200 2161
0:0:0:0:0:0:0:1 - - [21/Jan/2020:22:44:21 +0800] "GET /verifyUtil.do HTTP/1.1" 200 621
0:0:0:0:0:0:0:1 - - [21/Jan/2020:22:44:22 +0800] "GET / HTTP/1.1" 200 2161
0:0:0:0:0:0:0:1 - - [21/Jan/2020:22:44:22 +0800] "GET /verifyUtil.do HTTP/1.1" 200 585
0:0:0:0:0:0:0:1 - - [21/Jan/2020:22:44:22 +0800] "GET / HTTP/1.1" 200 2161
0:0:0:0:0:0:0:1 - - [21/Jan/2020:22:44:22 +0800] "GET /verifyUtil.do HTTP/1.1" 200 669
0:0:0:0:0:0:0:1 - - [21/Jan/2020:22:44:22 +0800] "GET / HTTP/1.1" 200 2161
0:0:0:0:0:0:0:1 - - [21/Jan/2020:22:44:22 +0800] "GET /verifyUtil.do HTTP/1.1" 200 602
0:0:0:0:0:0:0:1 - - [21/Jan/2020:22:44:23 +0800] "GET / HTTP/1.1" 200 2161
0:0:0:0:0:0:0:1 - - [21/Jan/2020:22:44:23 +0800] "GET /verifyUtil.do HTTP/1.1" 200 700
0:0:0:0:0:0:0:1 - - [21/Jan/2020:22:44:23 +0800] "GET / HTTP/1.1" 200 2161
0:0:0:0:0:0:0:1 - - [21/Jan/2020:22:44:23 +0800] "GET /verifyUtil.do HTTP/1.1" 200 544
0:0:0:0:0:0:0:1 - - [21/Jan/2020:22:44:23 +0800] "GET / HTTP/1.1" 200 2161
0:0:0:0:0:0:0:1 - - [21/Jan/2020:22:44:23 +0800] "GET /verifyUtil.do HTTP/1.1" 200 705
0:0:0:0:0:0:0:1 - - [21/Jan/2020:22:44:23 +0800] "GET / HTTP/1.1" 200 2161
0:0:0:0:0:0:0:1 - - [21/Jan/2020:22:44:23 +0800] "GET /verifyUtil.do HTTP/1.1" 200 621
0:0:0:0:0:0:0:1 - - [21/Jan/2020:22:44:23 +0800] "GET / HTTP/1.1" 200 2161
0:0:0:0:0:0:0:1 - - [21/Jan/2020:22:44:23 +0800] "GET /verifyUtil.do HTTP/1.1" 200 697
0:0:0:0:0:0:0:1 - - [21/Jan/2020:22:44:24 +0800] "GET / HTTP/1.1" 200 2161
0:0:0:0:0:0:0:1 - - [21/Jan/2020:22:44:24 +0800] "GET /verifyUtil.do HTTP/1.1" 200 573
0:0:0:0:0:0:0:1 - - [21/Jan/2020:22:44:24 +0800] "GET / HTTP/1.1" 200 2161
0:0:0:0:0:0:0:1 - - [21/Jan/2020:22:44:24 +0800] "GET /verifyUtil.do HTTP/1.1" 200 733
0:0:0:0:0:0:0:1 - - [21/Jan/2020:22:44:24 +0800] "GET / HTTP/1.1" 200 2161
0:0:0:0:0:0:0:1 - - [21/Jan/2020:22:44:24 +0800] "GET /verifyUtil.do HTTP/1.1" 200 670
0:0:0:0:0:0:0:1 - - [21/Jan/2020:22:44:25 +0800] "GET / HTTP/1.1" 200 2161
0:0:0:0:0:0:0:1 - - [21/Jan/2020:22:44:25 +0800] "GET /verifyUtil.do HTTP/1.1" 200 651
0:0:0:0:0:0:0:1 - - [21/Jan/2020:22:44:25 +0800] "GET / HTTP/1.1" 200 2161
0:0:0:0:0:0:0:1 - - [21/Jan/2020:22:44:25 +0800] "GET /verifyUtil.do HTTP/1.1" 200 566
0:0:0:0:0:0:0:1 - - [21/Jan/2020:22:44:25 +0800] "GET / HTTP/1.1" 200 2161
0:0:0:0:0:0:0:1 - - [21/Jan/2020:22:44:25 +0800] "GET /verifyUtil.do HTTP/1.1" 200 678
0:0:0:0:0:0:0:1 - - [21/Jan/2020:22:44:25 +0800] "GET / HTTP/1.1" 200 2161
0:0:0:0:0:0:0:1 - - [21/Jan/2020:22:44:25 +0800] "GET /verifyUtil.do HTTP/1.1" 200 585
0:0:0:0:0:0:0:1 - - [21/Jan/2020:22:44:25 +0800] "GET / HTTP/1.1" 200 2161
0:0:0:0:0:0:0:1 - - [21/Jan/2020:22:44:25 +0800] "GET /verifyUtil.do HTTP/1.1" 200 637
0:0:0:0:0:0:0:1 - - [21/Jan/2020:22:44:26 +0800] "GET / HTTP/1.1" 200 2161
0:0:0:0:0:0:0:1 - - [21/Jan/2020:22:44:26 +0800] "GET /verifyUtil.do HTTP/1.1" 200 585
0:0:0:0:0:0:0:1 - - [21/Jan/2020:22:44:26 +0800] "GET / HTTP/1.1" 200 2161
0:0:0:0:0:0:0:1 - - [21/Jan/2020:22:44:26 +0800] "GET /verifyUtil.do HTTP/1.1" 200 747
0:0:0:0:0:0:0:1 - - [21/Jan/2020:22:46:29 +0800] "GET / HTTP/1.1" 200 2164
0:0:0:0:0:0:0:1 - - [21/Jan/2020:22:46:30 +0800] "GET /verifyUtil.do HTTP/1.1" 200 535
0:0:0:0:0:0:0:1 - - [21/Jan/2020:22:46:30 +0800] "GET / HTTP/1.1" 200 2164
0:0:0:0:0:0:0:1 - - [21/Jan/2020:22:46:30 +0800] "GET /verifyUtil.do HTTP/1.1" 200 702
0:0:0:0:0:0:0:1 - - [21/Jan/2020:22:46:30 +0800] "GET / HTTP/1.1" 200 2164
0:0:0:0:0:0:0:1 - - [21/Jan/2020:22:46:30 +0800] "GET /verifyUtil.do HTTP/1.1" 200 594
0:0:0:0:0:0:0:1 - - [21/Jan/2020:22:46:31 +0800] "GET / HTTP/1.1" 200 2164
0:0:0:0:0:0:0:1 - - [21/Jan/2020:22:46:31 +0800] "GET /verifyUtil.do HTTP/1.1" 200 600
0:0:0:0:0:0:0:1 - - [21/Jan/2020:22:46:31 +0800] "GET / HTTP/1.1" 200 2164
0:0:0:0:0:0:0:1 - - [21/Jan/2020:22:46:31 +0800] "GET /verifyUtil.do HTTP/1.1" 200 674
0:0:0:0:0:0:0:1 - - [21/Jan/2020:22:46:31 +0800] "GET / HTTP/1.1" 200 2164
0:0:0:0:0:0:0:1 - - [21/Jan/2020:22:46:31 +0800] "GET /verifyUtil.do HTTP/1.1" 200 661
0:0:0:0:0:0:0:1 - - [21/Jan/2020:22:46:31 +0800] "GET / HTTP/1.1" 200 2164
0:0:0:0:0:0:0:1 - - [21/Jan/2020:22:46:31 +0800] "GET /verifyUtil.do HTTP/1.1" 200 639
0:0:0:0:0:0:0:1 - - [21/Jan/2020:22:47:07 +0800] "GET / HTTP/1.1" 200 2165
0:0:0:0:0:0:0:1 - - [21/Jan/2020:22:47:08 +0800] "GET /verifyUtil.do HTTP/1.1" 200 670
0:0:0:0:0:0:0:1 - - [21/Jan/2020:22:47:13 +0800] "GET /verifyUtil.do?50 HTTP/1.1" 200 662
0:0:0:0:0:0:0:1 - - [21/Jan/2020:22:47:42 +0800] "GET / HTTP/1.1" 200 2165
0:0:0:0:0:0:0:1 - - [21/Jan/2020:22:47:42 +0800] "GET /verifyUtil.do HTTP/1.1" 200 602
0:0:0:0:0:0:0:1 - - [21/Jan/2020:22:48:04 +0800] "GET / HTTP/1.1" 200 2165
0:0:0:0:0:0:0:1 - - [21/Jan/2020:22:48:04 +0800] "GET /verifyUtil.do HTTP/1.1" 200 707
127.0.0.1 - - [21/Jan/2020:22:49:04 +0800] "GET / HTTP/1.1" 200 2181
127.0.0.1 - - [21/Jan/2020:22:49:04 +0800] "GET /verifyUtil.do HTTP/1.1" 200 760
127.0.0.1 - - [21/Jan/2020:22:49:06 +0800] "GET /verifyUtil.do?26 HTTP/1.1" 200 685
127.0.0.1 - - [21/Jan/2020:22:49:07 +0800] "GET /verifyUtil.do?5 HTTP/1.1" 200 663
127.0.0.1 - - [21/Jan/2020:22:49:07 +0800] "GET /verifyUtil.do?55 HTTP/1.1" 200 666
127.0.0.1 - - [21/Jan/2020:22:49:12 +0800] "GET /verifyUtil.do?44 HTTP/1.1" 200 539
127.0.0.1 - - [21/Jan/2020:22:50:02 +0800] "GET / HTTP/1.1" 200 2217
127.0.0.1 - - [21/Jan/2020:22:50:02 +0800] "GET /verifyUtil.do HTTP/1.1" 200 708
127.0.0.1 - - [21/Jan/2020:22:50:02 +0800] "GET /favicon.ico HTTP/1.1" 200 946
127.0.0.1 - - [21/Jan/2020:22:50:09 +0800] "GET /verifyUtil.do?86 HTTP/1.1" 200 681
0:0:0:0:0:0:0:1 - - [21/Jan/2020:22:50:42 +0800] "GET / HTTP/1.1" 200 2217
0:0:0:0:0:0:0:1 - - [21/Jan/2020:22:50:42 +0800] "GET /verifyUtil.do HTTP/1.1" 200 692
0:0:0:0:0:0:0:1 - - [21/Jan/2020:22:50:42 +0800] "GET /favicon.ico HTTP/1.1" 200 946
0:0:0:0:0:0:0:1 - - [21/Jan/2020:22:50:43 +0800] "POST /login.do HTTP/1.1" 200 2238
0:0:0:0:0:0:0:1 - - [21/Jan/2020:22:50:43 +0800] "GET /verifyUtil.do HTTP/1.1" 200 667
0:0:0:0:0:0:0:1 - - [21/Jan/2020:22:51:06 +0800] "POST /login.do HTTP/1.1" 200 2238
0:0:0:0:0:0:0:1 - - [21/Jan/2020:22:51:06 +0800] "GET /verifyUtil.do HTTP/1.1" 200 623
0:0:0:0:0:0:0:1 - - [21/Jan/2020:22:51:06 +0800] "GET /favicon.ico HTTP/1.1" 200 946
0:0:0:0:0:0:0:1 - - [21/Jan/2020:22:51:23 +0800] "POST /login.do HTTP/1.1" 200 2242
0:0:0:0:0:0:0:1 - - [21/Jan/2020:22:51:23 +0800] "GET /verifyUtil.do HTTP/1.1" 200 714
0:0:0:0:0:0:0:1 - - [21/Jan/2020:22:51:23 +0800] "GET /favicon.ico HTTP/1.1" 200 946
0:0:0:0:0:0:0:1 - - [21/Jan/2020:22:51:27 +0800] "POST /login.do HTTP/1.1" 200 2242
0:0:0:0:0:0:0:1 - - [21/Jan/2020:22:51:27 +0800] "GET /verifyUtil.do HTTP/1.1" 200 733
0:0:0:0:0:0:0:1 - - [21/Jan/2020:22:51:27 +0800] "POST /login.do HTTP/1.1" 200 2242
0:0:0:0:0:0:0:1 - - [21/Jan/2020:22:51:27 +0800] "GET /verifyUtil.do HTTP/1.1" 200 690
0:0:0:0:0:0:0:1 - - [21/Jan/2020:22:51:32 +0800] "GET / HTTP/1.1" 200 2221
0:0:0:0:0:0:0:1 - - [21/Jan/2020:22:51:32 +0800] "GET /verifyUtil.do HTTP/1.1" 200 606
0:0:0:0:0:0:0:1 - - [21/Jan/2020:22:51:38 +0800] "POST /login.do HTTP/1.1" 200 2242
0:0:0:0:0:0:0:1 - - [21/Jan/2020:22:51:39 +0800] "GET /verifyUtil.do HTTP/1.1" 200 613
0:0:0:0:0:0:0:1 - - [21/Jan/2020:22:52:31 +0800] "POST /login.do HTTP/1.1" 200 2243
0:0:0:0:0:0:0:1 - - [21/Jan/2020:22:52:32 +0800] "GET /verifyUtil.do HTTP/1.1" 200 692
0:0:0:0:0:0:0:1 - - [21/Jan/2020:22:52:32 +0800] "GET /favicon.ico HTTP/1.1" 200 946
0:0:0:0:0:0:0:1 - - [21/Jan/2020:22:53:27 +0800] "POST /login.do HTTP/1.1" 200 2267
0:0:0:0:0:0:0:1 - - [21/Jan/2020:22:53:27 +0800] "GET /verifyUtil.do HTTP/1.1" 200 677
0:0:0:0:0:0:0:1 - - [21/Jan/2020:22:53:27 +0800] "GET /favicon.ico HTTP/1.1" 200 946
0:0:0:0:0:0:0:1 - - [21/Jan/2020:22:53:28 +0800] "POST /login.do HTTP/1.1" 200 2267
0:0:0:0:0:0:0:1 - - [21/Jan/2020:22:53:28 +0800] "GET /verifyUtil.do HTTP/1.1" 200 722
0:0:0:0:0:0:0:1 - - [21/Jan/2020:22:53:28 +0800] "GET /favicon.ico HTTP/1.1" 200 946
0:0:0:0:0:0:0:1 - - [21/Jan/2020:22:54:42 +0800] "POST /login.do HTTP/1.1" 200 2300
0:0:0:0:0:0:0:1 - - [21/Jan/2020:22:54:42 +0800] "GET /verifyUtil.do HTTP/1.1" 200 560
0:0:0:0:0:0:0:1 - - [21/Jan/2020:22:54:42 +0800] "GET /favicon.ico HTTP/1.1" 200 946
0:0:0:0:0:0:0:1 - - [21/Jan/2020:22:54:48 +0800] "POST /login.do HTTP/1.1" 200 2300
0:0:0:0:0:0:0:1 - - [21/Jan/2020:22:54:48 +0800] "GET /verifyUtil.do HTTP/1.1" 200 655
0:0:0:0:0:0:0:1 - - [21/Jan/2020:22:54:49 +0800] "GET /favicon.ico HTTP/1.1" 200 946
0:0:0:0:0:0:0:1 - - [21/Jan/2020:22:54:50 +0800] "POST /login.do HTTP/1.1" 200 2300
0:0:0:0:0:0:0:1 - - [21/Jan/2020:22:54:50 +0800] "GET /verifyUtil.do HTTP/1.1" 200 652
0:0:0:0:0:0:0:1 - - [21/Jan/2020:22:54:50 +0800] "GET /favicon.ico HTTP/1.1" 200 946
0:0:0:0:0:0:0:1 - - [21/Jan/2020:22:55:31 +0800] "POST /login.do HTTP/1.1" 200 2300
0:0:0:0:0:0:0:1 - - [21/Jan/2020:22:55:31 +0800] "GET /verifyUtil.do HTTP/1.1" 200 573
