0:0:0:0:0:0:0:1 - - [29/Jun/2019:10:51:46 +0800] "GET / HTTP/1.1" 200 1339
0:0:0:0:0:0:0:1 - - [29/Jun/2019:10:51:48 +0800] "GET /verifyUtil.do HTTP/1.1" 200 679
0:0:0:0:0:0:0:1 - - [29/Jun/2019:10:52:00 +0800] "GET /verifyUtil.do?16 HTTP/1.1" 200 566
0:0:0:0:0:0:0:1 - - [29/Jun/2019:10:52:06 +0800] "POST /login.do HTTP/1.1" 302 -
0:0:0:0:0:0:0:1 - - [29/Jun/2019:10:52:07 +0800] "GET /teacher/login.do?username=201610414415&password=123456 HTTP/1.1" 200 1803
0:0:0:0:0:0:0:1 - - [29/Jun/2019:12:23:17 +0800] "POST /login.do HTTP/1.1" 200 1370
0:0:0:0:0:0:0:1 - - [29/Jun/2019:12:23:17 +0800] "GET /verifyUtil.do HTTP/1.1" 200 636
0:0:0:0:0:0:0:1 - - [29/Jun/2019:12:23:33 +0800] "POST /login.do HTTP/1.1" 302 -
0:0:0:0:0:0:0:1 - - [29/Jun/2019:12:23:33 +0800] "GET /teacher/login.do?username=201610414415&password=123456 HTTP/1.1" 200 1803
0:0:0:0:0:0:0:1 - - [29/Jun/2019:12:40:52 +0800] "GET /verifyUtil.do?7 HTTP/1.1" 200 590
0:0:0:0:0:0:0:1 - - [29/Jun/2019:12:41:00 +0800] "POST /login.do HTTP/1.1" 302 -
0:0:0:0:0:0:0:1 - - [29/Jun/2019:12:41:00 +0800] "GET /student/login.do?username=201320314210&password=123456 HTTP/1.1" 200 1786
0:0:0:0:0:0:0:1 - - [29/Jun/2019:12:44:44 +0800] "GET /student/course/look.do HTTP/1.1" 200 6182
0:0:0:0:0:0:0:1 - - [29/Jun/2019:12:45:00 +0800] "GET /verifyUtil.do?54 HTTP/1.1" 200 625
0:0:0:0:0:0:0:1 - - [29/Jun/2019:12:45:05 +0800] "POST /login.do HTTP/1.1" 302 -
0:0:0:0:0:0:0:1 - - [29/Jun/2019:12:45:05 +0800] "GET /student/login.do?username=201210312216&password=123456 HTTP/1.1" 200 1792
0:0:0:0:0:0:0:1 - - [29/Jun/2019:12:45:06 +0800] "GET /student/course/look.do HTTP/1.1" 200 7617
0:0:0:0:0:0:0:1 - - [29/Jun/2019:12:54:59 +0800] "GET /student/course/elective/school/set.do HTTP/1.1" 200 2546
0:0:0:0:0:0:0:1 - - [29/Jun/2019:13:18:32 +0800] "POST /login.do HTTP/1.1" 200 1370
0:0:0:0:0:0:0:1 - - [29/Jun/2019:13:18:32 +0800] "GET /verifyUtil.do HTTP/1.1" 200 690
0:0:0:0:0:0:0:1 - - [29/Jun/2019:13:18:32 +0800] "GET /favicon.ico HTTP/1.1" 200 946
0:0:0:0:0:0:0:1 - - [29/Jun/2019:13:18:44 +0800] "POST /login.do HTTP/1.1" 302 -
0:0:0:0:0:0:0:1 - - [29/Jun/2019:13:18:44 +0800] "GET /teacher/login.do?username=201610414415&password=123456 HTTP/1.1" 200 1803
0:0:0:0:0:0:0:1 - - [29/Jun/2019:13:18:46 +0800] "GET /teacher/course/professional/set.do HTTP/1.1" 200 2527
0:0:0:0:0:0:0:1 - - [29/Jun/2019:13:18:48 +0800] "GET /teacher/course/public/set.do HTTP/1.1" 200 3667
0:0:0:0:0:0:0:1 - - [29/Jun/2019:13:18:53 +0800] "GET /teacher/course/elective/school/set.do HTTP/1.1" 200 2486
0:0:0:0:0:0:0:1 - - [29/Jun/2019:13:18:55 +0800] "GET /teacher/course/professional/set.do HTTP/1.1" 200 2527
0:0:0:0:0:0:0:1 - - [29/Jun/2019:13:23:10 +0800] "POST /login.do HTTP/1.1" 200 1370
0:0:0:0:0:0:0:1 - - [29/Jun/2019:13:23:10 +0800] "GET /verifyUtil.do HTTP/1.1" 200 565
0:0:0:0:0:0:0:1 - - [29/Jun/2019:13:23:10 +0800] "GET /favicon.ico HTTP/1.1" 200 946
0:0:0:0:0:0:0:1 - - [29/Jun/2019:13:23:25 +0800] "POST /login.do HTTP/1.1" 302 -
0:0:0:0:0:0:0:1 - - [29/Jun/2019:13:23:25 +0800] "GET /department/login.do?username=000000000001&password=123456 HTTP/1.1" 200 1512
0:0:0:0:0:0:0:1 - - [29/Jun/2019:13:23:27 +0800] "GET /department/course/professional/set.do HTTP/1.1" 200 9325
0:0:0:0:0:0:0:1 - - [29/Jun/2019:13:23:32 +0800] "GET /department/course/elective/school/set.do HTTP/1.1" 200 474
0:0:0:0:0:0:0:1 - - [29/Jun/2019:13:23:34 +0800] "GET /department/course/public/set.do HTTP/1.1" 200 9325
0:0:0:0:0:0:0:1 - - [29/Jun/2019:13:23:36 +0800] "GET /department/course/professional/set.do HTTP/1.1" 200 9325
0:0:0:0:0:0:0:1 - - [29/Jun/2019:13:32:07 +0800] "GET /verifyUtil.do?23 HTTP/1.1" 200 646
0:0:0:0:0:0:0:1 - - [29/Jun/2019:13:32:14 +0800] "POST /login.do HTTP/1.1" 302 -
0:0:0:0:0:0:0:1 - - [29/Jun/2019:13:32:14 +0800] "GET /student/login.do?username=201210312216&password=123456 HTTP/1.1" 200 1792
0:0:0:0:0:0:0:1 - - [29/Jun/2019:13:32:16 +0800] "GET /student/course/elective/school/set.do HTTP/1.1" 200 2546
0:0:0:0:0:0:0:1 - - [29/Jun/2019:13:32:18 +0800] "POST /student/course/elective/school/select.do HTTP/1.1" 200 2625
0:0:0:0:0:0:0:1 - - [29/Jun/2019:14:40:25 +0800] "GET /verifyUtil.do?81 HTTP/1.1" 200 560
0:0:0:0:0:0:0:1 - - [29/Jun/2019:14:40:32 +0800] "POST /login.do HTTP/1.1" 302 -
0:0:0:0:0:0:0:1 - - [29/Jun/2019:14:40:32 +0800] "GET /student/login.do?username=201210312216&password=123456 HTTP/1.1" 200 1792
0:0:0:0:0:0:0:1 - - [29/Jun/2019:14:52:28 +0800] "GET /verifyUtil.do?78 HTTP/1.1" 200 676
0:0:0:0:0:0:0:1 - - [29/Jun/2019:14:52:31 +0800] "POST /login.do HTTP/1.1" 200 1367
0:0:0:0:0:0:0:1 - - [29/Jun/2019:14:52:31 +0800] "GET /verifyUtil.do HTTP/1.1" 200 478
0:0:0:0:0:0:0:1 - - [29/Jun/2019:14:52:42 +0800] "POST /login.do HTTP/1.1" 302 -
0:0:0:0:0:0:0:1 - - [29/Jun/2019:14:52:42 +0800] "GET /teacher/login.do?username=201610414415&password=123456 HTTP/1.1" 200 1803
0:0:0:0:0:0:0:1 - - [29/Jun/2019:14:59:36 +0800] "GET /teacher/course/professional/set.do HTTP/1.1" 200 2527
0:0:0:0:0:0:0:1 - - [29/Jun/2019:15:00:31 +0800] "GET /verifyUtil.do?65 HTTP/1.1" 200 653
0:0:0:0:0:0:0:1 - - [29/Jun/2019:15:00:37 +0800] "POST /login.do HTTP/1.1" 302 -
0:0:0:0:0:0:0:1 - - [29/Jun/2019:15:00:37 +0800] "GET /department/login.do?username=000000000001&password=123456 HTTP/1.1" 200 1512
0:0:0:0:0:0:0:1 - - [29/Jun/2019:15:01:52 +0800] "GET /department/course/professional/set.do HTTP/1.1" 200 9325
0:0:0:0:0:0:0:1 - - [29/Jun/2019:15:02:45 +0800] "POST /department/course/professional/class.do HTTP/1.1" 200 682
0:0:0:0:0:0:0:1 - - [29/Jun/2019:15:03:08 +0800] "POST /department/course/professional/year.do HTTP/1.1" 200 743
0:0:0:0:0:0:0:1 - - [29/Jun/2019:15:03:19 +0800] "POST /department/course/professional/semester.do HTTP/1.1" 200 493
0:0:0:0:0:0:0:1 - - [29/Jun/2019:15:03:39 +0800] "POST /department/course/professional/name.do HTTP/1.1" 200 957
0:0:0:0:0:0:0:1 - - [29/Jun/2019:15:03:53 +0800] "POST /department/course/professional/rank.do HTTP/1.1" 200 8088
0:0:0:0:0:0:0:1 - - [29/Jun/2019:15:04:04 +0800] "POST /department/course/professional/week.do HTTP/1.1" 200 1301
0:0:0:0:0:0:0:1 - - [29/Jun/2019:15:04:20 +0800] "POST /department/course/professional/day.do HTTP/1.1" 200 5107
0:0:0:0:0:0:0:1 - - [29/Jun/2019:15:04:36 +0800] "POST /department/course/professional/order.do HTTP/1.1" 200 16695
0:0:0:0:0:0:0:1 - - [29/Jun/2019:15:04:48 +0800] "POST /department/course/professional/classroom.do HTTP/1.1" 200 2326
0:0:0:0:0:0:0:1 - - [29/Jun/2019:15:04:59 +0800] "POST /department/course/professional/ensure.do HTTP/1.1" 200 340
