0:0:0:0:0:0:0:1 - - [15/Feb/2020:14:58:24 +0800] "GET / HTTP/1.1" 200 2267
0:0:0:0:0:0:0:1 - - [15/Feb/2020:14:58:25 +0800] "GET /verifyUtil.do HTTP/1.1" 200 642
0:0:0:0:0:0:0:1 - - [15/Feb/2020:14:58:47 +0800] "POST /login.do HTTP/1.1" 302 -
0:0:0:0:0:0:0:1 - - [15/Feb/2020:14:58:47 +0800] "GET /teacher/login.do?username=201610414415&password=123456 HTTP/1.1" 200 2557
0:0:0:0:0:0:0:1 - - [15/Feb/2020:14:58:49 +0800] "GET /teacher/score/enter/get.do HTTP/1.1" 200 3380
0:0:0:0:0:0:0:1 - - [15/Feb/2020:14:58:51 +0800] "POST /teacher/score/enter/select.do HTTP/1.1" 200 1136
0:0:0:0:0:0:0:1 - - [15/Feb/2020:14:58:55 +0800] "POST /teacher/score/enter/ratio.do HTTP/1.1" 200 663
0:0:0:0:0:0:0:1 - - [15/Feb/2020:14:58:59 +0800] "POST /teacher/score/enter/select.do HTTP/1.1" 200 1136
0:0:0:0:0:0:0:1 - - [15/Feb/2020:14:59:02 +0800] "POST /teacher/score/enter/ratio.do HTTP/1.1" 200 23416
0:0:0:0:0:0:0:1 - - [15/Feb/2020:15:41:18 +0800] "POST /teacher/score/enter/ratio.do HTTP/1.1" 200 23416
0:0:0:0:0:0:0:1 - - [15/Feb/2020:15:41:18 +0800] "GET /favicon.ico HTTP/1.1" 200 946
0:0:0:0:0:0:0:1 - - [15/Feb/2020:15:41:21 +0800] "POST /teacher/score/enter/ratio.do HTTP/1.1" 200 23416
0:0:0:0:0:0:0:1 - - [15/Feb/2020:15:41:21 +0800] "GET /favicon.ico HTTP/1.1" 200 946
0:0:0:0:0:0:0:1 - - [15/Feb/2020:15:46:31 +0800] "POST /teacher/score/enter/ratio.do HTTP/1.1" 500 6980
0:0:0:0:0:0:0:1 - - [15/Feb/2020:15:46:31 +0800] "GET /favicon.ico HTTP/1.1" 200 946
0:0:0:0:0:0:0:1 - - [15/Feb/2020:15:46:32 +0800] "POST /teacher/score/enter/ratio.do HTTP/1.1" 500 6980
0:0:0:0:0:0:0:1 - - [15/Feb/2020:15:46:33 +0800] "GET /favicon.ico HTTP/1.1" 200 946
0:0:0:0:0:0:0:1 - - [15/Feb/2020:15:46:36 +0800] "GET /teacher/login.do?username=201610414415&password=123456 HTTP/1.1" 200 2557
0:0:0:0:0:0:0:1 - - [15/Feb/2020:15:46:36 +0800] "GET /favicon.ico HTTP/1.1" 200 946
0:0:0:0:0:0:0:1 - - [15/Feb/2020:15:46:36 +0800] "GET /teacher/score/enter/get.do HTTP/1.1" 200 3380
0:0:0:0:0:0:0:1 - - [15/Feb/2020:15:46:38 +0800] "POST /teacher/score/enter/select.do HTTP/1.1" 200 1136
0:0:0:0:0:0:0:1 - - [15/Feb/2020:15:46:41 +0800] "POST /teacher/score/enter/ratio.do HTTP/1.1" 200 683
0:0:0:0:0:0:0:1 - - [15/Feb/2020:15:46:44 +0800] "POST /teacher/score/enter/select.do HTTP/1.1" 200 1136
0:0:0:0:0:0:0:1 - - [15/Feb/2020:15:46:47 +0800] "POST /teacher/score/enter/ratio.do HTTP/1.1" 200 24596
0:0:0:0:0:0:0:1 - - [15/Feb/2020:15:47:35 +0800] "POST /teacher/score/enter/ratio.do HTTP/1.1" 500 6980
0:0:0:0:0:0:0:1 - - [15/Feb/2020:15:47:35 +0800] "GET /favicon.ico HTTP/1.1" 200 946
0:0:0:0:0:0:0:1 - - [15/Feb/2020:15:47:38 +0800] "GET /teacher/score/enter/get.do HTTP/1.1" 500 7099
0:0:0:0:0:0:0:1 - - [15/Feb/2020:15:47:41 +0800] "GET /teacher/login.do?username=201610414415&password=123456 HTTP/1.1" 200 2557
0:0:0:0:0:0:0:1 - - [15/Feb/2020:15:47:41 +0800] "GET /favicon.ico HTTP/1.1" 200 946
0:0:0:0:0:0:0:1 - - [15/Feb/2020:15:47:41 +0800] "GET /teacher/score/enter/get.do HTTP/1.1" 200 3380
0:0:0:0:0:0:0:1 - - [15/Feb/2020:15:47:43 +0800] "POST /teacher/score/enter/select.do HTTP/1.1" 200 1136
0:0:0:0:0:0:0:1 - - [15/Feb/2020:15:47:46 +0800] "POST /teacher/score/enter/ratio.do HTTP/1.1" 200 24655
0:0:0:0:0:0:0:1 - - [15/Feb/2020:15:50:34 +0800] "GET /teacher/login.do?username=201610414415&password=123456 HTTP/1.1" 200 2557
0:0:0:0:0:0:0:1 - - [15/Feb/2020:15:50:34 +0800] "GET /favicon.ico HTTP/1.1" 200 946
0:0:0:0:0:0:0:1 - - [15/Feb/2020:15:50:34 +0800] "GET /teacher/score/enter/get.do HTTP/1.1" 200 3380
0:0:0:0:0:0:0:1 - - [15/Feb/2020:15:50:36 +0800] "POST /teacher/score/enter/select.do HTTP/1.1" 200 1136
0:0:0:0:0:0:0:1 - - [15/Feb/2020:15:50:38 +0800] "POST /teacher/score/enter/ratio.do HTTP/1.1" 200 23475
0:0:0:0:0:0:0:1 - - [15/Feb/2020:15:52:00 +0800] "GET /teacher/login.do?username=201610414415&password=123456 HTTP/1.1" 200 2557
0:0:0:0:0:0:0:1 - - [15/Feb/2020:15:52:00 +0800] "GET /favicon.ico HTTP/1.1" 200 946
0:0:0:0:0:0:0:1 - - [15/Feb/2020:15:52:01 +0800] "GET /teacher/score/enter/get.do HTTP/1.1" 200 3380
0:0:0:0:0:0:0:1 - - [15/Feb/2020:15:52:03 +0800] "POST /teacher/score/enter/select.do HTTP/1.1" 200 1136
0:0:0:0:0:0:0:1 - - [15/Feb/2020:15:52:07 +0800] "POST /teacher/score/enter/ratio.do HTTP/1.1" 200 23484
0:0:0:0:0:0:0:1 - - [15/Feb/2020:15:52:31 +0800] "GET /teacher/login.do?username=201610414415&password=123456 HTTP/1.1" 200 2557
0:0:0:0:0:0:0:1 - - [15/Feb/2020:15:52:31 +0800] "GET /favicon.ico HTTP/1.1" 200 946
0:0:0:0:0:0:0:1 - - [15/Feb/2020:15:52:32 +0800] "GET /teacher/score/enter/get.do HTTP/1.1" 200 3380
0:0:0:0:0:0:0:1 - - [15/Feb/2020:15:52:33 +0800] "POST /teacher/score/enter/select.do HTTP/1.1" 200 1136
0:0:0:0:0:0:0:1 - - [15/Feb/2020:15:52:37 +0800] "POST /teacher/score/enter/ratio.do HTTP/1.1" 200 664
0:0:0:0:0:0:0:1 - - [15/Feb/2020:15:52:40 +0800] "POST /teacher/score/enter/select.do HTTP/1.1" 200 1136
0:0:0:0:0:0:0:1 - - [15/Feb/2020:15:52:43 +0800] "POST /teacher/score/enter/ratio.do HTTP/1.1" 200 23450
0:0:0:0:0:0:0:1 - - [15/Feb/2020:15:53:12 +0800] "GET /teacher/score/enter/get.do HTTP/1.1" 500 7099
0:0:0:0:0:0:0:1 - - [15/Feb/2020:15:53:14 +0800] "GET /teacher/login.do?username=201610414415&password=123456 HTTP/1.1" 200 2557
0:0:0:0:0:0:0:1 - - [15/Feb/2020:15:53:14 +0800] "GET /favicon.ico HTTP/1.1" 200 946
0:0:0:0:0:0:0:1 - - [15/Feb/2020:15:53:14 +0800] "GET /teacher/score/enter/get.do HTTP/1.1" 200 3380
0:0:0:0:0:0:0:1 - - [15/Feb/2020:15:53:16 +0800] "POST /teacher/score/enter/select.do HTTP/1.1" 200 1136
0:0:0:0:0:0:0:1 - - [15/Feb/2020:15:53:19 +0800] "POST /teacher/score/enter/ratio.do HTTP/1.1" 200 23518
0:0:0:0:0:0:0:1 - - [15/Feb/2020:16:47:04 +0800] "GET /teacher/login.do?username=201610414415&password=123456 HTTP/1.1" 200 2557
0:0:0:0:0:0:0:1 - - [15/Feb/2020:16:47:04 +0800] "GET /favicon.ico HTTP/1.1" 200 946
0:0:0:0:0:0:0:1 - - [15/Feb/2020:16:47:04 +0800] "GET /teacher/score/enter/get.do HTTP/1.1" 200 3380
0:0:0:0:0:0:0:1 - - [15/Feb/2020:16:47:06 +0800] "POST /teacher/score/enter/select.do HTTP/1.1" 200 1136
0:0:0:0:0:0:0:1 - - [15/Feb/2020:16:47:09 +0800] "POST /teacher/score/enter/ratio.do HTTP/1.1" 200 23924
0:0:0:0:0:0:0:1 - - [15/Feb/2020:16:47:37 +0800] "POST /teacher/score/enter/ratio.do HTTP/1.1" 200 23924
0:0:0:0:0:0:0:1 - - [15/Feb/2020:16:47:40 +0800] "POST /teacher/score/enter/ratio.do HTTP/1.1" 200 23924
0:0:0:0:0:0:0:1 - - [15/Feb/2020:16:47:57 +0800] "POST /teacher/score/enter/select.do HTTP/1.1" 200 1136
0:0:0:0:0:0:0:1 - - [15/Feb/2020:16:48:01 +0800] "POST /teacher/score/enter/ratio.do HTTP/1.1" 200 1072
0:0:0:0:0:0:0:1 - - [15/Feb/2020:16:48:41 +0800] "GET /teacher/login.do?username=201610414415&password=123456 HTTP/1.1" 200 2557
0:0:0:0:0:0:0:1 - - [15/Feb/2020:16:48:41 +0800] "GET /favicon.ico HTTP/1.1" 200 946
0:0:0:0:0:0:0:1 - - [15/Feb/2020:16:48:41 +0800] "GET /teacher/score/enter/get.do HTTP/1.1" 200 3380
0:0:0:0:0:0:0:1 - - [15/Feb/2020:16:48:43 +0800] "POST /teacher/score/enter/select.do HTTP/1.1" 200 1136
0:0:0:0:0:0:0:1 - - [15/Feb/2020:16:48:46 +0800] "POST /teacher/score/enter/ratio.do HTTP/1.1" 200 23934
0:0:0:0:0:0:0:1 - - [15/Feb/2020:16:49:35 +0800] "GET /teacher/login.do?username=201610414415&password=123456 HTTP/1.1" 200 2557
0:0:0:0:0:0:0:1 - - [15/Feb/2020:16:49:35 +0800] "GET /favicon.ico HTTP/1.1" 200 946
0:0:0:0:0:0:0:1 - - [15/Feb/2020:16:49:36 +0800] "GET /teacher/score/enter/get.do HTTP/1.1" 200 3380
0:0:0:0:0:0:0:1 - - [15/Feb/2020:16:49:38 +0800] "POST /teacher/score/enter/select.do HTTP/1.1" 200 1136
0:0:0:0:0:0:0:1 - - [15/Feb/2020:16:49:41 +0800] "POST /teacher/score/enter/select.do HTTP/1.1" 200 1136
0:0:0:0:0:0:0:1 - - [15/Feb/2020:16:49:44 +0800] "POST /teacher/score/enter/ratio.do HTTP/1.1" 200 24031
0:0:0:0:0:0:0:1 - - [15/Feb/2020:16:50:54 +0800] "GET /teacher/login.do?username=201610414415&password=123456 HTTP/1.1" 200 2557
0:0:0:0:0:0:0:1 - - [15/Feb/2020:16:50:54 +0800] "GET /favicon.ico HTTP/1.1" 200 946
0:0:0:0:0:0:0:1 - - [15/Feb/2020:16:50:55 +0800] "GET /teacher/score/enter/get.do HTTP/1.1" 200 3380
0:0:0:0:0:0:0:1 - - [15/Feb/2020:16:50:57 +0800] "POST /teacher/score/enter/select.do HTTP/1.1" 200 1136
0:0:0:0:0:0:0:1 - - [15/Feb/2020:16:51:00 +0800] "POST /teacher/score/enter/ratio.do HTTP/1.1" 200 26256
0:0:0:0:0:0:0:1 - - [15/Feb/2020:16:51:40 +0800] "GET /teacher/login.do?username=201610414415&password=123456 HTTP/1.1" 200 2557
0:0:0:0:0:0:0:1 - - [15/Feb/2020:16:51:40 +0800] "GET /favicon.ico HTTP/1.1" 200 946
0:0:0:0:0:0:0:1 - - [15/Feb/2020:16:51:40 +0800] "GET /teacher/score/enter/get.do HTTP/1.1" 200 3380
0:0:0:0:0:0:0:1 - - [15/Feb/2020:16:51:42 +0800] "POST /teacher/score/enter/select.do HTTP/1.1" 200 1136
0:0:0:0:0:0:0:1 - - [15/Feb/2020:16:51:57 +0800] "POST /teacher/score/enter/ratio.do HTTP/1.1" 200 26135
0:0:0:0:0:0:0:1 - - [15/Feb/2020:16:53:56 +0800] "GET /teacher/login.do?username=201610414415&password=123456 HTTP/1.1" 200 2557
0:0:0:0:0:0:0:1 - - [15/Feb/2020:16:53:56 +0800] "GET /favicon.ico HTTP/1.1" 200 946
0:0:0:0:0:0:0:1 - - [15/Feb/2020:16:53:56 +0800] "GET /teacher/score/enter/get.do HTTP/1.1" 200 3380
0:0:0:0:0:0:0:1 - - [15/Feb/2020:16:53:59 +0800] "POST /teacher/score/enter/select.do HTTP/1.1" 200 1136
0:0:0:0:0:0:0:1 - - [15/Feb/2020:16:54:04 +0800] "POST /teacher/score/enter/ratio.do HTTP/1.1" 200 26147
0:0:0:0:0:0:0:1 - - [15/Feb/2020:16:55:35 +0800] "GET /teacher/login.do?username=201610414415&password=123456 HTTP/1.1" 200 2557
0:0:0:0:0:0:0:1 - - [15/Feb/2020:16:55:35 +0800] "GET /favicon.ico HTTP/1.1" 200 946
0:0:0:0:0:0:0:1 - - [15/Feb/2020:16:55:36 +0800] "GET /teacher/score/enter/get.do HTTP/1.1" 200 3380
0:0:0:0:0:0:0:1 - - [15/Feb/2020:16:55:38 +0800] "POST /teacher/score/enter/select.do HTTP/1.1" 200 1136
0:0:0:0:0:0:0:1 - - [15/Feb/2020:16:55:46 +0800] "POST /teacher/score/enter/ratio.do HTTP/1.1" 200 26153
0:0:0:0:0:0:0:1 - - [15/Feb/2020:16:57:11 +0800] "GET /teacher/score/enter/get.do HTTP/1.1" 500 7099
0:0:0:0:0:0:0:1 - - [15/Feb/2020:16:57:14 +0800] "GET /teacher/login.do?username=201610414415&password=123456 HTTP/1.1" 200 2557
0:0:0:0:0:0:0:1 - - [15/Feb/2020:16:57:14 +0800] "GET /favicon.ico HTTP/1.1" 200 946
0:0:0:0:0:0:0:1 - - [15/Feb/2020:16:57:14 +0800] "GET /teacher/score/enter/get.do HTTP/1.1" 200 3380
0:0:0:0:0:0:0:1 - - [15/Feb/2020:16:57:16 +0800] "POST /teacher/score/enter/select.do HTTP/1.1" 200 1136
0:0:0:0:0:0:0:1 - - [15/Feb/2020:16:57:23 +0800] "POST /teacher/score/enter/ratio.do HTTP/1.1" 200 26171
0:0:0:0:0:0:0:1 - - [15/Feb/2020:16:58:36 +0800] "POST /teacher/score/enter/select.do HTTP/1.1" 200 1136
0:0:0:0:0:0:0:1 - - [15/Feb/2020:16:58:36 +0800] "GET /favicon.ico HTTP/1.1" 200 946
0:0:0:0:0:0:0:1 - - [15/Feb/2020:16:58:39 +0800] "POST /teacher/score/enter/ratio.do HTTP/1.1" 200 26171
0:0:0:0:0:0:0:1 - - [15/Feb/2020:16:58:55 +0800] "GET /teacher/login.do?username=201610414415&password=123456 HTTP/1.1" 200 2557
0:0:0:0:0:0:0:1 - - [15/Feb/2020:16:58:56 +0800] "GET /favicon.ico HTTP/1.1" 200 946
0:0:0:0:0:0:0:1 - - [15/Feb/2020:16:58:57 +0800] "GET /teacher/score/enter/get.do HTTP/1.1" 200 3380
0:0:0:0:0:0:0:1 - - [15/Feb/2020:16:58:59 +0800] "POST /teacher/score/enter/select.do HTTP/1.1" 200 1136
0:0:0:0:0:0:0:1 - - [15/Feb/2020:16:59:02 +0800] "POST /teacher/score/enter/ratio.do HTTP/1.1" 200 26189
0:0:0:0:0:0:0:1 - - [15/Feb/2020:17:25:11 +0800] "GET /teacher/login.do?username=201610414415&password=123456 HTTP/1.1" 200 2557
0:0:0:0:0:0:0:1 - - [15/Feb/2020:17:25:11 +0800] "GET /favicon.ico HTTP/1.1" 200 946
0:0:0:0:0:0:0:1 - - [15/Feb/2020:17:25:12 +0800] "GET /teacher/score/enter/get.do HTTP/1.1" 200 3380
0:0:0:0:0:0:0:1 - - [15/Feb/2020:17:25:14 +0800] "POST /teacher/score/enter/select.do HTTP/1.1" 200 1138
0:0:0:0:0:0:0:1 - - [15/Feb/2020:17:25:17 +0800] "POST /teacher/score/enter/ratio.do HTTP/1.1" 200 26259
0:0:0:0:0:0:0:1 - - [15/Feb/2020:17:26:00 +0800] "GET /teacher/login.do?username=201610414415&password=123456 HTTP/1.1" 200 2557
0:0:0:0:0:0:0:1 - - [15/Feb/2020:17:26:00 +0800] "GET /favicon.ico HTTP/1.1" 200 946
0:0:0:0:0:0:0:1 - - [15/Feb/2020:17:26:01 +0800] "GET /teacher/score/enter/get.do HTTP/1.1" 200 3380
0:0:0:0:0:0:0:1 - - [15/Feb/2020:17:26:02 +0800] "POST /teacher/score/enter/select.do HTTP/1.1" 200 1138
0:0:0:0:0:0:0:1 - - [15/Feb/2020:17:26:05 +0800] "POST /teacher/score/enter/ratio.do HTTP/1.1" 200 26273
0:0:0:0:0:0:0:1 - - [15/Feb/2020:17:52:52 +0800] "GET /teacher/login.do?username=201610414415&password=123456 HTTP/1.1" 200 2557
0:0:0:0:0:0:0:1 - - [15/Feb/2020:17:52:52 +0800] "GET /favicon.ico HTTP/1.1" 200 946
0:0:0:0:0:0:0:1 - - [15/Feb/2020:17:52:52 +0800] "GET /teacher/score/enter/get.do HTTP/1.1" 200 3380
0:0:0:0:0:0:0:1 - - [15/Feb/2020:17:52:55 +0800] "POST /teacher/score/enter/select.do HTTP/1.1" 200 1138
0:0:0:0:0:0:0:1 - - [15/Feb/2020:17:53:02 +0800] "POST /teacher/score/enter/ratio.do HTTP/1.1" 200 26273
0:0:0:0:0:0:0:1 - - [15/Feb/2020:17:53:06 +0800] "POST /teacher/score/enter/input.do HTTP/1.1" 500 6759
0:0:0:0:0:0:0:1 - - [15/Feb/2020:17:57:39 +0800] "GET /teacher/login.do?username=201610414415&password=123456 HTTP/1.1" 200 2557
0:0:0:0:0:0:0:1 - - [15/Feb/2020:17:57:39 +0800] "GET /teacher/score/enter/get.do HTTP/1.1" 200 3380
0:0:0:0:0:0:0:1 - - [15/Feb/2020:17:57:42 +0800] "POST /teacher/score/enter/select.do HTTP/1.1" 200 1138
0:0:0:0:0:0:0:1 - - [15/Feb/2020:17:57:45 +0800] "POST /teacher/score/enter/ratio.do HTTP/1.1" 200 26273
0:0:0:0:0:0:0:1 - - [15/Feb/2020:17:57:50 +0800] "POST /teacher/score/enter/input.do HTTP/1.1" 500 6980
0:0:0:0:0:0:0:1 - - [15/Feb/2020:17:58:48 +0800] "GET /teacher/login.do?username=201610414415&password=123456 HTTP/1.1" 200 2557
0:0:0:0:0:0:0:1 - - [15/Feb/2020:17:58:48 +0800] "GET /teacher/score/enter/get.do HTTP/1.1" 200 3380
0:0:0:0:0:0:0:1 - - [15/Feb/2020:17:58:50 +0800] "POST /teacher/score/enter/select.do HTTP/1.1" 200 1138
0:0:0:0:0:0:0:1 - - [15/Feb/2020:17:58:53 +0800] "POST /teacher/score/enter/ratio.do HTTP/1.1" 200 26273
0:0:0:0:0:0:0:1 - - [15/Feb/2020:17:58:56 +0800] "POST /teacher/score/enter/input.do HTTP/1.1" 200 132
0:0:0:0:0:0:0:1 - - [15/Feb/2020:18:02:49 +0800] "GET /teacher/login.do?username=201610414415&password=123456 HTTP/1.1" 200 2557
0:0:0:0:0:0:0:1 - - [15/Feb/2020:18:02:50 +0800] "GET /teacher/score/enter/get.do HTTP/1.1" 200 3380
0:0:0:0:0:0:0:1 - - [15/Feb/2020:18:02:52 +0800] "POST /teacher/score/enter/select.do HTTP/1.1" 200 1138
0:0:0:0:0:0:0:1 - - [15/Feb/2020:18:02:55 +0800] "POST /teacher/score/enter/ratio.do HTTP/1.1" 200 26273
0:0:0:0:0:0:0:1 - - [15/Feb/2020:18:02:58 +0800] "POST /teacher/score/enter/input.do HTTP/1.1" 200 132
0:0:0:0:0:0:0:1 - - [15/Feb/2020:18:04:38 +0800] "GET /teacher/login.do?username=201610414415&password=123456 HTTP/1.1" 200 2557
0:0:0:0:0:0:0:1 - - [15/Feb/2020:18:04:39 +0800] "GET /teacher/score/enter/get.do HTTP/1.1" 200 3380
0:0:0:0:0:0:0:1 - - [15/Feb/2020:18:04:40 +0800] "POST /teacher/score/enter/select.do HTTP/1.1" 200 1138
0:0:0:0:0:0:0:1 - - [15/Feb/2020:18:04:44 +0800] "POST /teacher/score/enter/ratio.do HTTP/1.1" 200 26273
0:0:0:0:0:0:0:1 - - [15/Feb/2020:18:04:47 +0800] "POST /teacher/score/enter/input.do HTTP/1.1" 200 132
