0:0:0:0:0:0:0:1 - - [01/Apr/2020:15:39:03 +0800] "GET / HTTP/1.1" 200 2267
0:0:0:0:0:0:0:1 - - [01/Apr/2020:15:39:04 +0800] "GET /verifyUtil.do HTTP/1.1" 200 690
127.0.0.1 - - [01/Apr/2020:20:42:28 +0800] "GET / HTTP/1.1" 200 2267
127.0.0.1 - - [01/Apr/2020:20:42:29 +0800] "GET /verifyUtil.do HTTP/1.1" 200 666
0:0:0:0:0:0:0:1 - - [01/Apr/2020:20:43:47 +0800] "POST /login.do HTTP/1.1" 302 -
0:0:0:0:0:0:0:1 - - [01/Apr/2020:20:43:47 +0800] "GET /student/login.do?username=201610414415&password=123456 HTTP/1.1" 200 2309
0:0:0:0:0:0:0:1 - - [01/Apr/2020:20:43:47 +0800] "GET /verifyUtil.do HTTP/1.1" 200 666
0:0:0:0:0:0:0:1 - - [01/Apr/2020:20:44:00 +0800] "POST /login.do HTTP/1.1" 302 -
0:0:0:0:0:0:0:1 - - [01/Apr/2020:20:44:00 +0800] "GET /student/login.do?username=201210312216&password=123456 HTTP/1.1" 200 2198
0:0:0:0:0:0:0:1 - - [01/Apr/2020:20:46:35 +0800] "GET /verifyUtil.do?16 HTTP/1.1" 200 684
0:0:0:0:0:0:0:1 - - [01/Apr/2020:20:46:45 +0800] "POST /login.do HTTP/1.1" 302 -
0:0:0:0:0:0:0:1 - - [01/Apr/2020:20:46:45 +0800] "GET /department/login.do?username=000000000001&password=123456 HTTP/1.1" 200 2345
0:0:0:0:0:0:0:1 - - [01/Apr/2020:20:46:54 +0800] "GET /department/teacher/get.do HTTP/1.1" 200 3557
0:0:0:0:0:0:0:1 - - [01/Apr/2020:20:49:22 +0800] "GET /department/student/get.do HTTP/1.1" 200 585184
0:0:0:0:0:0:0:1 - - [01/Apr/2020:20:51:35 +0800] "GET /department/student/get.do HTTP/1.1" 200 585184
0:0:0:0:0:0:0:1 - - [01/Apr/2020:20:53:19 +0800] "GET /department/login.do?username=000000000001&password=123456 HTTP/1.1" 200 2345
0:0:0:0:0:0:0:1 - - [01/Apr/2020:20:53:19 +0800] "GET /favicon.ico HTTP/1.1" 200 946
0:0:0:0:0:0:0:1 - - [01/Apr/2020:20:53:21 +0800] "GET /department/login.do?username=000000000001&password=123456 HTTP/1.1" 200 2345
0:0:0:0:0:0:0:1 - - [01/Apr/2020:20:53:21 +0800] "GET /favicon.ico HTTP/1.1" 200 946
0:0:0:0:0:0:0:1 - - [01/Apr/2020:20:53:21 +0800] "GET /department/login.do?username=000000000001&password=123456 HTTP/1.1" 200 2345
0:0:0:0:0:0:0:1 - - [01/Apr/2020:20:53:21 +0800] "GET /favicon.ico HTTP/1.1" 200 946
0:0:0:0:0:0:0:1 - - [01/Apr/2020:20:53:21 +0800] "GET /department/login.do?username=000000000001&password=123456 HTTP/1.1" 200 2345
0:0:0:0:0:0:0:1 - - [01/Apr/2020:20:53:21 +0800] "GET /favicon.ico HTTP/1.1" 200 946
0:0:0:0:0:0:0:1 - - [01/Apr/2020:20:53:25 +0800] "GET /department/student/get.do HTTP/1.1" 200 585184
0:0:0:0:0:0:0:1 - - [01/Apr/2020:20:54:29 +0800] "GET /department/course/professional/set.do HTTP/1.1" 200 11986
0:0:0:0:0:0:0:1 - - [01/Apr/2020:20:54:34 +0800] "GET /department/course/professional/set.do HTTP/1.1" 200 11986
0:0:0:0:0:0:0:1 - - [01/Apr/2020:20:55:02 +0800] "POST /department/course/professional/class.do HTTP/1.1" 200 1086
0:0:0:0:0:0:0:1 - - [01/Apr/2020:20:55:05 +0800] "POST /department/course/professional/year.do HTTP/1.1" 200 639
0:0:0:0:0:0:0:1 - - [01/Apr/2020:20:55:10 +0800] "POST /department/course/professional/year.do HTTP/1.1" 200 639
0:0:0:0:0:0:0:1 - - [01/Apr/2020:20:55:18 +0800] "POST /department/course/professional/year.do HTTP/1.1" 200 627
0:0:0:0:0:0:0:1 - - [01/Apr/2020:20:55:21 +0800] "POST /department/course/professional/year.do HTTP/1.1" 200 639
0:0:0:0:0:0:0:1 - - [01/Apr/2020:20:57:41 +0800] "POST /department/course/professional/year.do HTTP/1.1" 200 639
0:0:0:0:0:0:0:1 - - [01/Apr/2020:20:57:44 +0800] "POST /department/course/professional/year.do HTTP/1.1" 200 639
0:0:0:0:0:0:0:1 - - [01/Apr/2020:20:57:50 +0800] "POST /department/course/professional/year.do HTTP/1.1" 200 639
0:0:0:0:0:0:0:1 - - [01/Apr/2020:20:59:14 +0800] "POST /department/course/professional/year.do HTTP/1.1" 200 639
0:0:0:0:0:0:0:1 - - [01/Apr/2020:20:59:16 +0800] "POST /department/course/professional/year.do HTTP/1.1" 200 639
0:0:0:0:0:0:0:1 - - [01/Apr/2020:20:59:47 +0800] "GET /department/login.do?username=000000000001&password=123456 HTTP/1.1" 200 2345
0:0:0:0:0:0:0:1 - - [01/Apr/2020:20:59:47 +0800] "GET /favicon.ico HTTP/1.1" 200 946
0:0:0:0:0:0:0:1 - - [01/Apr/2020:20:59:49 +0800] "GET /department/course/professional/set.do HTTP/1.1" 200 11986
0:0:0:0:0:0:0:1 - - [01/Apr/2020:20:59:53 +0800] "POST /department/course/professional/class.do HTTP/1.1" 200 1086
0:0:0:0:0:0:0:1 - - [01/Apr/2020:20:59:55 +0800] "POST /department/course/professional/year.do HTTP/1.1" 200 655
0:0:0:0:0:0:0:1 - - [01/Apr/2020:21:00:00 +0800] "POST /department/course/professional/year.do HTTP/1.1" 500 600
0:0:0:0:0:0:0:1 - - [01/Apr/2020:21:00:51 +0800] "GET /department/login.do?username=000000000001&password=123456 HTTP/1.1" 200 2345
0:0:0:0:0:0:0:1 - - [01/Apr/2020:21:00:51 +0800] "GET /favicon.ico HTTP/1.1" 200 946
0:0:0:0:0:0:0:1 - - [01/Apr/2020:21:00:51 +0800] "GET /department/course/professional/set.do HTTP/1.1" 200 11986
0:0:0:0:0:0:0:1 - - [01/Apr/2020:21:00:54 +0800] "POST /department/course/professional/class.do HTTP/1.1" 200 1086
0:0:0:0:0:0:0:1 - - [01/Apr/2020:21:00:56 +0800] "POST /department/course/professional/year.do HTTP/1.1" 200 639
0:0:0:0:0:0:0:1 - - [01/Apr/2020:21:02:38 +0800] "GET /department/login.do?username=000000000001&password=123456 HTTP/1.1" 200 2345
0:0:0:0:0:0:0:1 - - [01/Apr/2020:21:02:38 +0800] "GET /favicon.ico HTTP/1.1" 200 946
0:0:0:0:0:0:0:1 - - [01/Apr/2020:21:02:39 +0800] "GET /department/course/professional/set.do HTTP/1.1" 200 11986
0:0:0:0:0:0:0:1 - - [01/Apr/2020:21:02:42 +0800] "POST /department/course/professional/class.do HTTP/1.1" 200 1086
0:0:0:0:0:0:0:1 - - [01/Apr/2020:21:02:44 +0800] "POST /department/course/professional/year.do HTTP/1.1" 200 1343
0:0:0:0:0:0:0:1 - - [01/Apr/2020:21:07:13 +0800] "GET /department/login.do?username=000000000001&password=123456 HTTP/1.1" 200 2345
0:0:0:0:0:0:0:1 - - [01/Apr/2020:21:07:13 +0800] "GET /favicon.ico HTTP/1.1" 200 946
0:0:0:0:0:0:0:1 - - [01/Apr/2020:21:07:14 +0800] "GET /department/course/professional/set.do HTTP/1.1" 200 11986
0:0:0:0:0:0:0:1 - - [01/Apr/2020:21:07:17 +0800] "POST /department/course/professional/class.do HTTP/1.1" 200 1086
0:0:0:0:0:0:0:1 - - [01/Apr/2020:21:07:19 +0800] "POST /department/course/professional/year.do HTTP/1.1" 200 1343
0:0:0:0:0:0:0:1 - - [01/Apr/2020:21:07:21 +0800] "POST /department/course/professional/semester.do HTTP/1.1" 200 1037
0:0:0:0:0:0:0:1 - - [01/Apr/2020:21:07:23 +0800] "POST /department/course/professional/name.do HTTP/1.1" 200 11162
0:0:0:0:0:0:0:1 - - [01/Apr/2020:21:07:26 +0800] "POST /department/course/professional/week.do HTTP/1.1" 200 2121
0:0:0:0:0:0:0:1 - - [01/Apr/2020:21:07:29 +0800] "POST /department/course/professional/day.do HTTP/1.1" 200 6931
0:0:0:0:0:0:0:1 - - [01/Apr/2020:21:07:34 +0800] "POST /department/course/professional/order.do HTTP/1.1" 200 20368
0:0:0:0:0:0:0:1 - - [01/Apr/2020:21:07:37 +0800] "POST /department/course/professional/classroom.do HTTP/1.1" 200 2794
0:0:0:0:0:0:0:1 - - [01/Apr/2020:21:09:44 +0800] "GET /verifyUtil.do?89 HTTP/1.1" 200 675
0:0:0:0:0:0:0:1 - - [01/Apr/2020:21:09:52 +0800] "POST /login.do HTTP/1.1" 302 -
0:0:0:0:0:0:0:1 - - [01/Apr/2020:21:09:52 +0800] "GET /student/login.do?username=201210312216&password=123456 HTTP/1.1" 200 2198
0:0:0:0:0:0:0:1 - - [01/Apr/2020:21:09:54 +0800] "GET /student/course/elective/set.do HTTP/1.1" 200 3726
0:0:0:0:0:0:0:1 - - [01/Apr/2020:21:13:32 +0800] "GET /student/login.do?username=201210312216&password=123456 HTTP/1.1" 200 2198
0:0:0:0:0:0:0:1 - - [01/Apr/2020:21:13:32 +0800] "GET /favicon.ico HTTP/1.1" 200 946
0:0:0:0:0:0:0:1 - - [01/Apr/2020:21:13:34 +0800] "GET /student/course/elective/set.do HTTP/1.1" 200 3714
0:0:0:0:0:0:0:1 - - [01/Apr/2020:21:14:40 +0800] "GET /student/login.do?username=201610414415&password=123456 HTTP/1.1" 200 2309
0:0:0:0:0:0:0:1 - - [01/Apr/2020:21:14:40 +0800] "GET /verifyUtil.do HTTP/1.1" 200 671
0:0:0:0:0:0:0:1 - - [01/Apr/2020:21:14:40 +0800] "GET /favicon.ico HTTP/1.1" 200 946
0:0:0:0:0:0:0:1 - - [01/Apr/2020:21:14:51 +0800] "POST /login.do HTTP/1.1" 302 -
0:0:0:0:0:0:0:1 - - [01/Apr/2020:21:14:51 +0800] "GET /teacher/login.do?username=201610414415&password=123456 HTTP/1.1" 200 2529
0:0:0:0:0:0:0:1 - - [01/Apr/2020:21:15:06 +0800] "GET /teacher/course/professional/set.do HTTP/1.1" 200 6816
0:0:0:0:0:0:0:1 - - [01/Apr/2020:21:15:09 +0800] "GET /teacher/course/public/set.do HTTP/1.1" 200 3792
0:0:0:0:0:0:0:1 - - [01/Apr/2020:21:15:16 +0800] "GET /teacher/course/professional/set.do HTTP/1.1" 200 6816
0:0:0:0:0:0:0:1 - - [01/Apr/2020:21:16:02 +0800] "GET /teacher/login.do?username=201610414415&password=123456 HTTP/1.1" 200 2523
0:0:0:0:0:0:0:1 - - [01/Apr/2020:21:16:03 +0800] "GET /favicon.ico HTTP/1.1" 200 946
0:0:0:0:0:0:0:1 - - [01/Apr/2020:21:16:06 +0800] "GET /teacher/course/professional/set.do HTTP/1.1" 200 6813
0:0:0:0:0:0:0:1 - - [01/Apr/2020:21:18:33 +0800] "GET /teacher/login.do?username=201610414415&password=123456 HTTP/1.1" 200 2523
0:0:0:0:0:0:0:1 - - [01/Apr/2020:21:18:33 +0800] "GET /favicon.ico HTTP/1.1" 200 946
0:0:0:0:0:0:0:1 - - [01/Apr/2020:21:18:34 +0800] "GET /teacher/course/professional/set.do HTTP/1.1" 200 8459
0:0:0:0:0:0:0:1 - - [01/Apr/2020:21:20:49 +0800] "GET /teacher/login.do?username=201610414415&password=123456 HTTP/1.1" 200 2523
0:0:0:0:0:0:0:1 - - [01/Apr/2020:21:20:49 +0800] "GET /favicon.ico HTTP/1.1" 200 946
0:0:0:0:0:0:0:1 - - [01/Apr/2020:21:20:50 +0800] "GET /teacher/course/professional/set.do HTTP/1.1" 200 8477
0:0:0:0:0:0:0:1 - - [01/Apr/2020:21:24:50 +0800] "GET /teacher/course/timetable/get.do HTTP/1.1" 200 1410
0:0:0:0:0:0:0:1 - - [01/Apr/2020:21:24:54 +0800] "POST /teacher/course/timetable/select.do HTTP/1.1" 200 648
0:0:0:0:0:0:0:1 - - [01/Apr/2020:21:24:58 +0800] "POST /teacher/course/timetable/select.do HTTP/1.1" 200 648
0:0:0:0:0:0:0:1 - - [01/Apr/2020:21:27:06 +0800] "GET /teacher/login.do?username=201610414415&password=123456 HTTP/1.1" 200 2523
0:0:0:0:0:0:0:1 - - [01/Apr/2020:21:27:06 +0800] "GET /favicon.ico HTTP/1.1" 200 946
0:0:0:0:0:0:0:1 - - [01/Apr/2020:21:27:07 +0800] "GET /teacher/course/timetable/get.do HTTP/1.1" 200 1410
0:0:0:0:0:0:0:1 - - [01/Apr/2020:21:27:10 +0800] "POST /teacher/course/timetable/select.do HTTP/1.1" 200 7140
0:0:0:0:0:0:0:1 - - [01/Apr/2020:21:27:19 +0800] "POST /teacher/course/timetable/select.do HTTP/1.1" 200 7140
0:0:0:0:0:0:0:1 - - [01/Apr/2020:21:27:28 +0800] "POST /teacher/course/timetable/select.do HTTP/1.1" 200 7140
0:0:0:0:0:0:0:1 - - [01/Apr/2020:21:28:30 +0800] "POST /teacher/course/timetable/select.do HTTP/1.1" 200 7140
0:0:0:0:0:0:0:1 - - [01/Apr/2020:21:28:41 +0800] "GET /verifyUtil.do?83 HTTP/1.1" 200 568
0:0:0:0:0:0:0:1 - - [01/Apr/2020:21:28:45 +0800] "GET /verifyUtil.do?69 HTTP/1.1" 200 614
0:0:0:0:0:0:0:1 - - [01/Apr/2020:21:28:51 +0800] "POST /login.do HTTP/1.1" 302 -
0:0:0:0:0:0:0:1 - - [01/Apr/2020:21:28:51 +0800] "GET /student/login.do?username=201210312216&password=123456 HTTP/1.1" 200 2198
0:0:0:0:0:0:0:1 - - [01/Apr/2020:21:29:45 +0800] "GET /student/course/timetable/get.do HTTP/1.1" 200 1410
0:0:0:0:0:0:0:1 - - [01/Apr/2020:21:29:49 +0800] "POST /student/course/timetable/select.do HTTP/1.1" 200 648
0:0:0:0:0:0:0:1 - - [01/Apr/2020:21:30:27 +0800] "GET /student/login.do?username=201210312216&password=123456 HTTP/1.1" 200 2198
0:0:0:0:0:0:0:1 - - [01/Apr/2020:21:30:27 +0800] "GET /favicon.ico HTTP/1.1" 200 946
0:0:0:0:0:0:0:1 - - [01/Apr/2020:21:30:28 +0800] "GET /student/score/show/get.do HTTP/1.1" 200 1410
0:0:0:0:0:0:0:1 - - [01/Apr/2020:21:30:32 +0800] "POST /student/score/show/select.do HTTP/1.1" 500 600
0:0:0:0:0:0:0:1 - - [01/Apr/2020:21:30:36 +0800] "POST /student/score/show/select.do HTTP/1.1" 500 600
0:0:0:0:0:0:0:1 - - [01/Apr/2020:21:30:38 +0800] "GET /student/login.do?username=201210312216&password=123456 HTTP/1.1" 200 2198
0:0:0:0:0:0:0:1 - - [01/Apr/2020:21:30:38 +0800] "GET /favicon.ico HTTP/1.1" 200 946
0:0:0:0:0:0:0:1 - - [01/Apr/2020:21:30:39 +0800] "GET /student/course/timetable/get.do HTTP/1.1" 200 1410
0:0:0:0:0:0:0:1 - - [01/Apr/2020:21:30:42 +0800] "POST /student/course/timetable/select.do HTTP/1.1" 200 648
0:0:0:0:0:0:0:1 - - [01/Apr/2020:21:30:48 +0800] "POST /student/course/timetable/select.do HTTP/1.1" 200 648
0:0:0:0:0:0:0:1 - - [01/Apr/2020:21:31:33 +0800] "GET /student/login.do?username=201210312216&password=123456 HTTP/1.1" 200 2198
0:0:0:0:0:0:0:1 - - [01/Apr/2020:21:31:33 +0800] "GET /favicon.ico HTTP/1.1" 200 946
0:0:0:0:0:0:0:1 - - [01/Apr/2020:21:31:33 +0800] "GET /student/score/show/get.do HTTP/1.1" 200 1410
0:0:0:0:0:0:0:1 - - [01/Apr/2020:21:31:36 +0800] "POST /student/score/show/select.do HTTP/1.1" 500 600
0:0:0:0:0:0:0:1 - - [01/Apr/2020:21:33:32 +0800] "GET /student/login.do?username=201210312216&password=123456 HTTP/1.1" 200 2198
0:0:0:0:0:0:0:1 - - [01/Apr/2020:21:33:32 +0800] "GET /favicon.ico HTTP/1.1" 200 946
0:0:0:0:0:0:0:1 - - [01/Apr/2020:21:33:33 +0800] "GET /student/course/timetable/get.do HTTP/1.1" 200 1410
0:0:0:0:0:0:0:1 - - [01/Apr/2020:21:33:35 +0800] "POST /student/course/timetable/select.do HTTP/1.1" 500 600
0:0:0:0:0:0:0:1 - - [01/Apr/2020:21:33:40 +0800] "POST /student/course/timetable/select.do HTTP/1.1" 500 600
0:0:0:0:0:0:0:1 - - [01/Apr/2020:21:37:03 +0800] "GET /student/login.do?username=201210312216&password=123456 HTTP/1.1" 200 2198
0:0:0:0:0:0:0:1 - - [01/Apr/2020:21:37:03 +0800] "GET /favicon.ico HTTP/1.1" 200 946
0:0:0:0:0:0:0:1 - - [01/Apr/2020:21:37:04 +0800] "GET /student/course/timetable/get.do HTTP/1.1" 200 1410
0:0:0:0:0:0:0:1 - - [01/Apr/2020:21:37:07 +0800] "POST /student/course/timetable/select.do HTTP/1.1" 500 600
0:0:0:0:0:0:0:1 - - [01/Apr/2020:21:38:22 +0800] "GET /student/login.do?username=201610414415&password=123456 HTTP/1.1" 200 2309
0:0:0:0:0:0:0:1 - - [01/Apr/2020:21:38:22 +0800] "GET /verifyUtil.do HTTP/1.1" 200 669
0:0:0:0:0:0:0:1 - - [01/Apr/2020:21:38:22 +0800] "GET /favicon.ico HTTP/1.1" 200 946
0:0:0:0:0:0:0:1 - - [01/Apr/2020:21:38:42 +0800] "POST /login.do HTTP/1.1" 302 -
0:0:0:0:0:0:0:1 - - [01/Apr/2020:21:38:42 +0800] "GET /teacher/login.do?username=201610414415&password=123456 HTTP/1.1" 200 2523
0:0:0:0:0:0:0:1 - - [01/Apr/2020:21:38:43 +0800] "GET /teacher/course/timetable/get.do HTTP/1.1" 200 1410
0:0:0:0:0:0:0:1 - - [01/Apr/2020:21:38:47 +0800] "POST /teacher/course/timetable/select.do HTTP/1.1" 200 7140
0:0:0:0:0:0:0:1 - - [01/Apr/2020:21:38:50 +0800] "POST /teacher/course/timetable/select.do HTTP/1.1" 200 7140
0:0:0:0:0:0:0:1 - - [01/Apr/2020:21:38:57 +0800] "POST /teacher/course/timetable/select.do HTTP/1.1" 200 7140
0:0:0:0:0:0:0:1 - - [01/Apr/2020:21:39:14 +0800] "POST /login.do HTTP/1.1" 302 -
0:0:0:0:0:0:0:1 - - [01/Apr/2020:21:39:14 +0800] "GET /student/login.do?username=201210312216&password=123456 HTTP/1.1" 200 2198
0:0:0:0:0:0:0:1 - - [01/Apr/2020:21:39:15 +0800] "GET /student/login.do?username=201210312216&password=123456 HTTP/1.1" 200 2198
0:0:0:0:0:0:0:1 - - [01/Apr/2020:21:39:15 +0800] "GET /favicon.ico HTTP/1.1" 200 946
0:0:0:0:0:0:0:1 - - [01/Apr/2020:21:39:17 +0800] "GET /student/course/timetable/get.do HTTP/1.1" 200 1410
0:0:0:0:0:0:0:1 - - [01/Apr/2020:21:39:20 +0800] "POST /student/course/timetable/select.do HTTP/1.1" 500 600
0:0:0:0:0:0:0:1 - - [01/Apr/2020:21:39:22 +0800] "POST /student/course/timetable/select.do HTTP/1.1" 500 600
0:0:0:0:0:0:0:1 - - [01/Apr/2020:21:39:29 +0800] "POST /student/course/timetable/select.do HTTP/1.1" 500 600
0:0:0:0:0:0:0:1 - - [01/Apr/2020:21:43:12 +0800] "GET /student/login.do?username=201210312216&password=123456 HTTP/1.1" 200 2198
0:0:0:0:0:0:0:1 - - [01/Apr/2020:21:43:12 +0800] "GET /favicon.ico HTTP/1.1" 200 946
0:0:0:0:0:0:0:1 - - [01/Apr/2020:21:43:14 +0800] "GET /student/course/timetable/get.do HTTP/1.1" 200 1410
0:0:0:0:0:0:0:1 - - [01/Apr/2020:21:43:17 +0800] "POST /student/course/timetable/select.do HTTP/1.1" 500 600
0:0:0:0:0:0:0:1 - - [01/Apr/2020:21:46:14 +0800] "GET /student/score/show/get.do HTTP/1.1" 200 1410
0:0:0:0:0:0:0:1 - - [01/Apr/2020:21:46:17 +0800] "POST /student/score/show/select.do HTTP/1.1" 500 600
0:0:0:0:0:0:0:1 - - [01/Apr/2020:21:46:22 +0800] "POST /student/score/show/select.do HTTP/1.1" 500 600
0:0:0:0:0:0:0:1 - - [01/Apr/2020:21:46:52 +0800] "POST /student/score/show/select.do HTTP/1.1" 500 600
0:0:0:0:0:0:0:1 - - [01/Apr/2020:21:47:03 +0800] "POST /student/score/show/select.do HTTP/1.1" 500 600
0:0:0:0:0:0:0:1 - - [01/Apr/2020:21:48:19 +0800] "GET /student/login.do?username=201210312216&password=123456 HTTP/1.1" 200 2198
0:0:0:0:0:0:0:1 - - [01/Apr/2020:21:48:19 +0800] "GET /favicon.ico HTTP/1.1" 200 946
0:0:0:0:0:0:0:1 - - [01/Apr/2020:21:48:23 +0800] "GET /student/course/timetable/get.do HTTP/1.1" 200 1410
0:0:0:0:0:0:0:1 - - [01/Apr/2020:21:48:26 +0800] "POST /student/course/timetable/select.do HTTP/1.1" 500 600
0:0:0:0:0:0:0:1 - - [01/Apr/2020:21:49:29 +0800] "GET /student/score/show/get.do HTTP/1.1" 200 1410
0:0:0:0:0:0:0:1 - - [01/Apr/2020:21:49:29 +0800] "GET /student/login.do?username=201210312216&password=123456 HTTP/1.1" 200 1022
0:0:0:0:0:0:0:1 - - [01/Apr/2020:21:49:29 +0800] "GET /favicon.ico HTTP/1.1" 200 946
0:0:0:0:0:0:0:1 - - [01/Apr/2020:21:49:32 +0800] "POST /student/score/show/select.do HTTP/1.1" 500 600
0:0:0:0:0:0:0:1 - - [01/Apr/2020:21:50:14 +0800] "GET /student/login.do?username=201210312216&password=123456 HTTP/1.1" 200 2198
0:0:0:0:0:0:0:1 - - [01/Apr/2020:21:50:14 +0800] "GET /favicon.ico HTTP/1.1" 200 946
0:0:0:0:0:0:0:1 - - [01/Apr/2020:21:50:15 +0800] "GET /student/login.do?username=201210312216&password=123456 HTTP/1.1" 200 2198
0:0:0:0:0:0:0:1 - - [01/Apr/2020:21:50:15 +0800] "GET /favicon.ico HTTP/1.1" 200 946
0:0:0:0:0:0:0:1 - - [01/Apr/2020:21:50:15 +0800] "GET /student/login.do?username=201210312216&password=123456 HTTP/1.1" 200 2198
0:0:0:0:0:0:0:1 - - [01/Apr/2020:21:50:15 +0800] "GET /favicon.ico HTTP/1.1" 200 946
0:0:0:0:0:0:0:1 - - [01/Apr/2020:21:50:15 +0800] "GET /student/login.do?username=201210312216&password=123456 HTTP/1.1" 200 2198
0:0:0:0:0:0:0:1 - - [01/Apr/2020:21:50:15 +0800] "GET /favicon.ico HTTP/1.1" 200 946
0:0:0:0:0:0:0:1 - - [01/Apr/2020:21:50:15 +0800] "GET /student/login.do?username=201210312216&password=123456 HTTP/1.1" 200 2198
0:0:0:0:0:0:0:1 - - [01/Apr/2020:21:50:16 +0800] "GET /favicon.ico HTTP/1.1" 200 946
0:0:0:0:0:0:0:1 - - [01/Apr/2020:21:50:17 +0800] "GET /student/score/show/get.do HTTP/1.1" 200 1410
0:0:0:0:0:0:0:1 - - [01/Apr/2020:21:50:20 +0800] "POST /student/score/show/select.do HTTP/1.1" 200 1336
0:0:0:0:0:0:0:1 - - [01/Apr/2020:21:50:24 +0800] "POST /student/score/show/select.do HTTP/1.1" 200 1336
0:0:0:0:0:0:0:1 - - [01/Apr/2020:21:50:29 +0800] "POST /student/score/show/select.do HTTP/1.1" 200 1336
0:0:0:0:0:0:0:1 - - [01/Apr/2020:21:50:31 +0800] "POST /student/score/show/select.do HTTP/1.1" 200 1336
0:0:0:0:0:0:0:1 - - [01/Apr/2020:21:50:33 +0800] "GET /student/course/timetable/get.do HTTP/1.1" 200 1410
0:0:0:0:0:0:0:1 - - [01/Apr/2020:21:50:37 +0800] "POST /student/course/timetable/select.do HTTP/1.1" 200 6271
0:0:0:0:0:0:0:1 - - [01/Apr/2020:21:50:40 +0800] "POST /student/course/timetable/select.do HTTP/1.1" 200 6271
0:0:0:0:0:0:0:1 - - [01/Apr/2020:21:50:45 +0800] "POST /student/course/timetable/select.do HTTP/1.1" 200 6271
0:0:0:0:0:0:0:1 - - [01/Apr/2020:21:50:48 +0800] "POST /student/course/timetable/select.do HTTP/1.1" 200 6271
0:0:0:0:0:0:0:1 - - [01/Apr/2020:21:52:29 +0800] "POST /student/course/timetable/select.do HTTP/1.1" 200 6772
0:0:0:0:0:0:0:1 - - [01/Apr/2020:21:52:33 +0800] "POST /student/course/timetable/select.do HTTP/1.1" 200 6735
0:0:0:0:0:0:0:1 - - [01/Apr/2020:21:52:44 +0800] "GET /student/score/show/get.do HTTP/1.1" 200 1410
0:0:0:0:0:0:0:1 - - [01/Apr/2020:21:54:30 +0800] "GET /student/login.do?username=201210312216&password=123456 HTTP/1.1" 200 2198
0:0:0:0:0:0:0:1 - - [01/Apr/2020:21:54:30 +0800] "GET /favicon.ico HTTP/1.1" 200 946
0:0:0:0:0:0:0:1 - - [01/Apr/2020:21:54:31 +0800] "GET /student/course/timetable/get.do HTTP/1.1" 200 1410
0:0:0:0:0:0:0:1 - - [01/Apr/2020:21:54:33 +0800] "POST /student/course/timetable/select.do HTTP/1.1" 500 600
0:0:0:0:0:0:0:1 - - [01/Apr/2020:22:00:05 +0800] "GET /student/login.do?username=201210312216&password=123456 HTTP/1.1" 200 2198
0:0:0:0:0:0:0:1 - - [01/Apr/2020:22:00:05 +0800] "GET /favicon.ico HTTP/1.1" 200 946
0:0:0:0:0:0:0:1 - - [01/Apr/2020:22:00:06 +0800] "GET /student/score/show/get.do HTTP/1.1" 200 1410
0:0:0:0:0:0:0:1 - - [01/Apr/2020:22:00:08 +0800] "GET /student/course/timetable/get.do HTTP/1.1" 200 1410
0:0:0:0:0:0:0:1 - - [01/Apr/2020:22:00:11 +0800] "POST /student/course/timetable/select.do HTTP/1.1" 200 7199
0:0:0:0:0:0:0:1 - - [01/Apr/2020:22:00:19 +0800] "POST /student/course/timetable/select.do HTTP/1.1" 200 6271
0:0:0:0:0:0:0:1 - - [01/Apr/2020:22:00:40 +0800] "GET /verifyUtil.do?27 HTTP/1.1" 200 693
0:0:0:0:0:0:0:1 - - [01/Apr/2020:22:00:45 +0800] "POST /login.do HTTP/1.1" 302 -
0:0:0:0:0:0:0:1 - - [01/Apr/2020:22:00:45 +0800] "GET /teacher/login.do?username=201610414415&password=123456 HTTP/1.1" 200 2523
0:0:0:0:0:0:0:1 - - [01/Apr/2020:22:00:47 +0800] "GET /teacher/course/timetable/get.do HTTP/1.1" 200 1410
0:0:0:0:0:0:0:1 - - [01/Apr/2020:22:00:49 +0800] "POST /teacher/course/timetable/select.do HTTP/1.1" 200 7140
0:0:0:0:0:0:0:1 - - [01/Apr/2020:22:00:56 +0800] "POST /teacher/course/timetable/select.do HTTP/1.1" 200 7604
0:0:0:0:0:0:0:1 - - [01/Apr/2020:22:00:59 +0800] "POST /teacher/course/timetable/select.do HTTP/1.1" 200 7140
0:0:0:0:0:0:0:1 - - [01/Apr/2020:22:01:03 +0800] "POST /teacher/course/timetable/select.do HTTP/1.1" 200 7604
0:0:0:0:0:0:0:1 - - [01/Apr/2020:22:01:08 +0800] "POST /teacher/course/timetable/select.do HTTP/1.1" 200 7140
0:0:0:0:0:0:0:1 - - [01/Apr/2020:22:10:00 +0800] "GET /teacher/score/show/get.do HTTP/1.1" 500 600
0:0:0:0:0:0:0:1 - - [01/Apr/2020:22:10:02 +0800] "GET /teacher/score/show/get.do HTTP/1.1" 500 600
0:0:0:0:0:0:0:1 - - [01/Apr/2020:22:10:05 +0800] "GET /teacher/login.do?username=201610414415&password=123456 HTTP/1.1" 200 2523
0:0:0:0:0:0:0:1 - - [01/Apr/2020:22:10:05 +0800] "GET /favicon.ico HTTP/1.1" 200 946
0:0:0:0:0:0:0:1 - - [01/Apr/2020:22:10:06 +0800] "GET /teacher/score/show/get.do HTTP/1.1" 200 2642
0:0:0:0:0:0:0:1 - - [01/Apr/2020:22:10:10 +0800] "POST /teacher/score/show/select.do HTTP/1.1" 200 1040
0:0:0:0:0:0:0:1 - - [01/Apr/2020:22:10:14 +0800] "GET /teacher/course/timetable/get.do HTTP/1.1" 200 1410
0:0:0:0:0:0:0:1 - - [01/Apr/2020:22:10:17 +0800] "POST /teacher/course/timetable/select.do HTTP/1.1" 200 7153
0:0:0:0:0:0:0:1 - - [01/Apr/2020:22:10:20 +0800] "POST /teacher/course/timetable/select.do HTTP/1.1" 200 7153
0:0:0:0:0:0:0:1 - - [01/Apr/2020:22:12:09 +0800] "GET /teacher/login.do?username=201610414415&password=123456 HTTP/1.1" 200 2523
0:0:0:0:0:0:0:1 - - [01/Apr/2020:22:12:09 +0800] "GET /favicon.ico HTTP/1.1" 200 946
0:0:0:0:0:0:0:1 - - [01/Apr/2020:22:12:13 +0800] "GET /teacher/course/timetable/get.do HTTP/1.1" 200 1410
0:0:0:0:0:0:0:1 - - [01/Apr/2020:22:12:16 +0800] "POST /teacher/course/timetable/select.do HTTP/1.1" 200 6683
0:0:0:0:0:0:0:1 - - [01/Apr/2020:22:12:19 +0800] "POST /teacher/course/timetable/select.do HTTP/1.1" 200 6683
0:0:0:0:0:0:0:1 - - [01/Apr/2020:22:12:22 +0800] "POST /teacher/course/timetable/select.do HTTP/1.1" 200 6683
0:0:0:0:0:0:0:1 - - [01/Apr/2020:22:12:27 +0800] "POST /teacher/course/timetable/select.do HTTP/1.1" 200 6683
0:0:0:0:0:0:0:1 - - [01/Apr/2020:22:12:30 +0800] "POST /teacher/course/timetable/select.do HTTP/1.1" 200 6683
0:0:0:0:0:0:0:1 - - [01/Apr/2020:22:13:28 +0800] "GET /teacher/login.do?username=201610414415&password=123456 HTTP/1.1" 200 2523
0:0:0:0:0:0:0:1 - - [01/Apr/2020:22:13:28 +0800] "GET /favicon.ico HTTP/1.1" 200 946
0:0:0:0:0:0:0:1 - - [01/Apr/2020:22:13:29 +0800] "GET /teacher/course/elective/set.do HTTP/1.1" 200 3638
0:0:0:0:0:0:0:1 - - [01/Apr/2020:22:13:32 +0800] "GET /teacher/course/timetable/get.do HTTP/1.1" 200 1410
0:0:0:0:0:0:0:1 - - [01/Apr/2020:22:13:35 +0800] "POST /teacher/course/timetable/select.do HTTP/1.1" 200 6182
0:0:0:0:0:0:0:1 - - [01/Apr/2020:22:13:37 +0800] "POST /teacher/course/timetable/select.do HTTP/1.1" 200 6182
0:0:0:0:0:0:0:1 - - [01/Apr/2020:22:13:45 +0800] "POST /teacher/course/timetable/select.do HTTP/1.1" 200 6182
0:0:0:0:0:0:0:1 - - [01/Apr/2020:22:13:48 +0800] "POST /teacher/course/timetable/select.do HTTP/1.1" 200 6182
0:0:0:0:0:0:0:1 - - [01/Apr/2020:22:13:53 +0800] "POST /teacher/course/timetable/select.do HTTP/1.1" 200 7153
0:0:0:0:0:0:0:1 - - [01/Apr/2020:22:13:56 +0800] "POST /teacher/course/timetable/select.do HTTP/1.1" 200 6646
0:0:0:0:0:0:0:1 - - [01/Apr/2020:22:13:59 +0800] "POST /teacher/course/timetable/select.do HTTP/1.1" 200 7153
0:0:0:0:0:0:0:1 - - [01/Apr/2020:22:14:28 +0800] "POST /login.do HTTP/1.1" 200 2298
0:0:0:0:0:0:0:1 - - [01/Apr/2020:22:14:28 +0800] "GET /verifyUtil.do HTTP/1.1" 200 649
0:0:0:0:0:0:0:1 - - [01/Apr/2020:22:14:36 +0800] "POST /login.do HTTP/1.1" 302 -
0:0:0:0:0:0:0:1 - - [01/Apr/2020:22:14:36 +0800] "GET /student/login.do?username=201210312216&password=123456 HTTP/1.1" 200 2198
0:0:0:0:0:0:0:1 - - [01/Apr/2020:22:14:38 +0800] "GET /student/course/timetable/get.do HTTP/1.1" 200 1410
0:0:0:0:0:0:0:1 - - [01/Apr/2020:22:14:41 +0800] "POST /student/course/timetable/select.do HTTP/1.1" 200 7242
0:0:0:0:0:0:0:1 - - [01/Apr/2020:22:15:49 +0800] "GET /student/login.do?username=201210312216&password=123456 HTTP/1.1" 200 2198
0:0:0:0:0:0:0:1 - - [01/Apr/2020:22:15:49 +0800] "GET /favicon.ico HTTP/1.1" 200 946
0:0:0:0:0:0:0:1 - - [01/Apr/2020:22:15:50 +0800] "GET /student/score/show/get.do HTTP/1.1" 200 1410
0:0:0:0:0:0:0:1 - - [01/Apr/2020:22:15:58 +0800] "GET /student/course/timetable/get.do HTTP/1.1" 200 1410
0:0:0:0:0:0:0:1 - - [01/Apr/2020:22:16:01 +0800] "POST /student/course/timetable/select.do HTTP/1.1" 200 7248
0:0:0:0:0:0:0:1 - - [01/Apr/2020:22:16:05 +0800] "POST /student/course/timetable/select.do HTTP/1.1" 200 6741
0:0:0:0:0:0:0:1 - - [01/Apr/2020:22:16:08 +0800] "POST /student/course/timetable/select.do HTTP/1.1" 200 7248
0:0:0:0:0:0:0:1 - - [01/Apr/2020:23:06:40 +0800] "POST /login.do HTTP/1.1" 200 2298
0:0:0:0:0:0:0:1 - - [01/Apr/2020:23:06:40 +0800] "GET /verifyUtil.do HTTP/1.1" 200 572
0:0:0:0:0:0:0:1 - - [01/Apr/2020:23:06:40 +0800] "GET /favicon.ico HTTP/1.1" 200 946
0:0:0:0:0:0:0:1 - - [01/Apr/2020:23:07:04 +0800] "POST /login.do HTTP/1.1" 302 -
0:0:0:0:0:0:0:1 - - [01/Apr/2020:23:07:05 +0800] "GET /teacher/login.do?username=201610414415&password=123456 HTTP/1.1" 200 2523
0:0:0:0:0:0:0:1 - - [01/Apr/2020:23:07:07 +0800] "GET /teacher/score/enter/get.do HTTP/1.1" 200 2642
0:0:0:0:0:0:0:1 - - [01/Apr/2020:23:07:09 +0800] "POST /teacher/score/enter/select.do HTTP/1.1" 200 1138
0:0:0:0:0:0:0:1 - - [01/Apr/2020:23:07:12 +0800] "POST /teacher/score/enter/select.do HTTP/1.1" 200 1138
0:0:0:0:0:0:0:1 - - [01/Apr/2020:23:07:16 +0800] "POST /teacher/score/enter/ratio.do HTTP/1.1" 200 26273
0:0:0:0:0:0:0:1 - - [01/Apr/2020:23:08:40 +0800] "POST /login.do HTTP/1.1" 302 -
0:0:0:0:0:0:0:1 - - [01/Apr/2020:23:08:40 +0800] "GET /student/login.do?username=201210312216&password=123456 HTTP/1.1" 200 2198
0:0:0:0:0:0:0:1 - - [01/Apr/2020:23:08:41 +0800] "GET /student/score/show/get.do HTTP/1.1" 200 1410
0:0:0:0:0:0:0:1 - - [01/Apr/2020:23:08:43 +0800] "POST /student/score/show/select.do HTTP/1.1" 200 1336
0:0:0:0:0:0:0:1 - - [01/Apr/2020:23:08:46 +0800] "POST /student/score/show/select.do HTTP/1.1" 200 1493
