0:0:0:0:0:0:0:1 - - [13/Nov/2018:15:39:34 +0800] "GET / HTTP/1.1" 200 1339
0:0:0:0:0:0:0:1 - - [13/Nov/2018:15:39:35 +0800] "GET /verifyUtil.do HTTP/1.1" 200 684
0:0:0:0:0:0:0:1 - - [13/Nov/2018:15:39:45 +0800] "POST /login.do HTTP/1.1" 302 -
0:0:0:0:0:0:0:1 - - [13/Nov/2018:15:39:45 +0800] "GET /department/login.do?username=000000000001&password=123456 HTTP/1.1" 200 1503
0:0:0:0:0:0:0:1 - - [13/Nov/2018:15:39:46 +0800] "GET /department/course/professional/set.do HTTP/1.1" 200 9319
0:0:0:0:0:0:0:1 - - [13/Nov/2018:15:39:52 +0800] "POST /department/course/professional/class.do HTTP/1.1" 200 596
0:0:0:0:0:0:0:1 - - [13/Nov/2018:15:39:54 +0800] "POST /department/course/professional/year.do HTTP/1.1" 200 743
0:0:0:0:0:0:0:1 - - [13/Nov/2018:15:39:56 +0800] "POST /department/course/professional/semester.do HTTP/1.1" 200 499
0:0:0:0:0:0:0:1 - - [13/Nov/2018:15:39:58 +0800] "POST /department/course/professional/name.do HTTP/1.1" 200 963
0:0:0:0:0:0:0:1 - - [13/Nov/2018:15:39:59 +0800] "POST /department/course/professional/rank.do HTTP/1.1" 200 8091
0:0:0:0:0:0:0:1 - - [13/Nov/2018:15:40:03 +0800] "POST /department/course/professional/week.do HTTP/1.1" 200 1307
0:0:0:0:0:0:0:1 - - [13/Nov/2018:15:40:06 +0800] "POST /department/course/professional/day.do HTTP/1.1" 200 5113
0:0:0:0:0:0:0:1 - - [13/Nov/2018:15:40:13 +0800] "POST /department/course/professional/order.do HTTP/1.1" 200 16701
0:0:0:0:0:0:0:1 - - [13/Nov/2018:15:40:16 +0800] "POST /department/course/professional/classroom.do HTTP/1.1" 200 2167
0:0:0:0:0:0:0:1 - - [13/Nov/2018:15:40:20 +0800] "POST /department/course/professional/ensure.do HTTP/1.1" 200 340
0:0:0:0:0:0:0:1 - - [13/Nov/2018:15:40:21 +0800] "GET /department/return.do HTTP/1.1" 200 1503
0:0:0:0:0:0:0:1 - - [13/Nov/2018:15:40:25 +0800] "GET / HTTP/1.1" 200 1339
0:0:0:0:0:0:0:1 - - [13/Nov/2018:15:40:25 +0800] "GET /verifyUtil.do HTTP/1.1" 200 676
0:0:0:0:0:0:0:1 - - [13/Nov/2018:15:40:36 +0800] "POST /login.do HTTP/1.1" 302 -
0:0:0:0:0:0:0:1 - - [13/Nov/2018:15:40:36 +0800] "GET /teacher/login.do?username=201610414415&password=123456 HTTP/1.1" 200 1815
0:0:0:0:0:0:0:1 - - [13/Nov/2018:15:40:39 +0800] "POST /login.do HTTP/1.1" 302 -
0:0:0:0:0:0:0:1 - - [13/Nov/2018:15:40:39 +0800] "GET /teacher/login.do?username=201610414415&password= HTTP/1.1" 200 1381
0:0:0:0:0:0:0:1 - - [13/Nov/2018:15:40:39 +0800] "GET /verifyUtil.do HTTP/1.1" 200 576
0:0:0:0:0:0:0:1 - - [13/Nov/2018:15:40:49 +0800] "POST /teacher/login.do HTTP/1.1" 200 1815
0:0:0:0:0:0:0:1 - - [13/Nov/2018:15:41:35 +0800] "GET /teacher/course/professional/select.do HTTP/1.1" 200 2404
0:0:0:0:0:0:0:1 - - [13/Nov/2018:15:41:40 +0800] "POST /teacher/course/professional/selected.do HTTP/1.1" 200 2899
0:0:0:0:0:0:0:1 - - [13/Nov/2018:15:41:43 +0800] "POST /teacher/course/professional/ensure.do HTTP/1.1" 200 298
0:0:0:0:0:0:0:1 - - [13/Nov/2018:15:41:44 +0800] "GET /teacher/return.do HTTP/1.1" 200 1788
0:0:0:0:0:0:0:1 - - [13/Nov/2018:15:41:53 +0800] "GET / HTTP/1.1" 200 1339
0:0:0:0:0:0:0:1 - - [13/Nov/2018:15:41:53 +0800] "GET /verifyUtil.do HTTP/1.1" 200 659
0:0:0:0:0:0:0:1 - - [13/Nov/2018:15:42:06 +0800] "POST /login.do HTTP/1.1" 302 -
0:0:0:0:0:0:0:1 - - [13/Nov/2018:15:42:06 +0800] "GET /student/login.do?username=201210312216&password=123456 HTTP/1.1" 200 1798
0:0:0:0:0:0:0:1 - - [13/Nov/2018:15:42:11 +0800] "GET /student/course/look.do HTTP/1.1" 200 1311
0:0:0:0:0:0:0:1 - - [13/Nov/2018:17:03:13 +0800] "GET /student/login.do?username=201210312216&password=123456 HTTP/1.1" 200 1798
0:0:0:0:0:0:0:1 - - [13/Nov/2018:17:03:14 +0800] "GET /student/course/look.do HTTP/1.1" 200 3208
0:0:0:0:0:0:0:1 - - [13/Nov/2018:17:06:13 +0800] "GET /student/course/look.do HTTP/1.1" 500 375
0:0:0:0:0:0:0:1 - - [13/Nov/2018:17:06:14 +0800] "GET /student/course/look.do HTTP/1.1" 500 375
0:0:0:0:0:0:0:1 - - [13/Nov/2018:17:06:16 +0800] "GET /student/login.do?username=201210312216&password=123456 HTTP/1.1" 200 1798
0:0:0:0:0:0:0:1 - - [13/Nov/2018:17:06:16 +0800] "GET /student/login.do?username=201210312216&password=123456 HTTP/1.1" 200 1798
0:0:0:0:0:0:0:1 - - [13/Nov/2018:17:06:17 +0800] "GET /student/course/look.do HTTP/1.1" 200 3208
0:0:0:0:0:0:0:1 - - [13/Nov/2018:17:06:18 +0800] "GET /student/course/look.do HTTP/1.1" 200 3208
0:0:0:0:0:0:0:1 - - [13/Nov/2018:17:06:18 +0800] "GET /student/course/look.do HTTP/1.1" 200 3208
0:0:0:0:0:0:0:1 - - [13/Nov/2018:17:13:27 +0800] "GET /student/login.do?username=201210312216&password=123456 HTTP/1.1" 200 1798
0:0:0:0:0:0:0:1 - - [13/Nov/2018:17:13:27 +0800] "GET /student/course/look.do HTTP/1.1" 200 1209
0:0:0:0:0:0:0:1 - - [13/Nov/2018:17:15:22 +0800] "GET /student/login.do?username=201210312216&password=123456 HTTP/1.1" 200 1798
0:0:0:0:0:0:0:1 - - [13/Nov/2018:17:15:22 +0800] "GET /student/course/look.do HTTP/1.1" 200 1209
0:0:0:0:0:0:0:1 - - [13/Nov/2018:17:16:52 +0800] "GET /student/login.do?username=201210312216&password=123456 HTTP/1.1" 200 1798
0:0:0:0:0:0:0:1 - - [13/Nov/2018:17:16:52 +0800] "GET /student/course/look.do HTTP/1.1" 200 1209
0:0:0:0:0:0:0:1 - - [13/Nov/2018:17:18:01 +0800] "GET /student/login.do?username=201210312216&password=123456 HTTP/1.1" 200 1798
0:0:0:0:0:0:0:1 - - [13/Nov/2018:17:18:01 +0800] "GET /student/course/look.do HTTP/1.1" 200 1235
0:0:0:0:0:0:0:1 - - [13/Nov/2018:17:19:12 +0800] "GET /student/login.do?username=201210312216&password=123456 HTTP/1.1" 200 1798
0:0:0:0:0:0:0:1 - - [13/Nov/2018:17:19:12 +0800] "GET /student/course/look.do HTTP/1.1" 200 1209
0:0:0:0:0:0:0:1 - - [13/Nov/2018:17:20:12 +0800] "GET /student/course/look.do HTTP/1.1" 500 375
0:0:0:0:0:0:0:1 - - [13/Nov/2018:17:20:14 +0800] "GET /student/login.do?username=201210312216&password=123456 HTTP/1.1" 200 1798
0:0:0:0:0:0:0:1 - - [13/Nov/2018:17:20:14 +0800] "GET /student/course/look.do HTTP/1.1" 200 1209
0:0:0:0:0:0:0:1 - - [13/Nov/2018:17:21:58 +0800] "GET /student/login.do?username=201210312216&password=123456 HTTP/1.1" 200 1798
0:0:0:0:0:0:0:1 - - [13/Nov/2018:17:21:58 +0800] "GET /student/course/look.do HTTP/1.1" 200 3420
0:0:0:0:0:0:0:1 - - [13/Nov/2018:17:22:50 +0800] "GET /student/login.do?username=201210312216&password=123456 HTTP/1.1" 200 1798
0:0:0:0:0:0:0:1 - - [13/Nov/2018:17:22:50 +0800] "GET /student/course/look.do HTTP/1.1" 200 1209
0:0:0:0:0:0:0:1 - - [13/Nov/2018:21:43:49 +0800] "GET / HTTP/1.1" 200 1339
0:0:0:0:0:0:0:1 - - [13/Nov/2018:21:43:51 +0800] "GET /verifyUtil.do HTTP/1.1" 200 650
0:0:0:0:0:0:0:1 - - [13/Nov/2018:21:44:05 +0800] "POST /login.do HTTP/1.1" 200 1370
0:0:0:0:0:0:0:1 - - [13/Nov/2018:21:44:05 +0800] "GET /verifyUtil.do HTTP/1.1" 200 617
0:0:0:0:0:0:0:1 - - [13/Nov/2018:21:44:14 +0800] "POST /login.do HTTP/1.1" 302 -
0:0:0:0:0:0:0:1 - - [13/Nov/2018:21:44:14 +0800] "GET /student/login.do?username=201210312216&password=123456 HTTP/1.1" 200 1798
0:0:0:0:0:0:0:1 - - [13/Nov/2018:21:44:15 +0800] "GET /student/course/look.do HTTP/1.1" 500 423
0:0:0:0:0:0:0:1 - - [13/Nov/2018:21:59:47 +0800] "GET /student/login.do?username=201210312216&password=123456 HTTP/1.1" 200 1798
0:0:0:0:0:0:0:1 - - [13/Nov/2018:21:59:47 +0800] "GET /favicon.ico HTTP/1.1" 200 946
0:0:0:0:0:0:0:1 - - [13/Nov/2018:21:59:48 +0800] "GET /student/course/look.do HTTP/1.1" 200 3421
0:0:0:0:0:0:0:1 - - [13/Nov/2018:22:06:49 +0800] "GET /student/course/look.do HTTP/1.1" 500 375
0:0:0:0:0:0:0:1 - - [13/Nov/2018:22:06:49 +0800] "GET /favicon.ico HTTP/1.1" 200 946
0:0:0:0:0:0:0:1 - - [13/Nov/2018:22:06:50 +0800] "GET /student/login.do?username=201210312216&password=123456 HTTP/1.1" 200 1798
0:0:0:0:0:0:0:1 - - [13/Nov/2018:22:06:50 +0800] "GET /favicon.ico HTTP/1.1" 200 946
0:0:0:0:0:0:0:1 - - [13/Nov/2018:22:06:51 +0800] "GET /student/course/look.do HTTP/1.1" 200 1356
0:0:0:0:0:0:0:1 - - [13/Nov/2018:22:11:18 +0800] "GET /student/course/look.do HTTP/1.1" 500 375
0:0:0:0:0:0:0:1 - - [13/Nov/2018:22:11:18 +0800] "GET /favicon.ico HTTP/1.1" 200 946
0:0:0:0:0:0:0:1 - - [13/Nov/2018:22:11:19 +0800] "GET /student/login.do?username=201210312216&password=123456 HTTP/1.1" 200 1798
0:0:0:0:0:0:0:1 - - [13/Nov/2018:22:11:19 +0800] "GET /favicon.ico HTTP/1.1" 200 946
0:0:0:0:0:0:0:1 - - [13/Nov/2018:22:11:20 +0800] "GET /student/course/look.do HTTP/1.1" 200 1368
0:0:0:0:0:0:0:1 - - [13/Nov/2018:22:14:02 +0800] "GET /student/login.do?username=201210312216&password=123456 HTTP/1.1" 200 1798
0:0:0:0:0:0:0:1 - - [13/Nov/2018:22:14:02 +0800] "GET /favicon.ico HTTP/1.1" 200 946
0:0:0:0:0:0:0:1 - - [13/Nov/2018:22:14:02 +0800] "GET /student/course/look.do HTTP/1.1" 200 1364
0:0:0:0:0:0:0:1 - - [13/Nov/2018:22:15:14 +0800] "GET /student/course/look.do HTTP/1.1" 500 375
0:0:0:0:0:0:0:1 - - [13/Nov/2018:22:15:14 +0800] "GET /favicon.ico HTTP/1.1" 200 946
0:0:0:0:0:0:0:1 - - [13/Nov/2018:22:15:16 +0800] "GET /student/login.do?username=201210312216&password=123456 HTTP/1.1" 200 1798
0:0:0:0:0:0:0:1 - - [13/Nov/2018:22:15:16 +0800] "GET /favicon.ico HTTP/1.1" 200 946
0:0:0:0:0:0:0:1 - - [13/Nov/2018:22:15:16 +0800] "GET /student/course/look.do HTTP/1.1" 200 1366
0:0:0:0:0:0:0:1 - - [13/Nov/2018:22:16:09 +0800] "GET /student/login.do?username=201210312216&password=123456 HTTP/1.1" 200 1798
0:0:0:0:0:0:0:1 - - [13/Nov/2018:22:16:09 +0800] "GET /favicon.ico HTTP/1.1" 200 946
0:0:0:0:0:0:0:1 - - [13/Nov/2018:22:16:10 +0800] "GET /student/course/look.do HTTP/1.1" 200 1360
0:0:0:0:0:0:0:1 - - [13/Nov/2018:22:16:42 +0800] "GET /student/login.do?username=201210312216&password=123456 HTTP/1.1" 200 1798
0:0:0:0:0:0:0:1 - - [13/Nov/2018:22:16:42 +0800] "GET /favicon.ico HTTP/1.1" 200 946
0:0:0:0:0:0:0:1 - - [13/Nov/2018:22:16:42 +0800] "GET /student/course/look.do HTTP/1.1" 200 1356
0:0:0:0:0:0:0:1 - - [13/Nov/2018:22:17:56 +0800] "GET /student/login.do?username=201210312216&password=123456 HTTP/1.1" 200 1798
0:0:0:0:0:0:0:1 - - [13/Nov/2018:22:17:56 +0800] "GET /favicon.ico HTTP/1.1" 200 946
0:0:0:0:0:0:0:1 - - [13/Nov/2018:22:17:56 +0800] "GET /student/course/look.do HTTP/1.1" 200 1356
0:0:0:0:0:0:0:1 - - [13/Nov/2018:22:19:53 +0800] "GET /student/login.do?username=201210312216&password=123456 HTTP/1.1" 200 1798
0:0:0:0:0:0:0:1 - - [13/Nov/2018:22:19:53 +0800] "GET /favicon.ico HTTP/1.1" 200 946
0:0:0:0:0:0:0:1 - - [13/Nov/2018:22:19:53 +0800] "GET /student/course/look.do HTTP/1.1" 200 1356
0:0:0:0:0:0:0:1 - - [13/Nov/2018:22:21:13 +0800] "GET /student/login.do?username=201210312216&password=123456 HTTP/1.1" 200 1798
0:0:0:0:0:0:0:1 - - [13/Nov/2018:22:21:13 +0800] "GET /favicon.ico HTTP/1.1" 200 946
0:0:0:0:0:0:0:1 - - [13/Nov/2018:22:21:14 +0800] "GET /student/course/look.do HTTP/1.1" 200 3503
0:0:0:0:0:0:0:1 - - [13/Nov/2018:22:22:24 +0800] "GET /student/login.do?username=201210312216&password=123456 HTTP/1.1" 200 1798
0:0:0:0:0:0:0:1 - - [13/Nov/2018:22:22:24 +0800] "GET /favicon.ico HTTP/1.1" 200 946
0:0:0:0:0:0:0:1 - - [13/Nov/2018:22:22:24 +0800] "GET /student/course/look.do HTTP/1.1" 200 3507
0:0:0:0:0:0:0:1 - - [13/Nov/2018:22:22:50 +0800] "GET /student/login.do?username=201210312216&password=123456 HTTP/1.1" 200 1798
0:0:0:0:0:0:0:1 - - [13/Nov/2018:22:22:50 +0800] "GET /favicon.ico HTTP/1.1" 200 946
0:0:0:0:0:0:0:1 - - [13/Nov/2018:22:22:51 +0800] "GET /student/course/look.do HTTP/1.1" 200 3505
0:0:0:0:0:0:0:1 - - [13/Nov/2018:22:23:18 +0800] "GET /student/course/look.do HTTP/1.1" 500 375
0:0:0:0:0:0:0:1 - - [13/Nov/2018:22:23:18 +0800] "GET /favicon.ico HTTP/1.1" 200 946
0:0:0:0:0:0:0:1 - - [13/Nov/2018:22:23:19 +0800] "GET /student/login.do?username=201210312216&password=123456 HTTP/1.1" 200 1798
0:0:0:0:0:0:0:1 - - [13/Nov/2018:22:23:19 +0800] "GET /favicon.ico HTTP/1.1" 200 946
0:0:0:0:0:0:0:1 - - [13/Nov/2018:22:23:19 +0800] "GET /student/course/look.do HTTP/1.1" 200 3495
0:0:0:0:0:0:0:1 - - [13/Nov/2018:22:25:01 +0800] "GET /student/login.do?username=201210312216&password=123456 HTTP/1.1" 200 1798
0:0:0:0:0:0:0:1 - - [13/Nov/2018:22:25:01 +0800] "GET /favicon.ico HTTP/1.1" 200 946
0:0:0:0:0:0:0:1 - - [13/Nov/2018:22:25:02 +0800] "GET /student/course/look.do HTTP/1.1" 200 3495
0:0:0:0:0:0:0:1 - - [13/Nov/2018:22:45:46 +0800] "GET /student/login.do?username=201210312216&password=123456 HTTP/1.1" 200 1798
0:0:0:0:0:0:0:1 - - [13/Nov/2018:22:45:46 +0800] "GET /favicon.ico HTTP/1.1" 200 946
0:0:0:0:0:0:0:1 - - [13/Nov/2018:22:45:46 +0800] "GET /student/course/look.do HTTP/1.1" 200 3495
0:0:0:0:0:0:0:1 - - [13/Nov/2018:22:50:52 +0800] "GET /student/login.do?username=201210312216&password=123456 HTTP/1.1" 200 1798
0:0:0:0:0:0:0:1 - - [13/Nov/2018:22:50:52 +0800] "GET /favicon.ico HTTP/1.1" 200 946
0:0:0:0:0:0:0:1 - - [13/Nov/2018:22:50:53 +0800] "GET /student/course/look.do HTTP/1.1" 200 3495
