0:0:0:0:0:0:0:1 - - [01/Feb/2020:16:22:45 +0800] "GET / HTTP/1.1" 200 2267
0:0:0:0:0:0:0:1 - - [01/Feb/2020:16:22:46 +0800] "GET /verifyUtil.do HTTP/1.1" 200 685
0:0:0:0:0:0:0:1 - - [01/Feb/2020:16:23:00 +0800] "POST /login.do HTTP/1.1" 302 -
0:0:0:0:0:0:0:1 - - [01/Feb/2020:16:23:00 +0800] "GET /student/login.do?username=201210312216&password=123456 HTTP/1.1" 200 2226
0:0:0:0:0:0:0:1 - - [01/Feb/2020:16:23:02 +0800] "GET /student/course/look.do HTTP/1.1" 200 7617
0:0:0:0:0:0:0:1 - - [01/Feb/2020:18:41:58 +0800] "GET / HTTP/1.1" 200 2267
0:0:0:0:0:0:0:1 - - [01/Feb/2020:18:41:59 +0800] "GET /verifyUtil.do HTTP/1.1" 200 780
0:0:0:0:0:0:0:1 - - [01/Feb/2020:18:41:59 +0800] "GET /favicon.ico HTTP/1.1" 200 946
0:0:0:0:0:0:0:1 - - [01/Feb/2020:18:42:12 +0800] "POST /login.do HTTP/1.1" 302 -
0:0:0:0:0:0:0:1 - - [01/Feb/2020:18:42:13 +0800] "GET /teacher/login.do?username=201610414415&password=123456 HTTP/1.1" 200 2237
0:0:0:0:0:0:0:1 - - [01/Feb/2020:18:42:38 +0800] "GET /teacher/course/look.do HTTP/1.1" 200 1987
0:0:0:0:0:0:0:1 - - [01/Feb/2020:18:47:24 +0800] "GET /teacher/course/look.do HTTP/1.1" 500 7104
0:0:0:0:0:0:0:1 - - [01/Feb/2020:18:47:24 +0800] "GET /favicon.ico HTTP/1.1" 200 946
0:0:0:0:0:0:0:1 - - [01/Feb/2020:18:47:26 +0800] "GET /teacher/login.do?username=201610414415&password=123456 HTTP/1.1" 200 2237
0:0:0:0:0:0:0:1 - - [01/Feb/2020:18:47:26 +0800] "GET /favicon.ico HTTP/1.1" 200 946
0:0:0:0:0:0:0:1 - - [01/Feb/2020:18:47:34 +0800] "GET /teacher/course/look.do HTTP/1.1" 200 7122
0:0:0:0:0:0:0:1 - - [01/Feb/2020:18:47:47 +0800] "GET / HTTP/1.1" 200 2267
0:0:0:0:0:0:0:1 - - [01/Feb/2020:18:47:47 +0800] "GET /verifyUtil.do HTTP/1.1" 200 651
0:0:0:0:0:0:0:1 - - [01/Feb/2020:18:47:47 +0800] "GET /verifyUtil.do HTTP/1.1" 200 612
0:0:0:0:0:0:0:1 - - [01/Feb/2020:18:47:56 +0800] "POST /login.do HTTP/1.1" 200 2298
0:0:0:0:0:0:0:1 - - [01/Feb/2020:18:48:04 +0800] "POST /login.do HTTP/1.1" 302 -
0:0:0:0:0:0:0:1 - - [01/Feb/2020:18:48:04 +0800] "GET /student/login.do?username=201210312216&password=123456 HTTP/1.1" 200 2226
0:0:0:0:0:0:0:1 - - [01/Feb/2020:18:48:07 +0800] "GET /student/course/look.do HTTP/1.1" 200 7617
0:0:0:0:0:0:0:1 - - [01/Feb/2020:23:16:02 +0800] "POST /login.do HTTP/1.1" 200 2298
0:0:0:0:0:0:0:1 - - [01/Feb/2020:23:16:02 +0800] "GET /verifyUtil.do HTTP/1.1" 200 640
0:0:0:0:0:0:0:1 - - [01/Feb/2020:23:16:02 +0800] "GET /favicon.ico HTTP/1.1" 200 946
0:0:0:0:0:0:0:1 - - [01/Feb/2020:23:16:13 +0800] "GET /verifyUtil.do?69 HTTP/1.1" 200 636
0:0:0:0:0:0:0:1 - - [01/Feb/2020:23:16:20 +0800] "POST /login.do HTTP/1.1" 200 2298
0:0:0:0:0:0:0:1 - - [01/Feb/2020:23:16:20 +0800] "GET /verifyUtil.do HTTP/1.1" 200 652
0:0:0:0:0:0:0:1 - - [01/Feb/2020:23:16:29 +0800] "POST /login.do HTTP/1.1" 302 -
0:0:0:0:0:0:0:1 - - [01/Feb/2020:23:16:29 +0800] "GET /teacher/login.do?username=201610414415&password=123456 HTTP/1.1" 200 2237
0:0:0:0:0:0:0:1 - - [01/Feb/2020:23:17:04 +0800] "GET /teacher/login.do?username=201610414415&password=123456 HTTP/1.1" 200 2407
0:0:0:0:0:0:0:1 - - [01/Feb/2020:23:17:04 +0800] "GET /favicon.ico HTTP/1.1" 200 946
0:0:0:0:0:0:0:1 - - [01/Feb/2020:23:17:05 +0800] "GET /teacher/course/look.do HTTP/1.1" 200 7122
