0:0:0:0:0:0:0:1 - - [12/Feb/2020:15:51:37 +0800] "GET / HTTP/1.1" 200 2267
0:0:0:0:0:0:0:1 - - [12/Feb/2020:15:51:38 +0800] "GET /verifyUtil.do HTTP/1.1" 200 645
0:0:0:0:0:0:0:1 - - [12/Feb/2020:15:51:50 +0800] "POST /login.do HTTP/1.1" 302 -
0:0:0:0:0:0:0:1 - - [12/Feb/2020:15:51:50 +0800] "GET /teacher/login.do?username=201610414415&password=123456 HTTP/1.1" 200 2407
0:0:0:0:0:0:0:1 - - [12/Feb/2020:15:58:14 +0800] "GET /teacher/login.do?username=201610414415&password=123456 HTTP/1.1" 200 2558
0:0:0:0:0:0:0:1 - - [12/Feb/2020:15:58:14 +0800] "GET /favicon.ico HTTP/1.1" 200 946
0:0:0:0:0:0:0:1 - - [12/Feb/2020:15:58:15 +0800] "GET /teacher/score/enter/get.doo HTTP/1.1" 404 295
0:0:0:0:0:0:0:1 - - [12/Feb/2020:15:59:17 +0800] "GET /teacher/login.do?username=201610414415&password=123456 HTTP/1.1" 200 2557
0:0:0:0:0:0:0:1 - - [12/Feb/2020:15:59:17 +0800] "GET /favicon.ico HTTP/1.1" 200 946
0:0:0:0:0:0:0:1 - - [12/Feb/2020:15:59:18 +0800] "GET /teacher/score/enter/get.do HTTP/1.1" 200 2572
0:0:0:0:0:0:0:1 - - [12/Feb/2020:15:59:32 +0800] "GET /teacher/course/public/set.do HTTP/1.1" 200 3667
0:0:0:0:0:0:0:1 - - [12/Feb/2020:15:59:39 +0800] "POST /teacher/course/public/select.do HTTP/1.1" 200 2768
0:0:0:0:0:0:0:1 - - [12/Feb/2020:15:59:41 +0800] "POST /teacher/course/public/ensure.do HTTP/1.1" 200 298
0:0:0:0:0:0:0:1 - - [12/Feb/2020:15:59:42 +0800] "GET /teacher/return.do HTTP/1.1" 200 2530
0:0:0:0:0:0:0:1 - - [12/Feb/2020:15:59:44 +0800] "GET /teacher/score/enter/get.do HTTP/1.1" 200 3289
0:0:0:0:0:0:0:1 - - [12/Feb/2020:16:02:01 +0800] "GET /teacher/return.do HTTP/1.1" 500 10822
0:0:0:0:0:0:0:1 - - [12/Feb/2020:16:02:01 +0800] "GET /favicon.ico HTTP/1.1" 200 946
0:0:0:0:0:0:0:1 - - [12/Feb/2020:16:02:02 +0800] "GET /teacher/return.do HTTP/1.1" 500 10822
0:0:0:0:0:0:0:1 - - [12/Feb/2020:16:02:02 +0800] "GET /favicon.ico HTTP/1.1" 200 946
0:0:0:0:0:0:0:1 - - [12/Feb/2020:16:02:03 +0800] "GET /teacher/return.do HTTP/1.1" 500 10822
0:0:0:0:0:0:0:1 - - [12/Feb/2020:16:02:03 +0800] "GET /favicon.ico HTTP/1.1" 200 946
0:0:0:0:0:0:0:1 - - [12/Feb/2020:16:02:04 +0800] "GET /teacher/return.do HTTP/1.1" 500 10822
0:0:0:0:0:0:0:1 - - [12/Feb/2020:16:02:04 +0800] "GET /favicon.ico HTTP/1.1" 200 946
0:0:0:0:0:0:0:1 - - [12/Feb/2020:16:02:08 +0800] "GET /teacher HTTP/1.1" 404 295
0:0:0:0:0:0:0:1 - - [12/Feb/2020:16:02:11 +0800] "GET /teacher HTTP/1.1" 404 295
0:0:0:0:0:0:0:1 - - [12/Feb/2020:16:03:26 +0800] "GET /teacher HTTP/1.1" 404 295
0:0:0:0:0:0:0:1 - - [12/Feb/2020:16:03:26 +0800] "GET /favicon.ico HTTP/1.1" 200 946
0:0:0:0:0:0:0:1 - - [12/Feb/2020:16:03:27 +0800] "GET /teacher HTTP/1.1" 404 295
0:0:0:0:0:0:0:1 - - [12/Feb/2020:16:03:27 +0800] "GET /favicon.ico HTTP/1.1" 200 946
0:0:0:0:0:0:0:1 - - [12/Feb/2020:16:03:37 +0800] "GET / HTTP/1.1" 200 2267
0:0:0:0:0:0:0:1 - - [12/Feb/2020:16:03:38 +0800] "GET /verifyUtil.do HTTP/1.1" 200 627
0:0:0:0:0:0:0:1 - - [12/Feb/2020:16:03:48 +0800] "POST /login.do HTTP/1.1" 302 -
0:0:0:0:0:0:0:1 - - [12/Feb/2020:16:03:48 +0800] "GET /teacher/login.do?username=201610414415&password=123456 HTTP/1.1" 200 2557
0:0:0:0:0:0:0:1 - - [12/Feb/2020:16:03:50 +0800] "GET /teacher/score/enter/get.do HTTP/1.1" 200 3289
0:0:0:0:0:0:0:1 - - [12/Feb/2020:16:04:58 +0800] "GET /teacher/login.do?username=201610414415&password=123456 HTTP/1.1" 200 2557
0:0:0:0:0:0:0:1 - - [12/Feb/2020:16:04:58 +0800] "GET /favicon.ico HTTP/1.1" 200 946
0:0:0:0:0:0:0:1 - - [12/Feb/2020:16:04:58 +0800] "GET /teacher/score/enter/get.do HTTP/1.1" 200 3289
0:0:0:0:0:0:0:1 - - [12/Feb/2020:16:06:48 +0800] "GET /teacher/login.do?username=201610414415&password=123456 HTTP/1.1" 200 2557
0:0:0:0:0:0:0:1 - - [12/Feb/2020:16:06:48 +0800] "GET /favicon.ico HTTP/1.1" 200 946
0:0:0:0:0:0:0:1 - - [12/Feb/2020:16:06:50 +0800] "GET /teacher/score/enter/get.do HTTP/1.1" 200 3289
0:0:0:0:0:0:0:1 - - [12/Feb/2020:16:06:53 +0800] "GET /teacher/login.do?username=201610414415&password=123456 HTTP/1.1" 200 2557
0:0:0:0:0:0:0:1 - - [12/Feb/2020:16:06:53 +0800] "GET /favicon.ico HTTP/1.1" 200 946
0:0:0:0:0:0:0:1 - - [12/Feb/2020:16:06:55 +0800] "GET /teacher/score/enter/get.do HTTP/1.1" 200 3289
0:0:0:0:0:0:0:1 - - [12/Feb/2020:16:08:48 +0800] "GET /teacher/login.do?username=201610414415&password=123456 HTTP/1.1" 200 2557
0:0:0:0:0:0:0:1 - - [12/Feb/2020:16:08:48 +0800] "GET /favicon.ico HTTP/1.1" 200 946
0:0:0:0:0:0:0:1 - - [12/Feb/2020:16:08:48 +0800] "GET /teacher/score/enter/get.do HTTP/1.1" 200 4509
0:0:0:0:0:0:0:1 - - [12/Feb/2020:16:10:03 +0800] "GET /teacher/login.do?username=201610414415&password=123456 HTTP/1.1" 200 2557
0:0:0:0:0:0:0:1 - - [12/Feb/2020:16:10:03 +0800] "GET /favicon.ico HTTP/1.1" 200 946
0:0:0:0:0:0:0:1 - - [12/Feb/2020:16:10:04 +0800] "GET /teacher/score/enter/get.do HTTP/1.1" 200 3287
0:0:0:0:0:0:0:1 - - [12/Feb/2020:16:10:34 +0800] "GET /teacher/course/public/set.do HTTP/1.1" 200 3792
0:0:0:0:0:0:0:1 - - [12/Feb/2020:16:10:41 +0800] "GET /teacher/score/enter/get.do HTTP/1.1" 200 3287
0:0:0:0:0:0:0:1 - - [12/Feb/2020:16:36:03 +0800] "GET /teacher/login.do?username=201610414415&password=123456 HTTP/1.1" 200 2557
0:0:0:0:0:0:0:1 - - [12/Feb/2020:16:36:03 +0800] "GET /favicon.ico HTTP/1.1" 200 946
0:0:0:0:0:0:0:1 - - [12/Feb/2020:16:36:04 +0800] "GET /teacher/score/enter/get.do HTTP/1.1" 200 3308
0:0:0:0:0:0:0:1 - - [12/Feb/2020:18:05:20 +0800] "GET /teacher/login.do?username=201610414415&password=123456 HTTP/1.1" 200 2557
0:0:0:0:0:0:0:1 - - [12/Feb/2020:18:05:20 +0800] "GET /favicon.ico HTTP/1.1" 200 946
0:0:0:0:0:0:0:1 - - [12/Feb/2020:18:05:20 +0800] "GET /teacher/score/enter/get.do HTTP/1.1" 200 3380
0:0:0:0:0:0:0:1 - - [12/Feb/2020:18:05:31 +0800] "POST /teacher/score/enter/select.do HTTP/1.1" 200 132
