0:0:0:0:0:0:0:1 - - [15/Mar/2020:00:06:55 +0800] "GET /department/login.do?username=000000000001&password=123456 HTTP/1.1" 200 1825
0:0:0:0:0:0:0:1 - - [15/Mar/2020:00:06:55 +0800] "GET /favicon.ico HTTP/1.1" 200 946
0:0:0:0:0:0:0:1 - - [15/Mar/2020:00:06:55 +0800] "GET /department/course/professional/set.do HTTP/1.1" 200 12826
0:0:0:0:0:0:0:1 - - [15/Mar/2020:00:06:57 +0800] "POST /department/course/professional/class.do HTTP/1.1" 200 627
0:0:0:0:0:0:0:1 - - [15/Mar/2020:00:07:01 +0800] "POST /department/course/professional/class.do HTTP/1.1" 200 1102
0:0:0:0:0:0:0:1 - - [15/Mar/2020:00:07:02 +0800] "POST /department/course/professional/year.do HTTP/1.1" 500 600
0:0:0:0:0:0:0:1 - - [15/Mar/2020:00:07:06 +0800] "POST /department/course/professional/year.do HTTP/1.1" 500 600
0:0:0:0:0:0:0:1 - - [15/Mar/2020:00:08:55 +0800] "GET /department/login.do?username=000000000001&password=123456 HTTP/1.1" 200 1024
0:0:0:0:0:0:0:1 - - [15/Mar/2020:00:08:55 +0800] "GET /department/course/professional/set.do HTTP/1.1" 200 12826
0:0:0:0:0:0:0:1 - - [15/Mar/2020:00:08:55 +0800] "GET /favicon.ico HTTP/1.1" 200 946
0:0:0:0:0:0:0:1 - - [15/Mar/2020:00:08:57 +0800] "POST /department/course/professional/class.do HTTP/1.1" 200 1102
0:0:0:0:0:0:0:1 - - [15/Mar/2020:00:09:14 +0800] "POST /department/course/professional/year.do HTTP/1.1" 200 627
0:0:0:0:0:0:0:1 - - [15/Mar/2020:00:09:21 +0800] "POST /department/course/professional/year.do HTTP/1.1" 200 1263
0:0:0:0:0:0:0:1 - - [15/Mar/2020:00:10:43 +0800] "POST /department/course/professional/year.do HTTP/1.1" 200 1263
0:0:0:0:0:0:0:1 - - [15/Mar/2020:00:10:43 +0800] "GET /favicon.ico HTTP/1.1" 200 946
0:0:0:0:0:0:0:1 - - [15/Mar/2020:00:10:44 +0800] "GET /department/course/professional/set.do HTTP/1.1" 200 12826
0:0:0:0:0:0:0:1 - - [15/Mar/2020:00:10:44 +0800] "GET /favicon.ico HTTP/1.1" 200 946
0:0:0:0:0:0:0:1 - - [15/Mar/2020:00:10:45 +0800] "GET /department/login.do?username=000000000001&password=123456 HTTP/1.1" 200 1825
0:0:0:0:0:0:0:1 - - [15/Mar/2020:00:10:45 +0800] "GET /favicon.ico HTTP/1.1" 200 946
0:0:0:0:0:0:0:1 - - [15/Mar/2020:00:10:45 +0800] "GET /department/login.do?username=000000000001&password=123456 HTTP/1.1" 200 1825
0:0:0:0:0:0:0:1 - - [15/Mar/2020:00:10:45 +0800] "GET /favicon.ico HTTP/1.1" 200 946
0:0:0:0:0:0:0:1 - - [15/Mar/2020:00:10:46 +0800] "GET /department/course/professional/set.do HTTP/1.1" 200 12826
0:0:0:0:0:0:0:1 - - [15/Mar/2020:00:10:49 +0800] "POST /department/course/professional/class.do HTTP/1.1" 200 1102
0:0:0:0:0:0:0:1 - - [15/Mar/2020:00:10:52 +0800] "POST /department/course/professional/year.do HTTP/1.1" 200 1263
0:0:0:0:0:0:0:1 - - [15/Mar/2020:00:13:35 +0800] "GET /department/login.do?username=000000000001&password=123456 HTTP/1.1" 200 1825
0:0:0:0:0:0:0:1 - - [15/Mar/2020:00:13:35 +0800] "GET /favicon.ico HTTP/1.1" 200 946
0:0:0:0:0:0:0:1 - - [15/Mar/2020:00:13:36 +0800] "GET /department/course/professional/set.do HTTP/1.1" 200 12826
0:0:0:0:0:0:0:1 - - [15/Mar/2020:00:13:37 +0800] "POST /department/course/professional/class.do HTTP/1.1" 200 1102
0:0:0:0:0:0:0:1 - - [15/Mar/2020:00:13:40 +0800] "POST /department/course/professional/year.do HTTP/1.1" 200 639
0:0:0:0:0:0:0:1 - - [15/Mar/2020:10:13:43 +0800] "GET / HTTP/1.1" 200 2267
0:0:0:0:0:0:0:1 - - [15/Mar/2020:10:13:44 +0800] "GET /verifyUtil.do HTTP/1.1" 200 649
0:0:0:0:0:0:0:1 - - [15/Mar/2020:10:14:10 +0800] "POST /login.do HTTP/1.1" 200 2298
0:0:0:0:0:0:0:1 - - [15/Mar/2020:10:14:10 +0800] "GET /verifyUtil.do HTTP/1.1" 200 715
0:0:0:0:0:0:0:1 - - [15/Mar/2020:10:14:21 +0800] "POST /login.do HTTP/1.1" 302 -
0:0:0:0:0:0:0:1 - - [15/Mar/2020:10:14:21 +0800] "GET /department/login.do?username=000000000001&password=123456 HTTP/1.1" 200 1825
0:0:0:0:0:0:0:1 - - [15/Mar/2020:10:14:22 +0800] "GET /department/course/professional/set.do HTTP/1.1" 200 12826
0:0:0:0:0:0:0:1 - - [15/Mar/2020:10:14:24 +0800] "POST /department/course/professional/class.do HTTP/1.1" 200 1013
0:0:0:0:0:0:0:1 - - [15/Mar/2020:10:14:27 +0800] "POST /department/course/professional/class.do HTTP/1.1" 200 1013
0:0:0:0:0:0:0:1 - - [15/Mar/2020:10:14:29 +0800] "POST /department/course/professional/year.do HTTP/1.1" 200 655
0:0:0:0:0:0:0:1 - - [15/Mar/2020:10:14:35 +0800] "POST /department/course/professional/year.do HTTP/1.1" 200 639
0:0:0:0:0:0:0:1 - - [15/Mar/2020:10:14:45 +0800] "POST /department/course/professional/year.do HTTP/1.1" 200 1263
0:0:0:0:0:0:0:1 - - [15/Mar/2020:10:14:51 +0800] "POST /department/course/professional/semester.do HTTP/1.1" 200 1037
0:0:0:0:0:0:0:1 - - [15/Mar/2020:10:14:54 +0800] "POST /department/course/professional/year.do HTTP/1.1" 200 1263
0:0:0:0:0:0:0:1 - - [15/Mar/2020:10:14:55 +0800] "POST /department/course/professional/semester.do HTTP/1.1" 200 627
0:0:0:0:0:0:0:1 - - [15/Mar/2020:10:14:59 +0800] "POST /department/course/professional/semester.do HTTP/1.1" 200 1037
0:0:0:0:0:0:0:1 - - [15/Mar/2020:10:15:05 +0800] "POST /department/course/professional/name.do HTTP/1.1" 200 600
0:0:0:0:0:0:0:1 - - [15/Mar/2020:11:02:23 +0800] "GET /department/login.do?username=000000000001&password=123456 HTTP/1.1" 200 1825
0:0:0:0:0:0:0:1 - - [15/Mar/2020:11:02:23 +0800] "GET /favicon.ico HTTP/1.1" 200 946
0:0:0:0:0:0:0:1 - - [15/Mar/2020:11:02:39 +0800] "GET /department/course/elective/school/set.do HTTP/1.1" 200 896
0:0:0:0:0:0:0:1 - - [15/Mar/2020:11:02:41 +0800] "POST /department/course/elective/school/size.do HTTP/1.1" 400 600
0:0:0:0:0:0:0:1 - - [15/Mar/2020:11:03:10 +0800] "GET /department/course/elective/school/set.do HTTP/1.1" 200 896
0:0:0:0:0:0:0:1 - - [15/Mar/2020:11:03:10 +0800] "GET /favicon.ico HTTP/1.1" 200 946
0:0:0:0:0:0:0:1 - - [15/Mar/2020:11:03:13 +0800] "GET /department/login.do?username=000000000001&password=123456 HTTP/1.1" 200 1825
0:0:0:0:0:0:0:1 - - [15/Mar/2020:11:03:13 +0800] "GET /favicon.ico HTTP/1.1" 200 946
0:0:0:0:0:0:0:1 - - [15/Mar/2020:11:03:14 +0800] "GET /department/course/elective/school/set.do HTTP/1.1" 200 896
0:0:0:0:0:0:0:1 - - [15/Mar/2020:11:03:17 +0800] "POST /department/course/elective/school/size.do HTTP/1.1" 200 965
0:0:0:0:0:0:0:1 - - [15/Mar/2020:12:12:36 +0800] "GET /department/login.do?username=000000000001&password=123456 HTTP/1.1" 200 1825
0:0:0:0:0:0:0:1 - - [15/Mar/2020:12:12:36 +0800] "GET /favicon.ico HTTP/1.1" 200 946
0:0:0:0:0:0:0:1 - - [15/Mar/2020:12:12:38 +0800] "GET /department/course/elective/school/set.do HTTP/1.1" 404 600
0:0:0:0:0:0:0:1 - - [15/Mar/2020:12:12:40 +0800] "GET /department/course/elective/school/set.do HTTP/1.1" 404 600
0:0:0:0:0:0:0:1 - - [15/Mar/2020:12:14:01 +0800] "GET /department/login.do?username=000000000001&password=123456 HTTP/1.1" 200 1639
0:0:0:0:0:0:0:1 - - [15/Mar/2020:12:14:01 +0800] "GET /favicon.ico HTTP/1.1" 200 946
0:0:0:0:0:0:0:1 - - [15/Mar/2020:12:14:03 +0800] "GET /department/course/elective/set.do HTTP/1.1" 200 896
0:0:0:0:0:0:0:1 - - [15/Mar/2020:12:14:05 +0800] "POST /department/course/elective/size.do HTTP/1.1" 200 636
0:0:0:0:0:0:0:1 - - [15/Mar/2020:12:14:08 +0800] "POST /department/course/elective/size.do HTTP/1.1" 200 636
0:0:0:0:0:0:0:1 - - [15/Mar/2020:12:17:03 +0800] "POST /department/course/elective/size.do HTTP/1.1" 200 965
0:0:0:0:0:0:0:1 - - [15/Mar/2020:12:17:05 +0800] "POST /department/course/elective/year.do HTTP/1.1" 200 655
0:0:0:0:0:0:0:1 - - [15/Mar/2020:12:17:12 +0800] "POST /department/course/elective/year.do HTTP/1.1" 200 1149
0:0:0:0:0:0:0:1 - - [15/Mar/2020:15:20:44 +0800] "GET / HTTP/1.1" 200 2267
0:0:0:0:0:0:0:1 - - [15/Mar/2020:15:20:46 +0800] "GET /verifyUtil.do HTTP/1.1" 200 655
0:0:0:0:0:0:0:1 - - [15/Mar/2020:15:20:54 +0800] "GET /verifyUtil.do?49 HTTP/1.1" 200 668
0:0:0:0:0:0:0:1 - - [15/Mar/2020:15:21:08 +0800] "POST /login.do HTTP/1.1" 302 -
0:0:0:0:0:0:0:1 - - [15/Mar/2020:15:21:08 +0800] "GET /department/login.do?username=000000000001&password=123456 HTTP/1.1" 200 1639
0:0:0:0:0:0:0:1 - - [15/Mar/2020:15:21:10 +0800] "GET /department/course/professional/set.do HTTP/1.1" 200 11986
0:0:0:0:0:0:0:1 - - [15/Mar/2020:15:21:12 +0800] "GET /department/course/elective/set.do HTTP/1.1" 200 1028
0:0:0:0:0:0:0:1 - - [15/Mar/2020:15:21:14 +0800] "POST /department/course/elective/size.do HTTP/1.1" 200 636
0:0:0:0:0:0:0:1 - - [15/Mar/2020:15:21:19 +0800] "POST /department/course/elective/size.do HTTP/1.1" 200 639
0:0:0:0:0:0:0:1 - - [15/Mar/2020:15:21:26 +0800] "POST /department/course/elective/size.do HTTP/1.1" 200 1009
0:0:0:0:0:0:0:1 - - [15/Mar/2020:16:29:19 +0800] "GET / HTTP/1.1" 200 2267
0:0:0:0:0:0:0:1 - - [15/Mar/2020:16:29:20 +0800] "GET /verifyUtil.do HTTP/1.1" 200 625
0:0:0:0:0:0:0:1 - - [15/Mar/2020:16:29:20 +0800] "GET /favicon.ico HTTP/1.1" 200 946
0:0:0:0:0:0:0:1 - - [15/Mar/2020:16:29:26 +0800] "GET /verifyUtil.do?99 HTTP/1.1" 200 606
0:0:0:0:0:0:0:1 - - [15/Mar/2020:16:29:33 +0800] "POST /login.do HTTP/1.1" 302 -
0:0:0:0:0:0:0:1 - - [15/Mar/2020:16:29:33 +0800] "GET /student/login.do?username=201210312216&password=123456 HTTP/1.1" 200 2196
0:0:0:0:0:0:0:1 - - [15/Mar/2020:16:29:36 +0800] "GET /student/course/timetable/get.do HTTP/1.1" 200 1410
0:0:0:0:0:0:0:1 - - [15/Mar/2020:16:29:40 +0800] "POST /student/course/timetable/select.do HTTP/1.1" 200 7239
0:0:0:0:0:0:0:1 - - [15/Mar/2020:16:30:39 +0800] "POST /student/course/timetable/select.do HTTP/1.1" 200 6271
0:0:0:0:0:0:0:1 - - [15/Mar/2020:16:45:20 +0800] "GET /student/login.do?username=201210312216&password=123456 HTTP/1.1" 200 2198
0:0:0:0:0:0:0:1 - - [15/Mar/2020:16:45:20 +0800] "GET /favicon.ico HTTP/1.1" 200 946
0:0:0:0:0:0:0:1 - - [15/Mar/2020:16:45:20 +0800] "GET /student/score/show/get.do HTTP/1.1" 200 1196
0:0:0:0:0:0:0:1 - - [15/Mar/2020:16:45:24 +0800] "POST /student/score/show/look.do HTTP/1.1" 404 600
0:0:0:0:0:0:0:1 - - [15/Mar/2020:16:46:47 +0800] "GET /student/login.do?username=201210312216&password=123456 HTTP/1.1" 200 2198
0:0:0:0:0:0:0:1 - - [15/Mar/2020:16:46:47 +0800] "GET /favicon.ico HTTP/1.1" 200 946
0:0:0:0:0:0:0:1 - - [15/Mar/2020:16:46:48 +0800] "GET /student/score/show/get.do HTTP/1.1" 200 1198
0:0:0:0:0:0:0:1 - - [15/Mar/2020:16:46:51 +0800] "POST /student/score/show/select.do HTTP/1.1" 500 600
0:0:0:0:0:0:0:1 - - [15/Mar/2020:16:47:08 +0800] "GET /student/login.do?username=201210312216&password=123456 HTTP/1.1" 200 2198
0:0:0:0:0:0:0:1 - - [15/Mar/2020:16:47:08 +0800] "GET /favicon.ico HTTP/1.1" 200 946
0:0:0:0:0:0:0:1 - - [15/Mar/2020:16:47:09 +0800] "GET /student/score/show/get.do HTTP/1.1" 200 1198
0:0:0:0:0:0:0:1 - - [15/Mar/2020:16:47:12 +0800] "POST /student/score/show/select.do HTTP/1.1" 500 600
0:0:0:0:0:0:0:1 - - [15/Mar/2020:16:48:27 +0800] "GET /student/login.do?username=201210312216&password=123456 HTTP/1.1" 200 2198
0:0:0:0:0:0:0:1 - - [15/Mar/2020:16:48:27 +0800] "GET /favicon.ico HTTP/1.1" 200 946
0:0:0:0:0:0:0:1 - - [15/Mar/2020:16:48:28 +0800] "GET /student/score/show/get.do HTTP/1.1" 200 1198
0:0:0:0:0:0:0:1 - - [15/Mar/2020:16:48:34 +0800] "POST /student/score/show/select.do HTTP/1.1" 200 1212
0:0:0:0:0:0:0:1 - - [15/Mar/2020:16:48:38 +0800] "POST /student/score/show/select.do HTTP/1.1" 200 1221
0:0:0:0:0:0:0:1 - - [15/Mar/2020:16:48:43 +0800] "POST /student/score/show/select.do HTTP/1.1" 200 1221
0:0:0:0:0:0:0:1 - - [15/Mar/2020:16:48:45 +0800] "POST /student/score/show/select.do HTTP/1.1" 200 1221
0:0:0:0:0:0:0:1 - - [15/Mar/2020:16:48:57 +0800] "POST /student/score/show/select.do HTTP/1.1" 200 1221
0:0:0:0:0:0:0:1 - - [15/Mar/2020:16:49:02 +0800] "POST /student/score/show/select.do HTTP/1.1" 200 1221
0:0:0:0:0:0:0:1 - - [15/Mar/2020:16:49:09 +0800] "POST /student/score/show/select.do HTTP/1.1" 200 1221
0:0:0:0:0:0:0:1 - - [15/Mar/2020:16:49:12 +0800] "POST /student/score/show/select.do HTTP/1.1" 200 1221
0:0:0:0:0:0:0:1 - - [15/Mar/2020:16:50:10 +0800] "GET /student/login.do?username=201210312216&password=123456 HTTP/1.1" 200 2198
0:0:0:0:0:0:0:1 - - [15/Mar/2020:16:50:10 +0800] "GET /favicon.ico HTTP/1.1" 200 946
0:0:0:0:0:0:0:1 - - [15/Mar/2020:16:50:10 +0800] "GET /student/score/show/get.do HTTP/1.1" 200 1198
0:0:0:0:0:0:0:1 - - [15/Mar/2020:16:50:14 +0800] "POST /student/score/show/select.do HTTP/1.1" 200 1221
0:0:0:0:0:0:0:1 - - [15/Mar/2020:16:50:24 +0800] "POST /student/score/show/select.do HTTP/1.1" 200 1221
0:0:0:0:0:0:0:1 - - [15/Mar/2020:16:51:16 +0800] "POST /student/score/show/select.do HTTP/1.1" 200 1212
0:0:0:0:0:0:0:1 - - [15/Mar/2020:16:55:44 +0800] "GET /student/score/show/get.do HTTP/1.1" 200 1198
0:0:0:0:0:0:0:1 - - [15/Mar/2020:16:55:44 +0800] "GET /favicon.ico HTTP/1.1" 200 946
0:0:0:0:0:0:0:1 - - [15/Mar/2020:16:55:44 +0800] "GET /student/login.do?username=201210312216&password=123456 HTTP/1.1" 200 2198
0:0:0:0:0:0:0:1 - - [15/Mar/2020:16:55:44 +0800] "GET /favicon.ico HTTP/1.1" 200 946
0:0:0:0:0:0:0:1 - - [15/Mar/2020:16:55:45 +0800] "GET /student/score/show/get.do HTTP/1.1" 200 1198
0:0:0:0:0:0:0:1 - - [15/Mar/2020:16:55:51 +0800] "POST /student/score/show/select.do HTTP/1.1" 200 1212
0:0:0:0:0:0:0:1 - - [15/Mar/2020:16:57:47 +0800] "GET /student/login.do?username=201210312216&password=123456 HTTP/1.1" 200 2198
0:0:0:0:0:0:0:1 - - [15/Mar/2020:16:57:47 +0800] "GET /favicon.ico HTTP/1.1" 200 946
0:0:0:0:0:0:0:1 - - [15/Mar/2020:16:57:48 +0800] "GET /student/score/show/get.do HTTP/1.1" 200 1198
0:0:0:0:0:0:0:1 - - [15/Mar/2020:16:57:53 +0800] "POST /student/score/show/select.do HTTP/1.1" 500 600
0:0:0:0:0:0:0:1 - - [15/Mar/2020:16:58:56 +0800] "GET /student/login.do?username=201210312216&password=123456 HTTP/1.1" 200 2198
0:0:0:0:0:0:0:1 - - [15/Mar/2020:16:58:56 +0800] "GET /favicon.ico HTTP/1.1" 200 946
0:0:0:0:0:0:0:1 - - [15/Mar/2020:16:58:56 +0800] "GET /student/score/show/get.do HTTP/1.1" 200 1198
0:0:0:0:0:0:0:1 - - [15/Mar/2020:16:59:02 +0800] "POST /student/score/show/select.do HTTP/1.1" 500 600
0:0:0:0:0:0:0:1 - - [15/Mar/2020:17:00:38 +0800] "POST /student/score/show/select.do HTTP/1.1" 200 1221
0:0:0:0:0:0:0:1 - - [15/Mar/2020:17:04:58 +0800] "GET /student/score/show/get.do HTTP/1.1" 200 1198
0:0:0:0:0:0:0:1 - - [15/Mar/2020:17:04:58 +0800] "GET /favicon.ico HTTP/1.1" 200 946
0:0:0:0:0:0:0:1 - - [15/Mar/2020:17:04:59 +0800] "GET /student/login.do?username=201210312216&password=123456 HTTP/1.1" 200 2198
0:0:0:0:0:0:0:1 - - [15/Mar/2020:17:04:59 +0800] "GET /favicon.ico HTTP/1.1" 200 946
0:0:0:0:0:0:0:1 - - [15/Mar/2020:17:05:00 +0800] "GET /student/score/show/get.do HTTP/1.1" 200 1198
0:0:0:0:0:0:0:1 - - [15/Mar/2020:17:05:06 +0800] "POST /student/score/show/select.do HTTP/1.1" 200 1212
0:0:0:0:0:0:0:1 - - [15/Mar/2020:17:05:18 +0800] "GET /student/score/show/get.do HTTP/1.1" 200 1198
0:0:0:0:0:0:0:1 - - [15/Mar/2020:17:05:22 +0800] "POST /student/score/show/select.do HTTP/1.1" 200 1221
0:0:0:0:0:0:0:1 - - [15/Mar/2020:17:07:47 +0800] "GET /student/course/elective/set.do HTTP/1.1" 200 1467
0:0:0:0:0:0:0:1 - - [15/Mar/2020:17:07:52 +0800] "GET /student/course/elective/set.do HTTP/1.1" 200 1467
0:0:0:0:0:0:0:1 - - [15/Mar/2020:17:08:33 +0800] "GET /verifyUtil.do?91 HTTP/1.1" 200 687
0:0:0:0:0:0:0:1 - - [15/Mar/2020:17:08:39 +0800] "POST /login.do HTTP/1.1" 302 -
0:0:0:0:0:0:0:1 - - [15/Mar/2020:17:08:39 +0800] "GET /teacher/login.do?username=201610414415&password=123456 HTTP/1.1" 200 2699
0:0:0:0:0:0:0:1 - - [15/Mar/2020:17:08:40 +0800] "GET /teacher/course/professional/set.do HTTP/1.1" 200 3612
0:0:0:0:0:0:0:1 - - [15/Mar/2020:17:09:02 +0800] "GET /teacher/course/elective/set.do HTTP/1.1" 404 600
0:0:0:0:0:0:0:1 - - [15/Mar/2020:17:09:05 +0800] "GET /teacher/course/public/set.do HTTP/1.1" 200 3792
0:0:0:0:0:0:0:1 - - [15/Mar/2020:17:09:27 +0800] "GET /teacher/course/public/set.do HTTP/1.1" 200 3792
0:0:0:0:0:0:0:1 - - [15/Mar/2020:17:09:30 +0800] "GET /teacher/course/elective/set.do HTTP/1.1" 404 600
0:0:0:0:0:0:0:1 - - [15/Mar/2020:17:13:20 +0800] "GET /teacher/login.do?username=201610414415&password=123456 HTTP/1.1" 200 2699
0:0:0:0:0:0:0:1 - - [15/Mar/2020:17:13:20 +0800] "GET /favicon.ico HTTP/1.1" 200 946
0:0:0:0:0:0:0:1 - - [15/Mar/2020:17:13:23 +0800] "GET / HTTP/1.1" 200 2267
0:0:0:0:0:0:0:1 - - [15/Mar/2020:17:13:23 +0800] "GET /verifyUtil.do HTTP/1.1" 200 625
0:0:0:0:0:0:0:1 - - [15/Mar/2020:17:13:23 +0800] "GET /favicon.ico HTTP/1.1" 200 946
0:0:0:0:0:0:0:1 - - [15/Mar/2020:17:13:32 +0800] "POST /login.do HTTP/1.1" 302 -
0:0:0:0:0:0:0:1 - - [15/Mar/2020:17:13:32 +0800] "GET /student/login.do?username=201210312216&password=123456 HTTP/1.1" 200 2198
0:0:0:0:0:0:0:1 - - [15/Mar/2020:17:13:33 +0800] "GET /student/score/show/get.do HTTP/1.1" 200 1410
0:0:0:0:0:0:0:1 - - [15/Mar/2020:17:13:36 +0800] "POST /student/score/show/select.do HTTP/1.1" 200 1221
0:0:0:0:0:0:0:1 - - [15/Mar/2020:17:14:03 +0800] "GET /student/login.do?username=201210312216&password=123456 HTTP/1.1" 200 2198
0:0:0:0:0:0:0:1 - - [15/Mar/2020:17:14:03 +0800] "GET /favicon.ico HTTP/1.1" 200 946
0:0:0:0:0:0:0:1 - - [15/Mar/2020:17:14:03 +0800] "GET /student/score/show/get.do HTTP/1.1" 200 1410
0:0:0:0:0:0:0:1 - - [15/Mar/2020:17:14:06 +0800] "POST /student/score/show/select.do HTTP/1.1" 200 1221
0:0:0:0:0:0:0:1 - - [15/Mar/2020:17:15:59 +0800] "POST /student/score/show/select.do HTTP/1.1" 200 1212
0:0:0:0:0:0:0:1 - - [15/Mar/2020:17:30:06 +0800] "GET /student/course/timetable/get.do HTTP/1.1" 200 1410
0:0:0:0:0:0:0:1 - - [15/Mar/2020:17:30:08 +0800] "POST /student/course/timetable/select.do HTTP/1.1" 200 7239
0:0:0:0:0:0:0:1 - - [15/Mar/2020:17:30:12 +0800] "POST /student/course/timetable/select.do HTTP/1.1" 200 6271
0:0:0:0:0:0:0:1 - - [15/Mar/2020:17:32:27 +0800] "POST /student/course/timetable/select.do HTTP/1.1" 200 6738
0:0:0:0:0:0:0:1 - - [15/Mar/2020:17:32:30 +0800] "GET /student/score/show/get.do HTTP/1.1" 200 1410
0:0:0:0:0:0:0:1 - - [15/Mar/2020:17:32:34 +0800] "POST /student/score/show/select.do HTTP/1.1" 200 1378
0:0:0:0:0:0:0:1 - - [15/Mar/2020:17:34:02 +0800] "GET /student/login.do?username=201210312216&password=123456 HTTP/1.1" 200 2198
0:0:0:0:0:0:0:1 - - [15/Mar/2020:17:34:02 +0800] "GET /favicon.ico HTTP/1.1" 200 946
0:0:0:0:0:0:0:1 - - [15/Mar/2020:17:34:03 +0800] "GET /student/score/show/get.do HTTP/1.1" 200 1410
0:0:0:0:0:0:0:1 - - [15/Mar/2020:17:34:06 +0800] "POST /student/score/show/select.do HTTP/1.1" 200 1483
0:0:0:0:0:0:0:1 - - [15/Mar/2020:17:36:45 +0800] "GET /student/score/show/get.do HTTP/1.1" 200 1410
0:0:0:0:0:0:0:1 - - [15/Mar/2020:17:36:45 +0800] "GET /student/login.do?username=201210312216&password=123456 HTTP/1.1" 200 1022
0:0:0:0:0:0:0:1 - - [15/Mar/2020:17:36:45 +0800] "GET /favicon.ico HTTP/1.1" 200 946
0:0:0:0:0:0:0:1 - - [15/Mar/2020:17:36:48 +0800] "POST /student/score/show/select.do HTTP/1.1" 500 600
0:0:0:0:0:0:0:1 - - [15/Mar/2020:17:36:51 +0800] "POST /student/score/show/select.do HTTP/1.1" 500 600
0:0:0:0:0:0:0:1 - - [15/Mar/2020:17:36:53 +0800] "POST /student/score/show/select.do HTTP/1.1" 500 600
0:0:0:0:0:0:0:1 - - [15/Mar/2020:17:36:55 +0800] "GET /student/login.do?username=201210312216&password=123456 HTTP/1.1" 200 2198
0:0:0:0:0:0:0:1 - - [15/Mar/2020:17:36:55 +0800] "GET /favicon.ico HTTP/1.1" 200 946
0:0:0:0:0:0:0:1 - - [15/Mar/2020:17:36:56 +0800] "GET /student/login.do?username=201210312216&password=123456 HTTP/1.1" 200 2198
0:0:0:0:0:0:0:1 - - [15/Mar/2020:17:36:56 +0800] "GET /favicon.ico HTTP/1.1" 200 946
0:0:0:0:0:0:0:1 - - [15/Mar/2020:17:36:57 +0800] "GET /student/score/show/get.do HTTP/1.1" 200 1410
0:0:0:0:0:0:0:1 - - [15/Mar/2020:17:37:00 +0800] "POST /student/score/show/select.do HTTP/1.1" 200 1212
0:0:0:0:0:0:0:1 - - [15/Mar/2020:17:37:03 +0800] "POST /student/score/show/select.do HTTP/1.1" 200 1493
0:0:0:0:0:0:0:1 - - [15/Mar/2020:17:37:09 +0800] "POST /student/score/show/select.do HTTP/1.1" 200 1336
0:0:0:0:0:0:0:1 - - [15/Mar/2020:17:37:13 +0800] "POST /student/score/show/select.do HTTP/1.1" 200 1212
0:0:0:0:0:0:0:1 - - [15/Mar/2020:18:14:48 +0800] "GET /student/login.do?username=201210312216&password=123456 HTTP/1.1" 200 2198
0:0:0:0:0:0:0:1 - - [15/Mar/2020:18:14:48 +0800] "GET /favicon.ico HTTP/1.1" 200 946
0:0:0:0:0:0:0:1 - - [15/Mar/2020:18:14:49 +0800] "GET /student/score/show/get.do HTTP/1.1" 200 1410
0:0:0:0:0:0:0:1 - - [15/Mar/2020:18:15:01 +0800] "POST /student/score/show/select.do HTTP/1.1" 500 600
0:0:0:0:0:0:0:1 - - [15/Mar/2020:18:17:18 +0800] "GET /student/score/show/get.do HTTP/1.1" 200 1410
0:0:0:0:0:0:0:1 - - [15/Mar/2020:18:17:18 +0800] "GET /student/login.do?username=201210312216&password=123456 HTTP/1.1" 200 1022
0:0:0:0:0:0:0:1 - - [15/Mar/2020:18:17:18 +0800] "GET /favicon.ico HTTP/1.1" 200 946
0:0:0:0:0:0:0:1 - - [15/Mar/2020:18:17:20 +0800] "POST /student/score/show/select.do HTTP/1.1" 500 600
0:0:0:0:0:0:0:1 - - [15/Mar/2020:18:18:45 +0800] "GET /student/login.do?username=201210312216&password=123456 HTTP/1.1" 200 2198
0:0:0:0:0:0:0:1 - - [15/Mar/2020:18:18:45 +0800] "GET /favicon.ico HTTP/1.1" 200 946
0:0:0:0:0:0:0:1 - - [15/Mar/2020:18:18:46 +0800] "GET /student/login.do?username=201210312216&password=123456 HTTP/1.1" 200 2198
0:0:0:0:0:0:0:1 - - [15/Mar/2020:18:18:46 +0800] "GET /favicon.ico HTTP/1.1" 200 946
0:0:0:0:0:0:0:1 - - [15/Mar/2020:18:18:47 +0800] "GET /student/score/show/get.do HTTP/1.1" 200 1410
0:0:0:0:0:0:0:1 - - [15/Mar/2020:18:18:50 +0800] "POST /student/score/show/select.do HTTP/1.1" 500 600
0:0:0:0:0:0:0:1 - - [15/Mar/2020:18:21:10 +0800] "GET /student/login.do?username=201210312216&password=123456 HTTP/1.1" 200 2198
0:0:0:0:0:0:0:1 - - [15/Mar/2020:18:21:10 +0800] "GET /favicon.ico HTTP/1.1" 200 946
0:0:0:0:0:0:0:1 - - [15/Mar/2020:18:21:11 +0800] "GET /student/score/show/get.do HTTP/1.1" 200 1410
0:0:0:0:0:0:0:1 - - [15/Mar/2020:18:21:14 +0800] "POST /student/score/show/select.do HTTP/1.1" 200 1336
0:0:0:0:0:0:0:1 - - [15/Mar/2020:18:56:28 +0800] "GET / HTTP/1.1" 200 2267
0:0:0:0:0:0:0:1 - - [15/Mar/2020:18:56:33 +0800] "GET /verifyUtil.do HTTP/1.1" 200 639
0:0:0:0:0:0:0:1 - - [15/Mar/2020:18:56:33 +0800] "GET /verifyUtil.do HTTP/1.1" 200 33
0:0:0:0:0:0:0:1 - - [15/Mar/2020:18:56:38 +0800] "GET /verifyUtil.do?61 HTTP/1.1" 200 690
0:0:0:0:0:0:0:1 - - [15/Mar/2020:18:56:44 +0800] "POST /login.do HTTP/1.1" 200 2298
0:0:0:0:0:0:0:1 - - [15/Mar/2020:18:56:44 +0800] "GET /verifyUtil.do HTTP/1.1" 200 688
0:0:0:0:0:0:0:1 - - [15/Mar/2020:18:56:52 +0800] "POST /login.do HTTP/1.1" 302 -
0:0:0:0:0:0:0:1 - - [15/Mar/2020:18:56:52 +0800] "GET /student/login.do?username=201210312216&password=123456 HTTP/1.1" 200 2198
0:0:0:0:0:0:0:1 - - [15/Mar/2020:18:56:53 +0800] "GET /student/score/show/get.do HTTP/1.1" 200 1410
0:0:0:0:0:0:0:1 - - [15/Mar/2020:18:56:56 +0800] "POST /student/score/show/select.do HTTP/1.1" 200 1336
0:0:0:0:0:0:0:1 - - [15/Mar/2020:20:02:08 +0800] "GET /student/login.do?username=201210312216&password=123456 HTTP/1.1" 200 2198
0:0:0:0:0:0:0:1 - - [15/Mar/2020:20:02:08 +0800] "GET /favicon.ico HTTP/1.1" 200 946
0:0:0:0:0:0:0:1 - - [15/Mar/2020:20:02:18 +0800] "GET /verifyUtil.do?61 HTTP/1.1" 200 682
0:0:0:0:0:0:0:1 - - [15/Mar/2020:20:02:23 +0800] "POST /login.do HTTP/1.1" 200 2298
0:0:0:0:0:0:0:1 - - [15/Mar/2020:20:02:23 +0800] "GET /verifyUtil.do HTTP/1.1" 200 720
0:0:0:0:0:0:0:1 - - [15/Mar/2020:20:02:31 +0800] "POST /login.do HTTP/1.1" 302 -
0:0:0:0:0:0:0:1 - - [15/Mar/2020:20:02:31 +0800] "GET /teacher/login.do?username=201610414415&password=123456 HTTP/1.1" 200 2529
0:0:0:0:0:0:0:1 - - [15/Mar/2020:20:02:33 +0800] "GET /teacher/score/enter/get.do HTTP/1.1" 200 2648
0:0:0:0:0:0:0:1 - - [15/Mar/2020:20:02:35 +0800] "POST /teacher/score/enter/select.do HTTP/1.1" 200 1138
0:0:0:0:0:0:0:1 - - [15/Mar/2020:20:02:38 +0800] "GET /teacher/score/enter/get.do HTTP/1.1" 200 2648
0:0:0:0:0:0:0:1 - - [15/Mar/2020:20:02:38 +0800] "POST /teacher/score/enter/select.do HTTP/1.1" 200 621
0:0:0:0:0:0:0:1 - - [15/Mar/2020:20:02:41 +0800] "GET /teacher/score/show/get.do HTTP/1.1" 404 600
0:0:0:0:0:0:0:1 - - [15/Mar/2020:20:02:43 +0800] "GET /teacher/score/show/get.do HTTP/1.1" 404 600
